#
# There is insufficient memory for the Java Runtime Environment to continue.
# Native memory allocation (malloc) failed to allocate 1692496 bytes for Chunk::new
# Possible reasons:
#   The system is out of physical RAM or swap space
#   In 32 bit mode, the process size limit was hit
# Possible solutions:
#   Reduce memory load on the system
#   Increase physical memory or swap space
#   Check if swap backing store is full
#   Use 64 bit Java on a 64 bit OS
#   Decrease Java heap size (-Xmx/-Xms)
#   Decrease number of Java threads
#   Decrease Java thread stack sizes (-Xss)
#   Set larger code cache with -XX:ReservedCodeCacheSize=
# This output file may be truncated or incomplete.
#
#  Out of Memory Error (allocation.cpp:388), pid=2792, tid=7356
#
# JRE version: Java(TM) SE Runtime Environment (8.0-b132) (build 1.8.0-b132)
# Java VM: Java HotSpot(TM) 64-Bit Server VM (25.0-b70 mixed mode windows-amd64 compressed oops)
# Failed to write core dump. Minidumps are not enabled by default on client versions of Windows
#

---------------  T H R E A D  ---------------

Current thread (0x000000001692a800):  JavaThread "C2 CompilerThread0" daemon [_thread_in_native, id=7356, stack(0x0000000016f00000,0x0000000017000000)]

Stack: [0x0000000016f00000,0x0000000017000000]
Native frames: (J=compiled Java code, j=interpreted, Vv=VM code, C=native code)
V  [jvm.dll+0x308e0a]
V  [jvm.dll+0x25df11]
V  [jvm.dll+0x25eb2f]
V  [jvm.dll+0x256505]
V  [jvm.dll+0xbcff5]
V  [jvm.dll+0xbd48c]
V  [jvm.dll+0x44d442]
V  [jvm.dll+0x48e15f]
V  [jvm.dll+0x442484]
V  [jvm.dll+0x44368b]
V  [jvm.dll+0x427552]
V  [jvm.dll+0x96732]
V  [jvm.dll+0x96f23]
V  [jvm.dll+0x2232e4]
V  [jvm.dll+0x27baea]
C  [msvcr100.dll+0x21d9f]
C  [msvcr100.dll+0x21e3b]
C  [KERNEL32.DLL+0x13d2]
C  [ntdll.dll+0x154e4]


Current CompileTask:
C2:   1291 1193   !   4       com.android.dx.cf.code.BytecodeArray::parseInstruction (2764 bytes)


---------------  P R O C E S S  ---------------

Java Threads: ( => current thread )
  0x000000001754c800 JavaThread "pool-2-thread-4" [_thread_blocked, id=3828, stack(0x0000000018100000,0x0000000018200000)]
  0x0000000016c57000 JavaThread "pool-2-thread-3" [_thread_blocked, id=6300, stack(0x0000000018000000,0x0000000018100000)]
  0x0000000016c65800 JavaThread "pool-2-thread-2" [_thread_blocked, id=1676, stack(0x0000000017f00000,0x0000000018000000)]
  0x0000000017560800 JavaThread "pool-3-thread-1" [_thread_blocked, id=9980, stack(0x0000000017e00000,0x0000000017f00000)]
  0x000000001755f800 JavaThread "pool-2-thread-1" [_thread_blocked, id=4348, stack(0x0000000017d00000,0x0000000017e00000)]
  0x00000000169bf800 JavaThread "Service Thread" daemon [_thread_blocked, id=7688, stack(0x0000000017300000,0x0000000017400000)]
  0x000000001693e800 JavaThread "C1 CompilerThread3" daemon [_thread_blocked, id=3680, stack(0x0000000017200000,0x0000000017300000)]
  0x000000001693b000 JavaThread "C2 CompilerThread2" daemon [_thread_in_native, id=3780, stack(0x0000000017100000,0x0000000017200000)]
  0x000000001692d000 JavaThread "C2 CompilerThread1" daemon [_thread_in_native, id=4664, stack(0x0000000017000000,0x0000000017100000)]
=>0x000000001692a800 JavaThread "C2 CompilerThread0" daemon [_thread_in_native, id=7356, stack(0x0000000016f00000,0x0000000017000000)]
  0x0000000016925000 JavaThread "Attach Listener" daemon [_thread_blocked, id=5284, stack(0x0000000016e00000,0x0000000016f00000)]
  0x0000000016924800 JavaThread "Signal Dispatcher" daemon [_thread_blocked, id=6224, stack(0x0000000016d00000,0x0000000016e00000)]
  0x0000000001df8000 JavaThread "Finalizer" daemon [_thread_blocked, id=9008, stack(0x0000000016800000,0x0000000016900000)]
  0x000000001491c800 JavaThread "Reference Handler" daemon [_thread_blocked, id=8864, stack(0x0000000016700000,0x0000000016800000)]
  0x0000000001cdd800 JavaThread "main" [_thread_blocked, id=6916, stack(0x0000000001b90000,0x0000000001c90000)]

Other Threads:
  0x0000000014918800 VMThread [stack: 0x0000000016600000,0x0000000016700000] [id=5592]
  0x00000000169c9800 WatcherThread [stack: 0x0000000017400000,0x0000000017500000] [id=6536]

VM state:not at safepoint (normal execution)

VM Mutex/Monitor currently owned by a thread: None

Heap:
 PSYoungGen      total 22528K, used 4369K [0x00000000eab00000, 0x00000000ec480000, 0x0000000100000000)
  eden space 18944K, 12% used [0x00000000eab00000,0x00000000ead545a0,0x00000000ebd80000)
  from space 3584K, 55% used [0x00000000ec100000,0x00000000ec2f0010,0x00000000ec480000)
  to   space 3584K, 0% used [0x00000000ebd80000,0x00000000ebd80000,0x00000000ec100000)
 ParOldGen       total 129536K, used 6202K [0x00000000c0000000, 0x00000000c7e80000, 0x00000000eab00000)
  object space 129536K, 4% used [0x00000000c0000000,0x00000000c060e870,0x00000000c7e80000)
 Metaspace       used 5804K, capacity 6832K, committed 7040K, reserved 1056768K
  class space    used 591K, capacity 616K, committed 640K, reserved 1048576K

Card table byte_map: [0x00000000111c0000,0x00000000113d0000] byte_map_base: 0x0000000010bc0000

Marking Bits: (ParMarkBitMap*) 0x000000006f6513b0
 Begin Bits: [0x0000000011d30000, 0x0000000012d30000)
 End Bits:   [0x0000000012d30000, 0x0000000013d30000)

Polling page: 0x0000000000300000

CodeCache: size=245760Kb used=5211Kb max_used=5222Kb free=240548Kb
 bounds [0x0000000001e00000, 0x0000000002320000, 0x0000000010e00000]
 total_blobs=1640 nmethods=1375 adapters=178
 compilation: enabled

Compilation events (10 events):
Event: 1.275 Thread 0x000000001693e800 nmethod 1395 0x000000000230e390 code [0x000000000230e540, 0x000000000230e958]
Event: 1.275 Thread 0x000000001693e800 1396       3       com.android.dx.ssa.back.FirstFitLocalCombiningAllocator::handleUnassociatedParameters (60 bytes)
Event: 1.276 Thread 0x000000001693e800 nmethod 1396 0x00000000023105d0 code [0x0000000002310780, 0x0000000002310d78]
Event: 1.276 Thread 0x000000001693e800 1398       3       com.android.dx.ssa.SCCP::replaceConstants (209 bytes)
Event: 1.277 Thread 0x000000001693e800 nmethod 1398 0x0000000002316850 code [0x0000000002316b60, 0x00000000023184f8]
Event: 1.277 Thread 0x000000001693e800 1400       3       com.android.dx.cf.iface.StdAttributeList::findNext (85 bytes)
Event: 1.277 Thread 0x000000001693e800 nmethod 1400 0x00000000023193d0 code [0x00000000023195c0, 0x000000000231a0a8]
Event: 1.277 Thread 0x000000001693e800 1397       3       com.android.dx.rop.cst.CstKnownNull::hashCode (3 bytes)
Event: 1.278 Thread 0x000000001693e800 nmethod 1397 0x00000000022d8890 code [0x00000000022d89e0, 0x00000000022d8b30]
Event: 1.278 Thread 0x000000001693e800 1401       3       com.android.dx.ssa.back.SsaToRop::verifyValidExitPredecessor (53 bytes)

GC Heap History (10 events):
Event: 0.456 GC heap before
{Heap before GC invocations=8 (full 0):
 PSYoungGen      total 5120K, used 5114K [0x00000000eab00000, 0x00000000eb600000, 0x0000000100000000)
  eden space 4096K, 100% used [0x00000000eab00000,0x00000000eaf00000,0x00000000eaf00000)
  from space 1024K, 99% used [0x00000000eaf00000,0x00000000eaffea80,0x00000000eb000000)
  to   space 1536K, 0% used [0x00000000eb480000,0x00000000eb480000,0x00000000eb600000)
 ParOldGen       total 129536K, used 1065K [0x00000000c0000000, 0x00000000c7e80000, 0x00000000eab00000)
  object space 129536K, 0% used [0x00000000c0000000,0x00000000c010a450,0x00000000c7e80000)
 Metaspace       used 5280K, capacity 6384K, committed 6528K, reserved 1056768K
  class space    used 580K, capacity 616K, committed 640K, reserved 1048576K
Event: 0.483 GC heap after
Heap after GC invocations=8 (full 0):
 PSYoungGen      total 9216K, used 1508K [0x00000000eab00000, 0x00000000eb700000, 0x0000000100000000)
  eden space 7680K, 0% used [0x00000000eab00000,0x00000000eab00000,0x00000000eb280000)
  from space 1536K, 98% used [0x00000000eb480000,0x00000000eb5f92a0,0x00000000eb600000)
  to   space 2048K, 0% used [0x00000000eb280000,0x00000000eb280000,0x00000000eb480000)
 ParOldGen       total 129536K, used 1455K [0x00000000c0000000, 0x00000000c7e80000, 0x00000000eab00000)
  object space 129536K, 1% used [0x00000000c0000000,0x00000000c016bc38,0x00000000c7e80000)
 Metaspace       used 5280K, capacity 6384K, committed 6528K, reserved 1056768K
  class space    used 580K, capacity 616K, committed 640K, reserved 1048576K
}
Event: 0.670 GC heap before
{Heap before GC invocations=9 (full 0):
 PSYoungGen      total 9216K, used 9188K [0x00000000eab00000, 0x00000000eb700000, 0x0000000100000000)
  eden space 7680K, 100% used [0x00000000eab00000,0x00000000eb280000,0x00000000eb280000)
  from space 1536K, 98% used [0x00000000eb480000,0x00000000eb5f92a0,0x00000000eb600000)
  to   space 2048K, 0% used [0x00000000eb280000,0x00000000eb280000,0x00000000eb480000)
 ParOldGen       total 129536K, used 1455K [0x00000000c0000000, 0x00000000c7e80000, 0x00000000eab00000)
  object space 129536K, 1% used [0x00000000c0000000,0x00000000c016bc38,0x00000000c7e80000)
 Metaspace       used 5617K, capacity 6704K, committed 6784K, reserved 1056768K
  class space    used 588K, capacity 616K, committed 640K, reserved 1048576K
Event: 0.771 GC heap after
Heap after GC invocations=9 (full 0):
 PSYoungGen      total 9728K, used 2023K [0x00000000eab00000, 0x00000000ebc00000, 0x0000000100000000)
  eden space 7680K, 0% used [0x00000000eab00000,0x00000000eab00000,0x00000000eb280000)
  from space 2048K, 98% used [0x00000000eb280000,0x00000000eb479c50,0x00000000eb480000)
  to   space 2560K, 0% used [0x00000000eb980000,0x00000000eb980000,0x00000000ebc00000)
 ParOldGen       total 129536K, used 1872K [0x00000000c0000000, 0x00000000c7e80000, 0x00000000eab00000)
  object space 129536K, 1% used [0x00000000c0000000,0x00000000c01d4070,0x00000000c7e80000)
 Metaspace       used 5617K, capacity 6704K, committed 6784K, reserved 1056768K
  class space    used 588K, capacity 616K, committed 640K, reserved 1048576K
}
Event: 0.818 GC heap before
{Heap before GC invocations=10 (full 0):
 PSYoungGen      total 9728K, used 9703K [0x00000000eab00000, 0x00000000ebc00000, 0x0000000100000000)
  eden space 7680K, 100% used [0x00000000eab00000,0x00000000eb280000,0x00000000eb280000)
  from space 2048K, 98% used [0x00000000eb280000,0x00000000eb479c50,0x00000000eb480000)
  to   space 2560K, 0% used [0x00000000eb980000,0x00000000eb980000,0x00000000ebc00000)
 ParOldGen       total 129536K, used 1872K [0x00000000c0000000, 0x00000000c7e80000, 0x00000000eab00000)
  object space 129536K, 1% used [0x00000000c0000000,0x00000000c01d4070,0x00000000c7e80000)
 Metaspace       used 5661K, capacity 6704K, committed 6784K, reserved 1056768K
  class space    used 590K, capacity 616K, committed 640K, reserved 1048576K
Event: 0.892 GC heap after
Heap after GC invocations=10 (full 0):
 PSYoungGen      total 14336K, used 2528K [0x00000000eab00000, 0x00000000ebd00000, 0x0000000100000000)
  eden space 11776K, 0% used [0x00000000eab00000,0x00000000eab00000,0x00000000eb680000)
  from space 2560K, 98% used [0x00000000eb980000,0x00000000ebbf8010,0x00000000ebc00000)
  to   space 3072K, 0% used [0x00000000eb680000,0x00000000eb680000,0x00000000eb980000)
 ParOldGen       total 129536K, used 2567K [0x00000000c0000000, 0x00000000c7e80000, 0x00000000eab00000)
  object space 129536K, 1% used [0x00000000c0000000,0x00000000c0281e00,0x00000000c7e80000)
 Metaspace       used 5661K, capacity 6704K, committed 6784K, reserved 1056768K
  class space    used 590K, capacity 616K, committed 640K, reserved 1048576K
}
Event: 1.002 GC heap before
{Heap before GC invocations=11 (full 0):
 PSYoungGen      total 14336K, used 14304K [0x00000000eab00000, 0x00000000ebd00000, 0x0000000100000000)
  eden space 11776K, 100% used [0x00000000eab00000,0x00000000eb680000,0x00000000eb680000)
  from space 2560K, 98% used [0x00000000eb980000,0x00000000ebbf8010,0x00000000ebc00000)
  to   space 3072K, 0% used [0x00000000eb680000,0x00000000eb680000,0x00000000eb980000)
 ParOldGen       total 129536K, used 2567K [0x00000000c0000000, 0x00000000c7e80000, 0x00000000eab00000)
  object space 129536K, 1% used [0x00000000c0000000,0x00000000c0281e00,0x00000000c7e80000)
 Metaspace       used 5770K, capacity 6832K, committed 7040K, reserved 1056768K
  class space    used 590K, capacity 616K, committed 640K, reserved 1048576K
Event: 1.054 GC heap after
Heap after GC invocations=11 (full 0):
 PSYoungGen      total 14848K, used 2048K [0x00000000eab00000, 0x00000000ec480000, 0x0000000100000000)
  eden space 11776K, 0% used [0x00000000eab00000,0x00000000eab00000,0x00000000eb680000)
  from space 3072K, 66% used [0x00000000eb680000,0x00000000eb880000,0x00000000eb980000)
  to   space 3584K, 0% used [0x00000000ec100000,0x00000000ec100000,0x00000000ec480000)
 ParOldGen       total 129536K, used 4748K [0x00000000c0000000, 0x00000000c7e80000, 0x00000000eab00000)
  object space 129536K, 3% used [0x00000000c0000000,0x00000000c04a3278,0x00000000c7e80000)
 Metaspace       used 5770K, capacity 6832K, committed 7040K, reserved 1056768K
  class space    used 590K, capacity 616K, committed 640K, reserved 1048576K
}
Event: 1.099 GC heap before
{Heap before GC invocations=12 (full 0):
 PSYoungGen      total 14848K, used 13824K [0x00000000eab00000, 0x00000000ec480000, 0x0000000100000000)
  eden space 11776K, 100% used [0x00000000eab00000,0x00000000eb680000,0x00000000eb680000)
  from space 3072K, 66% used [0x00000000eb680000,0x00000000eb880000,0x00000000eb980000)
  to   space 3584K, 0% used [0x00000000ec100000,0x00000000ec100000,0x00000000ec480000)
 ParOldGen       total 129536K, used 4748K [0x00000000c0000000, 0x00000000c7e80000, 0x00000000eab00000)
  object space 129536K, 3% used [0x00000000c0000000,0x00000000c04a3278,0x00000000c7e80000)
 Metaspace       used 5789K, capacity 6832K, committed 7040K, reserved 1056768K
  class space    used 591K, capacity 616K, committed 640K, reserved 1048576K
Event: 1.137 GC heap after
Heap after GC invocations=12 (full 0):
 PSYoungGen      total 22528K, used 1984K [0x00000000eab00000, 0x00000000ec480000, 0x0000000100000000)
  eden space 18944K, 0% used [0x00000000eab00000,0x00000000eab00000,0x00000000ebd80000)
  from space 3584K, 55% used [0x00000000ec100000,0x00000000ec2f0010,0x00000000ec480000)
  to   space 3584K, 0% used [0x00000000ebd80000,0x00000000ebd80000,0x00000000ec100000)
 ParOldGen       total 129536K, used 6202K [0x00000000c0000000, 0x00000000c7e80000, 0x00000000eab00000)
  object space 129536K, 4% used [0x00000000c0000000,0x00000000c060e870,0x00000000c7e80000)
 Metaspace       used 5789K, capacity 6832K, committed 7040K, reserved 1056768K
  class space    used 591K, capacity 616K, committed 640K, reserved 1048576K
}

Deoptimization events (8 events):
Event: 0.524 Thread 0x0000000016c65800 Uncommon trap: reason=class_check action=maybe_recompile pc=0x0000000002053a54 method=com.android.dx.ssa.NormalSsaInsn.accept(Lcom/android/dx/ssa/SsaInsn$Visitor;)V @ 9
Event: 0.524 Thread 0x0000000016c65800 Uncommon trap: reason=class_check action=maybe_recompile pc=0x0000000002053a54 method=com.android.dx.ssa.NormalSsaInsn.accept(Lcom/android/dx/ssa/SsaInsn$Visitor;)V @ 9
Event: 0.524 Thread 0x0000000016c65800 Uncommon trap: reason=class_check action=maybe_recompile pc=0x0000000002053a54 method=com.android.dx.ssa.NormalSsaInsn.accept(Lcom/android/dx/ssa/SsaInsn$Visitor;)V @ 9
Event: 0.525 Thread 0x0000000016c65800 Uncommon trap: reason=class_check action=maybe_recompile pc=0x0000000002053a54 method=com.android.dx.ssa.NormalSsaInsn.accept(Lcom/android/dx/ssa/SsaInsn$Visitor;)V @ 9
Event: 0.525 Thread 0x0000000016c65800 Uncommon trap: reason=class_check action=maybe_recompile pc=0x00000000020522f0 method=com.android.dx.ssa.NormalSsaInsn.accept(Lcom/android/dx/ssa/SsaInsn$Visitor;)V @ 9
Event: 0.667 Thread 0x000000001755f800 Uncommon trap: reason=unreached action=reinterpret pc=0x00000000020e1a9c method=com.android.dx.rop.cst.Constant.compareTo(Lcom/android/dx/rop/cst/Constant;)I @ 12
Event: 0.968 Thread 0x0000000016c57000 Uncommon trap: reason=null_check action=make_not_entrant pc=0x00000000020f8dc8 method=com.android.dx.ssa.SsaRenamer.getLocalForNewReg(I)Lcom/android/dx/rop/code/LocalItem; @ 19
Event: 0.968 Thread 0x0000000016c57000 Uncommon trap: reason=null_check action=make_not_entrant pc=0x0000000002109178 method=com.android.dx.ssa.SsaRenamer.getLocalForNewReg(I)Lcom/android/dx/rop/code/LocalItem; @ 19

Internal exceptions (10 events):
Event: 0.563 Thread 0x0000000001cdd800 Exception <a 'java/security/PrivilegedActionException'> (0x00000000eaf945c8) thrown at [D:\re\workspace\8-2-build-windows-amd64-cygwin\jdk8\2238\hotspot\src\share\vm\prims\jvm.cpp, line 1248]
Event: 0.564 Thread 0x0000000001cdd800 Exception <a 'java/security/PrivilegedActionException'> (0x00000000eaf9e900) thrown at [D:\re\workspace\8-2-build-windows-amd64-cygwin\jdk8\2238\hotspot\src\share\vm\prims\jvm.cpp, line 1248]
Event: 0.564 Thread 0x0000000001cdd800 Exception <a 'java/security/PrivilegedActionException'> (0x00000000eafa10b8) thrown at [D:\re\workspace\8-2-build-windows-amd64-cygwin\jdk8\2238\hotspot\src\share\vm\prims\jvm.cpp, line 1248]
Event: 0.626 Thread 0x000000001755f800 Exception <a 'java/security/PrivilegedActionException'> (0x00000000eb0d0158) thrown at [D:\re\workspace\8-2-build-windows-amd64-cygwin\jdk8\2238\hotspot\src\share\vm\prims\jvm.cpp, line 1248]
Event: 0.627 Thread 0x000000001755f800 Exception <a 'java/security/PrivilegedActionException'> (0x00000000eb0d5990) thrown at [D:\re\workspace\8-2-build-windows-amd64-cygwin\jdk8\2238\hotspot\src\share\vm\prims\jvm.cpp, line 1248]
Event: 0.627 Thread 0x000000001755f800 Exception <a 'java/security/PrivilegedActionException'> (0x00000000eb0dae90) thrown at [D:\re\workspace\8-2-build-windows-amd64-cygwin\jdk8\2238\hotspot\src\share\vm\prims\jvm.cpp, line 1248]
Event: 0.967 Thread 0x0000000016c57000 Implicit null exception at 0x00000000020f6ac2 to 0x00000000020f8da1
Event: 0.968 Thread 0x0000000016c57000 Implicit null exception at 0x0000000002106a83 to 0x0000000002109155
Event: 1.093 Thread 0x0000000001cdd800 Exception <a 'java/security/PrivilegedActionException'> (0x00000000eb5472d0) thrown at [D:\re\workspace\8-2-build-windows-amd64-cygwin\jdk8\2238\hotspot\src\share\vm\prims\jvm.cpp, line 1248]
Event: 1.093 Thread 0x0000000001cdd800 Exception <a 'java/security/PrivilegedActionException'> (0x00000000eb549858) thrown at [D:\re\workspace\8-2-build-windows-amd64-cygwin\jdk8\2238\hotspot\src\share\vm\prims\jvm.cpp, line 1248]

Events (10 events):
Event: 0.968 Thread 0x0000000016c57000 DEOPT PACKING pc=0x0000000002109178 sp=0x00000000180fe4f0
Event: 0.968 Thread 0x0000000016c57000 DEOPT UNPACKING pc=0x0000000001e455af sp=0x00000000180fe398 mode 2
Event: 0.993 Executing VM operation: ParallelGCFailedAllocation
Event: 1.054 Executing VM operation: ParallelGCFailedAllocation done
Event: 1.093 loading class com/android/dx/cf/attrib/AttRuntimeInvisibleAnnotations
Event: 1.093 loading class com/android/dx/cf/attrib/AttRuntimeInvisibleAnnotations done
Event: 1.093 loading class com/android/dx/cf/attrib/BaseAnnotations
Event: 1.093 loading class com/android/dx/cf/attrib/BaseAnnotations done
Event: 1.099 Executing VM operation: ParallelGCFailedAllocation
Event: 1.137 Executing VM operation: ParallelGCFailedAllocation done


Dynamic libraries:
0x00007ff6c3520000 - 0x00007ff6c3554000 	C:\Program Files\Java\jdk1.8.0\bin\java.exe
0x00007ff99a0a0000 - 0x00007ff99a24d000 	C:\Windows\SYSTEM32\ntdll.dll
0x00007ff998140000 - 0x00007ff99827e000 	C:\Windows\system32\KERNEL32.DLL
0x00007ff997290000 - 0x00007ff9973a5000 	C:\Windows\system32\KERNELBASE.dll
0x00007ff9957e0000 - 0x00007ff99586e000 	C:\Windows\system32\apphelp.dll
0x00007ff987010000 - 0x00007ff987063000 	C:\Windows\AppPatch\AppPatch64\AcGenral.DLL
0x00007ff9979c0000 - 0x00007ff997a6a000 	C:\Windows\system32\msvcrt.dll
0x00007ff9976f0000 - 0x00007ff99771e000 	C:\Windows\system32\SspiCli.dll
0x00007ff9980e0000 - 0x00007ff998134000 	C:\Windows\system32\SHLWAPI.dll
0x00007ff998380000 - 0x00007ff9984f7000 	C:\Windows\system32\USER32.dll
0x00007ff997df0000 - 0x00007ff997f84000 	C:\Windows\system32\ole32.dll
0x00007ff998980000 - 0x00007ff999ea8000 	C:\Windows\system32\SHELL32.dll
0x00007ff996810000 - 0x00007ff996831000 	C:\Windows\SYSTEM32\USERENV.dll
0x00007ff999eb0000 - 0x00007ff999f5a000 	C:\Windows\system32\ADVAPI32.dll
0x00007ff98acd0000 - 0x00007ff98acee000 	C:\Windows\SYSTEM32\MPR.dll
0x00007ff999f60000 - 0x00007ff99a0a0000 	C:\Windows\system32\RPCRT4.dll
0x00007ff997d90000 - 0x00007ff997de9000 	C:\Windows\SYSTEM32\sechost.dll
0x00007ff997b70000 - 0x00007ff997d81000 	C:\Windows\SYSTEM32\combase.dll
0x00007ff997f90000 - 0x00007ff9980df000 	C:\Windows\system32\GDI32.dll
0x00007ff9971c0000 - 0x00007ff9971d5000 	C:\Windows\SYSTEM32\profapi.dll
0x00007ff995a70000 - 0x00007ff995b22000 	C:\Windows\SYSTEM32\SHCORE.dll
0x00007ff997a70000 - 0x00007ff997aa6000 	C:\Windows\system32\IMM32.DLL
0x00007ff997720000 - 0x00007ff997872000 	C:\Windows\system32\MSCTF.dll
0x00007ff994cb0000 - 0x00007ff994f2b000 	C:\Windows\WinSxS\amd64_microsoft.windows.common-controls_6595b64144ccf1df_6.0.9600.18006_none_623f33d3ecbe86e8\COMCTL32.dll
0x000000006e940000 - 0x000000006ea12000 	C:\Program Files\Java\jdk1.8.0\jre\bin\msvcr100.dll
0x000000006eea0000 - 0x000000006f6ca000 	C:\Program Files\Java\jdk1.8.0\jre\bin\server\jvm.dll
0x00007ff995500000 - 0x00007ff995509000 	C:\Windows\SYSTEM32\WSOCK32.dll
0x00007ff993080000 - 0x00007ff9930a2000 	C:\Windows\SYSTEM32\WINMM.dll
0x00007ff998370000 - 0x00007ff998377000 	C:\Windows\system32\PSAPI.DLL
0x00007ff9982f0000 - 0x00007ff99834a000 	C:\Windows\system32\WS2_32.dll
0x00007ff992c50000 - 0x00007ff992c7a000 	C:\Windows\SYSTEM32\WINMMBASE.dll
0x00007ff9987b0000 - 0x00007ff9987b9000 	C:\Windows\system32\NSI.dll
0x00007ff9976a0000 - 0x00007ff9976ef000 	C:\Windows\SYSTEM32\cfgmgr32.dll
0x00007ff996010000 - 0x00007ff996038000 	C:\Windows\SYSTEM32\DEVOBJ.dll
0x000000006edb0000 - 0x000000006edbf000 	C:\Program Files\Java\jdk1.8.0\jre\bin\verify.dll
0x000000006ed80000 - 0x000000006eda8000 	C:\Program Files\Java\jdk1.8.0\jre\bin\java.dll
0x000000006ed60000 - 0x000000006ed76000 	C:\Program Files\Java\jdk1.8.0\jre\bin\zip.dll
0x00007ff990610000 - 0x00007ff990799000 	C:\Windows\SYSTEM32\dbghelp.dll

VM Arguments:
jvm_args: -Djava.awt.headless=true -Xmx1024M -Dfile.encoding=windows-1252 -Duser.country=US -Duser.language=en -Duser.variant 
java_command: com.android.dx.command.Main --dex --force-jumbo --num-threads=4 --multi-dex --output D:\Aswathy\AswathyApps\AswathyApps\HomePlus\app\build\intermediates\transforms\dex\debug\folders\1000\10\internal_impl-24.0.0_681424e7fb06de73d5194c251a2946c4746cad6e D:\Aswathy\AswathyApps\AswathyApps\HomePlus\app\build\intermediates\exploded-aar\com.android.support\support-v4\24.0.0\jars\libs\internal_impl-24.0.0.jar
java_class_path (initial): D:\TOOLS\android-sdk\build-tools\24.0.1\lib\dx.jar
Launcher Type: SUN_STANDARD

Environment Variables:
PATH=C:\ProgramData\Oracle\Java\javapath;C:\Windows\System32;C:\Program Files\nodejs\;C:\ProgramData\Oracle\Java\javapath;C:\Windows\System32;C:\Program Files\nodejs\;C:\ProgramData\Oracle\Java\javapath;C:\Windows\System32;C:\Program Files\nodejs\;C:\Windows\System32;D:\TOOLS\android-sdk\tools;D:\TOOLS\android-sdk\platform-tools;C:\Users\sandeepandroid\AppData\Roaming\npm;C:\Program Files\TortoiseGit\bin;C:\Program Files (x86)\Skype\Phone\;D:\TOOLS\android-sdk\tools;D:\TOOLS\android-sdk\platform-tools;C:\Users\sandeepandroid\AppData\Roaming\npm;C:\Program Files\TortoiseGit\bin;C:\Program Files (x86)\Skype\Phone\;D:\TOOLS\android-sdk\tools;D:\TOOLS\android-sdk\platform-tools;C:\Users\sandeepandroid\AppData\Roaming\npm;C:\Program Files\TortoiseGit\bin;C:\Program Files (x86)\Skype\Phone\;C:\Program Files (x86)\Mozilla Firefox;C:\ProgramData\Oracle\Java\javapath;C:\Windows\System32;C:\Program Files\nodejs\;C:\ProgramData\Oracle\Java\javapath;C:\Windows\System32;C:\Program Files\nodejs\;C:\ProgramData\Oracle\Java\javapath;C:\Windows\System32;C:\Program Files\nodejs\;C:\Windows\System32;D:\TOOLS\android-sdk\tools;D:\TOOLS\android-sdk\platform-tools;C:\Users\sandeepandroid\AppData\Roaming\npm;C:\Program Files (x86)\Skype\Phone\;C:\Program Files\TortoiseGit\bin;D:\TOOLS\android-sdk\tools;D:\TOOLS\android-sdk\platform-tools;C:\Users\sandeepandroid\AppData\Roaming\npm;C:\Program Files (x86)\Skype\Phone\;C:\Program Files\TortoiseGit\bin;D:\TOOLS\android-sdk\tools;D:\TOOLS\android-sdk\platform-tools;C:\Users\sandeepandroid\AppData\Roaming\npm;C:\Program Files (x86)\Skype\Phone\;C:\Program Files\TortoiseGit\bin
USERNAME=JijoCJ
OS=Windows_NT
PROCESSOR_IDENTIFIER=Intel64 Family 6 Model 58 Stepping 9, GenuineIntel



---------------  S Y S T E M  ---------------

OS: Windows 8.1 , 64 bit Build 9600 

CPU:total 8 (4 cores per cpu, 2 threads per core) family 6 model 58 stepping 9, cmov, cx8, fxsr, mmx, sse, sse2, sse3, ssse3, sse4.1, sse4.2, popcnt, avx, aes, clmul, erms, ht, tsc, tscinvbit

Memory: 4k page, physical 8353172k(1119580k free), swap 11498900k(5372k free)

vm_info: Java HotSpot(TM) 64-Bit Server VM (25.0-b70) for windows-amd64 JRE (1.8.0-b132), built on Mar  4 2014 03:46:18 by "java_re" with MS VC++ 10.0 (VS2010)

time: Tue Jan 10 12:54:35 2017
elapsed time: 1 seconds

