#
# There is insufficient memory for the Java Runtime Environment to continue.
# Native memory allocation (malloc) failed to allocate 546496 bytes for Chunk::new
# Possible reasons:
#   The system is out of physical RAM or swap space
#   In 32 bit mode, the process size limit was hit
# Possible solutions:
#   Reduce memory load on the system
#   Increase physical memory or swap space
#   Check if swap backing store is full
#   Use 64 bit Java on a 64 bit OS
#   Decrease Java heap size (-Xmx/-Xms)
#   Decrease number of Java threads
#   Decrease Java thread stack sizes (-Xss)
#   Set larger code cache with -XX:ReservedCodeCacheSize=
# This output file may be truncated or incomplete.
#
#  Out of Memory Error (allocation.cpp:388), pid=3036, tid=7132
#
# JRE version: Java(TM) SE Runtime Environment (8.0-b132) (build 1.8.0-b132)
# Java VM: Java HotSpot(TM) 64-Bit Server VM (25.0-b70 mixed mode windows-amd64 compressed oops)
# Failed to write core dump. Minidumps are not enabled by default on client versions of Windows
#

---------------  T H R E A D  ---------------

Current thread (0x0000000016d86000):  JavaThread "C2 CompilerThread0" daemon [_thread_in_native, id=7132, stack(0x0000000017360000,0x0000000017460000)]

Stack: [0x0000000017360000,0x0000000017460000]
Native frames: (J=compiled Java code, j=interpreted, Vv=VM code, C=native code)
V  [jvm.dll+0x308e0a]


Current CompileTask:
C2:   1671 1079       4       com.android.dx.ssa.SCCP::simulatePhi (169 bytes)


---------------  P R O C E S S  ---------------

Java Threads: ( => current thread )
  0x0000000016fa8000 JavaThread "pool-2-thread-4" [_thread_blocked, id=2768, stack(0x0000000017d60000,0x0000000017e60000)]
  0x0000000016f9c000 JavaThread "pool-2-thread-3" [_thread_blocked, id=8972, stack(0x0000000017c60000,0x0000000017d60000)]
  0x0000000016f9b000 JavaThread "pool-2-thread-2" [_thread_in_Java, id=4692, stack(0x0000000017b60000,0x0000000017c60000)]
  0x0000000016f96800 JavaThread "pool-3-thread-1" [_thread_blocked, id=3840, stack(0x0000000017a60000,0x0000000017b60000)]
  0x0000000016f8d000 JavaThread "pool-2-thread-1" [_thread_blocked, id=8824, stack(0x0000000017960000,0x0000000017a60000)]
  0x0000000016e1b800 JavaThread "Service Thread" daemon [_thread_blocked, id=6040, stack(0x0000000017760000,0x0000000017860000)]
  0x0000000016dbb800 JavaThread "C1 CompilerThread3" daemon [_thread_in_vm, id=4560, stack(0x0000000017660000,0x0000000017760000)]
  0x0000000016d8f000 JavaThread "C2 CompilerThread2" daemon [_thread_in_vm, id=5244, stack(0x0000000017560000,0x0000000017660000)]
  0x0000000016d89800 JavaThread "C2 CompilerThread1" daemon [_thread_in_native, id=8864, stack(0x0000000017460000,0x0000000017560000)]
=>0x0000000016d86000 JavaThread "C2 CompilerThread0" daemon [_thread_in_native, id=7132, stack(0x0000000017360000,0x0000000017460000)]
  0x0000000016d84800 JavaThread "Attach Listener" daemon [_thread_blocked, id=9360, stack(0x0000000017260000,0x0000000017360000)]
  0x0000000016d84000 JavaThread "Signal Dispatcher" daemon [_thread_blocked, id=9264, stack(0x0000000017160000,0x0000000017260000)]
  0x00000000021b7800 JavaThread "Finalizer" daemon [_thread_blocked, id=8916, stack(0x0000000016c60000,0x0000000016d60000)]
  0x0000000014d9c800 JavaThread "Reference Handler" daemon [_thread_blocked, id=2220, stack(0x0000000016b60000,0x0000000016c60000)]
  0x000000000227d800 JavaThread "main" [_thread_blocked, id=3784, stack(0x0000000001fa0000,0x00000000020a0000)]

Other Threads:
  0x0000000014d98800 VMThread [stack: 0x0000000016a60000,0x0000000016b60000] [id=5424]
  0x0000000016e29800 WatcherThread [stack: 0x0000000017860000,0x0000000017960000] [id=2628]

VM state:not at safepoint (normal execution)

VM Mutex/Monitor currently owned by a thread: None

Heap:
 PSYoungGen      total 10240K, used 3706K [0x00000000eab00000, 0x00000000eb800000, 0x0000000100000000)
  eden space 7680K, 15% used [0x00000000eab00000,0x00000000eac26970,0x00000000eb280000)
  from space 2560K, 98% used [0x00000000eb280000,0x00000000eb4f8028,0x00000000eb500000)
  to   space 2048K, 0% used [0x00000000eb500000,0x00000000eb500000,0x00000000eb700000)
 ParOldGen       total 129536K, used 2737K [0x00000000c0000000, 0x00000000c7e80000, 0x00000000eab00000)
  object space 129536K, 2% used [0x00000000c0000000,0x00000000c02ac6e0,0x00000000c7e80000)
 Metaspace       used 5654K, capacity 6704K, committed 6784K, reserved 1056768K
  class space    used 588K, capacity 616K, committed 640K, reserved 1048576K

Card table byte_map: [0x0000000011640000,0x0000000011850000] byte_map_base: 0x0000000011040000

Marking Bits: (ParMarkBitMap*) 0x000000006e8a13b0
 Begin Bits: [0x00000000121b0000, 0x00000000131b0000)
 End Bits:   [0x00000000131b0000, 0x00000000141b0000)

Polling page: 0x0000000000730000

CodeCache: size=245760Kb used=4185Kb max_used=4192Kb free=241575Kb
 bounds [0x0000000002280000, 0x00000000026a0000, 0x0000000011280000]
 total_blobs=1367 nmethods=1103 adapters=178
 compilation: enabled

Compilation events (10 events):
Event: 1.667 Thread 0x0000000016d8f000 nmethod 1125 0x00000000026863d0 code [0x0000000002686520, 0x0000000002686698]
Event: 1.667 Thread 0x0000000016d8f000 1132       4       com.android.dx.ssa.DeadCodeRemover::hasSideEffect (11 bytes)
Event: 1.668 Thread 0x0000000016dbb800 nmethod 1123 0x000000000268db50 code [0x000000000268e100, 0x0000000002691588]
Event: 1.668 Thread 0x0000000016dbb800 1129       3       com.android.dx.ssa.DeadCodeRemover::run (194 bytes)
Event: 1.668 Thread 0x0000000016d89800 nmethod 1074 0x000000000268d250 code [0x000000000268d3a0, 0x000000000268d778]
Event: 1.668 Thread 0x0000000016d89800 1137       4       com.android.dx.ssa.back.LivenessAnalyzer::run (231 bytes)
Event: 1.669 Thread 0x0000000016d8f000 nmethod 1132 0x000000000268cc10 code [0x000000000268cd60, 0x000000000268cef8]
Event: 1.669 Thread 0x0000000016d8f000 1139       4       java.util.ArrayList::grow (45 bytes)
Event: 1.670 Thread 0x0000000016dbb800 nmethod 1129 0x0000000002696610 code [0x0000000002696980, 0x0000000002698508]
Event: 1.670 Thread 0x0000000016dbb800 1127       3       com.android.dx.ssa.SsaMethod::buildUseList (112 bytes)

GC Heap History (10 events):
Event: 0.759 GC heap before
{Heap before GC invocations=5 (full 0):
 PSYoungGen      total 2560K, used 2528K [0x00000000eab00000, 0x00000000eae00000, 0x0000000100000000)
  eden space 2048K, 99% used [0x00000000eab00000,0x00000000eacfd848,0x00000000ead00000)
  from space 512K, 95% used [0x00000000ead80000,0x00000000eadfaa90,0x00000000eae00000)
  to   space 512K, 0% used [0x00000000ead00000,0x00000000ead00000,0x00000000ead80000)
 ParOldGen       total 129536K, used 635K [0x00000000c0000000, 0x00000000c7e80000, 0x00000000eab00000)
  object space 129536K, 0% used [0x00000000c0000000,0x00000000c009ecb0,0x00000000c7e80000)
 Metaspace       used 4198K, capacity 5456K, committed 5760K, reserved 1056768K
  class space    used 476K, capacity 520K, committed 640K, reserved 1048576K
Event: 0.827 GC heap after
Heap after GC invocations=5 (full 0):
 PSYoungGen      total 2560K, used 512K [0x00000000eab00000, 0x00000000eb200000, 0x0000000100000000)
  eden space 2048K, 0% used [0x00000000eab00000,0x00000000eab00000,0x00000000ead00000)
  from space 512K, 100% used [0x00000000ead00000,0x00000000ead80000,0x00000000ead80000)
  to   space 1536K, 0% used [0x00000000eb080000,0x00000000eb080000,0x00000000eb200000)
 ParOldGen       total 129536K, used 1346K [0x00000000c0000000, 0x00000000c7e80000, 0x00000000eab00000)
  object space 129536K, 1% used [0x00000000c0000000,0x00000000c0150968,0x00000000c7e80000)
 Metaspace       used 4198K, capacity 5456K, committed 5760K, reserved 1056768K
  class space    used 476K, capacity 520K, committed 640K, reserved 1048576K
}
Event: 0.892 GC heap before
{Heap before GC invocations=6 (full 0):
 PSYoungGen      total 2560K, used 2560K [0x00000000eab00000, 0x00000000eb200000, 0x0000000100000000)
  eden space 2048K, 100% used [0x00000000eab00000,0x00000000ead00000,0x00000000ead00000)
  from space 512K, 100% used [0x00000000ead00000,0x00000000ead80000,0x00000000ead80000)
  to   space 1536K, 0% used [0x00000000eb080000,0x00000000eb080000,0x00000000eb200000)
 ParOldGen       total 129536K, used 1346K [0x00000000c0000000, 0x00000000c7e80000, 0x00000000eab00000)
  object space 129536K, 1% used [0x00000000c0000000,0x00000000c0150968,0x00000000c7e80000)
 Metaspace       used 4866K, capacity 6032K, committed 6272K, reserved 1056768K
  class space    used 546K, capacity 584K, committed 640K, reserved 1048576K
Event: 0.993 GC heap after
Heap after GC invocations=6 (full 0):
 PSYoungGen      total 5632K, used 1165K [0x00000000eab00000, 0x00000000eb200000, 0x0000000100000000)
  eden space 4096K, 0% used [0x00000000eab00000,0x00000000eab00000,0x00000000eaf00000)
  from space 1536K, 75% used [0x00000000eb080000,0x00000000eb1a3648,0x00000000eb200000)
  to   space 1536K, 0% used [0x00000000eaf00000,0x00000000eaf00000,0x00000000eb080000)
 ParOldGen       total 129536K, used 1354K [0x00000000c0000000, 0x00000000c7e80000, 0x00000000eab00000)
  object space 129536K, 1% used [0x00000000c0000000,0x00000000c0152968,0x00000000c7e80000)
 Metaspace       used 4866K, capacity 6032K, committed 6272K, reserved 1056768K
  class space    used 546K, capacity 584K, committed 640K, reserved 1048576K
}
Event: 1.118 GC heap before
{Heap before GC invocations=7 (full 0):
 PSYoungGen      total 5632K, used 5261K [0x00000000eab00000, 0x00000000eb200000, 0x0000000100000000)
  eden space 4096K, 100% used [0x00000000eab00000,0x00000000eaf00000,0x00000000eaf00000)
  from space 1536K, 75% used [0x00000000eb080000,0x00000000eb1a3648,0x00000000eb200000)
  to   space 1536K, 0% used [0x00000000eaf00000,0x00000000eaf00000,0x00000000eb080000)
 ParOldGen       total 129536K, used 1354K [0x00000000c0000000, 0x00000000c7e80000, 0x00000000eab00000)
  object space 129536K, 1% used [0x00000000c0000000,0x00000000c0152968,0x00000000c7e80000)
 Metaspace       used 5405K, capacity 6512K, committed 6784K, reserved 1056768K
  class space    used 586K, capacity 616K, committed 640K, reserved 1048576K
Event: 1.296 GC heap after
Heap after GC invocations=7 (full 0):
 PSYoungGen      total 5632K, used 1505K [0x00000000eab00000, 0x00000000eb700000, 0x0000000100000000)
  eden space 4096K, 0% used [0x00000000eab00000,0x00000000eab00000,0x00000000eaf00000)
  from space 1536K, 97% used [0x00000000eaf00000,0x00000000eb078498,0x00000000eb080000)
  to   space 2048K, 0% used [0x00000000eb500000,0x00000000eb500000,0x00000000eb700000)
 ParOldGen       total 129536K, used 1766K [0x00000000c0000000, 0x00000000c7e80000, 0x00000000eab00000)
  object space 129536K, 1% used [0x00000000c0000000,0x00000000c01b9908,0x00000000c7e80000)
 Metaspace       used 5405K, capacity 6512K, committed 6784K, reserved 1056768K
  class space    used 586K, capacity 616K, committed 640K, reserved 1048576K
}
Event: 1.396 GC heap before
{Heap before GC invocations=8 (full 0):
 PSYoungGen      total 5632K, used 5601K [0x00000000eab00000, 0x00000000eb700000, 0x0000000100000000)
  eden space 4096K, 100% used [0x00000000eab00000,0x00000000eaf00000,0x00000000eaf00000)
  from space 1536K, 97% used [0x00000000eaf00000,0x00000000eb078498,0x00000000eb080000)
  to   space 2048K, 0% used [0x00000000eb500000,0x00000000eb500000,0x00000000eb700000)
 ParOldGen       total 129536K, used 1766K [0x00000000c0000000, 0x00000000c7e80000, 0x00000000eab00000)
  object space 129536K, 1% used [0x00000000c0000000,0x00000000c01b9908,0x00000000c7e80000)
 Metaspace       used 5534K, capacity 6640K, committed 6784K, reserved 1056768K
  class space    used 588K, capacity 616K, committed 640K, reserved 1048576K
Event: 1.415 GC heap after
Heap after GC invocations=8 (full 0):
 PSYoungGen      total 9728K, used 2033K [0x00000000eab00000, 0x00000000eb800000, 0x0000000100000000)
  eden space 7680K, 0% used [0x00000000eab00000,0x00000000eab00000,0x00000000eb280000)
  from space 2048K, 99% used [0x00000000eb500000,0x00000000eb6fc488,0x00000000eb700000)
  to   space 2560K, 0% used [0x00000000eb280000,0x00000000eb280000,0x00000000eb500000)
 ParOldGen       total 129536K, used 1889K [0x00000000c0000000, 0x00000000c7e80000, 0x00000000eab00000)
  object space 129536K, 1% used [0x00000000c0000000,0x00000000c01d8748,0x00000000c7e80000)
 Metaspace       used 5534K, capacity 6640K, committed 6784K, reserved 1056768K
  class space    used 588K, capacity 616K, committed 640K, reserved 1048576K
}
Event: 1.593 GC heap before
{Heap before GC invocations=9 (full 0):
 PSYoungGen      total 9728K, used 9713K [0x00000000eab00000, 0x00000000eb800000, 0x0000000100000000)
  eden space 7680K, 100% used [0x00000000eab00000,0x00000000eb280000,0x00000000eb280000)
  from space 2048K, 99% used [0x00000000eb500000,0x00000000eb6fc488,0x00000000eb700000)
  to   space 2560K, 0% used [0x00000000eb280000,0x00000000eb280000,0x00000000eb500000)
 ParOldGen       total 129536K, used 1889K [0x00000000c0000000, 0x00000000c7e80000, 0x00000000eab00000)
  object space 129536K, 1% used [0x00000000c0000000,0x00000000c01d8748,0x00000000c7e80000)
 Metaspace       used 5645K, capacity 6704K, committed 6784K, reserved 1056768K
  class space    used 588K, capacity 616K, committed 640K, reserved 1048576K
Event: 1.663 GC heap after
Heap after GC invocations=9 (full 0):
 PSYoungGen      total 10240K, used 2528K [0x00000000eab00000, 0x00000000eb800000, 0x0000000100000000)
  eden space 7680K, 0% used [0x00000000eab00000,0x00000000eab00000,0x00000000eb280000)
  from space 2560K, 98% used [0x00000000eb280000,0x00000000eb4f8028,0x00000000eb500000)
  to   space 2048K, 0% used [0x00000000eb500000,0x00000000eb500000,0x00000000eb700000)
 ParOldGen       total 129536K, used 2737K [0x00000000c0000000, 0x00000000c7e80000, 0x00000000eab00000)
  object space 129536K, 2% used [0x00000000c0000000,0x00000000c02ac6e0,0x00000000c7e80000)
 Metaspace       used 5645K, capacity 6704K, committed 6784K, reserved 1056768K
  class space    used 588K, capacity 616K, committed 640K, reserved 1048576K
}

Deoptimization events (6 events):
Event: 1.319 Thread 0x0000000016f9b000 Uncommon trap: reason=class_check action=maybe_recompile pc=0x00000000024a51c4 method=com.android.dx.rop.type.Type.equals(Ljava/lang/Object;)Z @ 8
Event: 1.319 Thread 0x0000000016f9b000 Uncommon trap: reason=class_check action=maybe_recompile pc=0x00000000024a51c4 method=com.android.dx.rop.type.Type.equals(Ljava/lang/Object;)Z @ 8
Event: 1.320 Thread 0x0000000016f9b000 Uncommon trap: reason=class_check action=maybe_recompile pc=0x00000000024a51c4 method=com.android.dx.rop.type.Type.equals(Ljava/lang/Object;)Z @ 8
Event: 1.320 Thread 0x0000000016f9b000 Uncommon trap: reason=class_check action=maybe_recompile pc=0x00000000024a51c4 method=com.android.dx.rop.type.Type.equals(Ljava/lang/Object;)Z @ 8
Event: 1.350 Thread 0x0000000016f9b000 Uncommon trap: reason=class_check action=maybe_recompile pc=0x00000000024a9894 method=com.android.dx.rop.type.Type.equals(Ljava/lang/Object;)Z @ 8
Event: 1.473 Thread 0x0000000016f9b000 Uncommon trap: reason=null_check action=make_not_entrant pc=0x00000000025534b4 method=com.android.dx.ssa.SsaRenamer.getLocalForNewReg(I)Lcom/android/dx/rop/code/LocalItem; @ 19

Internal exceptions (10 events):
Event: 1.033 Thread 0x0000000016f9c000 Exception <a 'java/security/PrivilegedActionException'> (0x00000000eac61238) thrown at [D:\re\workspace\8-2-build-windows-amd64-cygwin\jdk8\2238\hotspot\src\share\vm\prims\jvm.cpp, line 1248]
Event: 1.035 Thread 0x0000000016f9b000 Exception <a 'java/security/PrivilegedActionException'> (0x00000000eab4a800) thrown at [D:\re\workspace\8-2-build-windows-amd64-cygwin\jdk8\2238\hotspot\src\share\vm\prims\jvm.cpp, line 1248]
Event: 1.036 Thread 0x0000000016f9b000 Exception <a 'java/security/PrivilegedActionException'> (0x00000000eac66a90) thrown at [D:\re\workspace\8-2-build-windows-amd64-cygwin\jdk8\2238\hotspot\src\share\vm\prims\jvm.cpp, line 1248]
Event: 1.038 Thread 0x0000000016f9b000 Exception <a 'java/security/PrivilegedActionException'> (0x00000000eac76220) thrown at [D:\re\workspace\8-2-build-windows-amd64-cygwin\jdk8\2238\hotspot\src\share\vm\prims\jvm.cpp, line 1248]
Event: 1.041 Thread 0x0000000016f9c000 Exception <a 'java/security/PrivilegedActionException'> (0x00000000eac84460) thrown at [D:\re\workspace\8-2-build-windows-amd64-cygwin\jdk8\2238\hotspot\src\share\vm\prims\jvm.cpp, line 1248]
Event: 1.053 Thread 0x0000000016f9c000 Exception <a 'java/security/PrivilegedActionException'> (0x00000000eacea570) thrown at [D:\re\workspace\8-2-build-windows-amd64-cygwin\jdk8\2238\hotspot\src\share\vm\prims\jvm.cpp, line 1248]
Event: 1.117 Thread 0x000000000227d800 Exception <a 'java/security/PrivilegedActionException'> (0x00000000eaef8cf0) thrown at [D:\re\workspace\8-2-build-windows-amd64-cygwin\jdk8\2238\hotspot\src\share\vm\prims\jvm.cpp, line 1248]
Event: 1.299 Thread 0x000000000227d800 Exception <a 'java/security/PrivilegedActionException'> (0x00000000eab0a3f8) thrown at [D:\re\workspace\8-2-build-windows-amd64-cygwin\jdk8\2238\hotspot\src\share\vm\prims\jvm.cpp, line 1248]
Event: 1.473 Thread 0x0000000016f9b000 Implicit null exception at 0x000000000255171b to 0x000000000255348d
Event: 1.546 Thread 0x0000000016f9b000 Exception <a 'java/security/PrivilegedActionException'> (0x00000000eaefb940) thrown at [D:\re\workspace\8-2-build-windows-amd64-cygwin\jdk8\2238\hotspot\src\share\vm\prims\jvm.cpp, line 1248]

Events (10 events):
Event: 1.350 Thread 0x0000000016f9b000 DEOPT UNPACKING pc=0x00000000022c55af sp=0x0000000017c5dbe8 mode 2
Event: 1.395 Executing VM operation: ParallelGCFailedAllocation
Event: 1.415 Executing VM operation: ParallelGCFailedAllocation done
Event: 1.473 Thread 0x0000000016f9b000 Uncommon trap: trap_request=0xfffffff4 fr.pc=0x00000000025534b4
Event: 1.473 Thread 0x0000000016f9b000 DEOPT PACKING pc=0x00000000025534b4 sp=0x0000000017c5e380
Event: 1.473 Thread 0x0000000016f9b000 DEOPT UNPACKING pc=0x00000000022c55af sp=0x0000000017c5e1b8 mode 2
Event: 1.546 loading class com/android/dx/cf/code/BytecodeArray$ConstantParserVisitor
Event: 1.546 loading class com/android/dx/cf/code/BytecodeArray$ConstantParserVisitor done
Event: 1.588 Executing VM operation: ParallelGCFailedAllocation
Event: 1.663 Executing VM operation: ParallelGCFailedAllocation done


Dynamic libraries:
0x00007ff7e1730000 - 0x00007ff7e1764000 	C:\Program Files\Java\jdk1.8.0\bin\java.exe
0x00007ff99a0a0000 - 0x00007ff99a24d000 	C:\Windows\SYSTEM32\ntdll.dll
0x00007ff998140000 - 0x00007ff99827e000 	C:\Windows\system32\KERNEL32.DLL
0x00007ff997290000 - 0x00007ff9973a5000 	C:\Windows\system32\KERNELBASE.dll
0x00007ff9957e0000 - 0x00007ff99586e000 	C:\Windows\system32\apphelp.dll
0x00007ff988cf0000 - 0x00007ff988d43000 	C:\Windows\AppPatch\AppPatch64\AcGenral.DLL
0x00007ff9979c0000 - 0x00007ff997a6a000 	C:\Windows\system32\msvcrt.dll
0x00007ff9976f0000 - 0x00007ff99771e000 	C:\Windows\system32\SspiCli.dll
0x00007ff9980e0000 - 0x00007ff998134000 	C:\Windows\system32\SHLWAPI.dll
0x00007ff998380000 - 0x00007ff9984f7000 	C:\Windows\system32\USER32.dll
0x00007ff997df0000 - 0x00007ff997f84000 	C:\Windows\system32\ole32.dll
0x00007ff998980000 - 0x00007ff999ea8000 	C:\Windows\system32\SHELL32.dll
0x00007ff996810000 - 0x00007ff996831000 	C:\Windows\SYSTEM32\USERENV.dll
0x00007ff999eb0000 - 0x00007ff999f5a000 	C:\Windows\system32\ADVAPI32.dll
0x00007ff98acd0000 - 0x00007ff98acee000 	C:\Windows\SYSTEM32\MPR.dll
0x00007ff999f60000 - 0x00007ff99a0a0000 	C:\Windows\system32\RPCRT4.dll
0x00007ff997d90000 - 0x00007ff997de9000 	C:\Windows\SYSTEM32\sechost.dll
0x00007ff997b70000 - 0x00007ff997d81000 	C:\Windows\SYSTEM32\combase.dll
0x00007ff997f90000 - 0x00007ff9980df000 	C:\Windows\system32\GDI32.dll
0x00007ff9971c0000 - 0x00007ff9971d5000 	C:\Windows\SYSTEM32\profapi.dll
0x00007ff995a70000 - 0x00007ff995b22000 	C:\Windows\SYSTEM32\SHCORE.dll
0x00007ff997a70000 - 0x00007ff997aa6000 	C:\Windows\system32\IMM32.DLL
0x00007ff997720000 - 0x00007ff997872000 	C:\Windows\system32\MSCTF.dll
0x00007ff994cb0000 - 0x00007ff994f2b000 	C:\Windows\WinSxS\amd64_microsoft.windows.common-controls_6595b64144ccf1df_6.0.9600.18006_none_623f33d3ecbe86e8\COMCTL32.dll
0x000000006f6e0000 - 0x000000006f7b2000 	C:\Program Files\Java\jdk1.8.0\jre\bin\msvcr100.dll
0x000000006e0f0000 - 0x000000006e91a000 	C:\Program Files\Java\jdk1.8.0\jre\bin\server\jvm.dll
0x00007ff995de0000 - 0x00007ff995de9000 	C:\Windows\SYSTEM32\WSOCK32.dll
0x00007ff9924b0000 - 0x00007ff9924d2000 	C:\Windows\SYSTEM32\WINMM.dll
0x00007ff998370000 - 0x00007ff998377000 	C:\Windows\system32\PSAPI.DLL
0x00007ff9982f0000 - 0x00007ff99834a000 	C:\Windows\system32\WS2_32.dll
0x00007ff992480000 - 0x00007ff9924aa000 	C:\Windows\SYSTEM32\WINMMBASE.dll
0x00007ff9987b0000 - 0x00007ff9987b9000 	C:\Windows\system32\NSI.dll
0x00007ff9976a0000 - 0x00007ff9976ef000 	C:\Windows\SYSTEM32\cfgmgr32.dll
0x00007ff996010000 - 0x00007ff996038000 	C:\Windows\SYSTEM32\DEVOBJ.dll
0x0000000070300000 - 0x000000007030f000 	C:\Program Files\Java\jdk1.8.0\jre\bin\verify.dll
0x000000006ecc0000 - 0x000000006ece8000 	C:\Program Files\Java\jdk1.8.0\jre\bin\java.dll
0x000000006ebb0000 - 0x000000006ebc6000 	C:\Program Files\Java\jdk1.8.0\jre\bin\zip.dll

VM Arguments:
jvm_args: -Djava.awt.headless=true -Xmx1024M -Dfile.encoding=windows-1252 -Duser.country=US -Duser.language=en -Duser.variant 
java_command: com.android.dx.command.Main --dex --force-jumbo --num-threads=4 --multi-dex --output D:\Aswathy\AswathyApps\AswathyApps\HomePlus\app\build\intermediates\transforms\dex\debug\folders\1000\2\volley_91f0b24feb49ae2296f5e4e5826252e676202ac2 D:\Aswathy\AswathyApps\AswathyApps\HomePlus\app\libs\volley.jar
java_class_path (initial): D:\TOOLS\android-sdk\build-tools\24.0.1\lib\dx.jar
Launcher Type: SUN_STANDARD

Environment Variables:
PATH=C:\ProgramData\Oracle\Java\javapath;C:\Windows\System32;C:\Program Files\nodejs\;C:\ProgramData\Oracle\Java\javapath;C:\Windows\System32;C:\Program Files\nodejs\;C:\ProgramData\Oracle\Java\javapath;C:\Windows\System32;C:\Program Files\nodejs\;C:\Windows\System32;D:\TOOLS\android-sdk\tools;D:\TOOLS\android-sdk\platform-tools;C:\Users\sandeepandroid\AppData\Roaming\npm;C:\Program Files\TortoiseGit\bin;C:\Program Files (x86)\Skype\Phone\;D:\TOOLS\android-sdk\tools;D:\TOOLS\android-sdk\platform-tools;C:\Users\sandeepandroid\AppData\Roaming\npm;C:\Program Files\TortoiseGit\bin;C:\Program Files (x86)\Skype\Phone\;D:\TOOLS\android-sdk\tools;D:\TOOLS\android-sdk\platform-tools;C:\Users\sandeepandroid\AppData\Roaming\npm;C:\Program Files\TortoiseGit\bin;C:\Program Files (x86)\Skype\Phone\;C:\Program Files (x86)\Mozilla Firefox;C:\ProgramData\Oracle\Java\javapath;C:\Windows\System32;C:\Program Files\nodejs\;C:\ProgramData\Oracle\Java\javapath;C:\Windows\System32;C:\Program Files\nodejs\;C:\ProgramData\Oracle\Java\javapath;C:\Windows\System32;C:\Program Files\nodejs\;C:\Windows\System32;D:\TOOLS\android-sdk\tools;D:\TOOLS\android-sdk\platform-tools;C:\Users\sandeepandroid\AppData\Roaming\npm;C:\Program Files (x86)\Skype\Phone\;C:\Program Files\TortoiseGit\bin;D:\TOOLS\android-sdk\tools;D:\TOOLS\android-sdk\platform-tools;C:\Users\sandeepandroid\AppData\Roaming\npm;C:\Program Files (x86)\Skype\Phone\;C:\Program Files\TortoiseGit\bin;D:\TOOLS\android-sdk\tools;D:\TOOLS\android-sdk\platform-tools;C:\Users\sandeepandroid\AppData\Roaming\npm;C:\Program Files (x86)\Skype\Phone\;C:\Program Files\TortoiseGit\bin
USERNAME=JijoCJ
OS=Windows_NT
PROCESSOR_IDENTIFIER=Intel64 Family 6 Model 58 Stepping 9, GenuineIntel



---------------  S Y S T E M  ---------------

OS: Windows 8.1 , 64 bit Build 9600 

CPU:total 8 (4 cores per cpu, 2 threads per core) family 6 model 58 stepping 9, cmov, cx8, fxsr, mmx, sse, sse2, sse3, ssse3, sse4.1, sse4.2, popcnt, avx, aes, clmul, erms, ht, tsc, tscinvbit

Memory: 4k page, physical 8353172k(1057516k free), swap 11498900k(5088k free)

vm_info: Java HotSpot(TM) 64-Bit Server VM (25.0-b70) for windows-amd64 JRE (1.8.0-b132), built on Mar  4 2014 03:46:18 by "java_re" with MS VC++ 10.0 (VS2010)

time: Wed Jan 11 12:58:52 2017
elapsed time: 1 seconds

