#
# There is insufficient memory for the Java Runtime Environment to continue.
# Native memory allocation (malloc) failed to allocate 962096 bytes for Chunk::new
# Possible reasons:
#   The system is out of physical RAM or swap space
#   In 32 bit mode, the process size limit was hit
# Possible solutions:
#   Reduce memory load on the system
#   Increase physical memory or swap space
#   Check if swap backing store is full
#   Use 64 bit Java on a 64 bit OS
#   Decrease Java heap size (-Xmx/-Xms)
#   Decrease number of Java threads
#   Decrease Java thread stack sizes (-Xss)
#   Set larger code cache with -XX:ReservedCodeCacheSize=
# This output file may be truncated or incomplete.
#
#  Out of Memory Error (allocation.cpp:388), pid=8300, tid=7028
#
# JRE version: Java(TM) SE Runtime Environment (8.0-b132) (build 1.8.0-b132)
# Java VM: Java HotSpot(TM) 64-Bit Server VM (25.0-b70 mixed mode windows-amd64 compressed oops)
# Failed to write core dump. Minidumps are not enabled by default on client versions of Windows
#

---------------  T H R E A D  ---------------

Current thread (0x0000000017766800):  JavaThread "C2 CompilerThread0" daemon [_thread_in_native, id=7028, stack(0x0000000017d40000,0x0000000017e40000)]

Stack: [0x0000000017d40000,0x0000000017e40000]
Native frames: (J=compiled Java code, j=interpreted, Vv=VM code, C=native code)
V  [jvm.dll+0x308e0a]


Current CompileTask:
C2:   1476 1270       4       com.android.dx.dex.code.OutputFinisher::addConstants (93 bytes)


---------------  P R O C E S S  ---------------

Java Threads: ( => current thread )
  0x0000000017943000 JavaThread "pool-1-thread-1" [_thread_in_native, id=8372, stack(0x0000000018340000,0x0000000018440000)]
  0x00000000177ff800 JavaThread "Service Thread" daemon [_thread_blocked, id=10016, stack(0x0000000018140000,0x0000000018240000)]
  0x00000000177bf800 JavaThread "C1 CompilerThread3" daemon [_thread_blocked, id=6108, stack(0x0000000018040000,0x0000000018140000)]
  0x00000000177be000 JavaThread "C2 CompilerThread2" daemon [_thread_blocked, id=4424, stack(0x0000000017f40000,0x0000000018040000)]
  0x000000001776d800 JavaThread "C2 CompilerThread1" daemon [_thread_in_native, id=1104, stack(0x0000000017e40000,0x0000000017f40000)]
=>0x0000000017766800 JavaThread "C2 CompilerThread0" daemon [_thread_in_native, id=7028, stack(0x0000000017d40000,0x0000000017e40000)]
  0x0000000017765000 JavaThread "Attach Listener" daemon [_thread_blocked, id=6620, stack(0x0000000017c40000,0x0000000017d40000)]
  0x0000000017764800 JavaThread "Signal Dispatcher" daemon [_thread_blocked, id=8324, stack(0x0000000017b40000,0x0000000017c40000)]
  0x0000000002c28000 JavaThread "Finalizer" daemon [_thread_blocked, id=5400, stack(0x0000000017640000,0x0000000017740000)]
  0x000000001574c800 JavaThread "Reference Handler" daemon [_thread_blocked, id=10172, stack(0x0000000017540000,0x0000000017640000)]
  0x0000000002b2d800 JavaThread "main" [_thread_blocked, id=8292, stack(0x0000000002930000,0x0000000002a30000)]

Other Threads:
  0x0000000015748800 VMThread [stack: 0x0000000017440000,0x0000000017540000] [id=3096]
  0x0000000017809800 WatcherThread [stack: 0x0000000018240000,0x0000000018340000] [id=5764]

VM state:not at safepoint (normal execution)

VM Mutex/Monitor currently owned by a thread: None

Heap:
 PSYoungGen      total 10240K, used 9493K [0x00000000eab00000, 0x00000000ebd00000, 0x0000000100000000)
  eden space 7680K, 90% used [0x00000000eab00000,0x00000000eb1cd4a0,0x00000000eb280000)
  from space 2560K, 98% used [0x00000000eb280000,0x00000000eb4f8028,0x00000000eb500000)
  to   space 3072K, 0% used [0x00000000eba00000,0x00000000eba00000,0x00000000ebd00000)
 ParOldGen       total 129536K, used 2531K [0x00000000c0000000, 0x00000000c7e80000, 0x00000000eab00000)
  object space 129536K, 1% used [0x00000000c0000000,0x00000000c0278ce0,0x00000000c7e80000)
 Metaspace       used 6018K, capacity 7056K, committed 7424K, reserved 1058816K
  class space    used 614K, capacity 648K, committed 768K, reserved 1048576K

Card table byte_map: [0x0000000011ff0000,0x0000000012200000] byte_map_base: 0x00000000119f0000

Marking Bits: (ParMarkBitMap*) 0x000000006f6513b0
 Begin Bits: [0x0000000012b60000, 0x0000000013b60000)
 End Bits:   [0x0000000013b60000, 0x0000000014b60000)

Polling page: 0x00000000010c0000

CodeCache: size=245760Kb used=5311Kb max_used=5311Kb free=240448Kb
 bounds [0x0000000002c30000, 0x0000000003170000, 0x0000000011c30000]
 total_blobs=1754 nmethods=1487 adapters=179
 compilation: enabled

Compilation events (10 events):
Event: 1.278 Thread 0x00000000177be000 nmethod 1278 0x00000000030e2190 code [0x00000000030e22c0, 0x00000000030e2438]
Event: 1.279 Thread 0x00000000177bf800 nmethod 1398 0x0000000003110250 code [0x0000000003110520, 0x0000000003111ec8]
Event: 1.279 Thread 0x00000000177bf800 1397       3       com.android.dx.dex.code.DalvInsnList::makeImmutable (51 bytes)
Event: 1.280 Thread 0x00000000177bf800 nmethod 1397 0x0000000003112e10 code [0x0000000003113060, 0x0000000003113e98]
Event: 1.384 Thread 0x00000000177bf800 1399       3       com.android.dx.dex.code.LocalList::make (102 bytes)
Event: 1.385 Thread 0x00000000177bf800 nmethod 1399 0x00000000030df350 code [0x00000000030df5a0, 0x00000000030e0548]
Event: 1.385 Thread 0x000000001776d800 1400       4       com.android.dx.dex.code.OutputFinisher::findOpcodeForInsn (51 bytes)
Event: 1.385 Thread 0x00000000177be000 1401       4       com.android.dx.rop.code.RegisterSpec::matchesVariable (68 bytes)
Event: 1.387 Thread 0x000000001776d800 nmethod 1400 0x0000000003104c50 code [0x0000000003104da0, 0x0000000003104ea8]
Event: 1.389 Thread 0x00000000177be000 nmethod 1401 0x00000000030e0f10 code [0x00000000030e1060, 0x00000000030e14f8]

GC Heap History (10 events):
Event: 0.353 GC heap before
{Heap before GC invocations=5 (full 0):
 PSYoungGen      total 2560K, used 2560K [0x00000000eab00000, 0x00000000eae00000, 0x0000000100000000)
  eden space 2048K, 100% used [0x00000000eab00000,0x00000000ead00000,0x00000000ead00000)
  from space 512K, 100% used [0x00000000ead80000,0x00000000eae00000,0x00000000eae00000)
  to   space 512K, 0% used [0x00000000ead00000,0x00000000ead00000,0x00000000ead80000)
 ParOldGen       total 129536K, used 738K [0x00000000c0000000, 0x00000000c7e80000, 0x00000000eab00000)
  object space 129536K, 0% used [0x00000000c0000000,0x00000000c00b8bf8,0x00000000c7e80000)
 Metaspace       used 4282K, capacity 5520K, committed 5760K, reserved 1056768K
  class space    used 484K, capacity 520K, committed 640K, reserved 1048576K
Event: 0.355 GC heap after
Heap after GC invocations=5 (full 0):
 PSYoungGen      total 2560K, used 512K [0x00000000eab00000, 0x00000000eb200000, 0x0000000100000000)
  eden space 2048K, 0% used [0x00000000eab00000,0x00000000eab00000,0x00000000ead00000)
  from space 512K, 100% used [0x00000000ead00000,0x00000000ead80000,0x00000000ead80000)
  to   space 1536K, 0% used [0x00000000eb080000,0x00000000eb080000,0x00000000eb200000)
 ParOldGen       total 129536K, used 1531K [0x00000000c0000000, 0x00000000c7e80000, 0x00000000eab00000)
  object space 129536K, 1% used [0x00000000c0000000,0x00000000c017ecb8,0x00000000c7e80000)
 Metaspace       used 4282K, capacity 5520K, committed 5760K, reserved 1056768K
  class space    used 484K, capacity 520K, committed 640K, reserved 1048576K
}
Event: 0.402 GC heap before
{Heap before GC invocations=6 (full 0):
 PSYoungGen      total 2560K, used 2555K [0x00000000eab00000, 0x00000000eb200000, 0x0000000100000000)
  eden space 2048K, 99% used [0x00000000eab00000,0x00000000eacfef28,0x00000000ead00000)
  from space 512K, 100% used [0x00000000ead00000,0x00000000ead80000,0x00000000ead80000)
  to   space 1536K, 0% used [0x00000000eb080000,0x00000000eb080000,0x00000000eb200000)
 ParOldGen       total 129536K, used 1531K [0x00000000c0000000, 0x00000000c7e80000, 0x00000000eab00000)
  object space 129536K, 1% used [0x00000000c0000000,0x00000000c017ecb8,0x00000000c7e80000)
 Metaspace       used 4919K, capacity 6096K, committed 6272K, reserved 1056768K
  class space    used 549K, capacity 584K, committed 640K, reserved 1048576K
Event: 0.404 GC heap after
Heap after GC invocations=6 (full 0):
 PSYoungGen      total 5632K, used 1149K [0x00000000eab00000, 0x00000000eb200000, 0x0000000100000000)
  eden space 4096K, 0% used [0x00000000eab00000,0x00000000eab00000,0x00000000eaf00000)
  from space 1536K, 74% used [0x00000000eb080000,0x00000000eb19f638,0x00000000eb200000)
  to   space 1536K, 0% used [0x00000000eaf00000,0x00000000eaf00000,0x00000000eb080000)
 ParOldGen       total 129536K, used 1539K [0x00000000c0000000, 0x00000000c7e80000, 0x00000000eab00000)
  object space 129536K, 1% used [0x00000000c0000000,0x00000000c0180cb8,0x00000000c7e80000)
 Metaspace       used 4919K, capacity 6096K, committed 6272K, reserved 1056768K
  class space    used 549K, capacity 584K, committed 640K, reserved 1048576K
}
Event: 0.719 GC heap before
{Heap before GC invocations=7 (full 0):
 PSYoungGen      total 5632K, used 5245K [0x00000000eab00000, 0x00000000eb200000, 0x0000000100000000)
  eden space 4096K, 100% used [0x00000000eab00000,0x00000000eaf00000,0x00000000eaf00000)
  from space 1536K, 74% used [0x00000000eb080000,0x00000000eb19f638,0x00000000eb200000)
  to   space 1536K, 0% used [0x00000000eaf00000,0x00000000eaf00000,0x00000000eb080000)
 ParOldGen       total 129536K, used 1539K [0x00000000c0000000, 0x00000000c7e80000, 0x00000000eab00000)
  object space 129536K, 1% used [0x00000000c0000000,0x00000000c0180cb8,0x00000000c7e80000)
 Metaspace       used 5441K, capacity 6512K, committed 6784K, reserved 1056768K
  class space    used 587K, capacity 616K, committed 640K, reserved 1048576K
Event: 0.738 GC heap after
Heap after GC invocations=7 (full 0):
 PSYoungGen      total 5632K, used 1523K [0x00000000eab00000, 0x00000000eb700000, 0x0000000100000000)
  eden space 4096K, 0% used [0x00000000eab00000,0x00000000eab00000,0x00000000eaf00000)
  from space 1536K, 99% used [0x00000000eaf00000,0x00000000eb07ce48,0x00000000eb080000)
  to   space 2048K, 0% used [0x00000000eb500000,0x00000000eb500000,0x00000000eb700000)
 ParOldGen       total 129536K, used 1772K [0x00000000c0000000, 0x00000000c7e80000, 0x00000000eab00000)
  object space 129536K, 1% used [0x00000000c0000000,0x00000000c01bb138,0x00000000c7e80000)
 Metaspace       used 5441K, capacity 6512K, committed 6784K, reserved 1056768K
  class space    used 587K, capacity 616K, committed 640K, reserved 1048576K
}
Event: 0.945 GC heap before
{Heap before GC invocations=8 (full 0):
 PSYoungGen      total 5632K, used 5619K [0x00000000eab00000, 0x00000000eb700000, 0x0000000100000000)
  eden space 4096K, 100% used [0x00000000eab00000,0x00000000eaf00000,0x00000000eaf00000)
  from space 1536K, 99% used [0x00000000eaf00000,0x00000000eb07ce48,0x00000000eb080000)
  to   space 2048K, 0% used [0x00000000eb500000,0x00000000eb500000,0x00000000eb700000)
 ParOldGen       total 129536K, used 1772K [0x00000000c0000000, 0x00000000c7e80000, 0x00000000eab00000)
  object space 129536K, 1% used [0x00000000c0000000,0x00000000c01bb138,0x00000000c7e80000)
 Metaspace       used 5565K, capacity 6640K, committed 6784K, reserved 1056768K
  class space    used 588K, capacity 616K, committed 640K, reserved 1048576K
Event: 0.950 GC heap after
Heap after GC invocations=8 (full 0):
 PSYoungGen      total 9728K, used 2016K [0x00000000eab00000, 0x00000000eb800000, 0x0000000100000000)
  eden space 7680K, 0% used [0x00000000eab00000,0x00000000eab00000,0x00000000eb280000)
  from space 2048K, 98% used [0x00000000eb500000,0x00000000eb6f8018,0x00000000eb700000)
  to   space 2560K, 0% used [0x00000000eb280000,0x00000000eb280000,0x00000000eb500000)
 ParOldGen       total 129536K, used 1895K [0x00000000c0000000, 0x00000000c7e80000, 0x00000000eab00000)
  object space 129536K, 1% used [0x00000000c0000000,0x00000000c01d9f68,0x00000000c7e80000)
 Metaspace       used 5565K, capacity 6640K, committed 6784K, reserved 1056768K
  class space    used 588K, capacity 616K, committed 640K, reserved 1048576K
}
Event: 1.073 GC heap before
{Heap before GC invocations=9 (full 0):
 PSYoungGen      total 9728K, used 9696K [0x00000000eab00000, 0x00000000eb800000, 0x0000000100000000)
  eden space 7680K, 100% used [0x00000000eab00000,0x00000000eb280000,0x00000000eb280000)
  from space 2048K, 98% used [0x00000000eb500000,0x00000000eb6f8018,0x00000000eb700000)
  to   space 2560K, 0% used [0x00000000eb280000,0x00000000eb280000,0x00000000eb500000)
 ParOldGen       total 129536K, used 1895K [0x00000000c0000000, 0x00000000c7e80000, 0x00000000eab00000)
  object space 129536K, 1% used [0x00000000c0000000,0x00000000c01d9f68,0x00000000c7e80000)
 Metaspace       used 5625K, capacity 6704K, committed 6784K, reserved 1056768K
  class space    used 589K, capacity 616K, committed 640K, reserved 1048576K
Event: 1.096 GC heap after
Heap after GC invocations=9 (full 0):
 PSYoungGen      total 10240K, used 2528K [0x00000000eab00000, 0x00000000ebd00000, 0x0000000100000000)
  eden space 7680K, 0% used [0x00000000eab00000,0x00000000eab00000,0x00000000eb280000)
  from space 2560K, 98% used [0x00000000eb280000,0x00000000eb4f8028,0x00000000eb500000)
  to   space 3072K, 0% used [0x00000000eba00000,0x00000000eba00000,0x00000000ebd00000)
 ParOldGen       total 129536K, used 2531K [0x00000000c0000000, 0x00000000c7e80000, 0x00000000eab00000)
  object space 129536K, 1% used [0x00000000c0000000,0x00000000c0278ce0,0x00000000c7e80000)
 Metaspace       used 5625K, capacity 6704K, committed 6784K, reserved 1056768K
  class space    used 589K, capacity 616K, committed 640K, reserved 1048576K
}

Deoptimization events (10 events):
Event: 1.192 Thread 0x0000000017943000 Uncommon trap: reason=class_check action=maybe_recompile pc=0x0000000002f6a6e4 method=java.util.HashMap.putVal(ILjava/lang/Object;Ljava/lang/Object;ZZ)Ljava/lang/Object; @ 203
Event: 1.192 Thread 0x0000000017943000 Uncommon trap: reason=class_check action=maybe_recompile pc=0x0000000002f6a6e4 method=java.util.HashMap.putVal(ILjava/lang/Object;Ljava/lang/Object;ZZ)Ljava/lang/Object; @ 203
Event: 1.236 Thread 0x0000000017943000 Uncommon trap: reason=class_check action=maybe_recompile pc=0x0000000002f320fc method=com.android.dx.util.FixedSizeList.equals(Ljava/lang/Object;)Z @ 25
Event: 1.240 Thread 0x0000000017943000 Uncommon trap: reason=class_check action=maybe_recompile pc=0x0000000002f320fc method=com.android.dx.util.FixedSizeList.equals(Ljava/lang/Object;)Z @ 25
Event: 1.240 Thread 0x0000000017943000 Uncommon trap: reason=class_check action=maybe_recompile pc=0x0000000002f320fc method=com.android.dx.util.FixedSizeList.equals(Ljava/lang/Object;)Z @ 25
Event: 1.240 Thread 0x0000000017943000 Uncommon trap: reason=class_check action=maybe_recompile pc=0x0000000002f332e8 method=java.util.Arrays.equals([Ljava/lang/Object;[Ljava/lang/Object;)Z @ 62
Event: 1.240 Thread 0x0000000017943000 Uncommon trap: reason=class_check action=maybe_recompile pc=0x0000000002f320fc method=com.android.dx.util.FixedSizeList.equals(Ljava/lang/Object;)Z @ 25
Event: 1.243 Thread 0x0000000017943000 Uncommon trap: reason=class_check action=maybe_recompile pc=0x0000000002f332e8 method=java.util.Arrays.equals([Ljava/lang/Object;[Ljava/lang/Object;)Z @ 62
Event: 1.243 Thread 0x0000000017943000 Uncommon trap: reason=class_check action=maybe_recompile pc=0x0000000002f332e8 method=java.util.Arrays.equals([Ljava/lang/Object;[Ljava/lang/Object;)Z @ 62
Event: 1.243 Thread 0x0000000017943000 Uncommon trap: reason=class_check action=maybe_recompile pc=0x0000000002f332e8 method=java.util.Arrays.equals([Ljava/lang/Object;[Ljava/lang/Object;)Z @ 62

Internal exceptions (10 events):
Event: 1.219 Thread 0x0000000017943000 Exception <a 'java/security/PrivilegedActionException'> (0x00000000eb063840) thrown at [D:\re\workspace\8-2-build-windows-amd64-cygwin\jdk8\2238\hotspot\src\share\vm\prims\jvm.cpp, line 1248]
Event: 1.219 Thread 0x0000000017943000 Exception <a 'java/security/PrivilegedActionException'> (0x00000000eb0689d0) thrown at [D:\re\workspace\8-2-build-windows-amd64-cygwin\jdk8\2238\hotspot\src\share\vm\prims\jvm.cpp, line 1248]
Event: 1.220 Thread 0x0000000017943000 Exception <a 'java/security/PrivilegedActionException'> (0x00000000eb06ef70) thrown at [D:\re\workspace\8-2-build-windows-amd64-cygwin\jdk8\2238\hotspot\src\share\vm\prims\jvm.cpp, line 1248]
Event: 1.220 Thread 0x0000000017943000 Exception <a 'java/security/PrivilegedActionException'> (0x00000000eb071dc8) thrown at [D:\re\workspace\8-2-build-windows-amd64-cygwin\jdk8\2238\hotspot\src\share\vm\prims\jvm.cpp, line 1248]
Event: 1.221 Thread 0x0000000017943000 Exception <a 'java/security/PrivilegedActionException'> (0x00000000eb074f68) thrown at [D:\re\workspace\8-2-build-windows-amd64-cygwin\jdk8\2238\hotspot\src\share\vm\prims\jvm.cpp, line 1248]
Event: 1.221 Thread 0x0000000017943000 Exception <a 'java/security/PrivilegedActionException'> (0x00000000eb07b1e8) thrown at [D:\re\workspace\8-2-build-windows-amd64-cygwin\jdk8\2238\hotspot\src\share\vm\prims\jvm.cpp, line 1248]
Event: 1.232 Thread 0x0000000017943000 Exception <a 'java/security/PrivilegedActionException'> (0x00000000eb096100) thrown at [D:\re\workspace\8-2-build-windows-amd64-cygwin\jdk8\2238\hotspot\src\share\vm\prims\jvm.cpp, line 1248]
Event: 1.236 Thread 0x0000000017943000 Exception <a 'java/security/PrivilegedActionException'> (0x00000000eb0a8ea0) thrown at [D:\re\workspace\8-2-build-windows-amd64-cygwin\jdk8\2238\hotspot\src\share\vm\prims\jvm.cpp, line 1248]
Event: 1.236 Thread 0x0000000017943000 Exception <a 'java/security/PrivilegedActionException'> (0x00000000eb0abd58) thrown at [D:\re\workspace\8-2-build-windows-amd64-cygwin\jdk8\2238\hotspot\src\share\vm\prims\jvm.cpp, line 1248]
Event: 1.237 Thread 0x0000000017943000 Exception <a 'java/security/PrivilegedActionException'> (0x00000000eb0aee08) thrown at [D:\re\workspace\8-2-build-windows-amd64-cygwin\jdk8\2238\hotspot\src\share\vm\prims\jvm.cpp, line 1248]

Events (10 events):
Event: 1.240 Thread 0x0000000017943000 DEOPT UNPACKING pc=0x0000000002c755af sp=0x000000001843eaf0 mode 2
Event: 1.243 Thread 0x0000000017943000 Uncommon trap: trap_request=0xffffffde fr.pc=0x0000000002f332e8
Event: 1.243 Thread 0x0000000017943000 DEOPT PACKING pc=0x0000000002f332e8 sp=0x000000001843ead0
Event: 1.243 Thread 0x0000000017943000 DEOPT UNPACKING pc=0x0000000002c755af sp=0x000000001843ea70 mode 2
Event: 1.243 Thread 0x0000000017943000 Uncommon trap: trap_request=0xffffffde fr.pc=0x0000000002f332e8
Event: 1.243 Thread 0x0000000017943000 DEOPT PACKING pc=0x0000000002f332e8 sp=0x000000001843ead0
Event: 1.243 Thread 0x0000000017943000 DEOPT UNPACKING pc=0x0000000002c755af sp=0x000000001843ea70 mode 2
Event: 1.243 Thread 0x0000000017943000 Uncommon trap: trap_request=0xffffffde fr.pc=0x0000000002f332e8
Event: 1.243 Thread 0x0000000017943000 DEOPT PACKING pc=0x0000000002f332e8 sp=0x000000001843ead0
Event: 1.243 Thread 0x0000000017943000 DEOPT UNPACKING pc=0x0000000002c755af sp=0x000000001843ea70 mode 2


Dynamic libraries:
0x00007ff6c3520000 - 0x00007ff6c3554000 	C:\Program Files\Java\jdk1.8.0\bin\java.exe
0x00007ff99a0a0000 - 0x00007ff99a24d000 	C:\Windows\SYSTEM32\ntdll.dll
0x00007ff998140000 - 0x00007ff99827e000 	C:\Windows\system32\KERNEL32.DLL
0x00007ff997290000 - 0x00007ff9973a5000 	C:\Windows\system32\KERNELBASE.dll
0x00007ff9957e0000 - 0x00007ff99586e000 	C:\Windows\system32\apphelp.dll
0x00007ff976cb0000 - 0x00007ff976d03000 	C:\Windows\AppPatch\AppPatch64\AcGenral.DLL
0x00007ff9979c0000 - 0x00007ff997a6a000 	C:\Windows\system32\msvcrt.dll
0x00007ff9976f0000 - 0x00007ff99771e000 	C:\Windows\system32\SspiCli.dll
0x00007ff9980e0000 - 0x00007ff998134000 	C:\Windows\system32\SHLWAPI.dll
0x00007ff998380000 - 0x00007ff9984f7000 	C:\Windows\system32\USER32.dll
0x00007ff997df0000 - 0x00007ff997f84000 	C:\Windows\system32\ole32.dll
0x00007ff998980000 - 0x00007ff999ea8000 	C:\Windows\system32\SHELL32.dll
0x00007ff996810000 - 0x00007ff996831000 	C:\Windows\SYSTEM32\USERENV.dll
0x00007ff999eb0000 - 0x00007ff999f5a000 	C:\Windows\system32\ADVAPI32.dll
0x00007ff98acd0000 - 0x00007ff98acee000 	C:\Windows\SYSTEM32\MPR.dll
0x00007ff999f60000 - 0x00007ff99a0a0000 	C:\Windows\system32\RPCRT4.dll
0x00007ff997d90000 - 0x00007ff997de9000 	C:\Windows\SYSTEM32\sechost.dll
0x00007ff997b70000 - 0x00007ff997d81000 	C:\Windows\SYSTEM32\combase.dll
0x00007ff997f90000 - 0x00007ff9980df000 	C:\Windows\system32\GDI32.dll
0x00007ff9971c0000 - 0x00007ff9971d5000 	C:\Windows\SYSTEM32\profapi.dll
0x00007ff995a70000 - 0x00007ff995b22000 	C:\Windows\SYSTEM32\SHCORE.dll
0x00007ff997a70000 - 0x00007ff997aa6000 	C:\Windows\system32\IMM32.DLL
0x00007ff997720000 - 0x00007ff997872000 	C:\Windows\system32\MSCTF.dll
0x00007ff994cb0000 - 0x00007ff994f2b000 	C:\Windows\WinSxS\amd64_microsoft.windows.common-controls_6595b64144ccf1df_6.0.9600.18006_none_623f33d3ecbe86e8\COMCTL32.dll
0x000000006e940000 - 0x000000006ea12000 	C:\Program Files\Java\jdk1.8.0\jre\bin\msvcr100.dll
0x000000006eea0000 - 0x000000006f6ca000 	C:\Program Files\Java\jdk1.8.0\jre\bin\server\jvm.dll
0x00007ff995500000 - 0x00007ff995509000 	C:\Windows\SYSTEM32\WSOCK32.dll
0x00007ff993080000 - 0x00007ff9930a2000 	C:\Windows\SYSTEM32\WINMM.dll
0x00007ff998370000 - 0x00007ff998377000 	C:\Windows\system32\PSAPI.DLL
0x00007ff9982f0000 - 0x00007ff99834a000 	C:\Windows\system32\WS2_32.dll
0x00007ff992c50000 - 0x00007ff992c7a000 	C:\Windows\SYSTEM32\WINMMBASE.dll
0x00007ff9987b0000 - 0x00007ff9987b9000 	C:\Windows\system32\NSI.dll
0x00007ff9976a0000 - 0x00007ff9976ef000 	C:\Windows\SYSTEM32\cfgmgr32.dll
0x00007ff996010000 - 0x00007ff996038000 	C:\Windows\SYSTEM32\DEVOBJ.dll
0x000000006edb0000 - 0x000000006edbf000 	C:\Program Files\Java\jdk1.8.0\jre\bin\verify.dll
0x000000006ed80000 - 0x000000006eda8000 	C:\Program Files\Java\jdk1.8.0\jre\bin\java.dll
0x000000006ed60000 - 0x000000006ed76000 	C:\Program Files\Java\jdk1.8.0\jre\bin\zip.dll
0x00007ff990610000 - 0x00007ff990799000 	C:\Windows\SYSTEM32\dbghelp.dll

VM Arguments:
jvm_args: -Djava.awt.headless=true -Xmx1024M -Dfile.encoding=windows-1252 -Duser.country=US -Duser.language=en -Duser.variant 
java_command: com.android.dx.command.Main --dex --force-jumbo --num-threads=4 --multi-dex --output D:\Aswathy\AswathyApps\AswathyApps\HomePlus\app\build\intermediates\transforms\dex\debug\folders\1000\10\bolts-android-1.1.4_24f44663b7ac2e95e0e3063fcfa18605a41084fa C:\Users\JijoCJ\.gradle\caches\modules-2\files-2.1\com.parse.bolts\bolts-android\1.1.4\129874135e6081269ace2312092031558865de12\bolts-android-1.1.4.jar
java_class_path (initial): D:\TOOLS\android-sdk\build-tools\24.0.1\lib\dx.jar
Launcher Type: SUN_STANDARD

Environment Variables:
PATH=C:\ProgramData\Oracle\Java\javapath;C:\Windows\System32;C:\Program Files\nodejs\;C:\ProgramData\Oracle\Java\javapath;C:\Windows\System32;C:\Program Files\nodejs\;C:\ProgramData\Oracle\Java\javapath;C:\Windows\System32;C:\Program Files\nodejs\;C:\Windows\System32;D:\TOOLS\android-sdk\tools;D:\TOOLS\android-sdk\platform-tools;C:\Users\sandeepandroid\AppData\Roaming\npm;C:\Program Files\TortoiseGit\bin;C:\Program Files (x86)\Skype\Phone\;D:\TOOLS\android-sdk\tools;D:\TOOLS\android-sdk\platform-tools;C:\Users\sandeepandroid\AppData\Roaming\npm;C:\Program Files\TortoiseGit\bin;C:\Program Files (x86)\Skype\Phone\;D:\TOOLS\android-sdk\tools;D:\TOOLS\android-sdk\platform-tools;C:\Users\sandeepandroid\AppData\Roaming\npm;C:\Program Files\TortoiseGit\bin;C:\Program Files (x86)\Skype\Phone\;C:\Program Files (x86)\Mozilla Firefox;C:\ProgramData\Oracle\Java\javapath;C:\Windows\System32;C:\Program Files\nodejs\;C:\ProgramData\Oracle\Java\javapath;C:\Windows\System32;C:\Program Files\nodejs\;C:\ProgramData\Oracle\Java\javapath;C:\Windows\System32;C:\Program Files\nodejs\;C:\Windows\System32;D:\TOOLS\android-sdk\tools;D:\TOOLS\android-sdk\platform-tools;C:\Users\sandeepandroid\AppData\Roaming\npm;C:\Program Files (x86)\Skype\Phone\;C:\Program Files\TortoiseGit\bin;D:\TOOLS\android-sdk\tools;D:\TOOLS\android-sdk\platform-tools;C:\Users\sandeepandroid\AppData\Roaming\npm;C:\Program Files (x86)\Skype\Phone\;C:\Program Files\TortoiseGit\bin;D:\TOOLS\android-sdk\tools;D:\TOOLS\android-sdk\platform-tools;C:\Users\sandeepandroid\AppData\Roaming\npm;C:\Program Files (x86)\Skype\Phone\;C:\Program Files\TortoiseGit\bin
USERNAME=JijoCJ
OS=Windows_NT
PROCESSOR_IDENTIFIER=Intel64 Family 6 Model 58 Stepping 9, GenuineIntel



---------------  S Y S T E M  ---------------

OS: Windows 8.1 , 64 bit Build 9600 

CPU:total 8 (4 cores per cpu, 2 threads per core) family 6 model 58 stepping 9, cmov, cx8, fxsr, mmx, sse, sse2, sse3, ssse3, sse4.1, sse4.2, popcnt, avx, aes, clmul, erms, ht, tsc, tscinvbit

Memory: 4k page, physical 8353172k(1088836k free), swap 11498900k(4700k free)

vm_info: Java HotSpot(TM) 64-Bit Server VM (25.0-b70) for windows-amd64 JRE (1.8.0-b132), built on Mar  4 2014 03:46:18 by "java_re" with MS VC++ 10.0 (VS2010)

time: Tue Jan 10 12:56:14 2017
elapsed time: 1 seconds

