#
# There is insufficient memory for the Java Runtime Environment to continue.
# Native memory allocation (malloc) failed to allocate 124176 bytes for Chunk::new
# Possible reasons:
#   The system is out of physical RAM or swap space
#   In 32 bit mode, the process size limit was hit
# Possible solutions:
#   Reduce memory load on the system
#   Increase physical memory or swap space
#   Check if swap backing store is full
#   Use 64 bit Java on a 64 bit OS
#   Decrease Java heap size (-Xmx/-Xms)
#   Decrease number of Java threads
#   Decrease Java thread stack sizes (-Xss)
#   Set larger code cache with -XX:ReservedCodeCacheSize=
# This output file may be truncated or incomplete.
#
#  Out of Memory Error (allocation.cpp:388), pid=6700, tid=4264
#
# JRE version: Java(TM) SE Runtime Environment (8.0-b132) (build 1.8.0-b132)
# Java VM: Java HotSpot(TM) 64-Bit Server VM (25.0-b70 mixed mode windows-amd64 compressed oops)
# Failed to write core dump. Minidumps are not enabled by default on client versions of Windows
#

---------------  T H R E A D  ---------------

Current thread (0x000000001706d800):  JavaThread "C2 CompilerThread1" daemon [_thread_in_native, id=4264, stack(0x0000000017740000,0x0000000017840000)]

Stack: [0x0000000017740000,0x0000000017840000]
Native frames: (J=compiled Java code, j=interpreted, Vv=VM code, C=native code)
V  [jvm.dll+0x308e0a]


Current CompileTask:
C2:   1199 1451 %     4       sun.security.provider.SHA::implCompress @ 12 (491 bytes)


---------------  P R O C E S S  ---------------

Java Threads: ( => current thread )
  0x000000000221d800 JavaThread "DestroyJavaVM" [_thread_blocked, id=5316, stack(0x0000000002320000,0x0000000002420000)]
  0x0000000017100000 JavaThread "Service Thread" daemon [_thread_blocked, id=8628, stack(0x0000000017a40000,0x0000000017b40000)]
  0x0000000017096000 JavaThread "C1 CompilerThread3" daemon [_thread_blocked, id=10096, stack(0x0000000017940000,0x0000000017a40000)]
  0x000000001707c800 JavaThread "C2 CompilerThread2" daemon [_thread_blocked, id=5448, stack(0x0000000017840000,0x0000000017940000)]
=>0x000000001706d800 JavaThread "C2 CompilerThread1" daemon [_thread_in_native, id=4264, stack(0x0000000017740000,0x0000000017840000)]
  0x0000000017066800 JavaThread "C2 CompilerThread0" daemon [_thread_blocked, id=9088, stack(0x0000000017640000,0x0000000017740000)]
  0x0000000017065800 JavaThread "Attach Listener" daemon [_thread_blocked, id=3200, stack(0x0000000017540000,0x0000000017640000)]
  0x0000000017064800 JavaThread "Signal Dispatcher" daemon [_thread_blocked, id=3784, stack(0x0000000017440000,0x0000000017540000)]
  0x0000000002518800 JavaThread "Finalizer" daemon [_thread_blocked, id=7344, stack(0x0000000016f40000,0x0000000017040000)]
  0x0000000002510000 JavaThread "Reference Handler" daemon [_thread_blocked, id=6508, stack(0x0000000016e40000,0x0000000016f40000)]

Other Threads:
  0x0000000015038800 VMThread [stack: 0x0000000016d40000,0x0000000016e40000] [id=5788]
  0x000000001710a000 WatcherThread [stack: 0x0000000017b40000,0x0000000017c40000] [id=5932]

VM state:not at safepoint (normal execution)

VM Mutex/Monitor currently owned by a thread: None

Heap:
 PSYoungGen      total 15360K, used 3960K [0x00000000eab00000, 0x00000000ebd00000, 0x0000000100000000)
  eden space 12288K, 12% used [0x00000000eab00000,0x00000000eac8e020,0x00000000eb700000)
  from space 3072K, 77% used [0x00000000eba00000,0x00000000ebc50010,0x00000000ebd00000)
  to   space 3072K, 0% used [0x00000000eb700000,0x00000000eb700000,0x00000000eba00000)
 ParOldGen       total 129536K, used 3813K [0x00000000c0000000, 0x00000000c7e80000, 0x00000000eab00000)
  object space 129536K, 2% used [0x00000000c0000000,0x00000000c03b96b0,0x00000000c7e80000)
 Metaspace       used 6135K, capacity 6936K, committed 7168K, reserved 1056768K
  class space    used 637K, capacity 656K, committed 768K, reserved 1048576K

Card table byte_map: [0x00000000118e0000,0x0000000011af0000] byte_map_base: 0x00000000112e0000

Marking Bits: (ParMarkBitMap*) 0x000000006e9813b0
 Begin Bits: [0x0000000012450000, 0x0000000013450000)
 End Bits:   [0x0000000013450000, 0x0000000014450000)

Polling page: 0x0000000000870000

CodeCache: size=245760Kb used=5167Kb max_used=5175Kb free=240592Kb
 bounds [0x0000000002520000, 0x0000000002a40000, 0x0000000011520000]
 total_blobs=1720 nmethods=1449 adapters=184
 compilation: enabled

Compilation events (10 events):
Event: 0.916 Thread 0x0000000017096000 1447       3       java.lang.Integer::reverseBytes (26 bytes)
Event: 0.916 Thread 0x0000000017096000 nmethod 1447 0x0000000002a2ff90 code [0x0000000002a300e0, 0x0000000002a30230]
Event: 0.918 Thread 0x0000000017066800 1448       4       java.lang.Integer::reverseBytes (26 bytes)
Event: 0.918 Thread 0x0000000017066800 nmethod 1448 0x0000000002a2e890 code [0x0000000002a2e9c0, 0x0000000002a2ea38]
Event: 0.919 Thread 0x0000000017096000 1449       3       sun.security.provider.SHA::implCompress (491 bytes)
Event: 0.920 Thread 0x0000000017096000 nmethod 1449 0x0000000002a2ec90 code [0x0000000002a2ee80, 0x0000000002a2f728]
Event: 0.922 Thread 0x000000001707c800 nmethod 1443 0x0000000002a34050 code [0x0000000002a34220, 0x0000000002a34ac0]
Event: 0.927 Thread 0x0000000017096000 1450       3       sun.security.provider.ByteArrayAccess::b2iBig64 (614 bytes)
Event: 0.928 Thread 0x0000000017096000 nmethod 1450 0x0000000002a32a90 code [0x0000000002a32ca0, 0x0000000002a339e8]
Event: 0.929 Thread 0x000000001706d800 1451 %     4       sun.security.provider.SHA::implCompress @ 12 (491 bytes)

GC Heap History (10 events):
Event: 0.197 GC heap before
{Heap before GC invocations=6 (full 0):
 PSYoungGen      total 2560K, used 2551K [0x00000000eab00000, 0x00000000eb200000, 0x0000000100000000)
  eden space 2048K, 99% used [0x00000000eab00000,0x00000000eacfdfa0,0x00000000ead00000)
  from space 512K, 100% used [0x00000000ead00000,0x00000000ead80000,0x00000000ead80000)
  to   space 1536K, 0% used [0x00000000eb080000,0x00000000eb080000,0x00000000eb200000)
 ParOldGen       total 129536K, used 1596K [0x00000000c0000000, 0x00000000c7e80000, 0x00000000eab00000)
  object space 129536K, 1% used [0x00000000c0000000,0x00000000c018f180,0x00000000c7e80000)
 Metaspace       used 4906K, capacity 6096K, committed 6272K, reserved 1056768K
  class space    used 552K, capacity 584K, committed 640K, reserved 1048576K
Event: 0.198 GC heap after
Heap after GC invocations=6 (full 0):
 PSYoungGen      total 5632K, used 1232K [0x00000000eab00000, 0x00000000eb200000, 0x0000000100000000)
  eden space 4096K, 0% used [0x00000000eab00000,0x00000000eab00000,0x00000000eaf00000)
  from space 1536K, 80% used [0x00000000eb080000,0x00000000eb1b4300,0x00000000eb200000)
  to   space 1536K, 0% used [0x00000000eaf00000,0x00000000eaf00000,0x00000000eb080000)
 ParOldGen       total 129536K, used 1604K [0x00000000c0000000, 0x00000000c7e80000, 0x00000000eab00000)
  object space 129536K, 1% used [0x00000000c0000000,0x00000000c0191180,0x00000000c7e80000)
 Metaspace       used 4906K, capacity 6096K, committed 6272K, reserved 1056768K
  class space    used 552K, capacity 584K, committed 640K, reserved 1048576K
}
Event: 0.252 GC heap before
{Heap before GC invocations=7 (full 0):
 PSYoungGen      total 5632K, used 5328K [0x00000000eab00000, 0x00000000eb200000, 0x0000000100000000)
  eden space 4096K, 100% used [0x00000000eab00000,0x00000000eaf00000,0x00000000eaf00000)
  from space 1536K, 80% used [0x00000000eb080000,0x00000000eb1b4300,0x00000000eb200000)
  to   space 1536K, 0% used [0x00000000eaf00000,0x00000000eaf00000,0x00000000eb080000)
 ParOldGen       total 129536K, used 1604K [0x00000000c0000000, 0x00000000c7e80000, 0x00000000eab00000)
  object space 129536K, 1% used [0x00000000c0000000,0x00000000c0191180,0x00000000c7e80000)
 Metaspace       used 5433K, capacity 6576K, committed 6784K, reserved 1056768K
  class space    used 586K, capacity 616K, committed 640K, reserved 1048576K
Event: 0.254 GC heap after
Heap after GC invocations=7 (full 0):
 PSYoungGen      total 5632K, used 1523K [0x00000000eab00000, 0x00000000eb700000, 0x0000000100000000)
  eden space 4096K, 0% used [0x00000000eab00000,0x00000000eab00000,0x00000000eaf00000)
  from space 1536K, 99% used [0x00000000eaf00000,0x00000000eb07ce48,0x00000000eb080000)
  to   space 2048K, 0% used [0x00000000eb500000,0x00000000eb500000,0x00000000eb700000)
 ParOldGen       total 129536K, used 2037K [0x00000000c0000000, 0x00000000c7e80000, 0x00000000eab00000)
  object space 129536K, 1% used [0x00000000c0000000,0x00000000c01fd580,0x00000000c7e80000)
 Metaspace       used 5433K, capacity 6576K, committed 6784K, reserved 1056768K
  class space    used 586K, capacity 616K, committed 640K, reserved 1048576K
}
Event: 0.290 GC heap before
{Heap before GC invocations=8 (full 0):
 PSYoungGen      total 5632K, used 5619K [0x00000000eab00000, 0x00000000eb700000, 0x0000000100000000)
  eden space 4096K, 100% used [0x00000000eab00000,0x00000000eaf00000,0x00000000eaf00000)
  from space 1536K, 99% used [0x00000000eaf00000,0x00000000eb07ce48,0x00000000eb080000)
  to   space 2048K, 0% used [0x00000000eb500000,0x00000000eb500000,0x00000000eb700000)
 ParOldGen       total 129536K, used 2037K [0x00000000c0000000, 0x00000000c7e80000, 0x00000000eab00000)
  object space 129536K, 1% used [0x00000000c0000000,0x00000000c01fd580,0x00000000c7e80000)
 Metaspace       used 5516K, capacity 6640K, committed 6784K, reserved 1056768K
  class space    used 586K, capacity 616K, committed 640K, reserved 1048576K
Event: 0.293 GC heap after
Heap after GC invocations=8 (full 0):
 PSYoungGen      total 9728K, used 1856K [0x00000000eab00000, 0x00000000eb800000, 0x0000000100000000)
  eden space 7680K, 0% used [0x00000000eab00000,0x00000000eab00000,0x00000000eb280000)
  from space 2048K, 90% used [0x00000000eb500000,0x00000000eb6d0018,0x00000000eb700000)
  to   space 2560K, 0% used [0x00000000eb280000,0x00000000eb280000,0x00000000eb500000)
 ParOldGen       total 129536K, used 2200K [0x00000000c0000000, 0x00000000c7e80000, 0x00000000eab00000)
  object space 129536K, 1% used [0x00000000c0000000,0x00000000c02263b0,0x00000000c7e80000)
 Metaspace       used 5516K, capacity 6640K, committed 6784K, reserved 1056768K
  class space    used 586K, capacity 616K, committed 640K, reserved 1048576K
}
Event: 0.374 GC heap before
{Heap before GC invocations=9 (full 0):
 PSYoungGen      total 9728K, used 9536K [0x00000000eab00000, 0x00000000eb800000, 0x0000000100000000)
  eden space 7680K, 100% used [0x00000000eab00000,0x00000000eb280000,0x00000000eb280000)
  from space 2048K, 90% used [0x00000000eb500000,0x00000000eb6d0018,0x00000000eb700000)
  to   space 2560K, 0% used [0x00000000eb280000,0x00000000eb280000,0x00000000eb500000)
 ParOldGen       total 129536K, used 2200K [0x00000000c0000000, 0x00000000c7e80000, 0x00000000eab00000)
  object space 129536K, 1% used [0x00000000c0000000,0x00000000c02263b0,0x00000000c7e80000)
 Metaspace       used 5577K, capacity 6704K, committed 6784K, reserved 1056768K
  class space    used 588K, capacity 616K, committed 640K, reserved 1048576K
Event: 0.378 GC heap after
Heap after GC invocations=9 (full 0):
 PSYoungGen      total 10240K, used 2464K [0x00000000eab00000, 0x00000000ebd00000, 0x0000000100000000)
  eden space 7680K, 0% used [0x00000000eab00000,0x00000000eab00000,0x00000000eb280000)
  from space 2560K, 96% used [0x00000000eb280000,0x00000000eb4e8018,0x00000000eb500000)
  to   space 3072K, 0% used [0x00000000eba00000,0x00000000eba00000,0x00000000ebd00000)
 ParOldGen       total 129536K, used 2521K [0x00000000c0000000, 0x00000000c7e80000, 0x00000000eab00000)
  object space 129536K, 1% used [0x00000000c0000000,0x00000000c0276688,0x00000000c7e80000)
 Metaspace       used 5577K, capacity 6704K, committed 6784K, reserved 1056768K
  class space    used 588K, capacity 616K, committed 640K, reserved 1048576K
}
Event: 0.718 GC heap before
{Heap before GC invocations=10 (full 0):
 PSYoungGen      total 10240K, used 10144K [0x00000000eab00000, 0x00000000ebd00000, 0x0000000100000000)
  eden space 7680K, 100% used [0x00000000eab00000,0x00000000eb280000,0x00000000eb280000)
  from space 2560K, 96% used [0x00000000eb280000,0x00000000eb4e8018,0x00000000eb500000)
  to   space 3072K, 0% used [0x00000000eba00000,0x00000000eba00000,0x00000000ebd00000)
 ParOldGen       total 129536K, used 2521K [0x00000000c0000000, 0x00000000c7e80000, 0x00000000eab00000)
  object space 129536K, 1% used [0x00000000c0000000,0x00000000c0276688,0x00000000c7e80000)
 Metaspace       used 5712K, capacity 6768K, committed 7040K, reserved 1056768K
  class space    used 593K, capacity 616K, committed 640K, reserved 1048576K
Event: 0.732 GC heap after
Heap after GC invocations=10 (full 0):
 PSYoungGen      total 15360K, used 2368K [0x00000000eab00000, 0x00000000ebd00000, 0x0000000100000000)
  eden space 12288K, 0% used [0x00000000eab00000,0x00000000eab00000,0x00000000eb700000)
  from space 3072K, 77% used [0x00000000eba00000,0x00000000ebc50010,0x00000000ebd00000)
  to   space 3072K, 0% used [0x00000000eb700000,0x00000000eb700000,0x00000000eba00000)
 ParOldGen       total 129536K, used 3813K [0x00000000c0000000, 0x00000000c7e80000, 0x00000000eab00000)
  object space 129536K, 2% used [0x00000000c0000000,0x00000000c03b96b0,0x00000000c7e80000)
 Metaspace       used 5712K, capacity 6768K, committed 7040K, reserved 1056768K
  class space    used 593K, capacity 616K, committed 640K, reserved 1048576K
}

Deoptimization events (10 events):
Event: 0.747 Thread 0x0000000017378000 Uncommon trap: reason=bimorphic action=maybe_recompile pc=0x00000000026f096c method=java.util.HashMap.getNode(ILjava/lang/Object;)Ljava/util/HashMap$Node; @ 126
Event: 0.766 Thread 0x0000000017378000 Uncommon trap: reason=class_check action=maybe_recompile pc=0x000000000277ac58 method=com.android.dx.util.FixedSizeList.equals(Ljava/lang/Object;)Z @ 25
Event: 0.766 Thread 0x0000000017378000 Uncommon trap: reason=class_check action=maybe_recompile pc=0x000000000277ac58 method=com.android.dx.util.FixedSizeList.equals(Ljava/lang/Object;)Z @ 25
Event: 0.766 Thread 0x0000000017378000 Uncommon trap: reason=class_check action=maybe_recompile pc=0x000000000277ac58 method=com.android.dx.util.FixedSizeList.equals(Ljava/lang/Object;)Z @ 25
Event: 0.766 Thread 0x0000000017378000 Uncommon trap: reason=class_check action=maybe_recompile pc=0x000000000277ac58 method=com.android.dx.util.FixedSizeList.equals(Ljava/lang/Object;)Z @ 25
Event: 0.901 Thread 0x0000000017378000 Uncommon trap: reason=unreached action=reinterpret pc=0x0000000002789fe8 method=java.util.Arrays.copyOf([Ljava/lang/Object;ILjava/lang/Class;)[Ljava/lang/Object; @ 3
Event: 0.906 Thread 0x0000000017378000 Uncommon trap: reason=class_check action=maybe_recompile pc=0x00000000029b43a0 method=java.util.HashMap.putVal(ILjava/lang/Object;Ljava/lang/Object;ZZ)Ljava/lang/Object; @ 56
Event: 0.906 Thread 0x0000000017378000 Uncommon trap: reason=class_check action=maybe_recompile pc=0x00000000029b43f0 method=java.util.HashMap.putVal(ILjava/lang/Object;Ljava/lang/Object;ZZ)Ljava/lang/Object; @ 152
Event: 0.906 Thread 0x0000000017378000 Uncommon trap: reason=class_check action=maybe_recompile pc=0x00000000029b43a0 method=java.util.HashMap.putVal(ILjava/lang/Object;Ljava/lang/Object;ZZ)Ljava/lang/Object; @ 56
Event: 0.906 Thread 0x0000000017378000 Uncommon trap: reason=class_check action=maybe_recompile pc=0x00000000027b7268 method=java.util.HashMap.putVal(ILjava/lang/Object;Ljava/lang/Object;ZZ)Ljava/lang/Object; @ 56

Internal exceptions (10 events):
Event: 0.760 Thread 0x0000000017378000 Exception <a 'java/security/PrivilegedActionException'> (0x00000000eab45cf0) thrown at [D:\re\workspace\8-2-build-windows-amd64-cygwin\jdk8\2238\hotspot\src\share\vm\prims\jvm.cpp, line 1248]
Event: 0.764 Thread 0x0000000017378000 Exception <a 'java/security/PrivilegedActionException'> (0x00000000eab4c1d8) thrown at [D:\re\workspace\8-2-build-windows-amd64-cygwin\jdk8\2238\hotspot\src\share\vm\prims\jvm.cpp, line 1248]
Event: 0.764 Thread 0x0000000017378000 Exception <a 'java/security/PrivilegedActionException'> (0x00000000eab507c8) thrown at [D:\re\workspace\8-2-build-windows-amd64-cygwin\jdk8\2238\hotspot\src\share\vm\prims\jvm.cpp, line 1248]
Event: 0.766 Thread 0x0000000017378000 Exception <a 'java/security/PrivilegedActionException'> (0x00000000eab54fc8) thrown at [D:\re\workspace\8-2-build-windows-amd64-cygwin\jdk8\2238\hotspot\src\share\vm\prims\jvm.cpp, line 1248]
Event: 0.767 Thread 0x0000000017378000 Exception <a 'java/security/PrivilegedActionException'> (0x00000000eab584e0) thrown at [D:\re\workspace\8-2-build-windows-amd64-cygwin\jdk8\2238\hotspot\src\share\vm\prims\jvm.cpp, line 1248]
Event: 0.767 Thread 0x0000000017378000 Exception <a 'java/security/PrivilegedActionException'> (0x00000000eab98c88) thrown at [D:\re\workspace\8-2-build-windows-amd64-cygwin\jdk8\2238\hotspot\src\share\vm\prims\jvm.cpp, line 1248]
Event: 0.817 Thread 0x0000000017378000 Exception <a 'java/security/PrivilegedActionException'> (0x00000000eac11d48) thrown at [D:\re\workspace\8-2-build-windows-amd64-cygwin\jdk8\2238\hotspot\src\share\vm\prims\jvm.cpp, line 1248]
Event: 0.834 Thread 0x0000000017378000 Exception <a 'java/security/PrivilegedActionException'> (0x00000000eac1f7a0) thrown at [D:\re\workspace\8-2-build-windows-amd64-cygwin\jdk8\2238\hotspot\src\share\vm\prims\jvm.cpp, line 1248]
Event: 0.848 Thread 0x0000000017378000 Exception <a 'java/security/PrivilegedActionException'> (0x00000000eac251c8) thrown at [D:\re\workspace\8-2-build-windows-amd64-cygwin\jdk8\2238\hotspot\src\share\vm\prims\jvm.cpp, line 1248]
Event: 0.861 Thread 0x0000000017378000 Exception <a 'java/security/PrivilegedActionException'> (0x00000000eac28960) thrown at [D:\re\workspace\8-2-build-windows-amd64-cygwin\jdk8\2238\hotspot\src\share\vm\prims\jvm.cpp, line 1248]

Events (10 events):
Event: 0.914 loading class sun/security/provider/SHA done
Event: 0.915 loading class sun/security/jca/GetInstance$Instance
Event: 0.915 loading class sun/security/jca/GetInstance$Instance done
Event: 0.915 loading class java/security/MessageDigest$Delegate
Event: 0.915 loading class java/security/MessageDigest$Delegate done
Event: 0.915 loading class sun/security/provider/ByteArrayAccess
Event: 0.915 loading class sun/security/provider/ByteArrayAccess done
Event: 0.929 loading class java/util/zip/Adler32
Event: 0.929 loading class java/util/zip/Adler32 done
Event: 0.930 Thread 0x0000000017378000 Thread exited: 0x0000000017378000


Dynamic libraries:
0x00007ff7e1730000 - 0x00007ff7e1764000 	C:\Program Files\Java\jdk1.8.0\bin\java.exe
0x00007ff99a0a0000 - 0x00007ff99a24d000 	C:\Windows\SYSTEM32\ntdll.dll
0x00007ff998140000 - 0x00007ff99827e000 	C:\Windows\system32\KERNEL32.DLL
0x00007ff997290000 - 0x00007ff9973a5000 	C:\Windows\system32\KERNELBASE.dll
0x00007ff9957e0000 - 0x00007ff99586e000 	C:\Windows\system32\apphelp.dll
0x00007ff97bea0000 - 0x00007ff97bef3000 	C:\Windows\AppPatch\AppPatch64\AcGenral.DLL
0x00007ff9979c0000 - 0x00007ff997a6a000 	C:\Windows\system32\msvcrt.dll
0x00007ff9976f0000 - 0x00007ff99771e000 	C:\Windows\system32\SspiCli.dll
0x00007ff9980e0000 - 0x00007ff998134000 	C:\Windows\system32\SHLWAPI.dll
0x00007ff998380000 - 0x00007ff9984f7000 	C:\Windows\system32\USER32.dll
0x00007ff997df0000 - 0x00007ff997f84000 	C:\Windows\system32\ole32.dll
0x00007ff998980000 - 0x00007ff999ea8000 	C:\Windows\system32\SHELL32.dll
0x00007ff996810000 - 0x00007ff996831000 	C:\Windows\SYSTEM32\USERENV.dll
0x00007ff999eb0000 - 0x00007ff999f5a000 	C:\Windows\system32\ADVAPI32.dll
0x00007ff98acd0000 - 0x00007ff98acee000 	C:\Windows\SYSTEM32\MPR.dll
0x00007ff999f60000 - 0x00007ff99a0a0000 	C:\Windows\system32\RPCRT4.dll
0x00007ff997d90000 - 0x00007ff997de9000 	C:\Windows\SYSTEM32\sechost.dll
0x00007ff997b70000 - 0x00007ff997d81000 	C:\Windows\SYSTEM32\combase.dll
0x00007ff997f90000 - 0x00007ff9980df000 	C:\Windows\system32\GDI32.dll
0x00007ff9971c0000 - 0x00007ff9971d5000 	C:\Windows\SYSTEM32\profapi.dll
0x00007ff995a70000 - 0x00007ff995b22000 	C:\Windows\SYSTEM32\SHCORE.dll
0x00007ff997a70000 - 0x00007ff997aa6000 	C:\Windows\system32\IMM32.DLL
0x00007ff997720000 - 0x00007ff997872000 	C:\Windows\system32\MSCTF.dll
0x00007ff994cb0000 - 0x00007ff994f2b000 	C:\Windows\WinSxS\amd64_microsoft.windows.common-controls_6595b64144ccf1df_6.0.9600.18006_none_623f33d3ecbe86e8\COMCTL32.dll
0x000000006f100000 - 0x000000006f1d2000 	C:\Program Files\Java\jdk1.8.0\jre\bin\msvcr100.dll
0x000000006e1d0000 - 0x000000006e9fa000 	C:\Program Files\Java\jdk1.8.0\jre\bin\server\jvm.dll
0x00007ff995de0000 - 0x00007ff995de9000 	C:\Windows\SYSTEM32\WSOCK32.dll
0x00007ff9924b0000 - 0x00007ff9924d2000 	C:\Windows\SYSTEM32\WINMM.dll
0x00007ff998370000 - 0x00007ff998377000 	C:\Windows\system32\PSAPI.DLL
0x00007ff9982f0000 - 0x00007ff99834a000 	C:\Windows\system32\WS2_32.dll
0x00007ff992480000 - 0x00007ff9924aa000 	C:\Windows\SYSTEM32\WINMMBASE.dll
0x00007ff9987b0000 - 0x00007ff9987b9000 	C:\Windows\system32\NSI.dll
0x00007ff9976a0000 - 0x00007ff9976ef000 	C:\Windows\SYSTEM32\cfgmgr32.dll
0x00007ff996010000 - 0x00007ff996038000 	C:\Windows\SYSTEM32\DEVOBJ.dll
0x00000000703a0000 - 0x00000000703af000 	C:\Program Files\Java\jdk1.8.0\jre\bin\verify.dll
0x0000000070370000 - 0x0000000070398000 	C:\Program Files\Java\jdk1.8.0\jre\bin\java.dll
0x0000000070350000 - 0x0000000070366000 	C:\Program Files\Java\jdk1.8.0\jre\bin\zip.dll
0x00007ff990610000 - 0x00007ff990799000 	C:\Windows\SYSTEM32\dbghelp.dll

VM Arguments:
jvm_args: -Djava.awt.headless=true -Xmx1024M -Dfile.encoding=windows-1252 -Duser.country=US -Duser.language=en -Duser.variant 
java_command: com.android.dx.command.Main --dex --force-jumbo --num-threads=4 --multi-dex --output D:\Aswathy\AswathyApps\AswathyApps\HomePlus\app\build\intermediates\transforms\dex\debug\folders\1000\10\com.google.firebase-firebase-iid-10.0.1_20ed87e3cbff1c89c6816144560ca4826f6abad9 D:\Aswathy\AswathyApps\AswathyApps\HomePlus\app\build\intermediates\exploded-aar\com.google.firebase\firebase-iid\10.0.1\jars\classes.jar
java_class_path (initial): D:\TOOLS\android-sdk\build-tools\24.0.1\lib\dx.jar
Launcher Type: SUN_STANDARD

Environment Variables:
PATH=C:\ProgramData\Oracle\Java\javapath;C:\Windows\System32;C:\Program Files\nodejs\;C:\ProgramData\Oracle\Java\javapath;C:\Windows\System32;C:\Program Files\nodejs\;C:\ProgramData\Oracle\Java\javapath;C:\Windows\System32;C:\Program Files\nodejs\;C:\Windows\System32;D:\TOOLS\android-sdk\tools;D:\TOOLS\android-sdk\platform-tools;C:\Users\sandeepandroid\AppData\Roaming\npm;C:\Program Files\TortoiseGit\bin;C:\Program Files (x86)\Skype\Phone\;D:\TOOLS\android-sdk\tools;D:\TOOLS\android-sdk\platform-tools;C:\Users\sandeepandroid\AppData\Roaming\npm;C:\Program Files\TortoiseGit\bin;C:\Program Files (x86)\Skype\Phone\;D:\TOOLS\android-sdk\tools;D:\TOOLS\android-sdk\platform-tools;C:\Users\sandeepandroid\AppData\Roaming\npm;C:\Program Files\TortoiseGit\bin;C:\Program Files (x86)\Skype\Phone\;C:\Program Files (x86)\Mozilla Firefox;C:\ProgramData\Oracle\Java\javapath;C:\Windows\System32;C:\Program Files\nodejs\;C:\ProgramData\Oracle\Java\javapath;C:\Windows\System32;C:\Program Files\nodejs\;C:\ProgramData\Oracle\Java\javapath;C:\Windows\System32;C:\Program Files\nodejs\;C:\Windows\System32;D:\TOOLS\android-sdk\tools;D:\TOOLS\android-sdk\platform-tools;C:\Users\sandeepandroid\AppData\Roaming\npm;C:\Program Files (x86)\Skype\Phone\;C:\Program Files\TortoiseGit\bin;D:\TOOLS\android-sdk\tools;D:\TOOLS\android-sdk\platform-tools;C:\Users\sandeepandroid\AppData\Roaming\npm;C:\Program Files (x86)\Skype\Phone\;C:\Program Files\TortoiseGit\bin;D:\TOOLS\android-sdk\tools;D:\TOOLS\android-sdk\platform-tools;C:\Users\sandeepandroid\AppData\Roaming\npm;C:\Program Files (x86)\Skype\Phone\;C:\Program Files\TortoiseGit\bin
USERNAME=JijoCJ
OS=Windows_NT
PROCESSOR_IDENTIFIER=Intel64 Family 6 Model 58 Stepping 9, GenuineIntel



---------------  S Y S T E M  ---------------

OS: Windows 8.1 , 64 bit Build 9600 

CPU:total 8 (4 cores per cpu, 2 threads per core) family 6 model 58 stepping 9, cmov, cx8, fxsr, mmx, sse, sse2, sse3, ssse3, sse4.1, sse4.2, popcnt, avx, aes, clmul, erms, ht, tsc, tscinvbit

Memory: 4k page, physical 8353172k(958800k free), swap 11498900k(4540k free)

vm_info: Java HotSpot(TM) 64-Bit Server VM (25.0-b70) for windows-amd64 JRE (1.8.0-b132), built on Mar  4 2014 03:46:18 by "java_re" with MS VC++ 10.0 (VS2010)

time: Wed Jan 11 15:10:19 2017
elapsed time: 1 seconds

