#
# There is insufficient memory for the Java Runtime Environment to continue.
# Native memory allocation (malloc) failed to allocate 32744 bytes for ChunkPool::allocate
# Possible reasons:
#   The system is out of physical RAM or swap space
#   In 32 bit mode, the process size limit was hit
# Possible solutions:
#   Reduce memory load on the system
#   Increase physical memory or swap space
#   Check if swap backing store is full
#   Use 64 bit Java on a 64 bit OS
#   Decrease Java heap size (-Xmx/-Xms)
#   Decrease number of Java threads
#   Decrease Java thread stack sizes (-Xss)
#   Set larger code cache with -XX:ReservedCodeCacheSize=
# This output file may be truncated or incomplete.
#
#  Out of Memory Error (allocation.cpp:271), pid=7764, tid=5756
#
# JRE version: Java(TM) SE Runtime Environment (8.0-b132) (build 1.8.0-b132)
# Java VM: Java HotSpot(TM) 64-Bit Server VM (25.0-b70 mixed mode windows-amd64 compressed oops)
# Failed to write core dump. Minidumps are not enabled by default on client versions of Windows
#

---------------  T H R E A D  ---------------

Current thread (0x000000001786a000):  JavaThread "C2 CompilerThread2" daemon [_thread_in_native, id=5756, stack(0x0000000018030000,0x0000000018130000)]

Stack: [0x0000000018030000,0x0000000018130000]
Native frames: (J=compiled Java code, j=interpreted, Vv=VM code, C=native code)
V  [jvm.dll+0x308e0a]
V  [jvm.dll+0x25df11]
V  [jvm.dll+0x25eb2f]
V  [jvm.dll+0x256505]
V  [jvm.dll+0xbcd51]
V  [jvm.dll+0xbd48c]
V  [jvm.dll+0x84a70]
V  [jvm.dll+0x43f1ac]
V  [jvm.dll+0x443031]
V  [jvm.dll+0x427552]
V  [jvm.dll+0x96732]
V  [jvm.dll+0x96f23]
V  [jvm.dll+0x2232e4]
V  [jvm.dll+0x27baea]
C  [msvcr100.dll+0x21d9f]
C  [msvcr100.dll+0x21e3b]
C  [KERNEL32.DLL+0x13d2]
C  [ntdll.dll+0x154e4]


Current CompileTask:
C2:    750  289       4       java.util.ArrayList::get (11 bytes)


---------------  P R O C E S S  ---------------

Java Threads: ( => current thread )
  0x0000000018b8c800 JavaThread "pool-2-thread-4" [_thread_blocked, id=3516, stack(0x0000000018830000,0x0000000018930000)]
  0x0000000017b17000 JavaThread "pool-2-thread-3" [_thread_blocked, id=6116, stack(0x0000000018730000,0x0000000018830000)]
  0x0000000017a29000 JavaThread "pool-2-thread-2" [_thread_blocked, id=1104, stack(0x0000000018630000,0x0000000018730000)]
  0x0000000017a1d800 JavaThread "pool-3-thread-1" [_thread_blocked, id=9764, stack(0x0000000018530000,0x0000000018630000)]
  0x0000000017a1b000 JavaThread "pool-2-thread-1" [_thread_blocked, id=1412, stack(0x0000000018430000,0x0000000018530000)]
  0x00000000178ed800 JavaThread "Service Thread" daemon [_thread_blocked, id=3440, stack(0x0000000018230000,0x0000000018330000)]
  0x000000001786b800 JavaThread "C1 CompilerThread3" daemon [_thread_blocked, id=6488, stack(0x0000000018130000,0x0000000018230000)]
=>0x000000001786a000 JavaThread "C2 CompilerThread2" daemon [_thread_in_native, id=5756, stack(0x0000000018030000,0x0000000018130000)]
  0x000000001785d000 JavaThread "C2 CompilerThread1" daemon [_thread_in_native, id=4924, stack(0x0000000017f30000,0x0000000018030000)]
  0x000000001785a000 JavaThread "C2 CompilerThread0" daemon [_thread_blocked, id=3564, stack(0x0000000017e30000,0x0000000017f30000)]
  0x0000000017855000 JavaThread "Attach Listener" daemon [_thread_blocked, id=7792, stack(0x0000000017d30000,0x0000000017e30000)]
  0x0000000017854800 JavaThread "Signal Dispatcher" daemon [_thread_blocked, id=4092, stack(0x0000000017c30000,0x0000000017d30000)]
  0x0000000002d38000 JavaThread "Finalizer" daemon [_thread_blocked, id=6432, stack(0x0000000017730000,0x0000000017830000)]
  0x000000001585c800 JavaThread "Reference Handler" daemon [_thread_blocked, id=9700, stack(0x0000000017630000,0x0000000017730000)]
  0x0000000002b3d800 JavaThread "main" [_thread_in_native, id=9696, stack(0x0000000002b40000,0x0000000002c40000)]

Other Threads:
  0x0000000015858800 VMThread [stack: 0x0000000017530000,0x0000000017630000] [id=9664]
  0x00000000178f7800 WatcherThread [stack: 0x0000000018330000,0x0000000018430000] [id=5716]

VM state:not at safepoint (normal execution)

VM Mutex/Monitor currently owned by a thread: None

Heap:
 PSYoungGen      total 5632K, used 4962K [0x00000000eab00000, 0x00000000eb480000, 0x0000000100000000)
  eden space 4096K, 93% used [0x00000000eab00000,0x00000000eaebc6f0,0x00000000eaf00000)
  from space 1536K, 74% used [0x00000000eaf00000,0x00000000eb01c330,0x00000000eb080000)
  to   space 1536K, 0% used [0x00000000eb300000,0x00000000eb300000,0x00000000eb480000)
 ParOldGen       total 6656K, used 930K [0x00000000c0000000, 0x00000000c0680000, 0x00000000eab00000)
  object space 6656K, 13% used [0x00000000c0000000,0x00000000c00e8bf8,0x00000000c0680000)
 Metaspace       used 5471K, capacity 6576K, committed 6784K, reserved 1058816K
  class space    used 578K, capacity 616K, committed 640K, reserved 1048576K

Card table byte_map: [0x0000000012100000,0x0000000012310000] byte_map_base: 0x0000000011b00000

Marking Bits: (ParMarkBitMap*) 0x000000006e8a13b0
 Begin Bits: [0x0000000012c70000, 0x0000000013c70000)
 End Bits:   [0x0000000013c70000, 0x0000000014c70000)

Polling page: 0x0000000001090000

CodeCache: size=245760Kb used=3205Kb max_used=3216Kb free=242555Kb
 bounds [0x0000000002d40000, 0x0000000003070000, 0x0000000011d40000]
 total_blobs=1081 nmethods=818 adapters=177
 compilation: enabled

Compilation events (10 events):
Event: 0.365 Thread 0x000000001785a000 nmethod 356 0x0000000002eefbd0 code [0x0000000002eefd00, 0x0000000002eefd78]
Event: 0.368 Thread 0x000000001786b800  358       3       com.android.dx.io.Opcodes::isValidShape (46 bytes)
Event: 0.368 Thread 0x000000001786b800 nmethod 358 0x0000000002eef710 code [0x0000000002eef880, 0x0000000002eefb30]
Event: 0.369 Thread 0x000000001786b800  359       3       sun.util.calendar.CalendarDate::setSeconds (20 bytes)
Event: 0.369 Thread 0x000000001786b800 nmethod 359 0x0000000002eef3d0 code [0x0000000002eef520, 0x0000000002eef6b0]
Event: 0.369 Thread 0x000000001786b800  360       3       sun.util.calendar.CalendarDate::setMillis (20 bytes)
Event: 0.369 Thread 0x000000001786b800 nmethod 360 0x0000000002eef090 code [0x0000000002eef1e0, 0x0000000002eef370]
Event: 0.369 Thread 0x000000001786b800  361       3       sun.util.calendar.CalendarDate::setTimeOfDay (6 bytes)
Event: 0.369 Thread 0x000000001786b800 nmethod 361 0x0000000002eeed90 code [0x0000000002eeeee0, 0x0000000002eef030]
Event: 0.369 Thread 0x000000001786b800  362       3       sun.util.calendar.CalendarDate::setLeapYear (6 bytes)

GC Heap History (10 events):
Event: 0.132 GC heap before
{Heap before GC invocations=3 (full 0):
 PSYoungGen      total 1536K, used 1536K [0x00000000eab00000, 0x00000000ead00000, 0x0000000100000000)
  eden space 1024K, 100% used [0x00000000eab00000,0x00000000eac00000,0x00000000eac00000)
  from space 512K, 100% used [0x00000000eac80000,0x00000000ead00000,0x00000000ead00000)
  to   space 512K, 0% used [0x00000000eac00000,0x00000000eac00000,0x00000000eac80000)
 ParOldGen       total 129536K, used 149K [0x00000000c0000000, 0x00000000c7e80000, 0x00000000eab00000)
  object space 129536K, 0% used [0x00000000c0000000,0x00000000c0025778,0x00000000c7e80000)
 Metaspace       used 3523K, capacity 4880K, committed 5120K, reserved 1056768K
  class space    used 395K, capacity 456K, committed 512K, reserved 1048576K
Event: 0.133 GC heap after
Heap after GC invocations=3 (full 0):
 PSYoungGen      total 1536K, used 496K [0x00000000eab00000, 0x00000000eae00000, 0x0000000100000000)
  eden space 1024K, 0% used [0x00000000eab00000,0x00000000eab00000,0x00000000eac00000)
  from space 512K, 96% used [0x00000000eac00000,0x00000000eac7c030,0x00000000eac80000)
  to   space 512K, 0% used [0x00000000ead80000,0x00000000ead80000,0x00000000eae00000)
 ParOldGen       total 129536K, used 479K [0x00000000c0000000, 0x00000000c7e80000, 0x00000000eab00000)
  object space 129536K, 0% used [0x00000000c0000000,0x00000000c0077ec0,0x00000000c7e80000)
 Metaspace       used 3523K, capacity 4880K, committed 5120K, reserved 1056768K
  class space    used 395K, capacity 456K, committed 512K, reserved 1048576K
}
Event: 0.185 GC heap before
{Heap before GC invocations=4 (full 0):
 PSYoungGen      total 1536K, used 1520K [0x00000000eab00000, 0x00000000eae00000, 0x0000000100000000)
  eden space 1024K, 100% used [0x00000000eab00000,0x00000000eac00000,0x00000000eac00000)
  from space 512K, 96% used [0x00000000eac00000,0x00000000eac7c030,0x00000000eac80000)
  to   space 512K, 0% used [0x00000000ead80000,0x00000000ead80000,0x00000000eae00000)
 ParOldGen       total 129536K, used 479K [0x00000000c0000000, 0x00000000c7e80000, 0x00000000eab00000)
  object space 129536K, 0% used [0x00000000c0000000,0x00000000c0077ec0,0x00000000c7e80000)
 Metaspace       used 3832K, capacity 5168K, committed 5376K, reserved 1056768K
  class space    used 433K, capacity 488K, committed 512K, reserved 1048576K
Event: 0.186 GC heap after
Heap after GC invocations=4 (full 0):
 PSYoungGen      total 2560K, used 496K [0x00000000eab00000, 0x00000000eae00000, 0x0000000100000000)
  eden space 2048K, 0% used [0x00000000eab00000,0x00000000eab00000,0x00000000ead00000)
  from space 512K, 96% used [0x00000000ead80000,0x00000000eadfc010,0x00000000eae00000)
  to   space 512K, 0% used [0x00000000ead00000,0x00000000ead00000,0x00000000ead80000)
 ParOldGen       total 129536K, used 861K [0x00000000c0000000, 0x00000000c7e80000, 0x00000000eab00000)
  object space 129536K, 0% used [0x00000000c0000000,0x00000000c00d75e8,0x00000000c7e80000)
 Metaspace       used 3832K, capacity 5168K, committed 5376K, reserved 1056768K
  class space    used 433K, capacity 488K, committed 512K, reserved 1048576K
}
Event: 0.248 GC heap before
{Heap before GC invocations=5 (full 0):
 PSYoungGen      total 2560K, used 2542K [0x00000000eab00000, 0x00000000eae00000, 0x0000000100000000)
  eden space 2048K, 99% used [0x00000000eab00000,0x00000000eacffa10,0x00000000ead00000)
  from space 512K, 96% used [0x00000000ead80000,0x00000000eadfc010,0x00000000eae00000)
  to   space 512K, 0% used [0x00000000ead00000,0x00000000ead00000,0x00000000ead80000)
 ParOldGen       total 129536K, used 861K [0x00000000c0000000, 0x00000000c7e80000, 0x00000000eab00000)
  object space 129536K, 0% used [0x00000000c0000000,0x00000000c00d75e8,0x00000000c7e80000)
 Metaspace       used 4507K, capacity 5744K, committed 6016K, reserved 1056768K
  class space    used 505K, capacity 552K, committed 640K, reserved 1048576K
Event: 0.249 GC heap after
Heap after GC invocations=5 (full 0):
 PSYoungGen      total 2560K, used 480K [0x00000000eab00000, 0x00000000eb200000, 0x0000000100000000)
  eden space 2048K, 0% used [0x00000000eab00000,0x00000000eab00000,0x00000000ead00000)
  from space 512K, 93% used [0x00000000ead00000,0x00000000ead78020,0x00000000ead80000)
  to   space 1536K, 0% used [0x00000000eb080000,0x00000000eb080000,0x00000000eb200000)
 ParOldGen       total 129536K, used 1467K [0x00000000c0000000, 0x00000000c7e80000, 0x00000000eab00000)
  object space 129536K, 1% used [0x00000000c0000000,0x00000000c016ee98,0x00000000c7e80000)
 Metaspace       used 4507K, capacity 5744K, committed 6016K, reserved 1056768K
  class space    used 505K, capacity 552K, committed 640K, reserved 1048576K
}
Event: 0.266 GC heap before
{Heap before GC invocations=6 (full 0):
 PSYoungGen      total 2560K, used 1106K [0x00000000eab00000, 0x00000000eb200000, 0x0000000100000000)
  eden space 2048K, 30% used [0x00000000eab00000,0x00000000eab9c8f8,0x00000000ead00000)
  from space 512K, 93% used [0x00000000ead00000,0x00000000ead78020,0x00000000ead80000)
  to   space 1536K, 0% used [0x00000000eb080000,0x00000000eb080000,0x00000000eb200000)
 ParOldGen       total 129536K, used 1467K [0x00000000c0000000, 0x00000000c7e80000, 0x00000000eab00000)
  object space 129536K, 1% used [0x00000000c0000000,0x00000000c016ee98,0x00000000c7e80000)
 Metaspace       used 4712K, capacity 5872K, committed 6016K, reserved 1060864K
  class space    used 529K, capacity 552K, committed 640K, reserved 1048576K
Event: 0.267 GC heap after
Heap after GC invocations=6 (full 0):
 PSYoungGen      total 5632K, used 723K [0x00000000eab00000, 0x00000000eb200000, 0x0000000100000000)
  eden space 4096K, 0% used [0x00000000eab00000,0x00000000eab00000,0x00000000eaf00000)
  from space 1536K, 47% used [0x00000000eb080000,0x00000000eb134ce8,0x00000000eb200000)
  to   space 1536K, 0% used [0x00000000eaf00000,0x00000000eaf00000,0x00000000eb080000)
 ParOldGen       total 129536K, used 1475K [0x00000000c0000000, 0x00000000c7e80000, 0x00000000eab00000)
  object space 129536K, 1% used [0x00000000c0000000,0x00000000c0170e98,0x00000000c7e80000)
 Metaspace       used 4712K, capacity 5872K, committed 6016K, reserved 1060864K
  class space    used 529K, capacity 552K, committed 640K, reserved 1048576K
}
Event: 0.267 GC heap before
{Heap before GC invocations=7 (full 1):
 PSYoungGen      total 5632K, used 723K [0x00000000eab00000, 0x00000000eb200000, 0x0000000100000000)
  eden space 4096K, 0% used [0x00000000eab00000,0x00000000eab00000,0x00000000eaf00000)
  from space 1536K, 47% used [0x00000000eb080000,0x00000000eb134ce8,0x00000000eb200000)
  to   space 1536K, 0% used [0x00000000eaf00000,0x00000000eaf00000,0x00000000eb080000)
 ParOldGen       total 129536K, used 1475K [0x00000000c0000000, 0x00000000c7e80000, 0x00000000eab00000)
  object space 129536K, 1% used [0x00000000c0000000,0x00000000c0170e98,0x00000000c7e80000)
 Metaspace       used 4712K, capacity 5872K, committed 6016K, reserved 1060864K
  class space    used 529K, capacity 552K, committed 640K, reserved 1048576K
Event: 0.274 GC heap after
Heap after GC invocations=7 (full 1):
 PSYoungGen      total 5632K, used 0K [0x00000000eab00000, 0x00000000eb200000, 0x0000000100000000)
  eden space 4096K, 0% used [0x00000000eab00000,0x00000000eab00000,0x00000000eaf00000)
  from space 1536K, 0% used [0x00000000eb080000,0x00000000eb080000,0x00000000eb200000)
  to   space 1536K, 0% used [0x00000000eaf00000,0x00000000eaf00000,0x00000000eb080000)
 ParOldGen       total 6656K, used 922K [0x00000000c0000000, 0x00000000c0680000, 0x00000000eab00000)
  object space 6656K, 13% used [0x00000000c0000000,0x00000000c00e6bf8,0x00000000c0680000)
 Metaspace       used 4712K, capacity 5872K, committed 6016K, reserved 1058816K
  class space    used 529K, capacity 552K, committed 640K, reserved 1048576K
}

Deoptimization events (0 events):
No events

Internal exceptions (10 events):
Event: 0.365 Thread 0x0000000017a29000 Exception <a 'java/security/PrivilegedActionException'> (0x00000000eac0c7d0) thrown at [D:\re\workspace\8-2-build-windows-amd64-cygwin\jdk8\2238\hotspot\src\share\vm\prims\jvm.cpp, line 1248]
Event: 0.366 Thread 0x0000000017a29000 Exception <a 'java/security/PrivilegedActionException'> (0x00000000eac0fe80) thrown at [D:\re\workspace\8-2-build-windows-amd64-cygwin\jdk8\2238\hotspot\src\share\vm\prims\jvm.cpp, line 1248]
Event: 0.366 Thread 0x0000000017a29000 Exception <a 'java/security/PrivilegedActionException'> (0x00000000eac13388) thrown at [D:\re\workspace\8-2-build-windows-amd64-cygwin\jdk8\2238\hotspot\src\share\vm\prims\jvm.cpp, line 1248]
Event: 0.366 Thread 0x0000000017a29000 Exception <a 'java/security/PrivilegedActionException'> (0x00000000eac16328) thrown at [D:\re\workspace\8-2-build-windows-amd64-cygwin\jdk8\2238\hotspot\src\share\vm\prims\jvm.cpp, line 1248]
Event: 0.367 Thread 0x0000000017a29000 Exception <a 'java/security/PrivilegedActionException'> (0x00000000eac192c8) thrown at [D:\re\workspace\8-2-build-windows-amd64-cygwin\jdk8\2238\hotspot\src\share\vm\prims\jvm.cpp, line 1248]
Event: 0.367 Thread 0x0000000017a29000 Exception <a 'java/security/PrivilegedActionException'> (0x00000000eac1c158) thrown at [D:\re\workspace\8-2-build-windows-amd64-cygwin\jdk8\2238\hotspot\src\share\vm\prims\jvm.cpp, line 1248]
Event: 0.367 Thread 0x0000000017a29000 Exception <a 'java/security/PrivilegedActionException'> (0x00000000eac1f570) thrown at [D:\re\workspace\8-2-build-windows-amd64-cygwin\jdk8\2238\hotspot\src\share\vm\prims\jvm.cpp, line 1248]
Event: 0.368 Thread 0x0000000017a29000 Exception <a 'java/security/PrivilegedActionException'> (0x00000000eac22cd8) thrown at [D:\re\workspace\8-2-build-windows-amd64-cygwin\jdk8\2238\hotspot\src\share\vm\prims\jvm.cpp, line 1248]
Event: 0.369 Thread 0x0000000017a29000 Exception <a 'java/security/PrivilegedActionException'> (0x00000000eac274c0) thrown at [D:\re\workspace\8-2-build-windows-amd64-cygwin\jdk8\2238\hotspot\src\share\vm\prims\jvm.cpp, line 1248]
Event: 0.369 Thread 0x0000000017a29000 Exception <a 'java/security/PrivilegedActionException'> (0x00000000eac2bae0) thrown at [D:\re\workspace\8-2-build-windows-amd64-cygwin\jdk8\2238\hotspot\src\share\vm\prims\jvm.cpp, line 1248]

Events (10 events):
Event: 0.367 loading class com/android/dx/dex/code/form/Form23x
Event: 0.367 loading class com/android/dx/dex/code/form/Form23x done
Event: 0.367 loading class com/android/dx/dex/code/form/Form22t
Event: 0.367 loading class com/android/dx/dex/code/form/Form22t done
Event: 0.368 loading class com/android/dx/dex/code/form/Form21t
Event: 0.368 loading class com/android/dx/dex/code/form/Form21t done
Event: 0.369 loading class com/android/dx/dex/code/form/Form22s
Event: 0.369 loading class com/android/dx/dex/code/form/Form22s done
Event: 0.369 loading class com/android/dx/dex/code/form/Form22b
Event: 0.369 loading class com/android/dx/dex/code/form/Form22b done


Dynamic libraries:
0x00007ff7e1730000 - 0x00007ff7e1764000 	C:\Program Files\Java\jdk1.8.0\bin\java.exe
0x00007ff99a0a0000 - 0x00007ff99a24d000 	C:\Windows\SYSTEM32\ntdll.dll
0x00007ff998140000 - 0x00007ff99827e000 	C:\Windows\system32\KERNEL32.DLL
0x00007ff997290000 - 0x00007ff9973a5000 	C:\Windows\system32\KERNELBASE.dll
0x00007ff9957e0000 - 0x00007ff99586e000 	C:\Windows\system32\apphelp.dll
0x00007ff988cf0000 - 0x00007ff988d43000 	C:\Windows\AppPatch\AppPatch64\AcGenral.DLL
0x00007ff9979c0000 - 0x00007ff997a6a000 	C:\Windows\system32\msvcrt.dll
0x00007ff9976f0000 - 0x00007ff99771e000 	C:\Windows\system32\SspiCli.dll
0x00007ff9980e0000 - 0x00007ff998134000 	C:\Windows\system32\SHLWAPI.dll
0x00007ff998380000 - 0x00007ff9984f7000 	C:\Windows\system32\USER32.dll
0x00007ff997df0000 - 0x00007ff997f84000 	C:\Windows\system32\ole32.dll
0x00007ff998980000 - 0x00007ff999ea8000 	C:\Windows\system32\SHELL32.dll
0x00007ff996810000 - 0x00007ff996831000 	C:\Windows\SYSTEM32\USERENV.dll
0x00007ff999eb0000 - 0x00007ff999f5a000 	C:\Windows\system32\ADVAPI32.dll
0x00007ff98acd0000 - 0x00007ff98acee000 	C:\Windows\SYSTEM32\MPR.dll
0x00007ff999f60000 - 0x00007ff99a0a0000 	C:\Windows\system32\RPCRT4.dll
0x00007ff997d90000 - 0x00007ff997de9000 	C:\Windows\SYSTEM32\sechost.dll
0x00007ff997b70000 - 0x00007ff997d81000 	C:\Windows\SYSTEM32\combase.dll
0x00007ff997f90000 - 0x00007ff9980df000 	C:\Windows\system32\GDI32.dll
0x00007ff9971c0000 - 0x00007ff9971d5000 	C:\Windows\SYSTEM32\profapi.dll
0x00007ff995a70000 - 0x00007ff995b22000 	C:\Windows\SYSTEM32\SHCORE.dll
0x00007ff997a70000 - 0x00007ff997aa6000 	C:\Windows\system32\IMM32.DLL
0x00007ff997720000 - 0x00007ff997872000 	C:\Windows\system32\MSCTF.dll
0x00007ff994cb0000 - 0x00007ff994f2b000 	C:\Windows\WinSxS\amd64_microsoft.windows.common-controls_6595b64144ccf1df_6.0.9600.18006_none_623f33d3ecbe86e8\COMCTL32.dll
0x000000006f6e0000 - 0x000000006f7b2000 	C:\Program Files\Java\jdk1.8.0\jre\bin\msvcr100.dll
0x000000006e0f0000 - 0x000000006e91a000 	C:\Program Files\Java\jdk1.8.0\jre\bin\server\jvm.dll
0x00007ff995de0000 - 0x00007ff995de9000 	C:\Windows\SYSTEM32\WSOCK32.dll
0x00007ff9924b0000 - 0x00007ff9924d2000 	C:\Windows\SYSTEM32\WINMM.dll
0x00007ff998370000 - 0x00007ff998377000 	C:\Windows\system32\PSAPI.DLL
0x00007ff9982f0000 - 0x00007ff99834a000 	C:\Windows\system32\WS2_32.dll
0x00007ff992480000 - 0x00007ff9924aa000 	C:\Windows\SYSTEM32\WINMMBASE.dll
0x00007ff9987b0000 - 0x00007ff9987b9000 	C:\Windows\system32\NSI.dll
0x00007ff9976a0000 - 0x00007ff9976ef000 	C:\Windows\SYSTEM32\cfgmgr32.dll
0x00007ff996010000 - 0x00007ff996038000 	C:\Windows\SYSTEM32\DEVOBJ.dll
0x0000000070300000 - 0x000000007030f000 	C:\Program Files\Java\jdk1.8.0\jre\bin\verify.dll
0x000000006ecc0000 - 0x000000006ece8000 	C:\Program Files\Java\jdk1.8.0\jre\bin\java.dll
0x000000006ebb0000 - 0x000000006ebc6000 	C:\Program Files\Java\jdk1.8.0\jre\bin\zip.dll
0x00007ff990610000 - 0x00007ff990799000 	C:\Windows\SYSTEM32\dbghelp.dll

VM Arguments:
jvm_args: -Djava.awt.headless=true -Xmx1024M -Dfile.encoding=windows-1252 -Duser.country=US -Duser.language=en -Duser.variant 
java_command: com.android.dx.command.Main --dex --force-jumbo --num-threads=4 --multi-dex --output D:\Aswathy\AswathyApps\AswathyApps\HomePlus\app\build\intermediates\transforms\dex\debug\folders\1000\5\slice_4 D:\Aswathy\AswathyApps\AswathyApps\HomePlus\app\build\intermediates\transforms\instantRunSlicer\debug\folders\1\5\slice_4
java_class_path (initial): D:\TOOLS\android-sdk\build-tools\24.0.1\lib\dx.jar
Launcher Type: SUN_STANDARD

Environment Variables:
PATH=C:\ProgramData\Oracle\Java\javapath;C:\Windows\System32;C:\Program Files\nodejs\;C:\ProgramData\Oracle\Java\javapath;C:\Windows\System32;C:\Program Files\nodejs\;C:\ProgramData\Oracle\Java\javapath;C:\Windows\System32;C:\Program Files\nodejs\;C:\Windows\System32;D:\TOOLS\android-sdk\tools;D:\TOOLS\android-sdk\platform-tools;C:\Users\sandeepandroid\AppData\Roaming\npm;C:\Program Files\TortoiseGit\bin;C:\Program Files (x86)\Skype\Phone\;D:\TOOLS\android-sdk\tools;D:\TOOLS\android-sdk\platform-tools;C:\Users\sandeepandroid\AppData\Roaming\npm;C:\Program Files\TortoiseGit\bin;C:\Program Files (x86)\Skype\Phone\;D:\TOOLS\android-sdk\tools;D:\TOOLS\android-sdk\platform-tools;C:\Users\sandeepandroid\AppData\Roaming\npm;C:\Program Files\TortoiseGit\bin;C:\Program Files (x86)\Skype\Phone\;C:\Program Files (x86)\Mozilla Firefox;C:\ProgramData\Oracle\Java\javapath;C:\Windows\System32;C:\Program Files\nodejs\;C:\ProgramData\Oracle\Java\javapath;C:\Windows\System32;C:\Program Files\nodejs\;C:\ProgramData\Oracle\Java\javapath;C:\Windows\System32;C:\Program Files\nodejs\;C:\Windows\System32;D:\TOOLS\android-sdk\tools;D:\TOOLS\android-sdk\platform-tools;C:\Users\sandeepandroid\AppData\Roaming\npm;C:\Program Files (x86)\Skype\Phone\;C:\Program Files\TortoiseGit\bin;D:\TOOLS\android-sdk\tools;D:\TOOLS\android-sdk\platform-tools;C:\Users\sandeepandroid\AppData\Roaming\npm;C:\Program Files (x86)\Skype\Phone\;C:\Program Files\TortoiseGit\bin;D:\TOOLS\android-sdk\tools;D:\TOOLS\android-sdk\platform-tools;C:\Users\sandeepandroid\AppData\Roaming\npm;C:\Program Files (x86)\Skype\Phone\;C:\Program Files\TortoiseGit\bin
USERNAME=JijoCJ
OS=Windows_NT
PROCESSOR_IDENTIFIER=Intel64 Family 6 Model 58 Stepping 9, GenuineIntel



---------------  S Y S T E M  ---------------

OS: Windows 8.1 , 64 bit Build 9600 

CPU:total 8 (4 cores per cpu, 2 threads per core) family 6 model 58 stepping 9, cmov, cx8, fxsr, mmx, sse, sse2, sse3, ssse3, sse4.1, sse4.2, popcnt, avx, aes, clmul, erms, ht, tsc, tscinvbit

Memory: 4k page, physical 8353172k(851592k free), swap 11498900k(99732k free)

vm_info: Java HotSpot(TM) 64-Bit Server VM (25.0-b70) for windows-amd64 JRE (1.8.0-b132), built on Mar  4 2014 03:46:18 by "java_re" with MS VC++ 10.0 (VS2010)

time: Wed Jan 11 12:58:20 2017
elapsed time: 0 seconds

