#
# There is insufficient memory for the Java Runtime Environment to continue.
# Native memory allocation (malloc) failed to allocate 660656 bytes for Chunk::new
# Possible reasons:
#   The system is out of physical RAM or swap space
#   In 32 bit mode, the process size limit was hit
# Possible solutions:
#   Reduce memory load on the system
#   Increase physical memory or swap space
#   Check if swap backing store is full
#   Use 64 bit Java on a 64 bit OS
#   Decrease Java heap size (-Xmx/-Xms)
#   Decrease number of Java threads
#   Decrease Java thread stack sizes (-Xss)
#   Set larger code cache with -XX:ReservedCodeCacheSize=
# This output file may be truncated or incomplete.
#
#  Out of Memory Error (allocation.cpp:388), pid=6884, tid=8884
#
# JRE version: Java(TM) SE Runtime Environment (8.0-b132) (build 1.8.0-b132)
# Java VM: Java HotSpot(TM) 64-Bit Server VM (25.0-b70 mixed mode windows-amd64 compressed oops)
# Failed to write core dump. Minidumps are not enabled by default on client versions of Windows
#

---------------  T H R E A D  ---------------

Current thread (0x000000001792a000):  JavaThread "C2 CompilerThread1" daemon [_thread_in_native, id=8884, stack(0x0000000018000000,0x0000000018100000)]

Stack: [0x0000000018000000,0x0000000018100000]
Native frames: (J=compiled Java code, j=interpreted, Vv=VM code, C=native code)
V  [jvm.dll+0x308e0a]
V  [jvm.dll+0x25df11]
V  [jvm.dll+0x25eb2f]
V  [jvm.dll+0x256505]
V  [jvm.dll+0xbcff5]
V  [jvm.dll+0xbd48c]
V  [jvm.dll+0x44d442]
V  [jvm.dll+0x48e15f]
V  [jvm.dll+0x44295e]
V  [jvm.dll+0x44368b]
V  [jvm.dll+0x427552]
V  [jvm.dll+0x96732]
V  [jvm.dll+0x96f23]
V  [jvm.dll+0x2232e4]
V  [jvm.dll+0x27baea]
C  [msvcr100.dll+0x21d9f]
C  [msvcr100.dll+0x21e3b]
C  [KERNEL32.DLL+0x13d2]
C  [ntdll.dll+0x154e4]


Current CompileTask:
C2:   1217 1458       4       com.android.dx.ssa.back.LivenessAnalyzer::run (231 bytes)


---------------  P R O C E S S  ---------------

Java Threads: ( => current thread )
  0x0000000017ca3800 JavaThread "pool-2-thread-4" [_thread_blocked, id=5424, stack(0x0000000019100000,0x0000000019200000)]
  0x0000000017ca0800 JavaThread "pool-2-thread-3" [_thread_blocked, id=2220, stack(0x0000000019000000,0x0000000019100000)]
  0x00000000185b7000 JavaThread "pool-2-thread-2" [_thread_in_Java, id=9360, stack(0x0000000018f00000,0x0000000019000000)]
  0x0000000018519000 JavaThread "pool-3-thread-1" [_thread_blocked, id=9264, stack(0x0000000018e00000,0x0000000018f00000)]
  0x0000000017c26800 JavaThread "pool-2-thread-1" [_thread_blocked, id=5244, stack(0x0000000018d00000,0x0000000018e00000)]
  0x00000000179bd800 JavaThread "Service Thread" daemon [_thread_blocked, id=7364, stack(0x0000000018300000,0x0000000018400000)]
  0x0000000017937800 JavaThread "C1 CompilerThread3" daemon [_thread_blocked, id=4084, stack(0x0000000018200000,0x0000000018300000)]
  0x0000000017931800 JavaThread "C2 CompilerThread2" daemon [_thread_in_native, id=9220, stack(0x0000000018100000,0x0000000018200000)]
=>0x000000001792a000 JavaThread "C2 CompilerThread1" daemon [_thread_in_native, id=8884, stack(0x0000000018000000,0x0000000018100000)]
  0x0000000017927000 JavaThread "C2 CompilerThread0" daemon [_thread_in_native, id=3512, stack(0x0000000017f00000,0x0000000018000000)]
  0x0000000017926000 JavaThread "Attach Listener" daemon [_thread_blocked, id=7284, stack(0x0000000017e00000,0x0000000017f00000)]
  0x0000000017925800 JavaThread "Signal Dispatcher" daemon [_thread_blocked, id=8152, stack(0x0000000017d00000,0x0000000017e00000)]
  0x0000000002e09000 JavaThread "Finalizer" daemon [_thread_blocked, id=5496, stack(0x0000000017800000,0x0000000017900000)]
  0x000000001592c800 JavaThread "Reference Handler" daemon [_thread_blocked, id=9392, stack(0x0000000017700000,0x0000000017800000)]
  0x0000000002c9d800 JavaThread "main" [_thread_blocked, id=9824, stack(0x0000000002b70000,0x0000000002c70000)]

Other Threads:
  0x0000000015928000 VMThread [stack: 0x0000000017600000,0x0000000017700000] [id=1940]
  0x00000000179cf800 WatcherThread [stack: 0x0000000018400000,0x0000000018500000] [id=4140]

VM state:not at safepoint (normal execution)

VM Mutex/Monitor currently owned by a thread: None

Heap:
 PSYoungGen      total 15872K, used 10339K [0x00000000eab00000, 0x00000000ec580000, 0x0000000100000000)
  eden space 12288K, 69% used [0x00000000eab00000,0x00000000eb348de0,0x00000000eb700000)
  from space 3584K, 51% used [0x00000000eb700000,0x00000000eb8d0010,0x00000000eba80000)
  to   space 3584K, 0% used [0x00000000ec200000,0x00000000ec200000,0x00000000ec580000)
 ParOldGen       total 129536K, used 5797K [0x00000000c0000000, 0x00000000c7e80000, 0x00000000eab00000)
  object space 129536K, 4% used [0x00000000c0000000,0x00000000c05a9540,0x00000000c7e80000)
 Metaspace       used 5853K, capacity 6896K, committed 7040K, reserved 1056768K
  class space    used 591K, capacity 616K, committed 640K, reserved 1048576K

Card table byte_map: [0x00000000121d0000,0x00000000123e0000] byte_map_base: 0x0000000011bd0000

Marking Bits: (ParMarkBitMap*) 0x000000006e8a13b0
 Begin Bits: [0x0000000012d40000, 0x0000000013d40000)
 End Bits:   [0x0000000013d40000, 0x0000000014d40000)

Polling page: 0x00000000013e0000

CodeCache: size=245760Kb used=5578Kb max_used=5595Kb free=240181Kb
 bounds [0x0000000002e10000, 0x0000000003390000, 0x0000000011e10000]
 total_blobs=1713 nmethods=1449 adapters=178
 compilation: enabled

Compilation events (10 events):
Event: 1.166 Thread 0x0000000017937800 1459       3       com.android.dx.cf.direct.StdAttributeFactory::localVariableTable (98 bytes)
Event: 1.167 Thread 0x0000000017937800 nmethod 1459 0x0000000003381110 code [0x00000000033813c0, 0x0000000003382478]
Event: 1.167 Thread 0x0000000017937800 1460       3       com.android.dx.cf.code.ByteCatchList::<init> (6 bytes)
Event: 1.167 Thread 0x0000000017937800 nmethod 1460 0x000000000337da50 code [0x000000000337dbc0, 0x000000000337dd48]
Event: 1.167 Thread 0x0000000017937800 1461       3       com.android.dx.cf.attrib.RawAttribute::byteLength (11 bytes)
Event: 1.167 Thread 0x0000000017937800 nmethod 1461 0x000000000337d650 code [0x000000000337d7a0, 0x000000000337d990]
Event: 1.178 Thread 0x0000000017931800 nmethod 1403 0x0000000003388650 code [0x0000000003388960, 0x000000000338a360]
Event: 1.178 Thread 0x0000000017931800 1413       4       com.android.dx.rop.code.PlainInsn::withNewRegisters (18 bytes)
Event: 1.179 Thread 0x0000000017931800 nmethod 1413 0x0000000003380c10 code [0x0000000003380d60, 0x0000000003380f18]
Event: 1.179 Thread 0x0000000017931800 1442       4       com.android.dx.ssa.back.FirstFitLocalCombiningAllocator$1::processInsn (169 bytes)

GC Heap History (10 events):
Event: 0.273 GC heap before
{Heap before GC invocations=7 (full 0):
 PSYoungGen      total 5120K, used 5047K [0x00000000eab00000, 0x00000000eb100000, 0x0000000100000000)
  eden space 4096K, 100% used [0x00000000eab00000,0x00000000eaf00000,0x00000000eaf00000)
  from space 1024K, 92% used [0x00000000eb000000,0x00000000eb0edc80,0x00000000eb100000)
  to   space 1024K, 0% used [0x00000000eaf00000,0x00000000eaf00000,0x00000000eb000000)
 ParOldGen       total 129536K, used 511K [0x00000000c0000000, 0x00000000c7e80000, 0x00000000eab00000)
  object space 129536K, 0% used [0x00000000c0000000,0x00000000c007fe40,0x00000000c7e80000)
 Metaspace       used 4798K, capacity 5936K, committed 6272K, reserved 1056768K
  class space    used 532K, capacity 552K, committed 640K, reserved 1048576K
Event: 0.275 GC heap after
Heap after GC invocations=7 (full 0):
 PSYoungGen      total 5120K, used 1015K [0x00000000eab00000, 0x00000000eb700000, 0x0000000100000000)
  eden space 4096K, 0% used [0x00000000eab00000,0x00000000eab00000,0x00000000eaf00000)
  from space 1024K, 99% used [0x00000000eaf00000,0x00000000eaffdc60,0x00000000eb000000)
  to   space 2048K, 0% used [0x00000000eb500000,0x00000000eb500000,0x00000000eb700000)
 ParOldGen       total 129536K, used 1517K [0x00000000c0000000, 0x00000000c7e80000, 0x00000000eab00000)
  object space 129536K, 1% used [0x00000000c0000000,0x00000000c017b570,0x00000000c7e80000)
 Metaspace       used 4798K, capacity 5936K, committed 6272K, reserved 1056768K
  class space    used 532K, capacity 552K, committed 640K, reserved 1048576K
}
Event: 0.335 GC heap before
{Heap before GC invocations=8 (full 0):
 PSYoungGen      total 5120K, used 5111K [0x00000000eab00000, 0x00000000eb700000, 0x0000000100000000)
  eden space 4096K, 100% used [0x00000000eab00000,0x00000000eaf00000,0x00000000eaf00000)
  from space 1024K, 99% used [0x00000000eaf00000,0x00000000eaffdc60,0x00000000eb000000)
  to   space 2048K, 0% used [0x00000000eb500000,0x00000000eb500000,0x00000000eb700000)
 ParOldGen       total 129536K, used 1517K [0x00000000c0000000, 0x00000000c7e80000, 0x00000000eab00000)
  object space 129536K, 1% used [0x00000000c0000000,0x00000000c017b570,0x00000000c7e80000)
 Metaspace       used 5421K, capacity 6512K, committed 6784K, reserved 1056768K
  class space    used 588K, capacity 616K, committed 640K, reserved 1048576K
Event: 0.350 GC heap after
Heap after GC invocations=8 (full 0):
 PSYoungGen      total 10240K, used 1946K [0x00000000eab00000, 0x00000000eb700000, 0x0000000100000000)
  eden space 8192K, 0% used [0x00000000eab00000,0x00000000eab00000,0x00000000eb300000)
  from space 2048K, 95% used [0x00000000eb500000,0x00000000eb6e6930,0x00000000eb700000)
  to   space 2048K, 0% used [0x00000000eb300000,0x00000000eb300000,0x00000000eb500000)
 ParOldGen       total 129536K, used 1709K [0x00000000c0000000, 0x00000000c7e80000, 0x00000000eab00000)
  object space 129536K, 1% used [0x00000000c0000000,0x00000000c01ab580,0x00000000c7e80000)
 Metaspace       used 5421K, capacity 6512K, committed 6784K, reserved 1056768K
  class space    used 588K, capacity 616K, committed 640K, reserved 1048576K
}
Event: 0.550 GC heap before
{Heap before GC invocations=9 (full 0):
 PSYoungGen      total 10240K, used 10138K [0x00000000eab00000, 0x00000000eb700000, 0x0000000100000000)
  eden space 8192K, 100% used [0x00000000eab00000,0x00000000eb300000,0x00000000eb300000)
  from space 2048K, 95% used [0x00000000eb500000,0x00000000eb6e6930,0x00000000eb700000)
  to   space 2048K, 0% used [0x00000000eb300000,0x00000000eb300000,0x00000000eb500000)
 ParOldGen       total 129536K, used 1709K [0x00000000c0000000, 0x00000000c7e80000, 0x00000000eab00000)
  object space 129536K, 1% used [0x00000000c0000000,0x00000000c01ab580,0x00000000c7e80000)
 Metaspace       used 5681K, capacity 6704K, committed 6784K, reserved 1056768K
  class space    used 591K, capacity 616K, committed 640K, reserved 1048576K
Event: 0.586 GC heap after
Heap after GC invocations=9 (full 0):
 PSYoungGen      total 10240K, used 2016K [0x00000000eab00000, 0x00000000ebd00000, 0x0000000100000000)
  eden space 8192K, 0% used [0x00000000eab00000,0x00000000eab00000,0x00000000eb300000)
  from space 2048K, 98% used [0x00000000eb300000,0x00000000eb4f8018,0x00000000eb500000)
  to   space 2560K, 0% used [0x00000000eba80000,0x00000000eba80000,0x00000000ebd00000)
 ParOldGen       total 129536K, used 2125K [0x00000000c0000000, 0x00000000c7e80000, 0x00000000eab00000)
  object space 129536K, 1% used [0x00000000c0000000,0x00000000c0213680,0x00000000c7e80000)
 Metaspace       used 5681K, capacity 6704K, committed 6784K, reserved 1056768K
  class space    used 591K, capacity 616K, committed 640K, reserved 1048576K
}
Event: 0.731 GC heap before
{Heap before GC invocations=10 (full 0):
 PSYoungGen      total 10240K, used 10208K [0x00000000eab00000, 0x00000000ebd00000, 0x0000000100000000)
  eden space 8192K, 100% used [0x00000000eab00000,0x00000000eb300000,0x00000000eb300000)
  from space 2048K, 98% used [0x00000000eb300000,0x00000000eb4f8018,0x00000000eb500000)
  to   space 2560K, 0% used [0x00000000eba80000,0x00000000eba80000,0x00000000ebd00000)
 ParOldGen       total 129536K, used 2125K [0x00000000c0000000, 0x00000000c7e80000, 0x00000000eab00000)
  object space 129536K, 1% used [0x00000000c0000000,0x00000000c0213680,0x00000000c7e80000)
 Metaspace       used 5773K, capacity 6832K, committed 7040K, reserved 1056768K
  class space    used 591K, capacity 616K, committed 640K, reserved 1048576K
Event: 0.775 GC heap after
Heap after GC invocations=10 (full 0):
 PSYoungGen      total 14848K, used 2531K [0x00000000eab00000, 0x00000000ebf00000, 0x0000000100000000)
  eden space 12288K, 0% used [0x00000000eab00000,0x00000000eab00000,0x00000000eb700000)
  from space 2560K, 98% used [0x00000000eba80000,0x00000000ebcf8c70,0x00000000ebd00000)
  to   space 3584K, 0% used [0x00000000eb700000,0x00000000eb700000,0x00000000eba80000)
 ParOldGen       total 129536K, used 3435K [0x00000000c0000000, 0x00000000c7e80000, 0x00000000eab00000)
  object space 129536K, 2% used [0x00000000c0000000,0x00000000c035ac40,0x00000000c7e80000)
 Metaspace       used 5773K, capacity 6832K, committed 7040K, reserved 1056768K
  class space    used 591K, capacity 616K, committed 640K, reserved 1048576K
}
Event: 0.988 GC heap before
{Heap before GC invocations=11 (full 0):
 PSYoungGen      total 14848K, used 14819K [0x00000000eab00000, 0x00000000ebf00000, 0x0000000100000000)
  eden space 12288K, 100% used [0x00000000eab00000,0x00000000eb700000,0x00000000eb700000)
  from space 2560K, 98% used [0x00000000eba80000,0x00000000ebcf8c70,0x00000000ebd00000)
  to   space 3584K, 0% used [0x00000000eb700000,0x00000000eb700000,0x00000000eba80000)
 ParOldGen       total 129536K, used 3435K [0x00000000c0000000, 0x00000000c7e80000, 0x00000000eab00000)
  object space 129536K, 2% used [0x00000000c0000000,0x00000000c035ac40,0x00000000c7e80000)
 Metaspace       used 5817K, capacity 6832K, committed 7040K, reserved 1056768K
  class space    used 591K, capacity 616K, committed 640K, reserved 1048576K
Event: 1.062 GC heap after
Heap after GC invocations=11 (full 0):
 PSYoungGen      total 15872K, used 1856K [0x00000000eab00000, 0x00000000ec580000, 0x0000000100000000)
  eden space 12288K, 0% used [0x00000000eab00000,0x00000000eab00000,0x00000000eb700000)
  from space 3584K, 51% used [0x00000000eb700000,0x00000000eb8d0010,0x00000000eba80000)
  to   space 3584K, 0% used [0x00000000ec200000,0x00000000ec200000,0x00000000ec580000)
 ParOldGen       total 129536K, used 5797K [0x00000000c0000000, 0x00000000c7e80000, 0x00000000eab00000)
  object space 129536K, 4% used [0x00000000c0000000,0x00000000c05a9540,0x00000000c7e80000)
 Metaspace       used 5817K, capacity 6832K, committed 7040K, reserved 1056768K
  class space    used 591K, capacity 616K, committed 640K, reserved 1048576K
}

Deoptimization events (7 events):
Event: 0.370 Thread 0x0000000017c26800 Uncommon trap: reason=class_check action=maybe_recompile pc=0x000000000306b9f0 method=com.android.dx.ssa.NormalSsaInsn.accept(Lcom/android/dx/ssa/SsaInsn$Visitor;)V @ 9
Event: 0.456 Thread 0x00000000185b7000 Uncommon trap: reason=null_check action=make_not_entrant pc=0x000000000311bbc8 method=com.android.dx.ssa.SsaRenamer.getLocalForNewReg(I)Lcom/android/dx/rop/code/LocalItem; @ 19
Event: 0.479 Thread 0x00000000185b7000 Uncommon trap: reason=class_check action=maybe_recompile pc=0x000000000306b9f0 method=com.android.dx.ssa.NormalSsaInsn.accept(Lcom/android/dx/ssa/SsaInsn$Visitor;)V @ 9
Event: 0.479 Thread 0x00000000185b7000 Uncommon trap: reason=class_check action=maybe_recompile pc=0x000000000306b9f0 method=com.android.dx.ssa.NormalSsaInsn.accept(Lcom/android/dx/ssa/SsaInsn$Visitor;)V @ 9
Event: 0.479 Thread 0x00000000185b7000 Uncommon trap: reason=class_check action=maybe_recompile pc=0x000000000306b9f0 method=com.android.dx.ssa.NormalSsaInsn.accept(Lcom/android/dx/ssa/SsaInsn$Visitor;)V @ 9
Event: 0.787 Thread 0x0000000017ca0800 Uncommon trap: reason=unreached action=reinterpret pc=0x00000000030ab55c method=com.android.dx.rop.cst.Constant.compareTo(Lcom/android/dx/rop/cst/Constant;)I @ 12
Event: 0.787 Thread 0x0000000017ca0800 Uncommon trap: reason=class_check action=maybe_recompile pc=0x00000000032d6fa4 method=java.util.HashMap.putVal(ILjava/lang/Object;Ljava/lang/Object;ZZ)Ljava/lang/Object; @ 203

Internal exceptions (10 events):
Event: 0.310 Thread 0x0000000017ca3800 Exception <a 'java/security/PrivilegedActionException'> (0x00000000eacf1090) thrown at [D:\re\workspace\8-2-build-windows-amd64-cygwin\jdk8\2238\hotspot\src\share\vm\prims\jvm.cpp, line 1248]
Event: 0.310 Thread 0x0000000017ca3800 Exception <a 'java/security/PrivilegedActionException'> (0x00000000eacf71b8) thrown at [D:\re\workspace\8-2-build-windows-amd64-cygwin\jdk8\2238\hotspot\src\share\vm\prims\jvm.cpp, line 1248]
Event: 0.311 Thread 0x0000000017ca3800 Exception <a 'java/security/PrivilegedActionException'> (0x00000000eacfb6d0) thrown at [D:\re\workspace\8-2-build-windows-amd64-cygwin\jdk8\2238\hotspot\src\share\vm\prims\jvm.cpp, line 1248]
Event: 0.317 Thread 0x0000000017c26800 Exception <a 'java/security/PrivilegedActionException'> (0x00000000eace5a18) thrown at [D:\re\workspace\8-2-build-windows-amd64-cygwin\jdk8\2238\hotspot\src\share\vm\prims\jvm.cpp, line 1248]
Event: 0.318 Thread 0x00000000185b7000 Exception <a 'java/security/PrivilegedActionException'> (0x00000000eac70b38) thrown at [D:\re\workspace\8-2-build-windows-amd64-cygwin\jdk8\2238\hotspot\src\share\vm\prims\jvm.cpp, line 1248]
Event: 0.318 Thread 0x0000000017c26800 Exception <a 'java/security/PrivilegedActionException'> (0x00000000ead17aa8) thrown at [D:\re\workspace\8-2-build-windows-amd64-cygwin\jdk8\2238\hotspot\src\share\vm\prims\jvm.cpp, line 1248]
Event: 0.321 Thread 0x0000000017c26800 Exception <a 'java/security/PrivilegedActionException'> (0x00000000ead1d2e0) thrown at [D:\re\workspace\8-2-build-windows-amd64-cygwin\jdk8\2238\hotspot\src\share\vm\prims\jvm.cpp, line 1248]
Event: 0.321 Thread 0x0000000017c26800 Exception <a 'java/security/PrivilegedActionException'> (0x00000000ead5f710) thrown at [D:\re\workspace\8-2-build-windows-amd64-cygwin\jdk8\2238\hotspot\src\share\vm\prims\jvm.cpp, line 1248]
Event: 0.411 Thread 0x0000000002c9d800 Exception <a 'java/security/PrivilegedActionException'> (0x00000000eadf0520) thrown at [D:\re\workspace\8-2-build-windows-amd64-cygwin\jdk8\2238\hotspot\src\share\vm\prims\jvm.cpp, line 1248]
Event: 0.456 Thread 0x00000000185b7000 Implicit null exception at 0x0000000003119d87 to 0x000000000311bba1

Events (10 events):
Event: 0.731 Executing VM operation: ParallelGCFailedAllocation
Event: 0.775 Executing VM operation: ParallelGCFailedAllocation done
Event: 0.787 Thread 0x0000000017ca0800 Uncommon trap: trap_request=0xffffffad fr.pc=0x00000000030ab55c
Event: 0.787 Thread 0x0000000017ca0800 DEOPT PACKING pc=0x00000000030ab55c sp=0x00000000190fe8e0
Event: 0.787 Thread 0x0000000017ca0800 DEOPT UNPACKING pc=0x0000000002e555af sp=0x00000000190fe880 mode 2
Event: 0.787 Thread 0x0000000017ca0800 Uncommon trap: trap_request=0xffffffde fr.pc=0x00000000032d6fa4
Event: 0.787 Thread 0x0000000017ca0800 DEOPT PACKING pc=0x00000000032d6fa4 sp=0x00000000190fed20
Event: 0.787 Thread 0x0000000017ca0800 DEOPT UNPACKING pc=0x0000000002e555af sp=0x00000000190fec48 mode 2
Event: 0.988 Executing VM operation: ParallelGCFailedAllocation
Event: 1.063 Executing VM operation: ParallelGCFailedAllocation done


Dynamic libraries:
0x00007ff7e1730000 - 0x00007ff7e1764000 	C:\Program Files\Java\jdk1.8.0\bin\java.exe
0x00007ff99a0a0000 - 0x00007ff99a24d000 	C:\Windows\SYSTEM32\ntdll.dll
0x00007ff998140000 - 0x00007ff99827e000 	C:\Windows\system32\KERNEL32.DLL
0x00007ff997290000 - 0x00007ff9973a5000 	C:\Windows\system32\KERNELBASE.dll
0x00007ff9957e0000 - 0x00007ff99586e000 	C:\Windows\system32\apphelp.dll
0x00007ff988cf0000 - 0x00007ff988d43000 	C:\Windows\AppPatch\AppPatch64\AcGenral.DLL
0x00007ff9979c0000 - 0x00007ff997a6a000 	C:\Windows\system32\msvcrt.dll
0x00007ff9976f0000 - 0x00007ff99771e000 	C:\Windows\system32\SspiCli.dll
0x00007ff9980e0000 - 0x00007ff998134000 	C:\Windows\system32\SHLWAPI.dll
0x00007ff998380000 - 0x00007ff9984f7000 	C:\Windows\system32\USER32.dll
0x00007ff997df0000 - 0x00007ff997f84000 	C:\Windows\system32\ole32.dll
0x00007ff998980000 - 0x00007ff999ea8000 	C:\Windows\system32\SHELL32.dll
0x00007ff996810000 - 0x00007ff996831000 	C:\Windows\SYSTEM32\USERENV.dll
0x00007ff999eb0000 - 0x00007ff999f5a000 	C:\Windows\system32\ADVAPI32.dll
0x00007ff98acd0000 - 0x00007ff98acee000 	C:\Windows\SYSTEM32\MPR.dll
0x00007ff999f60000 - 0x00007ff99a0a0000 	C:\Windows\system32\RPCRT4.dll
0x00007ff997d90000 - 0x00007ff997de9000 	C:\Windows\SYSTEM32\sechost.dll
0x00007ff997b70000 - 0x00007ff997d81000 	C:\Windows\SYSTEM32\combase.dll
0x00007ff997f90000 - 0x00007ff9980df000 	C:\Windows\system32\GDI32.dll
0x00007ff9971c0000 - 0x00007ff9971d5000 	C:\Windows\SYSTEM32\profapi.dll
0x00007ff995a70000 - 0x00007ff995b22000 	C:\Windows\SYSTEM32\SHCORE.dll
0x00007ff997a70000 - 0x00007ff997aa6000 	C:\Windows\system32\IMM32.DLL
0x00007ff997720000 - 0x00007ff997872000 	C:\Windows\system32\MSCTF.dll
0x00007ff994cb0000 - 0x00007ff994f2b000 	C:\Windows\WinSxS\amd64_microsoft.windows.common-controls_6595b64144ccf1df_6.0.9600.18006_none_623f33d3ecbe86e8\COMCTL32.dll
0x000000006f6e0000 - 0x000000006f7b2000 	C:\Program Files\Java\jdk1.8.0\jre\bin\msvcr100.dll
0x000000006e0f0000 - 0x000000006e91a000 	C:\Program Files\Java\jdk1.8.0\jre\bin\server\jvm.dll
0x00007ff995de0000 - 0x00007ff995de9000 	C:\Windows\SYSTEM32\WSOCK32.dll
0x00007ff9924b0000 - 0x00007ff9924d2000 	C:\Windows\SYSTEM32\WINMM.dll
0x00007ff998370000 - 0x00007ff998377000 	C:\Windows\system32\PSAPI.DLL
0x00007ff9982f0000 - 0x00007ff99834a000 	C:\Windows\system32\WS2_32.dll
0x00007ff992480000 - 0x00007ff9924aa000 	C:\Windows\SYSTEM32\WINMMBASE.dll
0x00007ff9987b0000 - 0x00007ff9987b9000 	C:\Windows\system32\NSI.dll
0x00007ff9976a0000 - 0x00007ff9976ef000 	C:\Windows\SYSTEM32\cfgmgr32.dll
0x00007ff996010000 - 0x00007ff996038000 	C:\Windows\SYSTEM32\DEVOBJ.dll
0x0000000070300000 - 0x000000007030f000 	C:\Program Files\Java\jdk1.8.0\jre\bin\verify.dll
0x000000006ecc0000 - 0x000000006ece8000 	C:\Program Files\Java\jdk1.8.0\jre\bin\java.dll
0x000000006ebb0000 - 0x000000006ebc6000 	C:\Program Files\Java\jdk1.8.0\jre\bin\zip.dll
0x00007ff990610000 - 0x00007ff990799000 	C:\Windows\SYSTEM32\dbghelp.dll

VM Arguments:
jvm_args: -Djava.awt.headless=true -Xmx1024M -Dfile.encoding=windows-1252 -Duser.country=US -Duser.language=en -Duser.variant 
java_command: com.android.dx.command.Main --dex --force-jumbo --num-threads=4 --multi-dex --output D:\Aswathy\AswathyApps\AswathyApps\HomePlus\app\build\intermediates\transforms\dex\debug\folders\1000\10\com.facebook.android-facebook-android-sdk-4.0.0_f782706cd2ef038fb9ffdf2e89982cd47c237d5f D:\Aswathy\AswathyApps\AswathyApps\HomePlus\app\build\intermediates\exploded-aar\com.facebook.android\facebook-android-sdk\4.0.0\jars\classes.jar
java_class_path (initial): D:\TOOLS\android-sdk\build-tools\24.0.1\lib\dx.jar
Launcher Type: SUN_STANDARD

Environment Variables:
PATH=C:\ProgramData\Oracle\Java\javapath;C:\Windows\System32;C:\Program Files\nodejs\;C:\ProgramData\Oracle\Java\javapath;C:\Windows\System32;C:\Program Files\nodejs\;C:\ProgramData\Oracle\Java\javapath;C:\Windows\System32;C:\Program Files\nodejs\;C:\Windows\System32;D:\TOOLS\android-sdk\tools;D:\TOOLS\android-sdk\platform-tools;C:\Users\sandeepandroid\AppData\Roaming\npm;C:\Program Files\TortoiseGit\bin;C:\Program Files (x86)\Skype\Phone\;D:\TOOLS\android-sdk\tools;D:\TOOLS\android-sdk\platform-tools;C:\Users\sandeepandroid\AppData\Roaming\npm;C:\Program Files\TortoiseGit\bin;C:\Program Files (x86)\Skype\Phone\;D:\TOOLS\android-sdk\tools;D:\TOOLS\android-sdk\platform-tools;C:\Users\sandeepandroid\AppData\Roaming\npm;C:\Program Files\TortoiseGit\bin;C:\Program Files (x86)\Skype\Phone\;C:\Program Files (x86)\Mozilla Firefox;C:\ProgramData\Oracle\Java\javapath;C:\Windows\System32;C:\Program Files\nodejs\;C:\ProgramData\Oracle\Java\javapath;C:\Windows\System32;C:\Program Files\nodejs\;C:\ProgramData\Oracle\Java\javapath;C:\Windows\System32;C:\Program Files\nodejs\;C:\Windows\System32;D:\TOOLS\android-sdk\tools;D:\TOOLS\android-sdk\platform-tools;C:\Users\sandeepandroid\AppData\Roaming\npm;C:\Program Files (x86)\Skype\Phone\;C:\Program Files\TortoiseGit\bin;D:\TOOLS\android-sdk\tools;D:\TOOLS\android-sdk\platform-tools;C:\Users\sandeepandroid\AppData\Roaming\npm;C:\Program Files (x86)\Skype\Phone\;C:\Program Files\TortoiseGit\bin;D:\TOOLS\android-sdk\tools;D:\TOOLS\android-sdk\platform-tools;C:\Users\sandeepandroid\AppData\Roaming\npm;C:\Program Files (x86)\Skype\Phone\;C:\Program Files\TortoiseGit\bin
USERNAME=JijoCJ
OS=Windows_NT
PROCESSOR_IDENTIFIER=Intel64 Family 6 Model 58 Stepping 9, GenuineIntel



---------------  S Y S T E M  ---------------

OS: Windows 8.1 , 64 bit Build 9600 

CPU:total 8 (4 cores per cpu, 2 threads per core) family 6 model 58 stepping 9, cmov, cx8, fxsr, mmx, sse, sse2, sse3, ssse3, sse4.1, sse4.2, popcnt, avx, aes, clmul, erms, ht, tsc, tscinvbit

Memory: 4k page, physical 8353172k(1076304k free), swap 11498900k(5340k free)

vm_info: Java HotSpot(TM) 64-Bit Server VM (25.0-b70) for windows-amd64 JRE (1.8.0-b132), built on Mar  4 2014 03:46:18 by "java_re" with MS VC++ 10.0 (VS2010)

time: Wed Jan 11 12:59:04 2017
elapsed time: 1 seconds

