#
# There is insufficient memory for the Java Runtime Environment to continue.
# Native memory allocation (malloc) failed to allocate 685296 bytes for Chunk::new
# Possible reasons:
#   The system is out of physical RAM or swap space
#   In 32 bit mode, the process size limit was hit
# Possible solutions:
#   Reduce memory load on the system
#   Increase physical memory or swap space
#   Check if swap backing store is full
#   Use 64 bit Java on a 64 bit OS
#   Decrease Java heap size (-Xmx/-Xms)
#   Decrease number of Java threads
#   Decrease Java thread stack sizes (-Xss)
#   Set larger code cache with -XX:ReservedCodeCacheSize=
# This output file may be truncated or incomplete.
#
#  Out of Memory Error (allocation.cpp:388), pid=3120, tid=5420
#
# JRE version: Java(TM) SE Runtime Environment (8.0-b132) (build 1.8.0-b132)
# Java VM: Java HotSpot(TM) 64-Bit Server VM (25.0-b70 mixed mode windows-amd64 compressed oops)
# Failed to write core dump. Minidumps are not enabled by default on client versions of Windows
#

---------------  T H R E A D  ---------------

Current thread (0x00000000171fa800):  JavaThread "C2 CompilerThread0" daemon [_thread_in_native, id=5420, stack(0x00000000177d0000,0x00000000178d0000)]

Stack: [0x00000000177d0000,0x00000000178d0000]
Native frames: (J=compiled Java code, j=interpreted, Vv=VM code, C=native code)
V  [jvm.dll+0x308e0a]


Current CompileTask:
C2:   1843 1610       4       com.android.dx.ssa.SCCP::simulateBranch (666 bytes)


---------------  P R O C E S S  ---------------

Java Threads: ( => current thread )
  0x0000000017edd800 JavaThread "pool-2-thread-4" [_thread_blocked, id=876, stack(0x00000000189d0000,0x0000000018ad0000)]
  0x0000000017ed5000 JavaThread "pool-2-thread-3" [_thread_blocked, id=7096, stack(0x00000000188d0000,0x00000000189d0000)]
  0x0000000017504000 JavaThread "pool-2-thread-2" [_thread_blocked, id=8560, stack(0x00000000187d0000,0x00000000188d0000)]
  0x0000000017509800 JavaThread "pool-3-thread-1" [_thread_blocked, id=8388, stack(0x00000000186d0000,0x00000000187d0000)]
  0x00000000174f9000 JavaThread "pool-2-thread-1" [_thread_blocked, id=6792, stack(0x00000000185d0000,0x00000000186d0000)]
  0x000000001728a800 JavaThread "Service Thread" daemon [_thread_blocked, id=8716, stack(0x0000000017bd0000,0x0000000017cd0000)]
  0x000000001724e800 JavaThread "C1 CompilerThread3" daemon [_thread_blocked, id=9264, stack(0x0000000017ad0000,0x0000000017bd0000)]
  0x000000001721f000 JavaThread "C2 CompilerThread2" daemon [_thread_in_native, id=6080, stack(0x00000000179d0000,0x0000000017ad0000)]
  0x0000000017201000 JavaThread "C2 CompilerThread1" daemon [_thread_in_native, id=8056, stack(0x00000000178d0000,0x00000000179d0000)]
=>0x00000000171fa800 JavaThread "C2 CompilerThread0" daemon [_thread_in_native, id=5420, stack(0x00000000177d0000,0x00000000178d0000)]
  0x00000000171f5000 JavaThread "Attach Listener" daemon [_thread_blocked, id=9368, stack(0x00000000176d0000,0x00000000177d0000)]
  0x00000000171f4800 JavaThread "Signal Dispatcher" daemon [_thread_blocked, id=9452, stack(0x00000000175d0000,0x00000000176d0000)]
  0x00000000026d8000 JavaThread "Finalizer" daemon [_thread_blocked, id=4328, stack(0x00000000170d0000,0x00000000171d0000)]
  0x00000000151fc800 JavaThread "Reference Handler" daemon [_thread_blocked, id=10036, stack(0x0000000016fd0000,0x00000000170d0000)]
  0x000000000255d800 JavaThread "main" [_thread_blocked, id=3876, stack(0x0000000002400000,0x0000000002500000)]

Other Threads:
  0x00000000151f8800 VMThread [stack: 0x0000000016ed0000,0x0000000016fd0000] [id=7132]
  0x000000001729c800 WatcherThread [stack: 0x0000000017cd0000,0x0000000017dd0000] [id=4768]

VM state:not at safepoint (normal execution)

VM Mutex/Monitor currently owned by a thread: None

Heap:
 PSYoungGen      total 33280K, used 5298K [0x00000000eab00000, 0x00000000ecf00000, 0x0000000100000000)
  eden space 29696K, 9% used [0x00000000eab00000,0x00000000eadc4bf0,0x00000000ec800000)
  from space 3584K, 68% used [0x00000000ecb80000,0x00000000ecde8000,0x00000000ecf00000)
  to   space 3584K, 0% used [0x00000000ec800000,0x00000000ec800000,0x00000000ecb80000)
 ParOldGen       total 129536K, used 10245K [0x00000000c0000000, 0x00000000c7e80000, 0x00000000eab00000)
  object space 129536K, 7% used [0x00000000c0000000,0x00000000c0a01558,0x00000000c7e80000)
 Metaspace       used 5849K, capacity 6896K, committed 7040K, reserved 1056768K
  class space    used 583K, capacity 616K, committed 640K, reserved 1048576K

Card table byte_map: [0x0000000011aa0000,0x0000000011cb0000] byte_map_base: 0x00000000114a0000

Marking Bits: (ParMarkBitMap*) 0x000000006e8a13b0
 Begin Bits: [0x0000000012610000, 0x0000000013610000)
 End Bits:   [0x0000000013610000, 0x0000000014610000)

Polling page: 0x0000000000c20000

CodeCache: size=245760Kb used=6387Kb max_used=6387Kb free=239372Kb
 bounds [0x00000000026e0000, 0x0000000002d30000, 0x00000000116e0000]
 total_blobs=1859 nmethods=1593 adapters=177
 compilation: enabled

Compilation events (10 events):
Event: 1.829 Thread 0x000000001724e800 1623       3       com.android.dx.dex.file.MethodAnnotationStruct::<init> (43 bytes)
Event: 1.830 Thread 0x000000001724e800 nmethod 1623 0x0000000002cfa110 code [0x0000000002cfa2a0, 0x0000000002cfa618]
Event: 1.831 Thread 0x0000000017201000 nmethod 1613 0x0000000002d1d7d0 code [0x0000000002d1d980, 0x0000000002d1dc80]
Event: 1.831 Thread 0x0000000017201000 1620       4       com.android.dx.cf.code.RopperMachine::getSources (264 bytes)
Event: 1.832 Thread 0x000000001724e800 1626       3       com.android.dx.util.ByteArray::getByte (14 bytes)
Event: 1.832 Thread 0x000000001724e800 nmethod 1626 0x0000000002d17990 code [0x0000000002d17b00, 0x0000000002d17d28]
Event: 1.835 Thread 0x000000001721f000 nmethod 1598 0x0000000002d21150 code [0x0000000002d21380, 0x0000000002d22c48]
Event: 1.835 Thread 0x000000001721f000 1627   !   4       com.android.dx.cf.code.Ropper::processBlock (1101 bytes)
Event: 1.838 Thread 0x000000001724e800 1636       2       com.android.dx.cf.direct.DirectClassFile$DcfTypeList::getType (26 bytes)
Event: 1.839 Thread 0x000000001724e800 nmethod 1636 0x0000000002ce4250 code [0x0000000002ce4460, 0x0000000002ce4c68]

GC Heap History (10 events):
Event: 0.698 GC heap before
{Heap before GC invocations=10 (full 0):
 PSYoungGen      total 9216K, used 9184K [0x00000000eab00000, 0x00000000ebb80000, 0x0000000100000000)
  eden space 7168K, 100% used [0x00000000eab00000,0x00000000eb200000,0x00000000eb200000)
  from space 2048K, 98% used [0x00000000eb200000,0x00000000eb3f8018,0x00000000eb400000)
  to   space 2560K, 0% used [0x00000000eb900000,0x00000000eb900000,0x00000000ebb80000)
 ParOldGen       total 129536K, used 1920K [0x00000000c0000000, 0x00000000c7e80000, 0x00000000eab00000)
  object space 129536K, 1% used [0x00000000c0000000,0x00000000c01e0330,0x00000000c7e80000)
 Metaspace       used 5618K, capacity 6704K, committed 6784K, reserved 1056768K
  class space    used 582K, capacity 616K, committed 640K, reserved 1048576K
Event: 0.720 GC heap after
Heap after GC invocations=10 (full 0):
 PSYoungGen      total 13824K, used 2144K [0x00000000eab00000, 0x00000000ebc80000, 0x0000000100000000)
  eden space 11264K, 0% used [0x00000000eab00000,0x00000000eab00000,0x00000000eb600000)
  from space 2560K, 83% used [0x00000000eb900000,0x00000000ebb18000,0x00000000ebb80000)
  to   space 3072K, 0% used [0x00000000eb600000,0x00000000eb600000,0x00000000eb900000)
 ParOldGen       total 129536K, used 2734K [0x00000000c0000000, 0x00000000c7e80000, 0x00000000eab00000)
  object space 129536K, 2% used [0x00000000c0000000,0x00000000c02abaa0,0x00000000c7e80000)
 Metaspace       used 5618K, capacity 6704K, committed 6784K, reserved 1056768K
  class space    used 582K, capacity 616K, committed 640K, reserved 1048576K
}
Event: 0.993 GC heap before
{Heap before GC invocations=11 (full 0):
 PSYoungGen      total 13824K, used 13408K [0x00000000eab00000, 0x00000000ebc80000, 0x0000000100000000)
  eden space 11264K, 100% used [0x00000000eab00000,0x00000000eb600000,0x00000000eb600000)
  from space 2560K, 83% used [0x00000000eb900000,0x00000000ebb18000,0x00000000ebb80000)
  to   space 3072K, 0% used [0x00000000eb600000,0x00000000eb600000,0x00000000eb900000)
 ParOldGen       total 129536K, used 2734K [0x00000000c0000000, 0x00000000c7e80000, 0x00000000eab00000)
  object space 129536K, 2% used [0x00000000c0000000,0x00000000c02abaa0,0x00000000c7e80000)
 Metaspace       used 5710K, capacity 6768K, committed 7040K, reserved 1056768K
  class space    used 582K, capacity 616K, committed 640K, reserved 1048576K
Event: 1.003 GC heap after
Heap after GC invocations=11 (full 0):
 PSYoungGen      total 14336K, used 1696K [0x00000000eab00000, 0x00000000ec300000, 0x0000000100000000)
  eden space 11264K, 0% used [0x00000000eab00000,0x00000000eab00000,0x00000000eb600000)
  from space 3072K, 55% used [0x00000000eb600000,0x00000000eb7a8000,0x00000000eb900000)
  to   space 3072K, 0% used [0x00000000ec000000,0x00000000ec000000,0x00000000ec300000)
 ParOldGen       total 129536K, used 4611K [0x00000000c0000000, 0x00000000c7e80000, 0x00000000eab00000)
  object space 129536K, 3% used [0x00000000c0000000,0x00000000c0480e48,0x00000000c7e80000)
 Metaspace       used 5710K, capacity 6768K, committed 7040K, reserved 1056768K
  class space    used 582K, capacity 616K, committed 640K, reserved 1048576K
}
Event: 1.132 GC heap before
{Heap before GC invocations=12 (full 0):
 PSYoungGen      total 14336K, used 12960K [0x00000000eab00000, 0x00000000ec300000, 0x0000000100000000)
  eden space 11264K, 100% used [0x00000000eab00000,0x00000000eb600000,0x00000000eb600000)
  from space 3072K, 55% used [0x00000000eb600000,0x00000000eb7a8000,0x00000000eb900000)
  to   space 3072K, 0% used [0x00000000ec000000,0x00000000ec000000,0x00000000ec300000)
 ParOldGen       total 129536K, used 4611K [0x00000000c0000000, 0x00000000c7e80000, 0x00000000eab00000)
  object space 129536K, 3% used [0x00000000c0000000,0x00000000c0480e48,0x00000000c7e80000)
 Metaspace       used 5779K, capacity 6832K, committed 7040K, reserved 1056768K
  class space    used 583K, capacity 616K, committed 640K, reserved 1048576K
Event: 1.288 GC heap after
Heap after GC invocations=12 (full 0):
 PSYoungGen      total 21504K, used 2206K [0x00000000eab00000, 0x00000000ec300000, 0x0000000100000000)
  eden space 18432K, 0% used [0x00000000eab00000,0x00000000eab00000,0x00000000ebd00000)
  from space 3072K, 71% used [0x00000000ec000000,0x00000000ec227a88,0x00000000ec300000)
  to   space 3072K, 0% used [0x00000000ebd00000,0x00000000ebd00000,0x00000000ec000000)
 ParOldGen       total 129536K, used 6187K [0x00000000c0000000, 0x00000000c7e80000, 0x00000000eab00000)
  object space 129536K, 4% used [0x00000000c0000000,0x00000000c060ae58,0x00000000c7e80000)
 Metaspace       used 5779K, capacity 6832K, committed 7040K, reserved 1056768K
  class space    used 583K, capacity 616K, committed 640K, reserved 1048576K
}
Event: 1.372 GC heap before
{Heap before GC invocations=13 (full 0):
 PSYoungGen      total 21504K, used 20638K [0x00000000eab00000, 0x00000000ec300000, 0x0000000100000000)
  eden space 18432K, 100% used [0x00000000eab00000,0x00000000ebd00000,0x00000000ebd00000)
  from space 3072K, 71% used [0x00000000ec000000,0x00000000ec227a88,0x00000000ec300000)
  to   space 3072K, 0% used [0x00000000ebd00000,0x00000000ebd00000,0x00000000ec000000)
 ParOldGen       total 129536K, used 6187K [0x00000000c0000000, 0x00000000c7e80000, 0x00000000eab00000)
  object space 129536K, 4% used [0x00000000c0000000,0x00000000c060ae58,0x00000000c7e80000)
 Metaspace       used 5835K, capacity 6896K, committed 7040K, reserved 1056768K
  class space    used 583K, capacity 616K, committed 640K, reserved 1048576K
Event: 1.491 GC heap after
Heap after GC invocations=13 (full 0):
 PSYoungGen      total 21504K, used 2560K [0x00000000eab00000, 0x00000000ecf00000, 0x0000000100000000)
  eden space 18432K, 0% used [0x00000000eab00000,0x00000000eab00000,0x00000000ebd00000)
  from space 3072K, 83% used [0x00000000ebd00000,0x00000000ebf80000,0x00000000ec000000)
  to   space 3584K, 0% used [0x00000000ecb80000,0x00000000ecb80000,0x00000000ecf00000)
 ParOldGen       total 129536K, used 7822K [0x00000000c0000000, 0x00000000c7e80000, 0x00000000eab00000)
  object space 129536K, 6% used [0x00000000c0000000,0x00000000c07a3a58,0x00000000c7e80000)
 Metaspace       used 5835K, capacity 6896K, committed 7040K, reserved 1056768K
  class space    used 583K, capacity 616K, committed 640K, reserved 1048576K
}
Event: 1.689 GC heap before
{Heap before GC invocations=14 (full 0):
 PSYoungGen      total 21504K, used 20992K [0x00000000eab00000, 0x00000000ecf00000, 0x0000000100000000)
  eden space 18432K, 100% used [0x00000000eab00000,0x00000000ebd00000,0x00000000ebd00000)
  from space 3072K, 83% used [0x00000000ebd00000,0x00000000ebf80000,0x00000000ec000000)
  to   space 3584K, 0% used [0x00000000ecb80000,0x00000000ecb80000,0x00000000ecf00000)
 ParOldGen       total 129536K, used 7822K [0x00000000c0000000, 0x00000000c7e80000, 0x00000000eab00000)
  object space 129536K, 6% used [0x00000000c0000000,0x00000000c07a3a58,0x00000000c7e80000)
 Metaspace       used 5845K, capacity 6896K, committed 7040K, reserved 1056768K
  class space    used 583K, capacity 616K, committed 640K, reserved 1048576K
Event: 1.786 GC heap after
Heap after GC invocations=14 (full 0):
 PSYoungGen      total 33280K, used 2464K [0x00000000eab00000, 0x00000000ecf00000, 0x0000000100000000)
  eden space 29696K, 0% used [0x00000000eab00000,0x00000000eab00000,0x00000000ec800000)
  from space 3584K, 68% used [0x00000000ecb80000,0x00000000ecde8000,0x00000000ecf00000)
  to   space 3584K, 0% used [0x00000000ec800000,0x00000000ec800000,0x00000000ecb80000)
 ParOldGen       total 129536K, used 10245K [0x00000000c0000000, 0x00000000c7e80000, 0x00000000eab00000)
  object space 129536K, 7% used [0x00000000c0000000,0x00000000c0a01558,0x00000000c7e80000)
 Metaspace       used 5845K, capacity 6896K, committed 7040K, reserved 1056768K
  class space    used 583K, capacity 616K, committed 640K, reserved 1048576K
}

Deoptimization events (10 events):
Event: 0.612 Thread 0x0000000017edd800 Uncommon trap: reason=unreached action=reinterpret pc=0x00000000029c22ac method=com.android.dx.ssa.SsaMethod.onSourcesChanged(Lcom/android/dx/ssa/SsaInsn;Lcom/android/dx/rop/code/RegisterSpecList;)V @ 4
Event: 1.013 Thread 0x0000000017ed5000 Uncommon trap: reason=class_check action=maybe_recompile pc=0x0000000002bda4f0 method=com.android.dx.ssa.SCCP.setLatticeValueTo(IILcom/android/dx/rop/cst/Constant;)Z @ 43
Event: 1.013 Thread 0x0000000017ed5000 Uncommon trap: reason=class_check action=maybe_recompile pc=0x0000000002bda4f0 method=com.android.dx.ssa.SCCP.setLatticeValueTo(IILcom/android/dx/rop/cst/Constant;)Z @ 43
Event: 1.013 Thread 0x0000000017ed5000 Uncommon trap: reason=class_check action=maybe_recompile pc=0x0000000002bda4f0 method=com.android.dx.ssa.SCCP.setLatticeValueTo(IILcom/android/dx/rop/cst/Constant;)Z @ 43
Event: 1.069 Thread 0x0000000017edd800 Uncommon trap: reason=unreached action=reinterpret pc=0x00000000029f259c method=com.android.dx.ssa.SsaMethod.updateOneDefinition(Lcom/android/dx/ssa/SsaInsn;Lcom/android/dx/rop/code/RegisterSpec;)V @ 4
Event: 1.122 Thread 0x00000000174f9000 Uncommon trap: reason=class_check action=maybe_recompile pc=0x0000000002bda180 method=com.android.dx.ssa.SCCP.simulatePhi(Lcom/android/dx/ssa/PhiInsn;)V @ 124
Event: 1.123 Thread 0x00000000174f9000 Uncommon trap: reason=class_check action=maybe_recompile pc=0x0000000002bda180 method=com.android.dx.ssa.SCCP.simulatePhi(Lcom/android/dx/ssa/PhiInsn;)V @ 124
Event: 1.289 Thread 0x00000000174f9000 Uncommon trap: reason=class_check action=maybe_recompile pc=0x0000000002bda180 method=com.android.dx.ssa.SCCP.simulatePhi(Lcom/android/dx/ssa/PhiInsn;)V @ 124
Event: 1.298 Thread 0x0000000017504000 Uncommon trap: reason=class_check action=maybe_recompile pc=0x0000000002bda180 method=com.android.dx.ssa.SCCP.simulatePhi(Lcom/android/dx/ssa/PhiInsn;)V @ 124
Event: 1.303 Thread 0x0000000017ed5000 Uncommon trap: reason=unreached action=reinterpret pc=0x0000000002c54f74 method=com.android.dx.ssa.SCCP.simulateBranch(Lcom/android/dx/ssa/SsaInsn;)V @ 132

Internal exceptions (10 events):
Event: 0.402 Thread 0x00000000174f9000 Exception <a 'java/security/PrivilegedActionException'> (0x00000000eac20548) thrown at [D:\re\workspace\8-2-build-windows-amd64-cygwin\jdk8\2238\hotspot\src\share\vm\prims\jvm.cpp, line 1248]
Event: 0.402 Thread 0x00000000174f9000 Exception <a 'java/security/PrivilegedActionException'> (0x00000000eac38478) thrown at [D:\re\workspace\8-2-build-windows-amd64-cygwin\jdk8\2238\hotspot\src\share\vm\prims\jvm.cpp, line 1248]
Event: 0.403 Thread 0x00000000174f9000 Exception <a 'java/security/PrivilegedActionException'> (0x00000000eac3d478) thrown at [D:\re\workspace\8-2-build-windows-amd64-cygwin\jdk8\2238\hotspot\src\share\vm\prims\jvm.cpp, line 1248]
Event: 0.403 Thread 0x00000000174f9000 Exception <a 'java/security/PrivilegedActionException'> (0x00000000eac4cae0) thrown at [D:\re\workspace\8-2-build-windows-amd64-cygwin\jdk8\2238\hotspot\src\share\vm\prims\jvm.cpp, line 1248]
Event: 0.406 Thread 0x00000000174f9000 Exception <a 'java/security/PrivilegedActionException'> (0x00000000eac67d48) thrown at [D:\re\workspace\8-2-build-windows-amd64-cygwin\jdk8\2238\hotspot\src\share\vm\prims\jvm.cpp, line 1248]
Event: 0.492 Thread 0x000000000255d800 Exception <a 'java/security/PrivilegedActionException'> (0x00000000eac0ff38) thrown at [D:\re\workspace\8-2-build-windows-amd64-cygwin\jdk8\2238\hotspot\src\share\vm\prims\jvm.cpp, line 1248]
Event: 0.512 Thread 0x000000000255d800 Exception <a 'java/security/PrivilegedActionException'> (0x00000000eadb5d88) thrown at [D:\re\workspace\8-2-build-windows-amd64-cygwin\jdk8\2238\hotspot\src\share\vm\prims\jvm.cpp, line 1248]
Event: 0.514 Thread 0x0000000017edd800 Exception <a 'java/security/PrivilegedActionException'> (0x00000000eadf2ae8) thrown at [D:\re\workspace\8-2-build-windows-amd64-cygwin\jdk8\2238\hotspot\src\share\vm\prims\jvm.cpp, line 1248]
Event: 1.060 Thread 0x0000000017edd800 Exception <a 'java/security/PrivilegedActionException'> (0x00000000eb12aea0) thrown at [D:\re\workspace\8-2-build-windows-amd64-cygwin\jdk8\2238\hotspot\src\share\vm\prims\jvm.cpp, line 1248]
Event: 1.068 Thread 0x0000000017edd800 Exception <a 'java/security/PrivilegedActionException'> (0x00000000eb1e3a60) thrown at [D:\re\workspace\8-2-build-windows-amd64-cygwin\jdk8\2238\hotspot\src\share\vm\prims\jvm.cpp, line 1248]

Events (10 events):
Event: 1.298 Thread 0x0000000017504000 Uncommon trap: trap_request=0xffffffde fr.pc=0x0000000002bda180
Event: 1.298 Thread 0x0000000017504000 DEOPT PACKING pc=0x0000000002bda180 sp=0x00000000188cebe0
Event: 1.298 Thread 0x0000000017504000 DEOPT UNPACKING pc=0x00000000027255af sp=0x00000000188ceb98 mode 2
Event: 1.303 Thread 0x0000000017ed5000 Uncommon trap: trap_request=0xffffffad fr.pc=0x0000000002c54f74
Event: 1.303 Thread 0x0000000017ed5000 DEOPT PACKING pc=0x0000000002c54f74 sp=0x00000000189ce530
Event: 1.303 Thread 0x0000000017ed5000 DEOPT UNPACKING pc=0x00000000027255af sp=0x00000000189ce4b8 mode 2
Event: 1.356 Executing VM operation: ParallelGCFailedAllocation
Event: 1.491 Executing VM operation: ParallelGCFailedAllocation done
Event: 1.689 Executing VM operation: ParallelGCFailedAllocation
Event: 1.786 Executing VM operation: ParallelGCFailedAllocation done


Dynamic libraries:
0x00007ff7e1730000 - 0x00007ff7e1764000 	C:\Program Files\Java\jdk1.8.0\bin\java.exe
0x00007ff99a0a0000 - 0x00007ff99a24d000 	C:\Windows\SYSTEM32\ntdll.dll
0x00007ff998140000 - 0x00007ff99827e000 	C:\Windows\system32\KERNEL32.DLL
0x00007ff997290000 - 0x00007ff9973a5000 	C:\Windows\system32\KERNELBASE.dll
0x00007ff9957e0000 - 0x00007ff99586e000 	C:\Windows\system32\apphelp.dll
0x00007ff988cf0000 - 0x00007ff988d43000 	C:\Windows\AppPatch\AppPatch64\AcGenral.DLL
0x00007ff9979c0000 - 0x00007ff997a6a000 	C:\Windows\system32\msvcrt.dll
0x00007ff9976f0000 - 0x00007ff99771e000 	C:\Windows\system32\SspiCli.dll
0x00007ff9980e0000 - 0x00007ff998134000 	C:\Windows\system32\SHLWAPI.dll
0x00007ff998380000 - 0x00007ff9984f7000 	C:\Windows\system32\USER32.dll
0x00007ff997df0000 - 0x00007ff997f84000 	C:\Windows\system32\ole32.dll
0x00007ff998980000 - 0x00007ff999ea8000 	C:\Windows\system32\SHELL32.dll
0x00007ff996810000 - 0x00007ff996831000 	C:\Windows\SYSTEM32\USERENV.dll
0x00007ff999eb0000 - 0x00007ff999f5a000 	C:\Windows\system32\ADVAPI32.dll
0x00007ff98acd0000 - 0x00007ff98acee000 	C:\Windows\SYSTEM32\MPR.dll
0x00007ff999f60000 - 0x00007ff99a0a0000 	C:\Windows\system32\RPCRT4.dll
0x00007ff997d90000 - 0x00007ff997de9000 	C:\Windows\SYSTEM32\sechost.dll
0x00007ff997b70000 - 0x00007ff997d81000 	C:\Windows\SYSTEM32\combase.dll
0x00007ff997f90000 - 0x00007ff9980df000 	C:\Windows\system32\GDI32.dll
0x00007ff9971c0000 - 0x00007ff9971d5000 	C:\Windows\SYSTEM32\profapi.dll
0x00007ff995a70000 - 0x00007ff995b22000 	C:\Windows\SYSTEM32\SHCORE.dll
0x00007ff997a70000 - 0x00007ff997aa6000 	C:\Windows\system32\IMM32.DLL
0x00007ff997720000 - 0x00007ff997872000 	C:\Windows\system32\MSCTF.dll
0x00007ff994cb0000 - 0x00007ff994f2b000 	C:\Windows\WinSxS\amd64_microsoft.windows.common-controls_6595b64144ccf1df_6.0.9600.18006_none_623f33d3ecbe86e8\COMCTL32.dll
0x000000006f6e0000 - 0x000000006f7b2000 	C:\Program Files\Java\jdk1.8.0\jre\bin\msvcr100.dll
0x000000006e0f0000 - 0x000000006e91a000 	C:\Program Files\Java\jdk1.8.0\jre\bin\server\jvm.dll
0x00007ff995de0000 - 0x00007ff995de9000 	C:\Windows\SYSTEM32\WSOCK32.dll
0x00007ff9924b0000 - 0x00007ff9924d2000 	C:\Windows\SYSTEM32\WINMM.dll
0x00007ff998370000 - 0x00007ff998377000 	C:\Windows\system32\PSAPI.DLL
0x00007ff9982f0000 - 0x00007ff99834a000 	C:\Windows\system32\WS2_32.dll
0x00007ff992480000 - 0x00007ff9924aa000 	C:\Windows\SYSTEM32\WINMMBASE.dll
0x00007ff9987b0000 - 0x00007ff9987b9000 	C:\Windows\system32\NSI.dll
0x00007ff9976a0000 - 0x00007ff9976ef000 	C:\Windows\SYSTEM32\cfgmgr32.dll
0x00007ff996010000 - 0x00007ff996038000 	C:\Windows\SYSTEM32\DEVOBJ.dll
0x0000000070300000 - 0x000000007030f000 	C:\Program Files\Java\jdk1.8.0\jre\bin\verify.dll
0x000000006ecc0000 - 0x000000006ece8000 	C:\Program Files\Java\jdk1.8.0\jre\bin\java.dll
0x000000006ebb0000 - 0x000000006ebc6000 	C:\Program Files\Java\jdk1.8.0\jre\bin\zip.dll
0x00007ff990610000 - 0x00007ff990799000 	C:\Windows\SYSTEM32\dbghelp.dll

VM Arguments:
jvm_args: -Djava.awt.headless=true -Xmx1024M -Dfile.encoding=windows-1252 -Duser.country=US -Duser.language=en -Duser.variant 
java_command: com.android.dx.command.Main --dex --force-jumbo --num-threads=4 --multi-dex --output D:\Aswathy\AswathyApps\AswathyApps\HomePlus\app\build\intermediates\transforms\dex\debug\folders\1000\10\com.google.android.gms-play-services-maps-10.0.1_05e93ec0a5cd1bc81303f0e8b107efb82c7811ea D:\Aswathy\AswathyApps\AswathyApps\HomePlus\app\build\intermediates\exploded-aar\com.google.android.gms\play-services-maps\10.0.1\jars\classes.jar
java_class_path (initial): D:\TOOLS\android-sdk\build-tools\24.0.1\lib\dx.jar
Launcher Type: SUN_STANDARD

Environment Variables:
PATH=C:\ProgramData\Oracle\Java\javapath;C:\Windows\System32;C:\Program Files\nodejs\;C:\ProgramData\Oracle\Java\javapath;C:\Windows\System32;C:\Program Files\nodejs\;C:\ProgramData\Oracle\Java\javapath;C:\Windows\System32;C:\Program Files\nodejs\;C:\Windows\System32;D:\TOOLS\android-sdk\tools;D:\TOOLS\android-sdk\platform-tools;C:\Users\sandeepandroid\AppData\Roaming\npm;C:\Program Files\TortoiseGit\bin;C:\Program Files (x86)\Skype\Phone\;D:\TOOLS\android-sdk\tools;D:\TOOLS\android-sdk\platform-tools;C:\Users\sandeepandroid\AppData\Roaming\npm;C:\Program Files\TortoiseGit\bin;C:\Program Files (x86)\Skype\Phone\;D:\TOOLS\android-sdk\tools;D:\TOOLS\android-sdk\platform-tools;C:\Users\sandeepandroid\AppData\Roaming\npm;C:\Program Files\TortoiseGit\bin;C:\Program Files (x86)\Skype\Phone\;C:\Program Files (x86)\Mozilla Firefox;C:\ProgramData\Oracle\Java\javapath;C:\Windows\System32;C:\Program Files\nodejs\;C:\ProgramData\Oracle\Java\javapath;C:\Windows\System32;C:\Program Files\nodejs\;C:\ProgramData\Oracle\Java\javapath;C:\Windows\System32;C:\Program Files\nodejs\;C:\Windows\System32;D:\TOOLS\android-sdk\tools;D:\TOOLS\android-sdk\platform-tools;C:\Users\sandeepandroid\AppData\Roaming\npm;C:\Program Files (x86)\Skype\Phone\;C:\Program Files\TortoiseGit\bin;D:\TOOLS\android-sdk\tools;D:\TOOLS\android-sdk\platform-tools;C:\Users\sandeepandroid\AppData\Roaming\npm;C:\Program Files (x86)\Skype\Phone\;C:\Program Files\TortoiseGit\bin;D:\TOOLS\android-sdk\tools;D:\TOOLS\android-sdk\platform-tools;C:\Users\sandeepandroid\AppData\Roaming\npm;C:\Program Files (x86)\Skype\Phone\;C:\Program Files\TortoiseGit\bin
USERNAME=JijoCJ
OS=Windows_NT
PROCESSOR_IDENTIFIER=Intel64 Family 6 Model 58 Stepping 9, GenuineIntel



---------------  S Y S T E M  ---------------

OS: Windows 8.1 , 64 bit Build 9600 

CPU:total 8 (4 cores per cpu, 2 threads per core) family 6 model 58 stepping 9, cmov, cx8, fxsr, mmx, sse, sse2, sse3, ssse3, sse4.1, sse4.2, popcnt, avx, aes, clmul, erms, ht, tsc, tscinvbit

Memory: 4k page, physical 8353172k(997420k free), swap 11498900k(5136k free)

vm_info: Java HotSpot(TM) 64-Bit Server VM (25.0-b70) for windows-amd64 JRE (1.8.0-b132), built on Mar  4 2014 03:46:18 by "java_re" with MS VC++ 10.0 (VS2010)

time: Wed Jan 11 13:01:07 2017
elapsed time: 1 seconds

