#
# There is insufficient memory for the Java Runtime Environment to continue.
# Native memory allocation (malloc) failed to allocate 1701056 bytes for Chunk::new
# Possible reasons:
#   The system is out of physical RAM or swap space
#   In 32 bit mode, the process size limit was hit
# Possible solutions:
#   Reduce memory load on the system
#   Increase physical memory or swap space
#   Check if swap backing store is full
#   Use 64 bit Java on a 64 bit OS
#   Decrease Java heap size (-Xmx/-Xms)
#   Decrease number of Java threads
#   Decrease Java thread stack sizes (-Xss)
#   Set larger code cache with -XX:ReservedCodeCacheSize=
# This output file may be truncated or incomplete.
#
#  Out of Memory Error (allocation.cpp:388), pid=9220, tid=9464
#
# JRE version: Java(TM) SE Runtime Environment (8.0-b132) (build 1.8.0-b132)
# Java VM: Java HotSpot(TM) 64-Bit Server VM (25.0-b70 mixed mode windows-amd64 compressed oops)
# Failed to write core dump. Minidumps are not enabled by default on client versions of Windows
#

---------------  T H R E A D  ---------------

Current thread (0x0000000016bda000):  JavaThread "C2 CompilerThread0" daemon [_thread_in_native, id=9464, stack(0x00000000171b0000,0x00000000172b0000)]

Stack: [0x00000000171b0000,0x00000000172b0000]
Native frames: (J=compiled Java code, j=interpreted, Vv=VM code, C=native code)
V  [jvm.dll+0x308e0a]
V  [jvm.dll+0x25df11]
V  [jvm.dll+0x25eb2f]
V  [jvm.dll+0x256505]
V  [jvm.dll+0xbcff5]
V  [jvm.dll+0xbd48c]
V  [jvm.dll+0x44d442]
V  [jvm.dll+0x48e15f]
V  [jvm.dll+0x44295e]
V  [jvm.dll+0x44368b]
V  [jvm.dll+0x427552]
V  [jvm.dll+0x96732]
V  [jvm.dll+0x96f23]
V  [jvm.dll+0x2232e4]
V  [jvm.dll+0x27baea]
C  [msvcr100.dll+0x21d9f]
C  [msvcr100.dll+0x21e3b]
C  [KERNEL32.DLL+0x13d2]
C  [ntdll.dll+0x154e4]


Current CompileTask:
C2:   1885 1477   !   4       com.android.dx.cf.code.BytecodeArray::parseInstruction (2764 bytes)


---------------  P R O C E S S  ---------------

Java Threads: ( => current thread )
  0x0000000016deb800 JavaThread "pool-2-thread-4" [_thread_blocked, id=7656, stack(0x0000000017bb0000,0x0000000017cb0000)]
  0x0000000016f0e800 JavaThread "pool-2-thread-3" [_thread_blocked, id=4924, stack(0x0000000017ab0000,0x0000000017bb0000)]
  0x0000000016f01800 JavaThread "pool-2-thread-2" [_thread_blocked, id=3840, stack(0x00000000179b0000,0x0000000017ab0000)]
  0x0000000016f14000 JavaThread "pool-3-thread-1" [_thread_blocked, id=7628, stack(0x00000000178b0000,0x00000000179b0000)]
  0x0000000016f11800 JavaThread "pool-2-thread-1" [_thread_in_Java, id=8592, stack(0x00000000177b0000,0x00000000178b0000)]
  0x0000000016c61000 JavaThread "Service Thread" daemon [_thread_blocked, id=7448, stack(0x00000000175b0000,0x00000000176b0000)]
  0x0000000016be8000 JavaThread "C1 CompilerThread3" daemon [_thread_blocked, id=8224, stack(0x00000000174b0000,0x00000000175b0000)]
  0x0000000016be3800 JavaThread "C2 CompilerThread2" daemon [_thread_blocked, id=8504, stack(0x00000000173b0000,0x00000000174b0000)]
  0x0000000016bdd000 JavaThread "C2 CompilerThread1" daemon [_thread_in_native, id=7184, stack(0x00000000172b0000,0x00000000173b0000)]
=>0x0000000016bda000 JavaThread "C2 CompilerThread0" daemon [_thread_in_native, id=9464, stack(0x00000000171b0000,0x00000000172b0000)]
  0x0000000016bd5000 JavaThread "Attach Listener" daemon [_thread_blocked, id=1856, stack(0x00000000170b0000,0x00000000171b0000)]
  0x0000000016bd4800 JavaThread "Signal Dispatcher" daemon [_thread_blocked, id=9684, stack(0x0000000016fb0000,0x00000000170b0000)]
  0x0000000001fd8800 JavaThread "Finalizer" daemon [_thread_blocked, id=8884, stack(0x0000000016ab0000,0x0000000016bb0000)]
  0x0000000014bdb800 JavaThread "Reference Handler" daemon [_thread_blocked, id=9644, stack(0x00000000169b0000,0x0000000016ab0000)]
  0x00000000020bd800 JavaThread "main" [_thread_blocked, id=3792, stack(0x0000000000630000,0x0000000000730000)]

Other Threads:
  0x0000000014bd7800 VMThread [stack: 0x00000000168b0000,0x00000000169b0000] [id=7996]
  0x0000000016c6b000 WatcherThread [stack: 0x00000000176b0000,0x00000000177b0000] [id=10040]

VM state:not at safepoint (normal execution)

VM Mutex/Monitor currently owned by a thread: None

Heap:
 PSYoungGen      total 15360K, used 13829K [0x00000000eab00000, 0x00000000ec480000, 0x0000000100000000)
  eden space 12288K, 97% used [0x00000000eab00000,0x00000000eb6b1638,0x00000000eb700000)
  from space 3072K, 60% used [0x00000000eb700000,0x00000000eb8d0010,0x00000000eba00000)
  to   space 3072K, 0% used [0x00000000ec180000,0x00000000ec180000,0x00000000ec480000)
 ParOldGen       total 129536K, used 5514K [0x00000000c0000000, 0x00000000c7e80000, 0x00000000eab00000)
  object space 129536K, 4% used [0x00000000c0000000,0x00000000c05628a0,0x00000000c7e80000)
 Metaspace       used 5773K, capacity 6832K, committed 7040K, reserved 1056768K
  class space    used 582K, capacity 616K, committed 640K, reserved 1048576K

Card table byte_map: [0x0000000011480000,0x0000000011690000] byte_map_base: 0x0000000010e80000

Marking Bits: (ParMarkBitMap*) 0x000000006e8a13b0
 Begin Bits: [0x0000000011ff0000, 0x0000000012ff0000)
 End Bits:   [0x0000000012ff0000, 0x0000000013ff0000)

Polling page: 0x00000000004f0000

CodeCache: size=245760Kb used=5762Kb max_used=5774Kb free=239997Kb
 bounds [0x00000000020c0000, 0x0000000002670000, 0x00000000110c0000]
 total_blobs=1763 nmethods=1500 adapters=177
 compilation: enabled

Compilation events (10 events):
Event: 1.777 Thread 0x0000000016be3800 1382       4       com.android.dx.ssa.SsaConverter::needsNewSuccessor (53 bytes)
Event: 1.780 Thread 0x0000000016be3800 nmethod 1382 0x000000000265b850 code [0x000000000265b9a0, 0x000000000265bb78]
Event: 1.780 Thread 0x0000000016be3800 1424       4       com.android.dx.ssa.SsaRenamer$BlockRenamer$RenamingMapper::map (28 bytes)
Event: 1.781 Thread 0x0000000016be3800 nmethod 1424 0x0000000002667350 code [0x00000000026674a0, 0x00000000026675a8]
Event: 1.781 Thread 0x0000000016be3800 1383       4       com.android.dx.ssa.RegisterMapper::<init> (5 bytes)
Event: 1.781 Thread 0x0000000016be3800 nmethod 1383 0x00000000025da9d0 code [0x00000000025dab00, 0x00000000025dab58]
Event: 1.781 Thread 0x0000000016be3800 1418       4       com.android.dx.rop.code.Rop::isCommutative (60 bytes)
Event: 1.782 Thread 0x0000000016be3800 nmethod 1418 0x000000000265b5d0 code [0x000000000265b700, 0x000000000265b798]
Event: 1.792 Thread 0x0000000016be3800 1504       4       com.android.dx.cf.code.ExecutionStack::copy (59 bytes)
Event: 1.796 Thread 0x0000000016be3800 nmethod 1504 0x000000000265cc50 code [0x000000000265cdc0, 0x000000000265d1f8]

GC Heap History (10 events):
Event: 0.522 GC heap before
{Heap before GC invocations=7 (full 0):
 PSYoungGen      total 5632K, used 5262K [0x00000000eab00000, 0x00000000eb200000, 0x0000000100000000)
  eden space 4096K, 100% used [0x00000000eab00000,0x00000000eaf00000,0x00000000eaf00000)
  from space 1536K, 75% used [0x00000000eb080000,0x00000000eb1a3ac8,0x00000000eb200000)
  to   space 1536K, 0% used [0x00000000eaf00000,0x00000000eaf00000,0x00000000eb080000)
 ParOldGen       total 129536K, used 1120K [0x00000000c0000000, 0x00000000c7e80000, 0x00000000eab00000)
  object space 129536K, 0% used [0x00000000c0000000,0x00000000c0118160,0x00000000c7e80000)
 Metaspace       used 5325K, capacity 6448K, committed 6528K, reserved 1056768K
  class space    used 581K, capacity 616K, committed 640K, reserved 1048576K
Event: 0.562 GC heap after
Heap after GC invocations=7 (full 0):
 PSYoungGen      total 5632K, used 1523K [0x00000000eab00000, 0x00000000eb700000, 0x0000000100000000)
  eden space 4096K, 0% used [0x00000000eab00000,0x00000000eab00000,0x00000000eaf00000)
  from space 1536K, 99% used [0x00000000eaf00000,0x00000000eb07cce0,0x00000000eb080000)
  to   space 2048K, 0% used [0x00000000eb500000,0x00000000eb500000,0x00000000eb700000)
 ParOldGen       total 129536K, used 1468K [0x00000000c0000000, 0x00000000c7e80000, 0x00000000eab00000)
  object space 129536K, 1% used [0x00000000c0000000,0x00000000c016f0e8,0x00000000c7e80000)
 Metaspace       used 5325K, capacity 6448K, committed 6528K, reserved 1056768K
  class space    used 581K, capacity 616K, committed 640K, reserved 1048576K
}
Event: 0.621 GC heap before
{Heap before GC invocations=8 (full 0):
 PSYoungGen      total 5632K, used 5619K [0x00000000eab00000, 0x00000000eb700000, 0x0000000100000000)
  eden space 4096K, 100% used [0x00000000eab00000,0x00000000eaf00000,0x00000000eaf00000)
  from space 1536K, 99% used [0x00000000eaf00000,0x00000000eb07cce0,0x00000000eb080000)
  to   space 2048K, 0% used [0x00000000eb500000,0x00000000eb500000,0x00000000eb700000)
 ParOldGen       total 129536K, used 1468K [0x00000000c0000000, 0x00000000c7e80000, 0x00000000eab00000)
  object space 129536K, 1% used [0x00000000c0000000,0x00000000c016f0e8,0x00000000c7e80000)
 Metaspace       used 5471K, capacity 6576K, committed 6784K, reserved 1056768K
  class space    used 581K, capacity 616K, committed 640K, reserved 1048576K
Event: 0.623 GC heap after
Heap after GC invocations=8 (full 0):
 PSYoungGen      total 9728K, used 1984K [0x00000000eab00000, 0x00000000eb800000, 0x0000000100000000)
  eden space 7680K, 0% used [0x00000000eab00000,0x00000000eab00000,0x00000000eb280000)
  from space 2048K, 96% used [0x00000000eb500000,0x00000000eb6f0018,0x00000000eb700000)
  to   space 2560K, 0% used [0x00000000eb280000,0x00000000eb280000,0x00000000eb500000)
 ParOldGen       total 129536K, used 1566K [0x00000000c0000000, 0x00000000c7e80000, 0x00000000eab00000)
  object space 129536K, 1% used [0x00000000c0000000,0x00000000c01878b0,0x00000000c7e80000)
 Metaspace       used 5471K, capacity 6576K, committed 6784K, reserved 1056768K
  class space    used 581K, capacity 616K, committed 640K, reserved 1048576K
}
Event: 0.735 GC heap before
{Heap before GC invocations=9 (full 0):
 PSYoungGen      total 9728K, used 9664K [0x00000000eab00000, 0x00000000eb800000, 0x0000000100000000)
  eden space 7680K, 100% used [0x00000000eab00000,0x00000000eb280000,0x00000000eb280000)
  from space 2048K, 96% used [0x00000000eb500000,0x00000000eb6f0018,0x00000000eb700000)
  to   space 2560K, 0% used [0x00000000eb280000,0x00000000eb280000,0x00000000eb500000)
 ParOldGen       total 129536K, used 1566K [0x00000000c0000000, 0x00000000c7e80000, 0x00000000eab00000)
  object space 129536K, 1% used [0x00000000c0000000,0x00000000c01878b0,0x00000000c7e80000)
 Metaspace       used 5549K, capacity 6640K, committed 6784K, reserved 1056768K
  class space    used 582K, capacity 616K, committed 640K, reserved 1048576K
Event: 0.851 GC heap after
Heap after GC invocations=9 (full 0):
 PSYoungGen      total 10240K, used 2544K [0x00000000eab00000, 0x00000000ebd00000, 0x0000000100000000)
  eden space 7680K, 0% used [0x00000000eab00000,0x00000000eab00000,0x00000000eb280000)
  from space 2560K, 99% used [0x00000000eb280000,0x00000000eb4fc028,0x00000000eb500000)
  to   space 3072K, 0% used [0x00000000eba00000,0x00000000eba00000,0x00000000ebd00000)
 ParOldGen       total 129536K, used 2006K [0x00000000c0000000, 0x00000000c7e80000, 0x00000000eab00000)
  object space 129536K, 1% used [0x00000000c0000000,0x00000000c01f59f0,0x00000000c7e80000)
 Metaspace       used 5549K, capacity 6640K, committed 6784K, reserved 1056768K
  class space    used 582K, capacity 616K, committed 640K, reserved 1048576K
}
Event: 0.993 GC heap before
{Heap before GC invocations=10 (full 0):
 PSYoungGen      total 10240K, used 10224K [0x00000000eab00000, 0x00000000ebd00000, 0x0000000100000000)
  eden space 7680K, 100% used [0x00000000eab00000,0x00000000eb280000,0x00000000eb280000)
  from space 2560K, 99% used [0x00000000eb280000,0x00000000eb4fc028,0x00000000eb500000)
  to   space 3072K, 0% used [0x00000000eba00000,0x00000000eba00000,0x00000000ebd00000)
 ParOldGen       total 129536K, used 2006K [0x00000000c0000000, 0x00000000c7e80000, 0x00000000eab00000)
  object space 129536K, 1% used [0x00000000c0000000,0x00000000c01f59f0,0x00000000c7e80000)
 Metaspace       used 5642K, capacity 6704K, committed 6784K, reserved 1056768K
  class space    used 582K, capacity 616K, committed 640K, reserved 1048576K
Event: 1.045 GC heap after
Heap after GC invocations=10 (full 0):
 PSYoungGen      total 15360K, used 2368K [0x00000000eab00000, 0x00000000ebd00000, 0x0000000100000000)
  eden space 12288K, 0% used [0x00000000eab00000,0x00000000eab00000,0x00000000eb700000)
  from space 3072K, 77% used [0x00000000eba00000,0x00000000ebc50000,0x00000000ebd00000)
  to   space 3072K, 0% used [0x00000000eb700000,0x00000000eb700000,0x00000000eba00000)
 ParOldGen       total 129536K, used 3245K [0x00000000c0000000, 0x00000000c7e80000, 0x00000000eab00000)
  object space 129536K, 2% used [0x00000000c0000000,0x00000000c032b588,0x00000000c7e80000)
 Metaspace       used 5642K, capacity 6704K, committed 6784K, reserved 1056768K
  class space    used 582K, capacity 616K, committed 640K, reserved 1048576K
}
Event: 1.499 GC heap before
{Heap before GC invocations=11 (full 0):
 PSYoungGen      total 15360K, used 14656K [0x00000000eab00000, 0x00000000ebd00000, 0x0000000100000000)
  eden space 12288K, 100% used [0x00000000eab00000,0x00000000eb700000,0x00000000eb700000)
  from space 3072K, 77% used [0x00000000eba00000,0x00000000ebc50000,0x00000000ebd00000)
  to   space 3072K, 0% used [0x00000000eb700000,0x00000000eb700000,0x00000000eba00000)
 ParOldGen       total 129536K, used 3245K [0x00000000c0000000, 0x00000000c7e80000, 0x00000000eab00000)
  object space 129536K, 2% used [0x00000000c0000000,0x00000000c032b588,0x00000000c7e80000)
 Metaspace       used 5734K, capacity 6832K, committed 7040K, reserved 1056768K
  class space    used 582K, capacity 616K, committed 640K, reserved 1048576K
Event: 1.549 GC heap after
Heap after GC invocations=11 (full 0):
 PSYoungGen      total 15360K, used 1856K [0x00000000eab00000, 0x00000000ec480000, 0x0000000100000000)
  eden space 12288K, 0% used [0x00000000eab00000,0x00000000eab00000,0x00000000eb700000)
  from space 3072K, 60% used [0x00000000eb700000,0x00000000eb8d0010,0x00000000eba00000)
  to   space 3072K, 0% used [0x00000000ec180000,0x00000000ec180000,0x00000000ec480000)
 ParOldGen       total 129536K, used 5514K [0x00000000c0000000, 0x00000000c7e80000, 0x00000000eab00000)
  object space 129536K, 4% used [0x00000000c0000000,0x00000000c05628a0,0x00000000c7e80000)
 Metaspace       used 5734K, capacity 6832K, committed 7040K, reserved 1056768K
  class space    used 582K, capacity 616K, committed 640K, reserved 1048576K
}

Deoptimization events (6 events):
Event: 0.883 Thread 0x00000000020bd800 Uncommon trap: reason=unreached action=reinterpret pc=0x000000000239f75c method=com.android.dx.ssa.SsaMethod.updateOneDefinition(Lcom/android/dx/ssa/SsaInsn;Lcom/android/dx/rop/code/RegisterSpec;)V @ 4
Event: 1.459 Thread 0x0000000016f0e800 Uncommon trap: reason=unreached action=reinterpret pc=0x0000000002385a5c method=com.android.dx.rop.cst.Constant.compareTo(Lcom/android/dx/rop/cst/Constant;)I @ 12
Event: 1.670 Thread 0x0000000016f01800 Uncommon trap: reason=class_check action=maybe_recompile pc=0x0000000002597a2c method=com.android.dx.cf.code.BytecodeArray.parseInstruction(ILcom/android/dx/cf/code/BytecodeArray$Visitor;)I @ 2225
Event: 1.672 Thread 0x0000000016f01800 Uncommon trap: reason=class_check action=maybe_recompile pc=0x0000000002597a2c method=com.android.dx.cf.code.BytecodeArray.parseInstruction(ILcom/android/dx/cf/code/BytecodeArray$Visitor;)I @ 2225
Event: 1.684 Thread 0x0000000016f01800 Uncommon trap: reason=class_check action=maybe_recompile pc=0x0000000002597a2c method=com.android.dx.cf.code.BytecodeArray.parseInstruction(ILcom/android/dx/cf/code/BytecodeArray$Visitor;)I @ 2225
Event: 1.685 Thread 0x0000000016f01800 Uncommon trap: reason=class_check action=maybe_recompile pc=0x0000000002597a2c method=com.android.dx.cf.code.BytecodeArray.parseInstruction(ILcom/android/dx/cf/code/BytecodeArray$Visitor;)I @ 2225

Internal exceptions (10 events):
Event: 0.490 Thread 0x0000000016deb800 Exception <a 'java/security/PrivilegedActionException'> (0x00000000ead14688) thrown at [D:\re\workspace\8-2-build-windows-amd64-cygwin\jdk8\2238\hotspot\src\share\vm\prims\jvm.cpp, line 1248]
Event: 0.491 Thread 0x0000000016f11800 Exception <a 'java/security/PrivilegedActionException'> (0x00000000ead262c8) thrown at [D:\re\workspace\8-2-build-windows-amd64-cygwin\jdk8\2238\hotspot\src\share\vm\prims\jvm.cpp, line 1248]
Event: 0.496 Thread 0x0000000016f11800 Exception <a 'java/security/PrivilegedActionException'> (0x00000000ead4d138) thrown at [D:\re\workspace\8-2-build-windows-amd64-cygwin\jdk8\2238\hotspot\src\share\vm\prims\jvm.cpp, line 1248]
Event: 0.500 Thread 0x0000000016f01800 Exception <a 'java/security/PrivilegedActionException'> (0x00000000ead94e78) thrown at [D:\re\workspace\8-2-build-windows-amd64-cygwin\jdk8\2238\hotspot\src\share\vm\prims\jvm.cpp, line 1248]
Event: 0.504 Thread 0x0000000016deb800 Exception <a 'java/security/PrivilegedActionException'> (0x00000000eadd5800) thrown at [D:\re\workspace\8-2-build-windows-amd64-cygwin\jdk8\2238\hotspot\src\share\vm\prims\jvm.cpp, line 1248]
Event: 0.504 Thread 0x0000000016f0e800 Exception <a 'java/security/PrivilegedActionException'> (0x00000000eadcea68) thrown at [D:\re\workspace\8-2-build-windows-amd64-cygwin\jdk8\2238\hotspot\src\share\vm\prims\jvm.cpp, line 1248]
Event: 0.505 Thread 0x0000000016deb800 Exception <a 'java/security/PrivilegedActionException'> (0x00000000eade1c28) thrown at [D:\re\workspace\8-2-build-windows-amd64-cygwin\jdk8\2238\hotspot\src\share\vm\prims\jvm.cpp, line 1248]
Event: 0.510 Thread 0x0000000016f11800 Exception <a 'java/security/PrivilegedActionException'> (0x00000000eae3dc60) thrown at [D:\re\workspace\8-2-build-windows-amd64-cygwin\jdk8\2238\hotspot\src\share\vm\prims\jvm.cpp, line 1248]
Event: 0.638 Thread 0x0000000016deb800 Exception <a 'java/security/PrivilegedActionException'> (0x00000000eac58ed0) thrown at [D:\re\workspace\8-2-build-windows-amd64-cygwin\jdk8\2238\hotspot\src\share\vm\prims\jvm.cpp, line 1248]
Event: 0.882 Thread 0x00000000020bd800 Exception <a 'java/security/PrivilegedActionException'> (0x00000000eaf9f438) thrown at [D:\re\workspace\8-2-build-windows-amd64-cygwin\jdk8\2238\hotspot\src\share\vm\prims\jvm.cpp, line 1248]

Events (10 events):
Event: 1.670 Thread 0x0000000016f01800 DEOPT UNPACKING pc=0x00000000021055af sp=0x0000000017aae988 mode 2
Event: 1.672 Thread 0x0000000016f01800 Uncommon trap: trap_request=0xffffffde fr.pc=0x0000000002597a2c
Event: 1.672 Thread 0x0000000016f01800 DEOPT PACKING pc=0x0000000002597a2c sp=0x0000000017aae9f0
Event: 1.672 Thread 0x0000000016f01800 DEOPT UNPACKING pc=0x00000000021055af sp=0x0000000017aae988 mode 2
Event: 1.684 Thread 0x0000000016f01800 Uncommon trap: trap_request=0xffffffde fr.pc=0x0000000002597a2c
Event: 1.684 Thread 0x0000000016f01800 DEOPT PACKING pc=0x0000000002597a2c sp=0x0000000017aae9f0
Event: 1.684 Thread 0x0000000016f01800 DEOPT UNPACKING pc=0x00000000021055af sp=0x0000000017aae988 mode 2
Event: 1.685 Thread 0x0000000016f01800 Uncommon trap: trap_request=0xffffffde fr.pc=0x0000000002597a2c
Event: 1.685 Thread 0x0000000016f01800 DEOPT PACKING pc=0x0000000002597a2c sp=0x0000000017aae9f0
Event: 1.685 Thread 0x0000000016f01800 DEOPT UNPACKING pc=0x00000000021055af sp=0x0000000017aae988 mode 2


Dynamic libraries:
0x00007ff7e1730000 - 0x00007ff7e1764000 	C:\Program Files\Java\jdk1.8.0\bin\java.exe
0x00007ff99a0a0000 - 0x00007ff99a24d000 	C:\Windows\SYSTEM32\ntdll.dll
0x00007ff998140000 - 0x00007ff99827e000 	C:\Windows\system32\KERNEL32.DLL
0x00007ff997290000 - 0x00007ff9973a5000 	C:\Windows\system32\KERNELBASE.dll
0x00007ff9957e0000 - 0x00007ff99586e000 	C:\Windows\system32\apphelp.dll
0x00007ff988cf0000 - 0x00007ff988d43000 	C:\Windows\AppPatch\AppPatch64\AcGenral.DLL
0x00007ff9979c0000 - 0x00007ff997a6a000 	C:\Windows\system32\msvcrt.dll
0x00007ff9976f0000 - 0x00007ff99771e000 	C:\Windows\system32\SspiCli.dll
0x00007ff9980e0000 - 0x00007ff998134000 	C:\Windows\system32\SHLWAPI.dll
0x00007ff998380000 - 0x00007ff9984f7000 	C:\Windows\system32\USER32.dll
0x00007ff997df0000 - 0x00007ff997f84000 	C:\Windows\system32\ole32.dll
0x00007ff998980000 - 0x00007ff999ea8000 	C:\Windows\system32\SHELL32.dll
0x00007ff996810000 - 0x00007ff996831000 	C:\Windows\SYSTEM32\USERENV.dll
0x00007ff999eb0000 - 0x00007ff999f5a000 	C:\Windows\system32\ADVAPI32.dll
0x00007ff98acd0000 - 0x00007ff98acee000 	C:\Windows\SYSTEM32\MPR.dll
0x00007ff999f60000 - 0x00007ff99a0a0000 	C:\Windows\system32\RPCRT4.dll
0x00007ff997d90000 - 0x00007ff997de9000 	C:\Windows\SYSTEM32\sechost.dll
0x00007ff997b70000 - 0x00007ff997d81000 	C:\Windows\SYSTEM32\combase.dll
0x00007ff997f90000 - 0x00007ff9980df000 	C:\Windows\system32\GDI32.dll
0x00007ff9971c0000 - 0x00007ff9971d5000 	C:\Windows\SYSTEM32\profapi.dll
0x00007ff995a70000 - 0x00007ff995b22000 	C:\Windows\SYSTEM32\SHCORE.dll
0x00007ff997a70000 - 0x00007ff997aa6000 	C:\Windows\system32\IMM32.DLL
0x00007ff997720000 - 0x00007ff997872000 	C:\Windows\system32\MSCTF.dll
0x00007ff994cb0000 - 0x00007ff994f2b000 	C:\Windows\WinSxS\amd64_microsoft.windows.common-controls_6595b64144ccf1df_6.0.9600.18006_none_623f33d3ecbe86e8\COMCTL32.dll
0x000000006f6e0000 - 0x000000006f7b2000 	C:\Program Files\Java\jdk1.8.0\jre\bin\msvcr100.dll
0x000000006e0f0000 - 0x000000006e91a000 	C:\Program Files\Java\jdk1.8.0\jre\bin\server\jvm.dll
0x00007ff995de0000 - 0x00007ff995de9000 	C:\Windows\SYSTEM32\WSOCK32.dll
0x00007ff9924b0000 - 0x00007ff9924d2000 	C:\Windows\SYSTEM32\WINMM.dll
0x00007ff998370000 - 0x00007ff998377000 	C:\Windows\system32\PSAPI.DLL
0x00007ff9982f0000 - 0x00007ff99834a000 	C:\Windows\system32\WS2_32.dll
0x00007ff992480000 - 0x00007ff9924aa000 	C:\Windows\SYSTEM32\WINMMBASE.dll
0x00007ff9987b0000 - 0x00007ff9987b9000 	C:\Windows\system32\NSI.dll
0x00007ff9976a0000 - 0x00007ff9976ef000 	C:\Windows\SYSTEM32\cfgmgr32.dll
0x00007ff996010000 - 0x00007ff996038000 	C:\Windows\SYSTEM32\DEVOBJ.dll
0x0000000070300000 - 0x000000007030f000 	C:\Program Files\Java\jdk1.8.0\jre\bin\verify.dll
0x000000006ecc0000 - 0x000000006ece8000 	C:\Program Files\Java\jdk1.8.0\jre\bin\java.dll
0x000000006ebb0000 - 0x000000006ebc6000 	C:\Program Files\Java\jdk1.8.0\jre\bin\zip.dll
0x00007ff990610000 - 0x00007ff990799000 	C:\Windows\SYSTEM32\dbghelp.dll

VM Arguments:
jvm_args: -Djava.awt.headless=true -Xmx1024M -Dfile.encoding=windows-1252 -Duser.country=US -Duser.language=en -Duser.variant 
java_command: com.android.dx.command.Main --dex --force-jumbo --num-threads=4 --multi-dex --output D:\Aswathy\AswathyApps\AswathyApps\HomePlus\app\build\intermediates\transforms\dex\debug\folders\1000\2\YouTubeAndroidPlayerApi_67ba41c0bbb58c6052e73181176e85d7380255cd D:\Aswathy\AswathyApps\AswathyApps\HomePlus\app\libs\YouTubeAndroidPlayerApi.jar
java_class_path (initial): D:\TOOLS\android-sdk\build-tools\24.0.1\lib\dx.jar
Launcher Type: SUN_STANDARD

Environment Variables:
PATH=C:\ProgramData\Oracle\Java\javapath;C:\Windows\System32;C:\Program Files\nodejs\;C:\ProgramData\Oracle\Java\javapath;C:\Windows\System32;C:\Program Files\nodejs\;C:\ProgramData\Oracle\Java\javapath;C:\Windows\System32;C:\Program Files\nodejs\;C:\Windows\System32;D:\TOOLS\android-sdk\tools;D:\TOOLS\android-sdk\platform-tools;C:\Users\sandeepandroid\AppData\Roaming\npm;C:\Program Files\TortoiseGit\bin;C:\Program Files (x86)\Skype\Phone\;D:\TOOLS\android-sdk\tools;D:\TOOLS\android-sdk\platform-tools;C:\Users\sandeepandroid\AppData\Roaming\npm;C:\Program Files\TortoiseGit\bin;C:\Program Files (x86)\Skype\Phone\;D:\TOOLS\android-sdk\tools;D:\TOOLS\android-sdk\platform-tools;C:\Users\sandeepandroid\AppData\Roaming\npm;C:\Program Files\TortoiseGit\bin;C:\Program Files (x86)\Skype\Phone\;C:\Program Files (x86)\Mozilla Firefox;C:\ProgramData\Oracle\Java\javapath;C:\Windows\System32;C:\Program Files\nodejs\;C:\ProgramData\Oracle\Java\javapath;C:\Windows\System32;C:\Program Files\nodejs\;C:\ProgramData\Oracle\Java\javapath;C:\Windows\System32;C:\Program Files\nodejs\;C:\Windows\System32;D:\TOOLS\android-sdk\tools;D:\TOOLS\android-sdk\platform-tools;C:\Users\sandeepandroid\AppData\Roaming\npm;C:\Program Files (x86)\Skype\Phone\;C:\Program Files\TortoiseGit\bin;D:\TOOLS\android-sdk\tools;D:\TOOLS\android-sdk\platform-tools;C:\Users\sandeepandroid\AppData\Roaming\npm;C:\Program Files (x86)\Skype\Phone\;C:\Program Files\TortoiseGit\bin;D:\TOOLS\android-sdk\tools;D:\TOOLS\android-sdk\platform-tools;C:\Users\sandeepandroid\AppData\Roaming\npm;C:\Program Files (x86)\Skype\Phone\;C:\Program Files\TortoiseGit\bin
USERNAME=JijoCJ
OS=Windows_NT
PROCESSOR_IDENTIFIER=Intel64 Family 6 Model 58 Stepping 9, GenuineIntel



---------------  S Y S T E M  ---------------

OS: Windows 8.1 , 64 bit Build 9600 

CPU:total 8 (4 cores per cpu, 2 threads per core) family 6 model 58 stepping 9, cmov, cx8, fxsr, mmx, sse, sse2, sse3, ssse3, sse4.1, sse4.2, popcnt, avx, aes, clmul, erms, ht, tsc, tscinvbit

Memory: 4k page, physical 8353172k(1008816k free), swap 11498900k(6228k free)

vm_info: Java HotSpot(TM) 64-Bit Server VM (25.0-b70) for windows-amd64 JRE (1.8.0-b132), built on Mar  4 2014 03:46:18 by "java_re" with MS VC++ 10.0 (VS2010)

time: Wed Jan 11 13:01:11 2017
elapsed time: 1 seconds

