#
# There is insufficient memory for the Java Runtime Environment to continue.
# Native memory allocation (malloc) failed to allocate 407136 bytes for Chunk::new
# Possible reasons:
#   The system is out of physical RAM or swap space
#   In 32 bit mode, the process size limit was hit
# Possible solutions:
#   Reduce memory load on the system
#   Increase physical memory or swap space
#   Check if swap backing store is full
#   Use 64 bit Java on a 64 bit OS
#   Decrease Java heap size (-Xmx/-Xms)
#   Decrease number of Java threads
#   Decrease Java thread stack sizes (-Xss)
#   Set larger code cache with -XX:ReservedCodeCacheSize=
# This output file may be truncated or incomplete.
#
#  Out of Memory Error (allocation.cpp:388), pid=8092, tid=3516
#
# JRE version: Java(TM) SE Runtime Environment (8.0-b132) (build 1.8.0-b132)
# Java VM: Java HotSpot(TM) 64-Bit Server VM (25.0-b70 mixed mode windows-amd64 compressed oops)
# Failed to write core dump. Minidumps are not enabled by default on client versions of Windows
#

---------------  T H R E A D  ---------------

Current thread (0x0000000017498000):  JavaThread "C2 CompilerThread2" daemon [_thread_in_native, id=3516, stack(0x0000000017c60000,0x0000000017d60000)]

Stack: [0x0000000017c60000,0x0000000017d60000]
Native frames: (J=compiled Java code, j=interpreted, Vv=VM code, C=native code)
V  [jvm.dll+0x308e0a]


Current CompileTask:
C2:   1256 1368       4       com.android.dx.rop.code.Rops::ropFor (771 bytes)


---------------  P R O C E S S  ---------------

Java Threads: ( => current thread )
  0x00000000176da800 JavaThread "pool-3-thread-1" [_thread_blocked, id=9920, stack(0x0000000018160000,0x0000000018260000)]
  0x00000000176d9800 JavaThread "pool-2-thread-1" [_thread_in_Java, id=7684, stack(0x0000000018060000,0x0000000018160000)]
  0x0000000017516800 JavaThread "Service Thread" daemon [_thread_blocked, id=8660, stack(0x0000000017e60000,0x0000000017f60000)]
  0x0000000017499800 JavaThread "C1 CompilerThread3" daemon [_thread_blocked, id=1104, stack(0x0000000017d60000,0x0000000017e60000)]
=>0x0000000017498000 JavaThread "C2 CompilerThread2" daemon [_thread_in_native, id=3516, stack(0x0000000017c60000,0x0000000017d60000)]
  0x000000001748e800 JavaThread "C2 CompilerThread1" daemon [_thread_in_native, id=2684, stack(0x0000000017b60000,0x0000000017c60000)]
  0x0000000017487800 JavaThread "C2 CompilerThread0" daemon [_thread_in_native, id=4476, stack(0x0000000017a60000,0x0000000017b60000)]
  0x0000000017486800 JavaThread "Attach Listener" daemon [_thread_blocked, id=5856, stack(0x0000000017960000,0x0000000017a60000)]
  0x0000000017485800 JavaThread "Signal Dispatcher" daemon [_thread_blocked, id=2080, stack(0x0000000017860000,0x0000000017960000)]
  0x0000000002849800 JavaThread "Finalizer" daemon [_thread_blocked, id=5060, stack(0x0000000017360000,0x0000000017460000)]
  0x0000000002840000 JavaThread "Reference Handler" daemon [_thread_blocked, id=8212, stack(0x0000000017260000,0x0000000017360000)]
  0x000000000293d800 JavaThread "main" [_thread_blocked, id=4236, stack(0x00000000025e0000,0x00000000026e0000)]

Other Threads:
  0x0000000015458800 VMThread [stack: 0x0000000017160000,0x0000000017260000] [id=3388]
  0x0000000017520000 WatcherThread [stack: 0x0000000017f60000,0x0000000018060000] [id=4916]

VM state:not at safepoint (normal execution)

VM Mutex/Monitor currently owned by a thread: None

Heap:
 PSYoungGen      total 22528K, used 7210K [0x00000000eab00000, 0x00000000ec480000, 0x0000000100000000)
  eden space 18944K, 26% used [0x00000000eab00000,0x00000000eafe6230,0x00000000ebd80000)
  from space 3584K, 61% used [0x00000000ec100000,0x00000000ec324688,0x00000000ec480000)
  to   space 3584K, 0% used [0x00000000ebd80000,0x00000000ebd80000,0x00000000ec100000)
 ParOldGen       total 129536K, used 7333K [0x00000000c0000000, 0x00000000c7e80000, 0x00000000eab00000)
  object space 129536K, 5% used [0x00000000c0000000,0x00000000c0729670,0x00000000c7e80000)
 Metaspace       used 5796K, capacity 6832K, committed 7040K, reserved 1056768K
  class space    used 584K, capacity 616K, committed 640K, reserved 1048576K

Card table byte_map: [0x0000000011d00000,0x0000000011f10000] byte_map_base: 0x0000000011700000

Marking Bits: (ParMarkBitMap*) 0x000000006e8a13b0
 Begin Bits: [0x0000000012870000, 0x0000000013870000)
 End Bits:   [0x0000000013870000, 0x0000000014870000)

Polling page: 0x0000000000dc0000

CodeCache: size=245760Kb used=5733Kb max_used=5733Kb free=240027Kb
 bounds [0x0000000002940000, 0x0000000002ee0000, 0x0000000011940000]
 total_blobs=1745 nmethods=1482 adapters=177
 compilation: enabled

Compilation events (10 events):
Event: 1.205 Thread 0x0000000017499800 1494       3       com.android.dx.rop.code.Insn$BaseVisitor::visitThrowingInsn (1 bytes)
Event: 1.205 Thread 0x0000000017499800 nmethod 1494 0x0000000002ed9b90 code [0x0000000002ed9ce0, 0x0000000002ed9e30]
Event: 1.205 Thread 0x0000000017499800 1497       3       com.android.dx.dex.file.CodeItem::<init> (81 bytes)
Event: 1.205 Thread 0x0000000017499800 nmethod 1497 0x0000000002ed9ed0 code [0x0000000002eda080, 0x0000000002eda518]
Event: 1.205 Thread 0x0000000017499800 1495       3       com.android.dx.dex.code.RopTranslator$LocalVariableAwareTranslationVisitor::visitThrowingInsn (11 bytes)
Event: 1.206 Thread 0x0000000017499800 nmethod 1495 0x0000000002eda690 code [0x0000000002eda880, 0x0000000002edb168]
Event: 1.206 Thread 0x0000000017499800 1496       3       com.android.dx.dex.code.RopTranslator$TranslationVisitor::visitThrowingInsn (118 bytes)
Event: 1.207 Thread 0x0000000017499800 nmethod 1496 0x0000000002edb6d0 code [0x0000000002edb9e0, 0x0000000002edd0c8]
Event: 1.208 Thread 0x0000000017499800 1498       3       com.android.dx.ssa.back.SsaToRop::moveParametersToHighRegisters (88 bytes)
Event: 1.208 Thread 0x0000000017499800 nmethod 1498 0x0000000002edde90 code [0x0000000002ede060, 0x0000000002ede838]

GC Heap History (10 events):
Event: 0.393 GC heap before
{Heap before GC invocations=8 (full 0):
 PSYoungGen      total 5632K, used 5619K [0x00000000eab00000, 0x00000000eb700000, 0x0000000100000000)
  eden space 4096K, 100% used [0x00000000eab00000,0x00000000eaf00000,0x00000000eaf00000)
  from space 1536K, 99% used [0x00000000eaf00000,0x00000000eb07ce48,0x00000000eb080000)
  to   space 2048K, 0% used [0x00000000eb500000,0x00000000eb500000,0x00000000eb700000)
 ParOldGen       total 129536K, used 1640K [0x00000000c0000000, 0x00000000c7e80000, 0x00000000eab00000)
  object space 129536K, 1% used [0x00000000c0000000,0x00000000c019a2a0,0x00000000c7e80000)
 Metaspace       used 5497K, capacity 6576K, committed 6784K, reserved 1056768K
  class space    used 581K, capacity 616K, committed 640K, reserved 1048576K
Event: 0.398 GC heap after
Heap after GC invocations=8 (full 0):
 PSYoungGen      total 9728K, used 1664K [0x00000000eab00000, 0x00000000eb800000, 0x0000000100000000)
  eden space 7680K, 0% used [0x00000000eab00000,0x00000000eab00000,0x00000000eb280000)
  from space 2048K, 81% used [0x00000000eb500000,0x00000000eb6a0018,0x00000000eb700000)
  to   space 2560K, 0% used [0x00000000eb280000,0x00000000eb280000,0x00000000eb500000)
 ParOldGen       total 129536K, used 1734K [0x00000000c0000000, 0x00000000c7e80000, 0x00000000eab00000)
  object space 129536K, 1% used [0x00000000c0000000,0x00000000c01b1888,0x00000000c7e80000)
 Metaspace       used 5497K, capacity 6576K, committed 6784K, reserved 1056768K
  class space    used 581K, capacity 616K, committed 640K, reserved 1048576K
}
Event: 0.519 GC heap before
{Heap before GC invocations=9 (full 0):
 PSYoungGen      total 9728K, used 9344K [0x00000000eab00000, 0x00000000eb800000, 0x0000000100000000)
  eden space 7680K, 100% used [0x00000000eab00000,0x00000000eb280000,0x00000000eb280000)
  from space 2048K, 81% used [0x00000000eb500000,0x00000000eb6a0018,0x00000000eb700000)
  to   space 2560K, 0% used [0x00000000eb280000,0x00000000eb280000,0x00000000eb500000)
 ParOldGen       total 129536K, used 1734K [0x00000000c0000000, 0x00000000c7e80000, 0x00000000eab00000)
  object space 129536K, 1% used [0x00000000c0000000,0x00000000c01b1888,0x00000000c7e80000)
 Metaspace       used 5588K, capacity 6704K, committed 6784K, reserved 1056768K
  class space    used 582K, capacity 616K, committed 640K, reserved 1048576K
Event: 0.541 GC heap after
Heap after GC invocations=9 (full 0):
 PSYoungGen      total 10240K, used 2544K [0x00000000eab00000, 0x00000000ebd00000, 0x0000000100000000)
  eden space 7680K, 0% used [0x00000000eab00000,0x00000000eab00000,0x00000000eb280000)
  from space 2560K, 99% used [0x00000000eb280000,0x00000000eb4fc028,0x00000000eb500000)
  to   space 3072K, 0% used [0x00000000eba00000,0x00000000eba00000,0x00000000ebd00000)
 ParOldGen       total 129536K, used 2369K [0x00000000c0000000, 0x00000000c7e80000, 0x00000000eab00000)
  object space 129536K, 1% used [0x00000000c0000000,0x00000000c02507b0,0x00000000c7e80000)
 Metaspace       used 5588K, capacity 6704K, committed 6784K, reserved 1056768K
  class space    used 582K, capacity 616K, committed 640K, reserved 1048576K
}
Event: 0.687 GC heap before
{Heap before GC invocations=10 (full 0):
 PSYoungGen      total 10240K, used 10224K [0x00000000eab00000, 0x00000000ebd00000, 0x0000000100000000)
  eden space 7680K, 100% used [0x00000000eab00000,0x00000000eb280000,0x00000000eb280000)
  from space 2560K, 99% used [0x00000000eb280000,0x00000000eb4fc028,0x00000000eb500000)
  to   space 3072K, 0% used [0x00000000eba00000,0x00000000eba00000,0x00000000ebd00000)
 ParOldGen       total 129536K, used 2369K [0x00000000c0000000, 0x00000000c7e80000, 0x00000000eab00000)
  object space 129536K, 1% used [0x00000000c0000000,0x00000000c02507b0,0x00000000c7e80000)
 Metaspace       used 5668K, capacity 6768K, committed 7040K, reserved 1056768K
  class space    used 582K, capacity 616K, committed 640K, reserved 1048576K
Event: 0.717 GC heap after
Heap after GC invocations=10 (full 0):
 PSYoungGen      total 14848K, used 2496K [0x00000000eab00000, 0x00000000ebe00000, 0x0000000100000000)
  eden space 11776K, 0% used [0x00000000eab00000,0x00000000eab00000,0x00000000eb680000)
  from space 3072K, 81% used [0x00000000eba00000,0x00000000ebc70000,0x00000000ebd00000)
  to   space 3584K, 0% used [0x00000000eb680000,0x00000000eb680000,0x00000000eba00000)
 ParOldGen       total 129536K, used 3365K [0x00000000c0000000, 0x00000000c7e80000, 0x00000000eab00000)
  object space 129536K, 2% used [0x00000000c0000000,0x00000000c03497d8,0x00000000c7e80000)
 Metaspace       used 5668K, capacity 6768K, committed 7040K, reserved 1056768K
  class space    used 582K, capacity 616K, committed 640K, reserved 1048576K
}
Event: 0.899 GC heap before
{Heap before GC invocations=11 (full 0):
 PSYoungGen      total 14848K, used 14272K [0x00000000eab00000, 0x00000000ebe00000, 0x0000000100000000)
  eden space 11776K, 100% used [0x00000000eab00000,0x00000000eb680000,0x00000000eb680000)
  from space 3072K, 81% used [0x00000000eba00000,0x00000000ebc70000,0x00000000ebd00000)
  to   space 3584K, 0% used [0x00000000eb680000,0x00000000eb680000,0x00000000eba00000)
 ParOldGen       total 129536K, used 3365K [0x00000000c0000000, 0x00000000c7e80000, 0x00000000eab00000)
  object space 129536K, 2% used [0x00000000c0000000,0x00000000c03497d8,0x00000000c7e80000)
 Metaspace       used 5748K, capacity 6832K, committed 7040K, reserved 1056768K
  class space    used 582K, capacity 616K, committed 640K, reserved 1048576K
Event: 0.908 GC heap after
Heap after GC invocations=11 (full 0):
 PSYoungGen      total 15360K, used 1888K [0x00000000eab00000, 0x00000000ec480000, 0x0000000100000000)
  eden space 11776K, 0% used [0x00000000eab00000,0x00000000eab00000,0x00000000eb680000)
  from space 3584K, 52% used [0x00000000eb680000,0x00000000eb858010,0x00000000eba00000)
  to   space 3584K, 0% used [0x00000000ec100000,0x00000000ec100000,0x00000000ec480000)
 ParOldGen       total 129536K, used 5701K [0x00000000c0000000, 0x00000000c7e80000, 0x00000000eab00000)
  object space 129536K, 4% used [0x00000000c0000000,0x00000000c0591660,0x00000000c7e80000)
 Metaspace       used 5748K, capacity 6832K, committed 7040K, reserved 1056768K
  class space    used 582K, capacity 616K, committed 640K, reserved 1048576K
}
Event: 1.056 GC heap before
{Heap before GC invocations=12 (full 0):
 PSYoungGen      total 15360K, used 13664K [0x00000000eab00000, 0x00000000ec480000, 0x0000000100000000)
  eden space 11776K, 100% used [0x00000000eab00000,0x00000000eb680000,0x00000000eb680000)
  from space 3584K, 52% used [0x00000000eb680000,0x00000000eb858010,0x00000000eba00000)
  to   space 3584K, 0% used [0x00000000ec100000,0x00000000ec100000,0x00000000ec480000)
 ParOldGen       total 129536K, used 5701K [0x00000000c0000000, 0x00000000c7e80000, 0x00000000eab00000)
  object space 129536K, 4% used [0x00000000c0000000,0x00000000c0591660,0x00000000c7e80000)
 Metaspace       used 5782K, capacity 6832K, committed 7040K, reserved 1056768K
  class space    used 582K, capacity 616K, committed 640K, reserved 1048576K
Event: 1.161 GC heap after
Heap after GC invocations=12 (full 0):
 PSYoungGen      total 22528K, used 2193K [0x00000000eab00000, 0x00000000ec480000, 0x0000000100000000)
  eden space 18944K, 0% used [0x00000000eab00000,0x00000000eab00000,0x00000000ebd80000)
  from space 3584K, 61% used [0x00000000ec100000,0x00000000ec324688,0x00000000ec480000)
  to   space 3584K, 0% used [0x00000000ebd80000,0x00000000ebd80000,0x00000000ec100000)
 ParOldGen       total 129536K, used 7333K [0x00000000c0000000, 0x00000000c7e80000, 0x00000000eab00000)
  object space 129536K, 5% used [0x00000000c0000000,0x00000000c0729670,0x00000000c7e80000)
 Metaspace       used 5782K, capacity 6832K, committed 7040K, reserved 1056768K
  class space    used 582K, capacity 616K, committed 640K, reserved 1048576K
}

Deoptimization events (5 events):
Event: 0.565 Thread 0x000000000293d800 Uncommon trap: reason=unreached action=reinterpret pc=0x0000000002c2bcdc method=com.android.dx.ssa.SsaMethod.updateOneDefinition(Lcom/android/dx/ssa/SsaInsn;Lcom/android/dx/rop/code/RegisterSpec;)V @ 4
Event: 0.892 Thread 0x00000000176d9800 Uncommon trap: reason=bimorphic action=maybe_recompile pc=0x0000000002d95890 method=com.android.dx.cf.code.BytecodeArray.parseInstruction(ILcom/android/dx/cf/code/BytecodeArray$Visitor;)I @ 2281
Event: 0.922 Thread 0x00000000176d9800 Uncommon trap: reason=bimorphic action=maybe_recompile pc=0x0000000002d95890 method=com.android.dx.cf.code.BytecodeArray.parseInstruction(ILcom/android/dx/cf/code/BytecodeArray$Visitor;)I @ 2281
Event: 0.922 Thread 0x00000000176d9800 Uncommon trap: reason=bimorphic action=maybe_recompile pc=0x0000000002d95890 method=com.android.dx.cf.code.BytecodeArray.parseInstruction(ILcom/android/dx/cf/code/BytecodeArray$Visitor;)I @ 2281
Event: 0.922 Thread 0x00000000176d9800 Uncommon trap: reason=bimorphic action=maybe_recompile pc=0x0000000002d95890 method=com.android.dx.cf.code.BytecodeArray.parseInstruction(ILcom/android/dx/cf/code/BytecodeArray$Visitor;)I @ 2281

Internal exceptions (10 events):
Event: 0.286 Thread 0x0000000017717000 Exception <a 'java/security/PrivilegedActionException'> (0x00000000ead06cf0) thrown at [D:\re\workspace\8-2-build-windows-amd64-cygwin\jdk8\2238\hotspot\src\share\vm\prims\jvm.cpp, line 1248]
Event: 0.287 Thread 0x00000000176d9800 Exception <a 'java/security/PrivilegedActionException'> (0x00000000ead1baa8) thrown at [D:\re\workspace\8-2-build-windows-amd64-cygwin\jdk8\2238\hotspot\src\share\vm\prims\jvm.cpp, line 1248]
Event: 0.289 Thread 0x0000000017717000 Exception <a 'java/security/PrivilegedActionException'> (0x00000000ead64960) thrown at [D:\re\workspace\8-2-build-windows-amd64-cygwin\jdk8\2238\hotspot\src\share\vm\prims\jvm.cpp, line 1248]
Event: 0.290 Thread 0x00000000176fe000 Exception <a 'java/security/PrivilegedActionException'> (0x00000000ead5ff38) thrown at [D:\re\workspace\8-2-build-windows-amd64-cygwin\jdk8\2238\hotspot\src\share\vm\prims\jvm.cpp, line 1248]
Event: 0.290 Thread 0x0000000017717000 Exception <a 'java/security/PrivilegedActionException'> (0x00000000ead6f5d8) thrown at [D:\re\workspace\8-2-build-windows-amd64-cygwin\jdk8\2238\hotspot\src\share\vm\prims\jvm.cpp, line 1248]
Event: 0.294 Thread 0x00000000176d9800 Exception <a 'java/security/PrivilegedActionException'> (0x00000000eadbaaf8) thrown at [D:\re\workspace\8-2-build-windows-amd64-cygwin\jdk8\2238\hotspot\src\share\vm\prims\jvm.cpp, line 1248]
Event: 0.300 Thread 0x000000001770a800 Exception <a 'java/security/PrivilegedActionException'> (0x00000000eae29790) thrown at [D:\re\workspace\8-2-build-windows-amd64-cygwin\jdk8\2238\hotspot\src\share\vm\prims\jvm.cpp, line 1248]
Event: 0.331 Thread 0x000000001770a800 Exception <a 'java/security/PrivilegedActionException'> (0x00000000eacaec78) thrown at [D:\re\workspace\8-2-build-windows-amd64-cygwin\jdk8\2238\hotspot\src\share\vm\prims\jvm.cpp, line 1248]
Event: 0.443 Thread 0x00000000176fe000 Exception <a 'java/security/PrivilegedActionException'> (0x00000000eab28b40) thrown at [D:\re\workspace\8-2-build-windows-amd64-cygwin\jdk8\2238\hotspot\src\share\vm\prims\jvm.cpp, line 1248]
Event: 0.564 Thread 0x000000000293d800 Exception <a 'java/security/PrivilegedActionException'> (0x00000000eaf66048) thrown at [D:\re\workspace\8-2-build-windows-amd64-cygwin\jdk8\2238\hotspot\src\share\vm\prims\jvm.cpp, line 1248]

Events (10 events):
Event: 0.922 Thread 0x00000000176d9800 DEOPT UNPACKING pc=0x00000000029855af sp=0x000000001815e8e8 mode 2
Event: 1.055 Executing VM operation: ParallelGCFailedAllocation
Event: 1.161 Executing VM operation: ParallelGCFailedAllocation done
Event: 1.191 loading class java/util/HashMap$KeySet
Event: 1.191 loading class java/util/HashMap$KeySet done
Event: 1.191 loading class java/util/HashMap$KeyIterator
Event: 1.191 loading class java/util/HashMap$KeyIterator done
Event: 1.201 Thread 0x00000000176fe000 Thread exited: 0x00000000176fe000
Event: 1.209 Thread 0x000000001770a800 Thread exited: 0x000000001770a800
Event: 1.213 Thread 0x0000000017717000 Thread exited: 0x0000000017717000


Dynamic libraries:
0x00007ff7e1730000 - 0x00007ff7e1764000 	C:\Program Files\Java\jdk1.8.0\bin\java.exe
0x00007ff99a0a0000 - 0x00007ff99a24d000 	C:\Windows\SYSTEM32\ntdll.dll
0x00007ff998140000 - 0x00007ff99827e000 	C:\Windows\system32\KERNEL32.DLL
0x00007ff997290000 - 0x00007ff9973a5000 	C:\Windows\system32\KERNELBASE.dll
0x00007ff9957e0000 - 0x00007ff99586e000 	C:\Windows\system32\apphelp.dll
0x00007ff988cf0000 - 0x00007ff988d43000 	C:\Windows\AppPatch\AppPatch64\AcGenral.DLL
0x00007ff9979c0000 - 0x00007ff997a6a000 	C:\Windows\system32\msvcrt.dll
0x00007ff9976f0000 - 0x00007ff99771e000 	C:\Windows\system32\SspiCli.dll
0x00007ff9980e0000 - 0x00007ff998134000 	C:\Windows\system32\SHLWAPI.dll
0x00007ff998380000 - 0x00007ff9984f7000 	C:\Windows\system32\USER32.dll
0x00007ff997df0000 - 0x00007ff997f84000 	C:\Windows\system32\ole32.dll
0x00007ff998980000 - 0x00007ff999ea8000 	C:\Windows\system32\SHELL32.dll
0x00007ff996810000 - 0x00007ff996831000 	C:\Windows\SYSTEM32\USERENV.dll
0x00007ff999eb0000 - 0x00007ff999f5a000 	C:\Windows\system32\ADVAPI32.dll
0x00007ff98acd0000 - 0x00007ff98acee000 	C:\Windows\SYSTEM32\MPR.dll
0x00007ff999f60000 - 0x00007ff99a0a0000 	C:\Windows\system32\RPCRT4.dll
0x00007ff997d90000 - 0x00007ff997de9000 	C:\Windows\SYSTEM32\sechost.dll
0x00007ff997b70000 - 0x00007ff997d81000 	C:\Windows\SYSTEM32\combase.dll
0x00007ff997f90000 - 0x00007ff9980df000 	C:\Windows\system32\GDI32.dll
0x00007ff9971c0000 - 0x00007ff9971d5000 	C:\Windows\SYSTEM32\profapi.dll
0x00007ff995a70000 - 0x00007ff995b22000 	C:\Windows\SYSTEM32\SHCORE.dll
0x00007ff997a70000 - 0x00007ff997aa6000 	C:\Windows\system32\IMM32.DLL
0x00007ff997720000 - 0x00007ff997872000 	C:\Windows\system32\MSCTF.dll
0x00007ff994cb0000 - 0x00007ff994f2b000 	C:\Windows\WinSxS\amd64_microsoft.windows.common-controls_6595b64144ccf1df_6.0.9600.18006_none_623f33d3ecbe86e8\COMCTL32.dll
0x000000006f6e0000 - 0x000000006f7b2000 	C:\Program Files\Java\jdk1.8.0\jre\bin\msvcr100.dll
0x000000006e0f0000 - 0x000000006e91a000 	C:\Program Files\Java\jdk1.8.0\jre\bin\server\jvm.dll
0x00007ff995de0000 - 0x00007ff995de9000 	C:\Windows\SYSTEM32\WSOCK32.dll
0x00007ff9924b0000 - 0x00007ff9924d2000 	C:\Windows\SYSTEM32\WINMM.dll
0x00007ff998370000 - 0x00007ff998377000 	C:\Windows\system32\PSAPI.DLL
0x00007ff9982f0000 - 0x00007ff99834a000 	C:\Windows\system32\WS2_32.dll
0x00007ff992480000 - 0x00007ff9924aa000 	C:\Windows\SYSTEM32\WINMMBASE.dll
0x00007ff9987b0000 - 0x00007ff9987b9000 	C:\Windows\system32\NSI.dll
0x00007ff9976a0000 - 0x00007ff9976ef000 	C:\Windows\SYSTEM32\cfgmgr32.dll
0x00007ff996010000 - 0x00007ff996038000 	C:\Windows\SYSTEM32\DEVOBJ.dll
0x0000000070300000 - 0x000000007030f000 	C:\Program Files\Java\jdk1.8.0\jre\bin\verify.dll
0x000000006ecc0000 - 0x000000006ece8000 	C:\Program Files\Java\jdk1.8.0\jre\bin\java.dll
0x000000006ebb0000 - 0x000000006ebc6000 	C:\Program Files\Java\jdk1.8.0\jre\bin\zip.dll

VM Arguments:
jvm_args: -Djava.awt.headless=true -Xmx1024M -Dfile.encoding=windows-1252 -Duser.country=US -Duser.language=en -Duser.variant 
java_command: com.android.dx.command.Main --dex --force-jumbo --num-threads=4 --multi-dex --output D:\Aswathy\AswathyApps\AswathyApps\HomePlus\app\build\intermediates\transforms\dex\debug\folders\1000\2\YouTubeAndroidPlayerApi_67ba41c0bbb58c6052e73181176e85d7380255cd D:\Aswathy\AswathyApps\AswathyApps\HomePlus\app\libs\YouTubeAndroidPlayerApi.jar
java_class_path (initial): D:\TOOLS\android-sdk\build-tools\24.0.1\lib\dx.jar
Launcher Type: SUN_STANDARD

Environment Variables:
PATH=C:\ProgramData\Oracle\Java\javapath;C:\Windows\System32;C:\Program Files\nodejs\;C:\ProgramData\Oracle\Java\javapath;C:\Windows\System32;C:\Program Files\nodejs\;C:\ProgramData\Oracle\Java\javapath;C:\Windows\System32;C:\Program Files\nodejs\;C:\Windows\System32;D:\TOOLS\android-sdk\tools;D:\TOOLS\android-sdk\platform-tools;C:\Users\sandeepandroid\AppData\Roaming\npm;C:\Program Files\TortoiseGit\bin;C:\Program Files (x86)\Skype\Phone\;D:\TOOLS\android-sdk\tools;D:\TOOLS\android-sdk\platform-tools;C:\Users\sandeepandroid\AppData\Roaming\npm;C:\Program Files\TortoiseGit\bin;C:\Program Files (x86)\Skype\Phone\;D:\TOOLS\android-sdk\tools;D:\TOOLS\android-sdk\platform-tools;C:\Users\sandeepandroid\AppData\Roaming\npm;C:\Program Files\TortoiseGit\bin;C:\Program Files (x86)\Skype\Phone\;C:\Program Files (x86)\Mozilla Firefox;C:\ProgramData\Oracle\Java\javapath;C:\Windows\System32;C:\Program Files\nodejs\;C:\ProgramData\Oracle\Java\javapath;C:\Windows\System32;C:\Program Files\nodejs\;C:\ProgramData\Oracle\Java\javapath;C:\Windows\System32;C:\Program Files\nodejs\;C:\Windows\System32;D:\TOOLS\android-sdk\tools;D:\TOOLS\android-sdk\platform-tools;C:\Users\sandeepandroid\AppData\Roaming\npm;C:\Program Files (x86)\Skype\Phone\;C:\Program Files\TortoiseGit\bin;D:\TOOLS\android-sdk\tools;D:\TOOLS\android-sdk\platform-tools;C:\Users\sandeepandroid\AppData\Roaming\npm;C:\Program Files (x86)\Skype\Phone\;C:\Program Files\TortoiseGit\bin;D:\TOOLS\android-sdk\tools;D:\TOOLS\android-sdk\platform-tools;C:\Users\sandeepandroid\AppData\Roaming\npm;C:\Program Files (x86)\Skype\Phone\;C:\Program Files\TortoiseGit\bin
USERNAME=JijoCJ
OS=Windows_NT
PROCESSOR_IDENTIFIER=Intel64 Family 6 Model 58 Stepping 9, GenuineIntel



---------------  S Y S T E M  ---------------

OS: Windows 8.1 , 64 bit Build 9600 

CPU:total 8 (4 cores per cpu, 2 threads per core) family 6 model 58 stepping 9, cmov, cx8, fxsr, mmx, sse, sse2, sse3, ssse3, sse4.1, sse4.2, popcnt, avx, aes, clmul, erms, ht, tsc, tscinvbit

Memory: 4k page, physical 8353172k(1063596k free), swap 11498900k(5240k free)

vm_info: Java HotSpot(TM) 64-Bit Server VM (25.0-b70) for windows-amd64 JRE (1.8.0-b132), built on Mar  4 2014 03:46:18 by "java_re" with MS VC++ 10.0 (VS2010)

time: Wed Jan 11 12:58:56 2017
elapsed time: 1 seconds

