#
# There is insufficient memory for the Java Runtime Environment to continue.
# Native memory allocation (malloc) failed to allocate 8192 bytes for AllocateHeap
# Possible reasons:
#   The system is out of physical RAM or swap space
#   In 32 bit mode, the process size limit was hit
# Possible solutions:
#   Reduce memory load on the system
#   Increase physical memory or swap space
#   Check if swap backing store is full
#   Use 64 bit Java on a 64 bit OS
#   Decrease Java heap size (-Xmx/-Xms)
#   Decrease number of Java threads
#   Decrease Java thread stack sizes (-Xss)
#   Set larger code cache with -XX:ReservedCodeCacheSize=
# This output file may be truncated or incomplete.
#
#  Out of Memory Error (memory/allocation.inline.hpp:62), pid=8428, tid=5236
#
# JRE version:  (8.0-b132) (build )
# Java VM: Java HotSpot(TM) 64-Bit Server VM (25.0-b70 mixed mode windows-amd64 compressed oops)
# Failed to write core dump. Minidumps are not enabled by default on client versions of Windows
#

---------------  T H R E A D  ---------------

Current thread (0x0000000001fbd800):  JavaThread "main" [_thread_in_vm, id=5236, stack(0x00000000020a0000,0x00000000021a0000)]

Stack: [0x00000000020a0000,0x00000000021a0000]
Native frames: (J=compiled Java code, j=interpreted, Vv=VM code, C=native code)
V  [jvm.dll+0x308e0a]

Java frames: (J=compiled Java code, j=interpreted, Vv=VM code)
j  java.lang.Throwable.<clinit>()V+23
v  ~StubRoutines::call_stub
j  java.lang.Thread.start0()V+0
j  java.lang.Thread.start()V+26
j  java.lang.ref.Reference.<clinit>()V+61
v  ~StubRoutines::call_stub

---------------  P R O C E S S  ---------------

Java Threads: ( => current thread )
=>0x0000000001fbd800 JavaThread "main" [_thread_in_vm, id=5236, stack(0x00000000020a0000,0x00000000021a0000)]

Other Threads:
  0x0000000014db8800 VMThread [stack: 0x0000000016aa0000,0x0000000016ba0000] [id=7484]

VM state:not at safepoint (normal execution)

VM Mutex/Monitor currently owned by a thread:  ([mutex/lock_event])
[0x0000000001fbc460] SymbolTable_lock - owner thread: 0x0000000001fbd800

Heap:
 PSYoungGen      total 1024K, used 30K [0x00000000eab00000, 0x00000000eac80000, 0x0000000100000000)
  eden space 512K, 6% used [0x00000000eab00000,0x00000000eab07be8,0x00000000eab80000)
  from space 512K, 0% used [0x00000000eac00000,0x00000000eac00000,0x00000000eac80000)
  to   space 512K, 0% used [0x00000000eab80000,0x00000000eab80000,0x00000000eac00000)
 ParOldGen       total 129536K, used 0K [0x00000000c0000000, 0x00000000c7e80000, 0x00000000eab00000)
  object space 129536K, 0% used [0x00000000c0000000,0x00000000c0000000,0x00000000c7e80000)
 Metaspace       used 815K, capacity 4480K, committed 4480K, reserved 1056768K
  class space    used 85K, capacity 384K, committed 384K, reserved 1048576K

Card table byte_map: [0x0000000011660000,0x0000000011870000] byte_map_base: 0x0000000011060000

Marking Bits: (ParMarkBitMap*) 0x000000006e8a13b0
 Begin Bits: [0x00000000121d0000, 0x00000000131d0000)
 End Bits:   [0x00000000131d0000, 0x00000000141d0000)

Polling page: 0x0000000000990000

CodeCache: size=245760Kb used=395Kb max_used=395Kb free=245365Kb
 bounds [0x00000000022a0000, 0x0000000002510000, 0x00000000112a0000]
 total_blobs=85 nmethods=0 adapters=60
 compilation: enabled

Compilation events (0 events):
No events

GC Heap History (0 events):
No events

Deoptimization events (0 events):
No events

Internal exceptions (0 events):
No events

Events (10 events):
Event: 0.072 loading class java/util/Vector done
Event: 0.072 loading class java/util/Stack
Event: 0.072 loading class java/util/Stack done
Event: 0.072 loading class sun/reflect/ReflectionFactory
Event: 0.072 loading class sun/reflect/ReflectionFactory done
Event: 0.072 loading class java/lang/ref/Reference$Lock
Event: 0.073 loading class java/lang/ref/Reference$Lock done
Event: 0.073 loading class java/lang/ref/Reference$ReferenceHandler
Event: 0.073 loading class java/lang/ref/Reference$ReferenceHandler done
Event: 0.073 loading class java/util/ArrayList


Dynamic libraries:
0x00007ff7e1730000 - 0x00007ff7e1764000 	C:\Program Files\Java\jdk1.8.0\bin\java.exe
0x00007ff99a0a0000 - 0x00007ff99a24d000 	C:\Windows\SYSTEM32\ntdll.dll
0x00007ff998140000 - 0x00007ff99827e000 	C:\Windows\system32\KERNEL32.DLL
0x00007ff997290000 - 0x00007ff9973a5000 	C:\Windows\system32\KERNELBASE.dll
0x00007ff9957e0000 - 0x00007ff99586e000 	C:\Windows\system32\apphelp.dll
0x00007ff988cf0000 - 0x00007ff988d43000 	C:\Windows\AppPatch\AppPatch64\AcGenral.DLL
0x00007ff9979c0000 - 0x00007ff997a6a000 	C:\Windows\system32\msvcrt.dll
0x00007ff9976f0000 - 0x00007ff99771e000 	C:\Windows\system32\SspiCli.dll
0x00007ff9980e0000 - 0x00007ff998134000 	C:\Windows\system32\SHLWAPI.dll
0x00007ff998380000 - 0x00007ff9984f7000 	C:\Windows\system32\USER32.dll
0x00007ff997df0000 - 0x00007ff997f84000 	C:\Windows\system32\ole32.dll
0x00007ff998980000 - 0x00007ff999ea8000 	C:\Windows\system32\SHELL32.dll
0x00007ff996810000 - 0x00007ff996831000 	C:\Windows\SYSTEM32\USERENV.dll
0x00007ff999eb0000 - 0x00007ff999f5a000 	C:\Windows\system32\ADVAPI32.dll
0x00007ff98acd0000 - 0x00007ff98acee000 	C:\Windows\SYSTEM32\MPR.dll
0x00007ff999f60000 - 0x00007ff99a0a0000 	C:\Windows\system32\RPCRT4.dll
0x00007ff997d90000 - 0x00007ff997de9000 	C:\Windows\SYSTEM32\sechost.dll
0x00007ff997b70000 - 0x00007ff997d81000 	C:\Windows\SYSTEM32\combase.dll
0x00007ff997f90000 - 0x00007ff9980df000 	C:\Windows\system32\GDI32.dll
0x00007ff9971c0000 - 0x00007ff9971d5000 	C:\Windows\SYSTEM32\profapi.dll
0x00007ff995a70000 - 0x00007ff995b22000 	C:\Windows\SYSTEM32\SHCORE.dll
0x00007ff997a70000 - 0x00007ff997aa6000 	C:\Windows\system32\IMM32.DLL
0x00007ff997720000 - 0x00007ff997872000 	C:\Windows\system32\MSCTF.dll
0x00007ff994cb0000 - 0x00007ff994f2b000 	C:\Windows\WinSxS\amd64_microsoft.windows.common-controls_6595b64144ccf1df_6.0.9600.18006_none_623f33d3ecbe86e8\COMCTL32.dll
0x000000006f6e0000 - 0x000000006f7b2000 	C:\Program Files\Java\jdk1.8.0\jre\bin\msvcr100.dll
0x000000006e0f0000 - 0x000000006e91a000 	C:\Program Files\Java\jdk1.8.0\jre\bin\server\jvm.dll
0x00007ff995de0000 - 0x00007ff995de9000 	C:\Windows\SYSTEM32\WSOCK32.dll
0x00007ff9924b0000 - 0x00007ff9924d2000 	C:\Windows\SYSTEM32\WINMM.dll
0x00007ff998370000 - 0x00007ff998377000 	C:\Windows\system32\PSAPI.DLL
0x00007ff9982f0000 - 0x00007ff99834a000 	C:\Windows\system32\WS2_32.dll
0x00007ff992480000 - 0x00007ff9924aa000 	C:\Windows\SYSTEM32\WINMMBASE.dll
0x00007ff9987b0000 - 0x00007ff9987b9000 	C:\Windows\system32\NSI.dll
0x00007ff9976a0000 - 0x00007ff9976ef000 	C:\Windows\SYSTEM32\cfgmgr32.dll
0x00007ff996010000 - 0x00007ff996038000 	C:\Windows\SYSTEM32\DEVOBJ.dll
0x0000000070300000 - 0x000000007030f000 	C:\Program Files\Java\jdk1.8.0\jre\bin\verify.dll
0x000000006ecc0000 - 0x000000006ece8000 	C:\Program Files\Java\jdk1.8.0\jre\bin\java.dll
0x000000006ebb0000 - 0x000000006ebc6000 	C:\Program Files\Java\jdk1.8.0\jre\bin\zip.dll

VM Arguments:
jvm_args: -Djava.awt.headless=true -Xmx1024M -Dfile.encoding=windows-1252 -Duser.country=US -Duser.language=en -Duser.variant 
java_command: com.android.dx.command.Main --dex --force-jumbo --num-threads=4 --multi-dex --output D:\Aswathy\AswathyApps\AswathyApps\HomePlus\app\build\intermediates\transforms\dex\debug\folders\1000\5\slice_0 D:\Aswathy\AswathyApps\AswathyApps\HomePlus\app\build\intermediates\transforms\instantRunSlicer\debug\folders\1\5\slice_0
java_class_path (initial): D:\TOOLS\android-sdk\build-tools\24.0.1\lib\dx.jar
Launcher Type: SUN_STANDARD

Environment Variables:
PATH=C:\ProgramData\Oracle\Java\javapath;C:\Windows\System32;C:\Program Files\nodejs\;C:\ProgramData\Oracle\Java\javapath;C:\Windows\System32;C:\Program Files\nodejs\;C:\ProgramData\Oracle\Java\javapath;C:\Windows\System32;C:\Program Files\nodejs\;C:\Windows\System32;D:\TOOLS\android-sdk\tools;D:\TOOLS\android-sdk\platform-tools;C:\Users\sandeepandroid\AppData\Roaming\npm;C:\Program Files\TortoiseGit\bin;C:\Program Files (x86)\Skype\Phone\;D:\TOOLS\android-sdk\tools;D:\TOOLS\android-sdk\platform-tools;C:\Users\sandeepandroid\AppData\Roaming\npm;C:\Program Files\TortoiseGit\bin;C:\Program Files (x86)\Skype\Phone\;D:\TOOLS\android-sdk\tools;D:\TOOLS\android-sdk\platform-tools;C:\Users\sandeepandroid\AppData\Roaming\npm;C:\Program Files\TortoiseGit\bin;C:\Program Files (x86)\Skype\Phone\;C:\Program Files (x86)\Mozilla Firefox;C:\ProgramData\Oracle\Java\javapath;C:\Windows\System32;C:\Program Files\nodejs\;C:\ProgramData\Oracle\Java\javapath;C:\Windows\System32;C:\Program Files\nodejs\;C:\ProgramData\Oracle\Java\javapath;C:\Windows\System32;C:\Program Files\nodejs\;C:\Windows\System32;D:\TOOLS\android-sdk\tools;D:\TOOLS\android-sdk\platform-tools;C:\Users\sandeepandroid\AppData\Roaming\npm;C:\Program Files (x86)\Skype\Phone\;C:\Program Files\TortoiseGit\bin;D:\TOOLS\android-sdk\tools;D:\TOOLS\android-sdk\platform-tools;C:\Users\sandeepandroid\AppData\Roaming\npm;C:\Program Files (x86)\Skype\Phone\;C:\Program Files\TortoiseGit\bin;D:\TOOLS\android-sdk\tools;D:\TOOLS\android-sdk\platform-tools;C:\Users\sandeepandroid\AppData\Roaming\npm;C:\Program Files (x86)\Skype\Phone\;C:\Program Files\TortoiseGit\bin
USERNAME=JijoCJ
OS=Windows_NT
PROCESSOR_IDENTIFIER=Intel64 Family 6 Model 58 Stepping 9, GenuineIntel



---------------  S Y S T E M  ---------------

OS: Windows 8.1 , 64 bit Build 9600 

CPU:total 8 (4 cores per cpu, 2 threads per core) family 6 model 58 stepping 9, cmov, cx8, fxsr, mmx, sse, sse2, sse3, ssse3, sse4.1, sse4.2, popcnt, avx, aes, clmul, erms, ht, tsc, tscinvbit

Memory: 4k page, physical 8353172k(980440k free), swap 11498900k(4980k free)

vm_info: Java HotSpot(TM) 64-Bit Server VM (25.0-b70) for windows-amd64 JRE (1.8.0-b132), built on Mar  4 2014 03:46:18 by "java_re" with MS VC++ 10.0 (VS2010)

time: Wed Jan 11 13:01:18 2017
elapsed time: 0 seconds

