#
# There is insufficient memory for the Java Runtime Environment to continue.
# Native memory allocation (malloc) failed to allocate 32784 bytes for Chunk::new
# Possible reasons:
#   The system is out of physical RAM or swap space
#   In 32 bit mode, the process size limit was hit
# Possible solutions:
#   Reduce memory load on the system
#   Increase physical memory or swap space
#   Check if swap backing store is full
#   Use 64 bit Java on a 64 bit OS
#   Decrease Java heap size (-Xmx/-Xms)
#   Decrease number of Java threads
#   Decrease Java thread stack sizes (-Xss)
#   Set larger code cache with -XX:ReservedCodeCacheSize=
# This output file may be truncated or incomplete.
#
#  Out of Memory Error (allocation.cpp:388), pid=2236, tid=1888
#
# JRE version: Java(TM) SE Runtime Environment (8.0-b132) (build 1.8.0-b132)
# Java VM: Java HotSpot(TM) 64-Bit Server VM (25.0-b70 mixed mode windows-amd64 compressed oops)
# Failed to write core dump. Minidumps are not enabled by default on client versions of Windows
#

---------------  T H R E A D  ---------------

Current thread (0x00000000169b6000):  JavaThread "C2 CompilerThread0" daemon [_thread_in_native, id=1888, stack(0x0000000016f90000,0x0000000017090000)]

Stack: [0x0000000016f90000,0x0000000017090000]
Native frames: (J=compiled Java code, j=interpreted, Vv=VM code, C=native code)
V  [jvm.dll+0x308e0a]
V  [jvm.dll+0x25df11]
V  [jvm.dll+0x25eb2f]
V  [jvm.dll+0x256505]
V  [jvm.dll+0xbcff5]
V  [jvm.dll+0xbd48c]
V  [jvm.dll+0xbd734]
V  [jvm.dll+0x4bea90]
V  [jvm.dll+0x49725e]
V  [jvm.dll+0x498663]
V  [jvm.dll+0x498931]
V  [jvm.dll+0x499010]
V  [jvm.dll+0x49920f]
V  [jvm.dll+0x499223]
V  [jvm.dll+0x499223]
V  [jvm.dll+0x499223]
V  [jvm.dll+0x48e6b1]
V  [jvm.dll+0x442484]
V  [jvm.dll+0x44368b]
V  [jvm.dll+0x427552]
V  [jvm.dll+0x96732]
V  [jvm.dll+0x96f23]
V  [jvm.dll+0x2232e4]
V  [jvm.dll+0x27baea]
C  [msvcr100.dll+0x21d9f]
C  [msvcr100.dll+0x21e3b]
C  [KERNEL32.DLL+0x13d2]
C  [ntdll.dll+0x154e4]


Current CompileTask:
C2:   2038 1768       4       com.android.dx.rop.type.Prototype::withFirstParameter (68 bytes)


---------------  P R O C E S S  ---------------

Java Threads: ( => current thread )
  0x00000000175a5000 JavaThread "pool-2-thread-4" [_thread_blocked, id=8900, stack(0x0000000018190000,0x0000000018290000)]
  0x00000000175a2000 JavaThread "pool-2-thread-3" [_thread_in_Java, id=5696, stack(0x0000000018090000,0x0000000018190000)]
  0x0000000016d43000 JavaThread "pool-2-thread-2" [_thread_blocked, id=6124, stack(0x0000000017f90000,0x0000000018090000)]
  0x0000000016cc3800 JavaThread "pool-3-thread-1" [_thread_blocked, id=3360, stack(0x0000000017e90000,0x0000000017f90000)]
  0x0000000016d27000 JavaThread "pool-2-thread-1" [_thread_blocked, id=7988, stack(0x0000000017d90000,0x0000000017e90000)]
  0x0000000016a1b000 JavaThread "Service Thread" daemon [_thread_blocked, id=8392, stack(0x0000000017390000,0x0000000017490000)]
  0x0000000016a11000 JavaThread "C1 CompilerThread3" daemon [_thread_blocked, id=7796, stack(0x0000000017290000,0x0000000017390000)]
  0x0000000016a0f800 JavaThread "C2 CompilerThread2" daemon [_thread_in_native, id=3880, stack(0x0000000017190000,0x0000000017290000)]
  0x0000000016a0c000 JavaThread "C2 CompilerThread1" daemon [_thread_in_native, id=2060, stack(0x0000000017090000,0x0000000017190000)]
=>0x00000000169b6000 JavaThread "C2 CompilerThread0" daemon [_thread_in_native, id=1888, stack(0x0000000016f90000,0x0000000017090000)]
  0x00000000169b5000 JavaThread "Attach Listener" daemon [_thread_blocked, id=5444, stack(0x0000000016e90000,0x0000000016f90000)]
  0x00000000169b4800 JavaThread "Signal Dispatcher" daemon [_thread_blocked, id=4508, stack(0x0000000016d90000,0x0000000016e90000)]
  0x0000000001ea7800 JavaThread "Finalizer" daemon [_thread_blocked, id=5496, stack(0x0000000016890000,0x0000000016990000)]
  0x00000000149cc800 JavaThread "Reference Handler" daemon [_thread_blocked, id=9300, stack(0x0000000016790000,0x0000000016890000)]
  0x0000000001c9d800 JavaThread "main" [_thread_blocked, id=4616, stack(0x0000000001cb0000,0x0000000001db0000)]

Other Threads:
  0x00000000149c8800 VMThread [stack: 0x0000000016690000,0x0000000016790000] [id=728]
  0x0000000016a1d000 WatcherThread [stack: 0x0000000017490000,0x0000000017590000] [id=6880]

VM state:not at safepoint (normal execution)

VM Mutex/Monitor currently owned by a thread: None

Heap:
 PSYoungGen      total 29184K, used 13333K [0x00000000eab00000, 0x00000000ed680000, 0x0000000100000000)
  eden space 25088K, 38% used [0x00000000eab00000,0x00000000eb455518,0x00000000ec380000)
  from space 4096K, 92% used [0x00000000ec380000,0x00000000ec730010,0x00000000ec780000)
  to   space 4608K, 0% used [0x00000000ed200000,0x00000000ed200000,0x00000000ed680000)
 ParOldGen       total 129536K, used 13250K [0x00000000c0000000, 0x00000000c7e80000, 0x00000000eab00000)
  object space 129536K, 10% used [0x00000000c0000000,0x00000000c0cf0980,0x00000000c7e80000)
 Metaspace       used 5914K, capacity 6960K, committed 7040K, reserved 1056768K
  class space    used 586K, capacity 616K, committed 640K, reserved 1048576K

Card table byte_map: [0x0000000011270000,0x0000000011480000] byte_map_base: 0x0000000010c70000

Marking Bits: (ParMarkBitMap*) 0x000000006e8a13b0
 Begin Bits: [0x0000000011de0000, 0x0000000012de0000)
 End Bits:   [0x0000000012de0000, 0x0000000013de0000)

Polling page: 0x00000000003a0000

CodeCache: size=245760Kb used=6766Kb max_used=6766Kb free=238993Kb
 bounds [0x0000000001eb0000, 0x0000000002560000, 0x0000000010eb0000]
 total_blobs=2033 nmethods=1769 adapters=177
 compilation: enabled

Compilation events (10 events):
Event: 1.962 Thread 0x0000000016a11000 1770       3       com.android.dx.dex.file.AnnotationUtils::makeThrows (40 bytes)
Event: 1.962 Thread 0x0000000016a11000 nmethod 1770 0x000000000251e8d0 code [0x000000000251eaa0, 0x000000000251f148]
Event: 1.976 Thread 0x00000000169b6000 nmethod 1766 0x000000000254ddd0 code [0x000000000254dfc0, 0x000000000254ebc0]
Event: 1.976 Thread 0x00000000169b6000 1771       4       com.android.dx.ssa.PhiInsn::getSources (95 bytes)
Event: 1.983 Thread 0x00000000169b6000 nmethod 1771 0x000000000251e0d0 code [0x000000000251e240, 0x000000000251e638]
Event: 1.983 Thread 0x00000000169b6000 1767       4       com.android.dx.rop.type.StdTypeList::withFirst (53 bytes)
Event: 1.987 Thread 0x00000000169b6000 nmethod 1767 0x0000000002524d50 code [0x0000000002524ea0, 0x0000000002525158]
Event: 1.987 Thread 0x00000000169b6000 1769       4       com.android.dx.rop.code.PlainCstInsn::accept (8 bytes)
Event: 1.987 Thread 0x00000000169b6000 nmethod 1769 0x00000000025253d0 code [0x0000000002525500, 0x0000000002525578]
Event: 1.987 Thread 0x00000000169b6000 1768       4       com.android.dx.rop.type.Prototype::withFirstParameter (68 bytes)

GC Heap History (10 events):
Event: 0.855 GC heap before
{Heap before GC invocations=13 (full 0):
 PSYoungGen      total 12288K, used 11168K [0x00000000eab00000, 0x00000000eb900000, 0x0000000100000000)
  eden space 10240K, 100% used [0x00000000eab00000,0x00000000eb500000,0x00000000eb500000)
  from space 2048K, 45% used [0x00000000eb700000,0x00000000eb7e8000,0x00000000eb900000)
  to   space 2048K, 0% used [0x00000000eb500000,0x00000000eb500000,0x00000000eb700000)
 ParOldGen       total 129536K, used 4271K [0x00000000c0000000, 0x00000000c7e80000, 0x00000000eab00000)
  object space 129536K, 3% used [0x00000000c0000000,0x00000000c042bcf0,0x00000000c7e80000)
 Metaspace       used 5717K, capacity 6768K, committed 7040K, reserved 1056768K
  class space    used 582K, capacity 616K, committed 640K, reserved 1048576K
Event: 0.869 GC heap after
Heap after GC invocations=13 (full 0):
 PSYoungGen      total 12288K, used 1600K [0x00000000eab00000, 0x00000000ebf00000, 0x0000000100000000)
  eden space 10240K, 0% used [0x00000000eab00000,0x00000000eab00000,0x00000000eb500000)
  from space 2048K, 78% used [0x00000000eb500000,0x00000000eb690000,0x00000000eb700000)
  to   space 2048K, 0% used [0x00000000ebd00000,0x00000000ebd00000,0x00000000ebf00000)
 ParOldGen       total 129536K, used 5071K [0x00000000c0000000, 0x00000000c7e80000, 0x00000000eab00000)
  object space 129536K, 3% used [0x00000000c0000000,0x00000000c04f3d00,0x00000000c7e80000)
 Metaspace       used 5717K, capacity 6768K, committed 7040K, reserved 1056768K
  class space    used 582K, capacity 616K, committed 640K, reserved 1048576K
}
Event: 0.926 GC heap before
{Heap before GC invocations=14 (full 0):
 PSYoungGen      total 12288K, used 11840K [0x00000000eab00000, 0x00000000ebf00000, 0x0000000100000000)
  eden space 10240K, 100% used [0x00000000eab00000,0x00000000eb500000,0x00000000eb500000)
  from space 2048K, 78% used [0x00000000eb500000,0x00000000eb690000,0x00000000eb700000)
  to   space 2048K, 0% used [0x00000000ebd00000,0x00000000ebd00000,0x00000000ebf00000)
 ParOldGen       total 129536K, used 5071K [0x00000000c0000000, 0x00000000c7e80000, 0x00000000eab00000)
  object space 129536K, 3% used [0x00000000c0000000,0x00000000c04f3d00,0x00000000c7e80000)
 Metaspace       used 5750K, capacity 6832K, committed 7040K, reserved 1056768K
  class space    used 583K, capacity 616K, committed 640K, reserved 1048576K
Event: 0.933 GC heap after
Heap after GC invocations=14 (full 0):
 PSYoungGen      total 17920K, used 2046K [0x00000000eab00000, 0x00000000ec000000, 0x0000000100000000)
  eden space 15872K, 0% used [0x00000000eab00000,0x00000000eab00000,0x00000000eba80000)
  from space 2048K, 99% used [0x00000000ebd00000,0x00000000ebeffa88,0x00000000ebf00000)
  to   space 2560K, 0% used [0x00000000eba80000,0x00000000eba80000,0x00000000ebd00000)
 ParOldGen       total 129536K, used 6495K [0x00000000c0000000, 0x00000000c7e80000, 0x00000000eab00000)
  object space 129536K, 5% used [0x00000000c0000000,0x00000000c0657d10,0x00000000c7e80000)
 Metaspace       used 5750K, capacity 6832K, committed 7040K, reserved 1056768K
  class space    used 583K, capacity 616K, committed 640K, reserved 1048576K
}
Event: 1.048 GC heap before
{Heap before GC invocations=15 (full 0):
 PSYoungGen      total 17920K, used 17918K [0x00000000eab00000, 0x00000000ec000000, 0x0000000100000000)
  eden space 15872K, 100% used [0x00000000eab00000,0x00000000eba80000,0x00000000eba80000)
  from space 2048K, 99% used [0x00000000ebd00000,0x00000000ebeffa88,0x00000000ebf00000)
  to   space 2560K, 0% used [0x00000000eba80000,0x00000000eba80000,0x00000000ebd00000)
 ParOldGen       total 129536K, used 6495K [0x00000000c0000000, 0x00000000c7e80000, 0x00000000eab00000)
  object space 129536K, 5% used [0x00000000c0000000,0x00000000c0657d10,0x00000000c7e80000)
 Metaspace       used 5820K, capacity 6896K, committed 7040K, reserved 1056768K
  class space    used 583K, capacity 616K, committed 640K, reserved 1048576K
Event: 1.117 GC heap after
Heap after GC invocations=15 (full 0):
 PSYoungGen      total 18432K, used 2560K [0x00000000eab00000, 0x00000000ecb00000, 0x0000000100000000)
  eden space 15872K, 0% used [0x00000000eab00000,0x00000000eab00000,0x00000000eba80000)
  from space 2560K, 100% used [0x00000000eba80000,0x00000000ebd00000,0x00000000ebd00000)
  to   space 3584K, 0% used [0x00000000ec780000,0x00000000ec780000,0x00000000ecb00000)
 ParOldGen       total 129536K, used 8578K [0x00000000c0000000, 0x00000000c7e80000, 0x00000000eab00000)
  object space 129536K, 6% used [0x00000000c0000000,0x00000000c0860b60,0x00000000c7e80000)
 Metaspace       used 5820K, capacity 6896K, committed 7040K, reserved 1056768K
  class space    used 583K, capacity 616K, committed 640K, reserved 1048576K
}
Event: 1.253 GC heap before
{Heap before GC invocations=16 (full 0):
 PSYoungGen      total 18432K, used 18432K [0x00000000eab00000, 0x00000000ecb00000, 0x0000000100000000)
  eden space 15872K, 100% used [0x00000000eab00000,0x00000000eba80000,0x00000000eba80000)
  from space 2560K, 100% used [0x00000000eba80000,0x00000000ebd00000,0x00000000ebd00000)
  to   space 3584K, 0% used [0x00000000ec780000,0x00000000ec780000,0x00000000ecb00000)
 ParOldGen       total 129536K, used 8578K [0x00000000c0000000, 0x00000000c7e80000, 0x00000000eab00000)
  object space 129536K, 6% used [0x00000000c0000000,0x00000000c0860b60,0x00000000c7e80000)
 Metaspace       used 5850K, capacity 6896K, committed 7040K, reserved 1056768K
  class space    used 583K, capacity 616K, committed 640K, reserved 1048576K
Event: 1.358 GC heap after
Heap after GC invocations=16 (full 0):
 PSYoungGen      total 28672K, used 2880K [0x00000000eab00000, 0x00000000ecc00000, 0x0000000100000000)
  eden space 25088K, 0% used [0x00000000eab00000,0x00000000eab00000,0x00000000ec380000)
  from space 3584K, 80% used [0x00000000ec780000,0x00000000eca50000,0x00000000ecb00000)
  to   space 4096K, 0% used [0x00000000ec380000,0x00000000ec380000,0x00000000ec780000)
 ParOldGen       total 129536K, used 10704K [0x00000000c0000000, 0x00000000c7e80000, 0x00000000eab00000)
  object space 129536K, 8% used [0x00000000c0000000,0x00000000c0a74190,0x00000000c7e80000)
 Metaspace       used 5850K, capacity 6896K, committed 7040K, reserved 1056768K
  class space    used 583K, capacity 616K, committed 640K, reserved 1048576K
}
Event: 1.650 GC heap before
{Heap before GC invocations=17 (full 0):
 PSYoungGen      total 28672K, used 27968K [0x00000000eab00000, 0x00000000ecc00000, 0x0000000100000000)
  eden space 25088K, 100% used [0x00000000eab00000,0x00000000ec380000,0x00000000ec380000)
  from space 3584K, 80% used [0x00000000ec780000,0x00000000eca50000,0x00000000ecb00000)
  to   space 4096K, 0% used [0x00000000ec380000,0x00000000ec380000,0x00000000ec780000)
 ParOldGen       total 129536K, used 10704K [0x00000000c0000000, 0x00000000c7e80000, 0x00000000eab00000)
  object space 129536K, 8% used [0x00000000c0000000,0x00000000c0a74190,0x00000000c7e80000)
 Metaspace       used 5894K, capacity 6896K, committed 7040K, reserved 1056768K
  class space    used 584K, capacity 616K, committed 640K, reserved 1048576K
Event: 1.770 GC heap after
Heap after GC invocations=17 (full 0):
 PSYoungGen      total 29184K, used 3776K [0x00000000eab00000, 0x00000000ed680000, 0x0000000100000000)
  eden space 25088K, 0% used [0x00000000eab00000,0x00000000eab00000,0x00000000ec380000)
  from space 4096K, 92% used [0x00000000ec380000,0x00000000ec730010,0x00000000ec780000)
  to   space 4608K, 0% used [0x00000000ed200000,0x00000000ed200000,0x00000000ed680000)
 ParOldGen       total 129536K, used 13250K [0x00000000c0000000, 0x00000000c7e80000, 0x00000000eab00000)
  object space 129536K, 10% used [0x00000000c0000000,0x00000000c0cf0980,0x00000000c7e80000)
 Metaspace       used 5894K, capacity 6896K, committed 7040K, reserved 1056768K
  class space    used 584K, capacity 616K, committed 640K, reserved 1048576K
}

Deoptimization events (6 events):
Event: 0.922 Thread 0x0000000016d27000 Uncommon trap: reason=unreached action=reinterpret pc=0x00000000021e7edc method=com.android.dx.ssa.SsaMethod.updateOneDefinition(Lcom/android/dx/ssa/SsaInsn;Lcom/android/dx/rop/code/RegisterSpec;)V @ 4
Event: 1.124 Thread 0x00000000175a5000 Uncommon trap: reason=class_check action=maybe_recompile pc=0x00000000023b27a8 method=com.android.dx.ssa.SsaMethod.isRegALocal(Lcom/android/dx/rop/code/RegisterSpec;)Z @ 16
Event: 1.124 Thread 0x00000000175a5000 Uncommon trap: reason=class_check action=maybe_recompile pc=0x00000000023b27a8 method=com.android.dx.ssa.SsaMethod.isRegALocal(Lcom/android/dx/rop/code/RegisterSpec;)Z @ 16
Event: 1.124 Thread 0x00000000175a5000 Uncommon trap: reason=class_check action=maybe_recompile pc=0x00000000023b27a8 method=com.android.dx.ssa.SsaMethod.isRegALocal(Lcom/android/dx/rop/code/RegisterSpec;)Z @ 16
Event: 1.176 Thread 0x00000000175a2000 Uncommon trap: reason=class_check action=maybe_recompile pc=0x00000000023b27a8 method=com.android.dx.ssa.SsaMethod.isRegALocal(Lcom/android/dx/rop/code/RegisterSpec;)Z @ 16
Event: 1.373 Thread 0x0000000016d43000 Uncommon trap: reason=unreached action=reinterpret pc=0x000000000244b59c method=com.android.dx.cf.code.ByteCatchList$Item.getExceptionClass()Lcom/android/dx/rop/cst/CstType; @ 4

Internal exceptions (10 events):
Event: 0.519 Thread 0x0000000001c9d800 Exception <a 'java/security/PrivilegedActionException'> (0x00000000eae35048) thrown at [D:\re\workspace\8-2-build-windows-amd64-cygwin\jdk8\2238\hotspot\src\share\vm\prims\jvm.cpp, line 1248]
Event: 0.519 Thread 0x00000000175a2000 Exception <a 'java/security/PrivilegedActionException'> (0x00000000ead0e2b8) thrown at [D:\re\workspace\8-2-build-windows-amd64-cygwin\jdk8\2238\hotspot\src\share\vm\prims\jvm.cpp, line 1248]
Event: 0.522 Thread 0x00000000175a2000 Exception <a 'java/security/PrivilegedActionException'> (0x00000000eaeb51a8) thrown at [D:\re\workspace\8-2-build-windows-amd64-cygwin\jdk8\2238\hotspot\src\share\vm\prims\jvm.cpp, line 1248]
Event: 0.523 Thread 0x00000000175a2000 Exception <a 'java/security/PrivilegedActionException'> (0x00000000eaecbb48) thrown at [D:\re\workspace\8-2-build-windows-amd64-cygwin\jdk8\2238\hotspot\src\share\vm\prims\jvm.cpp, line 1248]
Event: 0.573 Thread 0x0000000001c9d800 Exception <a 'java/security/PrivilegedActionException'> (0x00000000eae19810) thrown at [D:\re\workspace\8-2-build-windows-amd64-cygwin\jdk8\2238\hotspot\src\share\vm\prims\jvm.cpp, line 1248]
Event: 0.579 Thread 0x0000000016d43000 Exception <a 'java/security/PrivilegedActionException'> (0x00000000eaec8c98) thrown at [D:\re\workspace\8-2-build-windows-amd64-cygwin\jdk8\2238\hotspot\src\share\vm\prims\jvm.cpp, line 1248]
Event: 0.580 Thread 0x0000000016d27000 Exception <a 'java/security/PrivilegedActionException'> (0x00000000eaeefda8) thrown at [D:\re\workspace\8-2-build-windows-amd64-cygwin\jdk8\2238\hotspot\src\share\vm\prims\jvm.cpp, line 1248]
Event: 0.913 Thread 0x0000000016d27000 Exception <a 'java/security/PrivilegedActionException'> (0x00000000eb1d5328) thrown at [D:\re\workspace\8-2-build-windows-amd64-cygwin\jdk8\2238\hotspot\src\share\vm\prims\jvm.cpp, line 1248]
Event: 0.921 Thread 0x0000000016d27000 Exception <a 'java/security/PrivilegedActionException'> (0x00000000eb3a28d8) thrown at [D:\re\workspace\8-2-build-windows-amd64-cygwin\jdk8\2238\hotspot\src\share\vm\prims\jvm.cpp, line 1248]
Event: 1.566 Thread 0x00000000175a2000 Exception <a 'java/security/PrivilegedActionException'> (0x00000000ebef17c0) thrown at [D:\re\workspace\8-2-build-windows-amd64-cygwin\jdk8\2238\hotspot\src\share\vm\prims\jvm.cpp, line 1248]

Events (10 events):
Event: 1.176 Thread 0x00000000175a2000 DEOPT UNPACKING pc=0x0000000001ef55af sp=0x000000001818e828 mode 2
Event: 1.250 Executing VM operation: ParallelGCFailedAllocation
Event: 1.358 Executing VM operation: ParallelGCFailedAllocation done
Event: 1.373 Thread 0x0000000016d43000 Uncommon trap: trap_request=0xffffffad fr.pc=0x000000000244b59c
Event: 1.373 Thread 0x0000000016d43000 DEOPT PACKING pc=0x000000000244b59c sp=0x000000001808e810
Event: 1.373 Thread 0x0000000016d43000 DEOPT UNPACKING pc=0x0000000001ef55af sp=0x000000001808e588 mode 2
Event: 1.566 loading class com/android/dx/cf/code/LocalVariableList$Item
Event: 1.566 loading class com/android/dx/cf/code/LocalVariableList$Item done
Event: 1.650 Executing VM operation: ParallelGCFailedAllocation
Event: 1.770 Executing VM operation: ParallelGCFailedAllocation done


Dynamic libraries:
0x00007ff7e1730000 - 0x00007ff7e1764000 	C:\Program Files\Java\jdk1.8.0\bin\java.exe
0x00007ff99a0a0000 - 0x00007ff99a24d000 	C:\Windows\SYSTEM32\ntdll.dll
0x00007ff998140000 - 0x00007ff99827e000 	C:\Windows\system32\KERNEL32.DLL
0x00007ff997290000 - 0x00007ff9973a5000 	C:\Windows\system32\KERNELBASE.dll
0x00007ff9957e0000 - 0x00007ff99586e000 	C:\Windows\system32\apphelp.dll
0x00007ff988cf0000 - 0x00007ff988d43000 	C:\Windows\AppPatch\AppPatch64\AcGenral.DLL
0x00007ff9979c0000 - 0x00007ff997a6a000 	C:\Windows\system32\msvcrt.dll
0x00007ff9976f0000 - 0x00007ff99771e000 	C:\Windows\system32\SspiCli.dll
0x00007ff9980e0000 - 0x00007ff998134000 	C:\Windows\system32\SHLWAPI.dll
0x00007ff998380000 - 0x00007ff9984f7000 	C:\Windows\system32\USER32.dll
0x00007ff997df0000 - 0x00007ff997f84000 	C:\Windows\system32\ole32.dll
0x00007ff998980000 - 0x00007ff999ea8000 	C:\Windows\system32\SHELL32.dll
0x00007ff996810000 - 0x00007ff996831000 	C:\Windows\SYSTEM32\USERENV.dll
0x00007ff999eb0000 - 0x00007ff999f5a000 	C:\Windows\system32\ADVAPI32.dll
0x00007ff98acd0000 - 0x00007ff98acee000 	C:\Windows\SYSTEM32\MPR.dll
0x00007ff999f60000 - 0x00007ff99a0a0000 	C:\Windows\system32\RPCRT4.dll
0x00007ff997d90000 - 0x00007ff997de9000 	C:\Windows\SYSTEM32\sechost.dll
0x00007ff997b70000 - 0x00007ff997d81000 	C:\Windows\SYSTEM32\combase.dll
0x00007ff997f90000 - 0x00007ff9980df000 	C:\Windows\system32\GDI32.dll
0x00007ff9971c0000 - 0x00007ff9971d5000 	C:\Windows\SYSTEM32\profapi.dll
0x00007ff995a70000 - 0x00007ff995b22000 	C:\Windows\SYSTEM32\SHCORE.dll
0x00007ff997a70000 - 0x00007ff997aa6000 	C:\Windows\system32\IMM32.DLL
0x00007ff997720000 - 0x00007ff997872000 	C:\Windows\system32\MSCTF.dll
0x00007ff994cb0000 - 0x00007ff994f2b000 	C:\Windows\WinSxS\amd64_microsoft.windows.common-controls_6595b64144ccf1df_6.0.9600.18006_none_623f33d3ecbe86e8\COMCTL32.dll
0x000000006f6e0000 - 0x000000006f7b2000 	C:\Program Files\Java\jdk1.8.0\jre\bin\msvcr100.dll
0x000000006e0f0000 - 0x000000006e91a000 	C:\Program Files\Java\jdk1.8.0\jre\bin\server\jvm.dll
0x00007ff995de0000 - 0x00007ff995de9000 	C:\Windows\SYSTEM32\WSOCK32.dll
0x00007ff9924b0000 - 0x00007ff9924d2000 	C:\Windows\SYSTEM32\WINMM.dll
0x00007ff998370000 - 0x00007ff998377000 	C:\Windows\system32\PSAPI.DLL
0x00007ff9982f0000 - 0x00007ff99834a000 	C:\Windows\system32\WS2_32.dll
0x00007ff992480000 - 0x00007ff9924aa000 	C:\Windows\SYSTEM32\WINMMBASE.dll
0x00007ff9987b0000 - 0x00007ff9987b9000 	C:\Windows\system32\NSI.dll
0x00007ff9976a0000 - 0x00007ff9976ef000 	C:\Windows\SYSTEM32\cfgmgr32.dll
0x00007ff996010000 - 0x00007ff996038000 	C:\Windows\SYSTEM32\DEVOBJ.dll
0x0000000070300000 - 0x000000007030f000 	C:\Program Files\Java\jdk1.8.0\jre\bin\verify.dll
0x000000006ecc0000 - 0x000000006ece8000 	C:\Program Files\Java\jdk1.8.0\jre\bin\java.dll
0x000000006ebb0000 - 0x000000006ebc6000 	C:\Program Files\Java\jdk1.8.0\jre\bin\zip.dll
0x00007ff990610000 - 0x00007ff990799000 	C:\Windows\SYSTEM32\dbghelp.dll

VM Arguments:
jvm_args: -Djava.awt.headless=true -Xmx1024M -Dfile.encoding=windows-1252 -Duser.country=US -Duser.language=en -Duser.variant 
java_command: com.android.dx.command.Main --dex --force-jumbo --num-threads=4 --multi-dex --output D:\Aswathy\AswathyApps\AswathyApps\HomePlus\app\build\intermediates\transforms\dex\debug\folders\1000\10\com.google.android.gms-play-services-maps-10.0.1_05e93ec0a5cd1bc81303f0e8b107efb82c7811ea D:\Aswathy\AswathyApps\AswathyApps\HomePlus\app\build\intermediates\exploded-aar\com.google.android.gms\play-services-maps\10.0.1\jars\classes.jar
java_class_path (initial): D:\TOOLS\android-sdk\build-tools\24.0.1\lib\dx.jar
Launcher Type: SUN_STANDARD

Environment Variables:
PATH=C:\ProgramData\Oracle\Java\javapath;C:\Windows\System32;C:\Program Files\nodejs\;C:\ProgramData\Oracle\Java\javapath;C:\Windows\System32;C:\Program Files\nodejs\;C:\ProgramData\Oracle\Java\javapath;C:\Windows\System32;C:\Program Files\nodejs\;C:\Windows\System32;D:\TOOLS\android-sdk\tools;D:\TOOLS\android-sdk\platform-tools;C:\Users\sandeepandroid\AppData\Roaming\npm;C:\Program Files\TortoiseGit\bin;C:\Program Files (x86)\Skype\Phone\;D:\TOOLS\android-sdk\tools;D:\TOOLS\android-sdk\platform-tools;C:\Users\sandeepandroid\AppData\Roaming\npm;C:\Program Files\TortoiseGit\bin;C:\Program Files (x86)\Skype\Phone\;D:\TOOLS\android-sdk\tools;D:\TOOLS\android-sdk\platform-tools;C:\Users\sandeepandroid\AppData\Roaming\npm;C:\Program Files\TortoiseGit\bin;C:\Program Files (x86)\Skype\Phone\;C:\Program Files (x86)\Mozilla Firefox;C:\ProgramData\Oracle\Java\javapath;C:\Windows\System32;C:\Program Files\nodejs\;C:\ProgramData\Oracle\Java\javapath;C:\Windows\System32;C:\Program Files\nodejs\;C:\ProgramData\Oracle\Java\javapath;C:\Windows\System32;C:\Program Files\nodejs\;C:\Windows\System32;D:\TOOLS\android-sdk\tools;D:\TOOLS\android-sdk\platform-tools;C:\Users\sandeepandroid\AppData\Roaming\npm;C:\Program Files (x86)\Skype\Phone\;C:\Program Files\TortoiseGit\bin;D:\TOOLS\android-sdk\tools;D:\TOOLS\android-sdk\platform-tools;C:\Users\sandeepandroid\AppData\Roaming\npm;C:\Program Files (x86)\Skype\Phone\;C:\Program Files\TortoiseGit\bin;D:\TOOLS\android-sdk\tools;D:\TOOLS\android-sdk\platform-tools;C:\Users\sandeepandroid\AppData\Roaming\npm;C:\Program Files (x86)\Skype\Phone\;C:\Program Files\TortoiseGit\bin
USERNAME=JijoCJ
OS=Windows_NT
PROCESSOR_IDENTIFIER=Intel64 Family 6 Model 58 Stepping 9, GenuineIntel



---------------  S Y S T E M  ---------------

OS: Windows 8.1 , 64 bit Build 9600 

CPU:total 8 (4 cores per cpu, 2 threads per core) family 6 model 58 stepping 9, cmov, cx8, fxsr, mmx, sse, sse2, sse3, ssse3, sse4.1, sse4.2, popcnt, avx, aes, clmul, erms, ht, tsc, tscinvbit

Memory: 4k page, physical 8353172k(1055980k free), swap 11498900k(4944k free)

vm_info: Java HotSpot(TM) 64-Bit Server VM (25.0-b70) for windows-amd64 JRE (1.8.0-b132), built on Mar  4 2014 03:46:18 by "java_re" with MS VC++ 10.0 (VS2010)

time: Wed Jan 11 12:58:52 2017
elapsed time: 2 seconds

