#
# There is insufficient memory for the Java Runtime Environment to continue.
# Native memory allocation (malloc) failed to allocate 833776 bytes for Chunk::new
# Possible reasons:
#   The system is out of physical RAM or swap space
#   In 32 bit mode, the process size limit was hit
# Possible solutions:
#   Reduce memory load on the system
#   Increase physical memory or swap space
#   Check if swap backing store is full
#   Use 64 bit Java on a 64 bit OS
#   Decrease Java heap size (-Xmx/-Xms)
#   Decrease number of Java threads
#   Decrease Java thread stack sizes (-Xss)
#   Set larger code cache with -XX:ReservedCodeCacheSize=
# This output file may be truncated or incomplete.
#
#  Out of Memory Error (allocation.cpp:388), pid=3368, tid=4416
#
# JRE version: Java(TM) SE Runtime Environment (8.0-b132) (build 1.8.0-b132)
# Java VM: Java HotSpot(TM) 64-Bit Server VM (25.0-b70 mixed mode windows-amd64 compressed oops)
# Failed to write core dump. Minidumps are not enabled by default on client versions of Windows
#

---------------  T H R E A D  ---------------

Current thread (0x0000000016dd6800):  JavaThread "C2 CompilerThread0" daemon [_thread_in_native, id=4416, stack(0x00000000173b0000,0x00000000174b0000)]

Stack: [0x00000000173b0000,0x00000000174b0000]
Native frames: (J=compiled Java code, j=interpreted, Vv=VM code, C=native code)
V  [jvm.dll+0x308e0a]


Current CompileTask:
C2:   2073 1283       4       com.android.dx.ssa.SCCP::simulateBranch (666 bytes)


---------------  P R O C E S S  ---------------

Java Threads: ( => current thread )
  0x00000000170c7800 JavaThread "pool-2-thread-4" [_thread_blocked, id=8904, stack(0x0000000017db0000,0x0000000017eb0000)]
  0x00000000170ba800 JavaThread "pool-2-thread-3" [_thread_blocked, id=5316, stack(0x0000000017cb0000,0x0000000017db0000)]
  0x0000000017094000 JavaThread "pool-2-thread-2" [_thread_blocked, id=3584, stack(0x0000000017bb0000,0x0000000017cb0000)]
  0x00000000170a6800 JavaThread "pool-3-thread-1" [_thread_blocked, id=4712, stack(0x0000000017ab0000,0x0000000017bb0000)]
  0x00000000170a4000 JavaThread "pool-2-thread-1" [_thread_blocked, id=6100, stack(0x00000000179b0000,0x0000000017ab0000)]
  0x0000000016e5d000 JavaThread "Service Thread" daemon [_thread_blocked, id=5952, stack(0x00000000177b0000,0x00000000178b0000)]
  0x0000000016de1000 JavaThread "C1 CompilerThread3" daemon [_thread_blocked, id=8636, stack(0x00000000176b0000,0x00000000177b0000)]
  0x0000000016ddd800 JavaThread "C2 CompilerThread2" daemon [_thread_in_native, id=8520, stack(0x00000000175b0000,0x00000000176b0000)]
  0x0000000016dd9800 JavaThread "C2 CompilerThread1" daemon [_thread_in_native, id=9536, stack(0x00000000174b0000,0x00000000175b0000)]
=>0x0000000016dd6800 JavaThread "C2 CompilerThread0" daemon [_thread_in_native, id=4416, stack(0x00000000173b0000,0x00000000174b0000)]
  0x0000000016dd5000 JavaThread "Attach Listener" daemon [_thread_blocked, id=2840, stack(0x00000000172b0000,0x00000000173b0000)]
  0x0000000016dd4800 JavaThread "Signal Dispatcher" daemon [_thread_blocked, id=5052, stack(0x00000000171b0000,0x00000000172b0000)]
  0x00000000022a7800 JavaThread "Finalizer" daemon [_thread_blocked, id=5928, stack(0x0000000016cb0000,0x0000000016db0000)]
  0x0000000014dcc800 JavaThread "Reference Handler" daemon [_thread_blocked, id=2720, stack(0x0000000016bb0000,0x0000000016cb0000)]
  0x00000000021ad800 JavaThread "main" [_thread_in_Java, id=1940, stack(0x0000000002080000,0x0000000002180000)]

Other Threads:
  0x0000000014dc8800 VMThread [stack: 0x0000000016ab0000,0x0000000016bb0000] [id=3816]
  0x0000000016e67000 WatcherThread [stack: 0x00000000178b0000,0x00000000179b0000] [id=8428]

VM state:not at safepoint (normal execution)

VM Mutex/Monitor currently owned by a thread: None

Heap:
 PSYoungGen      total 20480K, used 3417K [0x00000000eab00000, 0x00000000ec200000, 0x0000000100000000)
  eden space 17408K, 10% used [0x00000000eab00000,0x00000000eacbe548,0x00000000ebc00000)
  from space 3072K, 53% used [0x00000000ebf00000,0x00000000ec098128,0x00000000ec200000)
  to   space 3072K, 0% used [0x00000000ebc00000,0x00000000ebc00000,0x00000000ebf00000)
 ParOldGen       total 129536K, used 6858K [0x00000000c0000000, 0x00000000c7e80000, 0x00000000eab00000)
  object space 129536K, 5% used [0x00000000c0000000,0x00000000c06b2bd0,0x00000000c7e80000)
 Metaspace       used 5731K, capacity 6768K, committed 7040K, reserved 1056768K
  class space    used 587K, capacity 616K, committed 640K, reserved 1048576K

Card table byte_map: [0x0000000011670000,0x0000000011880000] byte_map_base: 0x0000000011070000

Marking Bits: (ParMarkBitMap*) 0x000000006e8a13b0
 Begin Bits: [0x00000000121e0000, 0x00000000131e0000)
 End Bits:   [0x00000000131e0000, 0x00000000141e0000)

Polling page: 0x0000000000990000

CodeCache: size=245760Kb used=4945Kb max_used=4949Kb free=240814Kb
 bounds [0x00000000022b0000, 0x0000000002790000, 0x00000000112b0000]
 total_blobs=1544 nmethods=1280 adapters=178
 compilation: enabled

Compilation events (10 events):
Event: 2.016 Thread 0x0000000016de1000 1186       3       com.android.dx.rop.cst.TypedConstant::getFrameType (2 bytes)
Event: 2.016 Thread 0x0000000016de1000 nmethod 1186 0x0000000002786110 code [0x0000000002786260, 0x00000000027863b0]
Event: 2.016 Thread 0x0000000016de1000 1183       3       com.android.dx.dex.cf.AttributeTranslator::getExceptions (32 bytes)
Event: 2.016 Thread 0x0000000016de1000 nmethod 1183 0x0000000002782810 code [0x00000000027829a0, 0x0000000002782dd8]
Event: 2.016 Thread 0x0000000016de1000 1184       3       com.android.dx.dex.file.MemberIdItem::<init> (14 bytes)
Event: 2.017 Thread 0x0000000016de1000 nmethod 1184 0x0000000002782010 code [0x00000000027821a0, 0x0000000002782628]
Event: 2.017 Thread 0x0000000016dd9800 nmethod 1295 0x0000000002781910 code [0x0000000002781a60, 0x0000000002781d38]
Event: 2.017 Thread 0x0000000016dd9800 1301       4       com.android.dx.util.IntList::<init> (6 bytes)
Event: 2.018 Thread 0x0000000016dd9800 nmethod 1301 0x00000000027815d0 code [0x0000000002781720, 0x0000000002781838]
Event: 2.018 Thread 0x0000000016dd9800 1310       4       com.android.dx.ssa.back.FirstFitLocalCombiningAllocator$1::processInsn (169 bytes)

GC Heap History (10 events):
Event: 1.028 GC heap before
{Heap before GC invocations=8 (full 0):
 PSYoungGen      total 5120K, used 5104K [0x00000000eab00000, 0x00000000eb600000, 0x0000000100000000)
  eden space 3584K, 100% used [0x00000000eab00000,0x00000000eae80000,0x00000000eae80000)
  from space 1536K, 99% used [0x00000000eae80000,0x00000000eaffc318,0x00000000eb000000)
  to   space 2048K, 0% used [0x00000000eb400000,0x00000000eb400000,0x00000000eb600000)
 ParOldGen       total 129536K, used 1829K [0x00000000c0000000, 0x00000000c7e80000, 0x00000000eab00000)
  object space 129536K, 1% used [0x00000000c0000000,0x00000000c01c9490,0x00000000c7e80000)
 Metaspace       used 5463K, capacity 6576K, committed 6784K, reserved 1056768K
  class space    used 587K, capacity 616K, committed 640K, reserved 1048576K
Event: 1.096 GC heap after
Heap after GC invocations=8 (full 0):
 PSYoungGen      total 8704K, used 1555K [0x00000000eab00000, 0x00000000eb700000, 0x0000000100000000)
  eden space 6656K, 0% used [0x00000000eab00000,0x00000000eab00000,0x00000000eb180000)
  from space 2048K, 75% used [0x00000000eb400000,0x00000000eb584e48,0x00000000eb600000)
  to   space 2560K, 0% used [0x00000000eb180000,0x00000000eb180000,0x00000000eb400000)
 ParOldGen       total 129536K, used 1893K [0x00000000c0000000, 0x00000000c7e80000, 0x00000000eab00000)
  object space 129536K, 1% used [0x00000000c0000000,0x00000000c01d9490,0x00000000c7e80000)
 Metaspace       used 5463K, capacity 6576K, committed 6784K, reserved 1056768K
  class space    used 587K, capacity 616K, committed 640K, reserved 1048576K
}
Event: 1.240 GC heap before
{Heap before GC invocations=9 (full 0):
 PSYoungGen      total 8704K, used 8211K [0x00000000eab00000, 0x00000000eb700000, 0x0000000100000000)
  eden space 6656K, 100% used [0x00000000eab00000,0x00000000eb180000,0x00000000eb180000)
  from space 2048K, 75% used [0x00000000eb400000,0x00000000eb584e48,0x00000000eb600000)
  to   space 2560K, 0% used [0x00000000eb180000,0x00000000eb180000,0x00000000eb400000)
 ParOldGen       total 129536K, used 1893K [0x00000000c0000000, 0x00000000c7e80000, 0x00000000eab00000)
  object space 129536K, 1% used [0x00000000c0000000,0x00000000c01d9490,0x00000000c7e80000)
 Metaspace       used 5593K, capacity 6640K, committed 6784K, reserved 1056768K
  class space    used 587K, capacity 616K, committed 640K, reserved 1048576K
Event: 1.347 GC heap after
Heap after GC invocations=9 (full 0):
 PSYoungGen      total 9216K, used 2448K [0x00000000eab00000, 0x00000000ebb80000, 0x0000000100000000)
  eden space 6656K, 0% used [0x00000000eab00000,0x00000000eab00000,0x00000000eb180000)
  from space 2560K, 95% used [0x00000000eb180000,0x00000000eb3e4028,0x00000000eb400000)
  to   space 3072K, 0% used [0x00000000eb880000,0x00000000eb880000,0x00000000ebb80000)
 ParOldGen       total 129536K, used 2211K [0x00000000c0000000, 0x00000000c7e80000, 0x00000000eab00000)
  object space 129536K, 1% used [0x00000000c0000000,0x00000000c0228f08,0x00000000c7e80000)
 Metaspace       used 5593K, capacity 6640K, committed 6784K, reserved 1056768K
  class space    used 587K, capacity 616K, committed 640K, reserved 1048576K
}
Event: 1.460 GC heap before
{Heap before GC invocations=10 (full 0):
 PSYoungGen      total 9216K, used 9104K [0x00000000eab00000, 0x00000000ebb80000, 0x0000000100000000)
  eden space 6656K, 100% used [0x00000000eab00000,0x00000000eb180000,0x00000000eb180000)
  from space 2560K, 95% used [0x00000000eb180000,0x00000000eb3e4028,0x00000000eb400000)
  to   space 3072K, 0% used [0x00000000eb880000,0x00000000eb880000,0x00000000ebb80000)
 ParOldGen       total 129536K, used 2211K [0x00000000c0000000, 0x00000000c7e80000, 0x00000000eab00000)
  object space 129536K, 1% used [0x00000000c0000000,0x00000000c0228f08,0x00000000c7e80000)
 Metaspace       used 5620K, capacity 6704K, committed 6784K, reserved 1056768K
  class space    used 587K, capacity 616K, committed 640K, reserved 1048576K
Event: 1.476 GC heap after
Heap after GC invocations=10 (full 0):
 PSYoungGen      total 13824K, used 2400K [0x00000000eab00000, 0x00000000ebb80000, 0x0000000100000000)
  eden space 10752K, 0% used [0x00000000eab00000,0x00000000eab00000,0x00000000eb580000)
  from space 3072K, 78% used [0x00000000eb880000,0x00000000ebad8000,0x00000000ebb80000)
  to   space 3072K, 0% used [0x00000000eb580000,0x00000000eb580000,0x00000000eb880000)
 ParOldGen       total 129536K, used 3286K [0x00000000c0000000, 0x00000000c7e80000, 0x00000000eab00000)
  object space 129536K, 2% used [0x00000000c0000000,0x00000000c0335b10,0x00000000c7e80000)
 Metaspace       used 5620K, capacity 6704K, committed 6784K, reserved 1056768K
  class space    used 587K, capacity 616K, committed 640K, reserved 1048576K
}
Event: 1.713 GC heap before
{Heap before GC invocations=11 (full 0):
 PSYoungGen      total 13824K, used 13152K [0x00000000eab00000, 0x00000000ebb80000, 0x0000000100000000)
  eden space 10752K, 100% used [0x00000000eab00000,0x00000000eb580000,0x00000000eb580000)
  from space 3072K, 78% used [0x00000000eb880000,0x00000000ebad8000,0x00000000ebb80000)
  to   space 3072K, 0% used [0x00000000eb580000,0x00000000eb580000,0x00000000eb880000)
 ParOldGen       total 129536K, used 3286K [0x00000000c0000000, 0x00000000c7e80000, 0x00000000eab00000)
  object space 129536K, 2% used [0x00000000c0000000,0x00000000c0335b10,0x00000000c7e80000)
 Metaspace       used 5714K, capacity 6768K, committed 7040K, reserved 1056768K
  class space    used 587K, capacity 616K, committed 640K, reserved 1048576K
Event: 1.744 GC heap after
Heap after GC invocations=11 (full 0):
 PSYoungGen      total 13824K, used 1829K [0x00000000eab00000, 0x00000000ec200000, 0x0000000100000000)
  eden space 10752K, 0% used [0x00000000eab00000,0x00000000eab00000,0x00000000eb580000)
  from space 3072K, 59% used [0x00000000eb580000,0x00000000eb749600,0x00000000eb880000)
  to   space 3072K, 0% used [0x00000000ebf00000,0x00000000ebf00000,0x00000000ec200000)
 ParOldGen       total 129536K, used 5344K [0x00000000c0000000, 0x00000000c7e80000, 0x00000000eab00000)
  object space 129536K, 4% used [0x00000000c0000000,0x00000000c05380c8,0x00000000c7e80000)
 Metaspace       used 5714K, capacity 6768K, committed 7040K, reserved 1056768K
  class space    used 587K, capacity 616K, committed 640K, reserved 1048576K
}
Event: 1.842 GC heap before
{Heap before GC invocations=12 (full 0):
 PSYoungGen      total 13824K, used 12581K [0x00000000eab00000, 0x00000000ec200000, 0x0000000100000000)
  eden space 10752K, 100% used [0x00000000eab00000,0x00000000eb580000,0x00000000eb580000)
  from space 3072K, 59% used [0x00000000eb580000,0x00000000eb749600,0x00000000eb880000)
  to   space 3072K, 0% used [0x00000000ebf00000,0x00000000ebf00000,0x00000000ec200000)
 ParOldGen       total 129536K, used 5344K [0x00000000c0000000, 0x00000000c7e80000, 0x00000000eab00000)
  object space 129536K, 4% used [0x00000000c0000000,0x00000000c05380c8,0x00000000c7e80000)
 Metaspace       used 5729K, capacity 6768K, committed 7040K, reserved 1056768K
  class space    used 587K, capacity 616K, committed 640K, reserved 1048576K
Event: 1.938 GC heap after
Heap after GC invocations=12 (full 0):
 PSYoungGen      total 20480K, used 1632K [0x00000000eab00000, 0x00000000ec200000, 0x0000000100000000)
  eden space 17408K, 0% used [0x00000000eab00000,0x00000000eab00000,0x00000000ebc00000)
  from space 3072K, 53% used [0x00000000ebf00000,0x00000000ec098128,0x00000000ec200000)
  to   space 3072K, 0% used [0x00000000ebc00000,0x00000000ebc00000,0x00000000ebf00000)
 ParOldGen       total 129536K, used 6858K [0x00000000c0000000, 0x00000000c7e80000, 0x00000000eab00000)
  object space 129536K, 5% used [0x00000000c0000000,0x00000000c06b2bd0,0x00000000c7e80000)
 Metaspace       used 5729K, capacity 6768K, committed 7040K, reserved 1056768K
  class space    used 587K, capacity 616K, committed 640K, reserved 1048576K
}

Deoptimization events (10 events):
Event: 1.455 Thread 0x00000000170a4000 Uncommon trap: reason=bimorphic action=maybe_recompile pc=0x00000000024d6850 method=java.util.HashMap.getNode(ILjava/lang/Object;)Ljava/util/HashMap$Node; @ 126
Event: 1.460 Thread 0x00000000170a4000 Uncommon trap: reason=bimorphic action=maybe_recompile pc=0x00000000024d6850 method=java.util.HashMap.getNode(ILjava/lang/Object;)Ljava/util/HashMap$Node; @ 126
Event: 1.460 Thread 0x00000000170a4000 Uncommon trap: reason=class_check action=maybe_recompile pc=0x0000000002680334 method=java.util.HashMap.putVal(ILjava/lang/Object;Ljava/lang/Object;ZZ)Ljava/lang/Object; @ 203
Event: 1.460 Thread 0x00000000170a4000 Uncommon trap: reason=bimorphic action=maybe_recompile pc=0x00000000024d6850 method=java.util.HashMap.getNode(ILjava/lang/Object;)Ljava/util/HashMap$Node; @ 126
Event: 1.460 Thread 0x00000000170a4000 Uncommon trap: reason=class_check action=maybe_recompile pc=0x0000000002680334 method=java.util.HashMap.putVal(ILjava/lang/Object;Ljava/lang/Object;ZZ)Ljava/lang/Object; @ 203
Event: 1.460 Thread 0x00000000170a4000 Uncommon trap: reason=bimorphic action=maybe_recompile pc=0x00000000024d6850 method=java.util.HashMap.getNode(ILjava/lang/Object;)Ljava/util/HashMap$Node; @ 126
Event: 1.460 Thread 0x00000000170a4000 Uncommon trap: reason=class_check action=maybe_recompile pc=0x0000000002680334 method=java.util.HashMap.putVal(ILjava/lang/Object;Ljava/lang/Object;ZZ)Ljava/lang/Object; @ 203
Event: 1.460 Thread 0x00000000170a4000 Uncommon trap: reason=bimorphic action=maybe_recompile pc=0x00000000024bc290 method=java.util.HashMap.getNode(ILjava/lang/Object;)Ljava/util/HashMap$Node; @ 126
Event: 1.585 Thread 0x00000000170a4000 Uncommon trap: reason=class_check action=maybe_recompile pc=0x0000000002680334 method=java.util.HashMap.putVal(ILjava/lang/Object;Ljava/lang/Object;ZZ)Ljava/lang/Object; @ 203
Event: 1.776 Thread 0x0000000017094000 Uncommon trap: reason=unreached action=reinterpret pc=0x000000000271ce54 method=com.android.dx.cf.code.BytecodeArray.parseInstruction(ILcom/android/dx/cf/code/BytecodeArray$Visitor;)I @ 1198

Internal exceptions (10 events):
Event: 0.759 Thread 0x00000000170ba800 Exception <a 'java/security/PrivilegedActionException'> (0x00000000eae2cdd0) thrown at [D:\re\workspace\8-2-build-windows-amd64-cygwin\jdk8\2238\hotspot\src\share\vm\prims\jvm.cpp, line 1248]
Event: 0.759 Thread 0x00000000170ba800 Exception <a 'java/security/PrivilegedActionException'> (0x00000000eae322f0) thrown at [D:\re\workspace\8-2-build-windows-amd64-cygwin\jdk8\2238\hotspot\src\share\vm\prims\jvm.cpp, line 1248]
Event: 0.760 Thread 0x00000000170ba800 Exception <a 'java/security/PrivilegedActionException'> (0x00000000eae35120) thrown at [D:\re\workspace\8-2-build-windows-amd64-cygwin\jdk8\2238\hotspot\src\share\vm\prims\jvm.cpp, line 1248]
Event: 0.765 Thread 0x0000000017094000 Exception <a 'java/security/PrivilegedActionException'> (0x00000000eadfafe0) thrown at [D:\re\workspace\8-2-build-windows-amd64-cygwin\jdk8\2238\hotspot\src\share\vm\prims\jvm.cpp, line 1248]
Event: 0.765 Thread 0x00000000021ad800 Exception <a 'java/security/PrivilegedActionException'> (0x00000000eae15eb0) thrown at [D:\re\workspace\8-2-build-windows-amd64-cygwin\jdk8\2238\hotspot\src\share\vm\prims\jvm.cpp, line 1248]
Event: 0.766 Thread 0x00000000170a4000 Exception <a 'java/security/PrivilegedActionException'> (0x00000000eae4f448) thrown at [D:\re\workspace\8-2-build-windows-amd64-cygwin\jdk8\2238\hotspot\src\share\vm\prims\jvm.cpp, line 1248]
Event: 0.924 Thread 0x00000000170ba800 Exception <a 'java/security/PrivilegedActionException'> (0x00000000eab0bf08) thrown at [D:\re\workspace\8-2-build-windows-amd64-cygwin\jdk8\2238\hotspot\src\share\vm\prims\jvm.cpp, line 1248]
Event: 0.929 Thread 0x00000000170a4000 Exception <a 'java/security/PrivilegedActionException'> (0x00000000eab69ed8) thrown at [D:\re\workspace\8-2-build-windows-amd64-cygwin\jdk8\2238\hotspot\src\share\vm\prims\jvm.cpp, line 1248]
Event: 0.974 Thread 0x00000000170ba800 Exception <a 'java/security/PrivilegedActionException'> (0x00000000ead83708) thrown at [D:\re\workspace\8-2-build-windows-amd64-cygwin\jdk8\2238\hotspot\src\share\vm\prims\jvm.cpp, line 1248]
Event: 0.997 Thread 0x00000000021ad800 Exception <a 'java/security/PrivilegedActionException'> (0x00000000eae3d088) thrown at [D:\re\workspace\8-2-build-windows-amd64-cygwin\jdk8\2238\hotspot\src\share\vm\prims\jvm.cpp, line 1248]

Events (10 events):
Event: 1.593 Thread 0x0000000017094000 DEOPT UNPACKING pc=0x00000000022f7604 sp=0x0000000017cae960 mode 0
Event: 1.605 Thread 0x0000000017094000 DEOPT PACKING pc=0x000000000259dda5 sp=0x0000000017caeb70
Event: 1.605 Thread 0x0000000017094000 DEOPT UNPACKING pc=0x00000000022f7604 sp=0x0000000017cae960 mode 0
Event: 1.636 Executing VM operation: ParallelGCFailedAllocation
Event: 1.744 Executing VM operation: ParallelGCFailedAllocation done
Event: 1.776 Thread 0x0000000017094000 Uncommon trap: trap_request=0xffffffad fr.pc=0x000000000271ce54
Event: 1.776 Thread 0x0000000017094000 DEOPT PACKING pc=0x000000000271ce54 sp=0x0000000017caec30
Event: 1.776 Thread 0x0000000017094000 DEOPT UNPACKING pc=0x00000000022f55af sp=0x0000000017caec00 mode 2
Event: 1.842 Executing VM operation: ParallelGCFailedAllocation
Event: 1.938 Executing VM operation: ParallelGCFailedAllocation done


Dynamic libraries:
0x00007ff7e1730000 - 0x00007ff7e1764000 	C:\Program Files\Java\jdk1.8.0\bin\java.exe
0x00007ff99a0a0000 - 0x00007ff99a24d000 	C:\Windows\SYSTEM32\ntdll.dll
0x00007ff998140000 - 0x00007ff99827e000 	C:\Windows\system32\KERNEL32.DLL
0x00007ff997290000 - 0x00007ff9973a5000 	C:\Windows\system32\KERNELBASE.dll
0x00007ff9957e0000 - 0x00007ff99586e000 	C:\Windows\system32\apphelp.dll
0x00007ff988cf0000 - 0x00007ff988d43000 	C:\Windows\AppPatch\AppPatch64\AcGenral.DLL
0x00007ff9979c0000 - 0x00007ff997a6a000 	C:\Windows\system32\msvcrt.dll
0x00007ff9976f0000 - 0x00007ff99771e000 	C:\Windows\system32\SspiCli.dll
0x00007ff9980e0000 - 0x00007ff998134000 	C:\Windows\system32\SHLWAPI.dll
0x00007ff998380000 - 0x00007ff9984f7000 	C:\Windows\system32\USER32.dll
0x00007ff997df0000 - 0x00007ff997f84000 	C:\Windows\system32\ole32.dll
0x00007ff998980000 - 0x00007ff999ea8000 	C:\Windows\system32\SHELL32.dll
0x00007ff996810000 - 0x00007ff996831000 	C:\Windows\SYSTEM32\USERENV.dll
0x00007ff999eb0000 - 0x00007ff999f5a000 	C:\Windows\system32\ADVAPI32.dll
0x00007ff98acd0000 - 0x00007ff98acee000 	C:\Windows\SYSTEM32\MPR.dll
0x00007ff999f60000 - 0x00007ff99a0a0000 	C:\Windows\system32\RPCRT4.dll
0x00007ff997d90000 - 0x00007ff997de9000 	C:\Windows\SYSTEM32\sechost.dll
0x00007ff997b70000 - 0x00007ff997d81000 	C:\Windows\SYSTEM32\combase.dll
0x00007ff997f90000 - 0x00007ff9980df000 	C:\Windows\system32\GDI32.dll
0x00007ff9971c0000 - 0x00007ff9971d5000 	C:\Windows\SYSTEM32\profapi.dll
0x00007ff995a70000 - 0x00007ff995b22000 	C:\Windows\SYSTEM32\SHCORE.dll
0x00007ff997a70000 - 0x00007ff997aa6000 	C:\Windows\system32\IMM32.DLL
0x00007ff997720000 - 0x00007ff997872000 	C:\Windows\system32\MSCTF.dll
0x00007ff994cb0000 - 0x00007ff994f2b000 	C:\Windows\WinSxS\amd64_microsoft.windows.common-controls_6595b64144ccf1df_6.0.9600.18006_none_623f33d3ecbe86e8\COMCTL32.dll
0x000000006f6e0000 - 0x000000006f7b2000 	C:\Program Files\Java\jdk1.8.0\jre\bin\msvcr100.dll
0x000000006e0f0000 - 0x000000006e91a000 	C:\Program Files\Java\jdk1.8.0\jre\bin\server\jvm.dll
0x00007ff995de0000 - 0x00007ff995de9000 	C:\Windows\SYSTEM32\WSOCK32.dll
0x00007ff9924b0000 - 0x00007ff9924d2000 	C:\Windows\SYSTEM32\WINMM.dll
0x00007ff998370000 - 0x00007ff998377000 	C:\Windows\system32\PSAPI.DLL
0x00007ff9982f0000 - 0x00007ff99834a000 	C:\Windows\system32\WS2_32.dll
0x00007ff992480000 - 0x00007ff9924aa000 	C:\Windows\SYSTEM32\WINMMBASE.dll
0x00007ff9987b0000 - 0x00007ff9987b9000 	C:\Windows\system32\NSI.dll
0x00007ff9976a0000 - 0x00007ff9976ef000 	C:\Windows\SYSTEM32\cfgmgr32.dll
0x00007ff996010000 - 0x00007ff996038000 	C:\Windows\SYSTEM32\DEVOBJ.dll
0x0000000070300000 - 0x000000007030f000 	C:\Program Files\Java\jdk1.8.0\jre\bin\verify.dll
0x000000006ecc0000 - 0x000000006ece8000 	C:\Program Files\Java\jdk1.8.0\jre\bin\java.dll
0x000000006ebb0000 - 0x000000006ebc6000 	C:\Program Files\Java\jdk1.8.0\jre\bin\zip.dll

VM Arguments:
jvm_args: -Djava.awt.headless=true -Xmx1024M -Dfile.encoding=windows-1252 -Duser.country=US -Duser.language=en -Duser.variant 
java_command: com.android.dx.command.Main --dex --force-jumbo --num-threads=4 --multi-dex --output D:\Aswathy\AswathyApps\AswathyApps\HomePlus\app\build\intermediates\transforms\dex\debug\folders\1000\10\com.android.support-recyclerview-v7-23.1.0_eb909852dc2b475c46da7e91bc9fdcfd39707487 D:\Aswathy\AswathyApps\AswathyApps\HomePlus\app\build\intermediates\exploded-aar\com.android.support\recyclerview-v7\23.1.0\jars\classes.jar
java_class_path (initial): D:\TOOLS\android-sdk\build-tools\24.0.1\lib\dx.jar
Launcher Type: SUN_STANDARD

Environment Variables:
PATH=C:\ProgramData\Oracle\Java\javapath;C:\Windows\System32;C:\Program Files\nodejs\;C:\ProgramData\Oracle\Java\javapath;C:\Windows\System32;C:\Program Files\nodejs\;C:\ProgramData\Oracle\Java\javapath;C:\Windows\System32;C:\Program Files\nodejs\;C:\Windows\System32;D:\TOOLS\android-sdk\tools;D:\TOOLS\android-sdk\platform-tools;C:\Users\sandeepandroid\AppData\Roaming\npm;C:\Program Files\TortoiseGit\bin;C:\Program Files (x86)\Skype\Phone\;D:\TOOLS\android-sdk\tools;D:\TOOLS\android-sdk\platform-tools;C:\Users\sandeepandroid\AppData\Roaming\npm;C:\Program Files\TortoiseGit\bin;C:\Program Files (x86)\Skype\Phone\;D:\TOOLS\android-sdk\tools;D:\TOOLS\android-sdk\platform-tools;C:\Users\sandeepandroid\AppData\Roaming\npm;C:\Program Files\TortoiseGit\bin;C:\Program Files (x86)\Skype\Phone\;C:\Program Files (x86)\Mozilla Firefox;C:\ProgramData\Oracle\Java\javapath;C:\Windows\System32;C:\Program Files\nodejs\;C:\ProgramData\Oracle\Java\javapath;C:\Windows\System32;C:\Program Files\nodejs\;C:\ProgramData\Oracle\Java\javapath;C:\Windows\System32;C:\Program Files\nodejs\;C:\Windows\System32;D:\TOOLS\android-sdk\tools;D:\TOOLS\android-sdk\platform-tools;C:\Users\sandeepandroid\AppData\Roaming\npm;C:\Program Files (x86)\Skype\Phone\;C:\Program Files\TortoiseGit\bin;D:\TOOLS\android-sdk\tools;D:\TOOLS\android-sdk\platform-tools;C:\Users\sandeepandroid\AppData\Roaming\npm;C:\Program Files (x86)\Skype\Phone\;C:\Program Files\TortoiseGit\bin;D:\TOOLS\android-sdk\tools;D:\TOOLS\android-sdk\platform-tools;C:\Users\sandeepandroid\AppData\Roaming\npm;C:\Program Files (x86)\Skype\Phone\;C:\Program Files\TortoiseGit\bin
USERNAME=JijoCJ
OS=Windows_NT
PROCESSOR_IDENTIFIER=Intel64 Family 6 Model 58 Stepping 9, GenuineIntel



---------------  S Y S T E M  ---------------

OS: Windows 8.1 , 64 bit Build 9600 

CPU:total 8 (4 cores per cpu, 2 threads per core) family 6 model 58 stepping 9, cmov, cx8, fxsr, mmx, sse, sse2, sse3, ssse3, sse4.1, sse4.2, popcnt, avx, aes, clmul, erms, ht, tsc, tscinvbit

Memory: 4k page, physical 8353172k(1001944k free), swap 11498900k(5192k free)

vm_info: Java HotSpot(TM) 64-Bit Server VM (25.0-b70) for windows-amd64 JRE (1.8.0-b132), built on Mar  4 2014 03:46:18 by "java_re" with MS VC++ 10.0 (VS2010)

time: Wed Jan 11 13:01:11 2017
elapsed time: 2 seconds

