#
# There is insufficient memory for the Java Runtime Environment to continue.
# Native memory allocation (malloc) failed to allocate 65552 bytes for Chunk::new
# Possible reasons:
#   The system is out of physical RAM or swap space
#   In 32 bit mode, the process size limit was hit
# Possible solutions:
#   Reduce memory load on the system
#   Increase physical memory or swap space
#   Check if swap backing store is full
#   Use 64 bit Java on a 64 bit OS
#   Decrease Java heap size (-Xmx/-Xms)
#   Decrease number of Java threads
#   Decrease Java thread stack sizes (-Xss)
#   Set larger code cache with -XX:ReservedCodeCacheSize=
# This output file may be truncated or incomplete.
#
#  Out of Memory Error (allocation.cpp:388), pid=10096, tid=9568
#
# JRE version: Java(TM) SE Runtime Environment (8.0-b132) (build 1.8.0-b132)
# Java VM: Java HotSpot(TM) 64-Bit Server VM (25.0-b70 mixed mode windows-amd64 compressed oops)
# Failed to write core dump. Minidumps are not enabled by default on client versions of Windows
#

---------------  T H R E A D  ---------------

Current thread (0x0000000017646000):  JavaThread "C2 CompilerThread0" daemon [_thread_in_native, id=9568, stack(0x0000000017c20000,0x0000000017d20000)]

Stack: [0x0000000017c20000,0x0000000017d20000]
Native frames: (J=compiled Java code, j=interpreted, Vv=VM code, C=native code)
V  [jvm.dll+0x308e0a]


Current CompileTask:
C2:   1315 1260       4       com.android.dx.ssa.SCCP::simulateBlock (54 bytes)


---------------  P R O C E S S  ---------------

Java Threads: ( => current thread )
  0x000000001790b000 JavaThread "pool-2-thread-4" [_thread_in_Java, id=1672, stack(0x0000000018620000,0x0000000018720000)]
  0x0000000017946800 JavaThread "pool-2-thread-3" [_thread_blocked, id=4296, stack(0x0000000018520000,0x0000000018620000)]
  0x0000000017944000 JavaThread "pool-2-thread-2" [_thread_in_Java, id=9140, stack(0x0000000018420000,0x0000000018520000)]
  0x0000000017942000 JavaThread "pool-3-thread-1" [_thread_blocked, id=1020, stack(0x0000000018320000,0x0000000018420000)]
  0x000000001793f800 JavaThread "pool-2-thread-1" [_thread_blocked, id=4980, stack(0x0000000018220000,0x0000000018320000)]
  0x00000000176e4800 JavaThread "Service Thread" daemon [_thread_blocked, id=4108, stack(0x0000000018020000,0x0000000018120000)]
  0x000000001765c000 JavaThread "C1 CompilerThread3" daemon [_thread_in_vm, id=7728, stack(0x0000000017f20000,0x0000000018020000)]
  0x0000000017658000 JavaThread "C2 CompilerThread2" daemon [_thread_in_native, id=6652, stack(0x0000000017e20000,0x0000000017f20000)]
  0x0000000017649800 JavaThread "C2 CompilerThread1" daemon [_thread_in_native, id=7824, stack(0x0000000017d20000,0x0000000017e20000)]
=>0x0000000017646000 JavaThread "C2 CompilerThread0" daemon [_thread_in_native, id=9568, stack(0x0000000017c20000,0x0000000017d20000)]
  0x0000000017645000 JavaThread "Attach Listener" daemon [_thread_blocked, id=9464, stack(0x0000000017b20000,0x0000000017c20000)]
  0x0000000017644800 JavaThread "Signal Dispatcher" daemon [_thread_blocked, id=948, stack(0x0000000017a20000,0x0000000017b20000)]
  0x0000000002b27800 JavaThread "Finalizer" daemon [_thread_blocked, id=4524, stack(0x0000000017520000,0x0000000017620000)]
  0x000000001564c800 JavaThread "Reference Handler" daemon [_thread_blocked, id=4916, stack(0x0000000017420000,0x0000000017520000)]
  0x000000000109d800 JavaThread "main" [_thread_blocked, id=7548, stack(0x0000000002880000,0x0000000002980000)]

Other Threads:
  0x0000000015648800 VMThread [stack: 0x0000000017320000,0x0000000017420000] [id=1828]
  0x00000000176e6800 WatcherThread [stack: 0x0000000018120000,0x0000000018220000] [id=6160]

VM state:not at safepoint (normal execution)

VM Mutex/Monitor currently owned by a thread: None

Heap:
 PSYoungGen      total 12288K, used 11982K [0x00000000eab00000, 0x00000000eb900000, 0x0000000100000000)
  eden space 10240K, 98% used [0x00000000eab00000,0x00000000eb4e3a58,0x00000000eb500000)
  from space 2048K, 90% used [0x00000000eb500000,0x00000000eb6d0000,0x00000000eb700000)
  to   space 2048K, 0% used [0x00000000eb700000,0x00000000eb700000,0x00000000eb900000)
 ParOldGen       total 129536K, used 5256K [0x00000000c0000000, 0x00000000c7e80000, 0x00000000eab00000)
  object space 129536K, 4% used [0x00000000c0000000,0x00000000c05222c0,0x00000000c7e80000)
 Metaspace       used 5780K, capacity 6832K, committed 7040K, reserved 1056768K
  class space    used 589K, capacity 616K, committed 640K, reserved 1048576K

Card table byte_map: [0x0000000011ef0000,0x0000000012100000] byte_map_base: 0x00000000118f0000

Marking Bits: (ParMarkBitMap*) 0x000000006e9813b0
 Begin Bits: [0x0000000012a60000, 0x0000000013a60000)
 End Bits:   [0x0000000013a60000, 0x0000000014a60000)

Polling page: 0x0000000000f70000

CodeCache: size=245760Kb used=5445Kb max_used=5445Kb free=240314Kb
 bounds [0x0000000002b30000, 0x0000000003090000, 0x0000000011b30000]
 total_blobs=1610 nmethods=1346 adapters=178
 compilation: enabled

Compilation events (10 events):
Event: 1.313 Thread 0x000000001765c000 nmethod 1372 0x0000000003081110 code [0x0000000003081260, 0x0000000003081390]
Event: 1.313 Thread 0x000000001765c000 1351       3       com.android.dx.dex.code.RopTranslator::access$000 (5 bytes)
Event: 1.313 Thread 0x000000001765c000 nmethod 1351 0x0000000003081410 code [0x0000000003081580, 0x00000000030817c8]
Event: 1.313 Thread 0x000000001765c000 1352       3       com.android.dx.dex.code.RopTranslator::getRegs (9 bytes)
Event: 1.313 Thread 0x000000001765c000 nmethod 1352 0x00000000030818d0 code [0x0000000003081a40, 0x0000000003081c48]
Event: 1.313 Thread 0x000000001765c000 1366       3       com.android.dx.dex.code.SimpleInsn::<init> (8 bytes)
Event: 1.313 Thread 0x000000001765c000 nmethod 1366 0x0000000003081d10 code [0x0000000003081e80, 0x0000000003082048]
Event: 1.313 Thread 0x000000001765c000 1361       3       com.android.dx.ssa.MoveParamCombiner$1::visitPhiInsn (1 bytes)
Event: 1.313 Thread 0x000000001765c000 nmethod 1361 0x0000000003082150 code [0x00000000030822a0, 0x00000000030823f0]
Event: 1.313 Thread 0x000000001765c000 1363       3       com.android.dx.ssa.BasicRegisterMapper::oldToNew (22 bytes)

GC Heap History (10 events):
Event: 0.524 GC heap before
{Heap before GC invocations=9 (full 0):
 PSYoungGen      total 5120K, used 5040K [0x00000000eab00000, 0x00000000eb300000, 0x0000000100000000)
  eden space 3584K, 100% used [0x00000000eab00000,0x00000000eae80000,0x00000000eae80000)
  from space 1536K, 94% used [0x00000000eb080000,0x00000000eb1ec300,0x00000000eb200000)
  to   space 2048K, 0% used [0x00000000eae80000,0x00000000eae80000,0x00000000eb080000)
 ParOldGen       total 129536K, used 1473K [0x00000000c0000000, 0x00000000c7e80000, 0x00000000eab00000)
  object space 129536K, 1% used [0x00000000c0000000,0x00000000c0170550,0x00000000c7e80000)
 Metaspace       used 5421K, capacity 6576K, committed 6784K, reserved 1056768K
  class space    used 585K, capacity 616K, committed 640K, reserved 1048576K
Event: 0.537 GC heap after
Heap after GC invocations=9 (full 0):
 PSYoungGen      total 5632K, used 1744K [0x00000000eab00000, 0x00000000eb500000, 0x0000000100000000)
  eden space 3584K, 0% used [0x00000000eab00000,0x00000000eab00000,0x00000000eae80000)
  from space 2048K, 85% used [0x00000000eae80000,0x00000000eb034330,0x00000000eb080000)
  to   space 2048K, 0% used [0x00000000eb300000,0x00000000eb300000,0x00000000eb500000)
 ParOldGen       total 129536K, used 1770K [0x00000000c0000000, 0x00000000c7e80000, 0x00000000eab00000)
  object space 129536K, 1% used [0x00000000c0000000,0x00000000c01baac8,0x00000000c7e80000)
 Metaspace       used 5421K, capacity 6576K, committed 6784K, reserved 1056768K
  class space    used 585K, capacity 616K, committed 640K, reserved 1048576K
}
Event: 0.633 GC heap before
{Heap before GC invocations=10 (full 0):
 PSYoungGen      total 5632K, used 5328K [0x00000000eab00000, 0x00000000eb500000, 0x0000000100000000)
  eden space 3584K, 100% used [0x00000000eab00000,0x00000000eae80000,0x00000000eae80000)
  from space 2048K, 85% used [0x00000000eae80000,0x00000000eb034330,0x00000000eb080000)
  to   space 2048K, 0% used [0x00000000eb300000,0x00000000eb300000,0x00000000eb500000)
 ParOldGen       total 129536K, used 1770K [0x00000000c0000000, 0x00000000c7e80000, 0x00000000eab00000)
  object space 129536K, 1% used [0x00000000c0000000,0x00000000c01baac8,0x00000000c7e80000)
 Metaspace       used 5544K, capacity 6640K, committed 6784K, reserved 1056768K
  class space    used 586K, capacity 616K, committed 640K, reserved 1048576K
Event: 0.682 GC heap after
Heap after GC invocations=10 (full 0):
 PSYoungGen      total 8192K, used 1408K [0x00000000eab00000, 0x00000000eb500000, 0x0000000100000000)
  eden space 6144K, 0% used [0x00000000eab00000,0x00000000eab00000,0x00000000eb100000)
  from space 2048K, 68% used [0x00000000eb300000,0x00000000eb460018,0x00000000eb500000)
  to   space 2048K, 0% used [0x00000000eb100000,0x00000000eb100000,0x00000000eb300000)
 ParOldGen       total 129536K, used 2276K [0x00000000c0000000, 0x00000000c7e80000, 0x00000000eab00000)
  object space 129536K, 1% used [0x00000000c0000000,0x00000000c0239288,0x00000000c7e80000)
 Metaspace       used 5544K, capacity 6640K, committed 6784K, reserved 1056768K
  class space    used 586K, capacity 616K, committed 640K, reserved 1048576K
}
Event: 0.778 GC heap before
{Heap before GC invocations=11 (full 0):
 PSYoungGen      total 8192K, used 7552K [0x00000000eab00000, 0x00000000eb500000, 0x0000000100000000)
  eden space 6144K, 100% used [0x00000000eab00000,0x00000000eb100000,0x00000000eb100000)
  from space 2048K, 68% used [0x00000000eb300000,0x00000000eb460018,0x00000000eb500000)
  to   space 2048K, 0% used [0x00000000eb100000,0x00000000eb100000,0x00000000eb300000)
 ParOldGen       total 129536K, used 2276K [0x00000000c0000000, 0x00000000c7e80000, 0x00000000eab00000)
  object space 129536K, 1% used [0x00000000c0000000,0x00000000c0239288,0x00000000c7e80000)
 Metaspace       used 5608K, capacity 6704K, committed 6784K, reserved 1056768K
  class space    used 586K, capacity 616K, committed 640K, reserved 1048576K
Event: 0.833 GC heap after
Heap after GC invocations=11 (full 0):
 PSYoungGen      total 8192K, used 944K [0x00000000eab00000, 0x00000000eb900000, 0x0000000100000000)
  eden space 6144K, 0% used [0x00000000eab00000,0x00000000eab00000,0x00000000eb100000)
  from space 2048K, 46% used [0x00000000eb100000,0x00000000eb1ec010,0x00000000eb300000)
  to   space 2048K, 0% used [0x00000000eb700000,0x00000000eb700000,0x00000000eb900000)
 ParOldGen       total 129536K, used 3472K [0x00000000c0000000, 0x00000000c7e80000, 0x00000000eab00000)
  object space 129536K, 2% used [0x00000000c0000000,0x00000000c03642b0,0x00000000c7e80000)
 Metaspace       used 5608K, capacity 6704K, committed 6784K, reserved 1056768K
  class space    used 586K, capacity 616K, committed 640K, reserved 1048576K
}
Event: 0.897 GC heap before
{Heap before GC invocations=12 (full 0):
 PSYoungGen      total 8192K, used 7088K [0x00000000eab00000, 0x00000000eb900000, 0x0000000100000000)
  eden space 6144K, 100% used [0x00000000eab00000,0x00000000eb100000,0x00000000eb100000)
  from space 2048K, 46% used [0x00000000eb100000,0x00000000eb1ec010,0x00000000eb300000)
  to   space 2048K, 0% used [0x00000000eb700000,0x00000000eb700000,0x00000000eb900000)
 ParOldGen       total 129536K, used 3472K [0x00000000c0000000, 0x00000000c7e80000, 0x00000000eab00000)
  object space 129536K, 2% used [0x00000000c0000000,0x00000000c03642b0,0x00000000c7e80000)
 Metaspace       used 5666K, capacity 6768K, committed 7040K, reserved 1056768K
  class space    used 587K, capacity 616K, committed 640K, reserved 1048576K
Event: 0.909 GC heap after
Heap after GC invocations=12 (full 0):
 PSYoungGen      total 12288K, used 1280K [0x00000000eab00000, 0x00000000eb900000, 0x0000000100000000)
  eden space 10240K, 0% used [0x00000000eab00000,0x00000000eab00000,0x00000000eb500000)
  from space 2048K, 62% used [0x00000000eb700000,0x00000000eb840010,0x00000000eb900000)
  to   space 2048K, 0% used [0x00000000eb500000,0x00000000eb500000,0x00000000eb700000)
 ParOldGen       total 129536K, used 4344K [0x00000000c0000000, 0x00000000c7e80000, 0x00000000eab00000)
  object space 129536K, 3% used [0x00000000c0000000,0x00000000c043e2b0,0x00000000c7e80000)
 Metaspace       used 5666K, capacity 6768K, committed 7040K, reserved 1056768K
  class space    used 587K, capacity 616K, committed 640K, reserved 1048576K
}
Event: 1.194 GC heap before
{Heap before GC invocations=13 (full 0):
 PSYoungGen      total 12288K, used 11520K [0x00000000eab00000, 0x00000000eb900000, 0x0000000100000000)
  eden space 10240K, 100% used [0x00000000eab00000,0x00000000eb500000,0x00000000eb500000)
  from space 2048K, 62% used [0x00000000eb700000,0x00000000eb840010,0x00000000eb900000)
  to   space 2048K, 0% used [0x00000000eb500000,0x00000000eb500000,0x00000000eb700000)
 ParOldGen       total 129536K, used 4344K [0x00000000c0000000, 0x00000000c7e80000, 0x00000000eab00000)
  object space 129536K, 3% used [0x00000000c0000000,0x00000000c043e2b0,0x00000000c7e80000)
 Metaspace       used 5743K, capacity 6832K, committed 7040K, reserved 1056768K
  class space    used 587K, capacity 616K, committed 640K, reserved 1048576K
Event: 1.262 GC heap after
Heap after GC invocations=13 (full 0):
 PSYoungGen      total 12288K, used 1856K [0x00000000eab00000, 0x00000000eb900000, 0x0000000100000000)
  eden space 10240K, 0% used [0x00000000eab00000,0x00000000eab00000,0x00000000eb500000)
  from space 2048K, 90% used [0x00000000eb500000,0x00000000eb6d0000,0x00000000eb700000)
  to   space 2048K, 0% used [0x00000000eb700000,0x00000000eb700000,0x00000000eb900000)
 ParOldGen       total 129536K, used 5256K [0x00000000c0000000, 0x00000000c7e80000, 0x00000000eab00000)
  object space 129536K, 4% used [0x00000000c0000000,0x00000000c05222c0,0x00000000c7e80000)
 Metaspace       used 5743K, capacity 6832K, committed 7040K, reserved 1056768K
  class space    used 587K, capacity 616K, committed 640K, reserved 1048576K
}

Deoptimization events (8 events):
Event: 0.715 Thread 0x000000001790b000 Uncommon trap: reason=null_check action=make_not_entrant pc=0x0000000002e1d314 method=com.android.dx.ssa.SsaRenamer.getLocalForNewReg(I)Lcom/android/dx/rop/code/LocalItem; @ 19
Event: 0.755 Thread 0x000000001793f800 Uncommon trap: reason=null_check action=make_not_entrant pc=0x0000000002e13fa0 method=com.android.dx.rop.type.Type.equals(Ljava/lang/Object;)Z @ 8
Event: 0.863 Thread 0x000000001790b000 Uncommon trap: reason=unreached action=reinterpret pc=0x0000000002e6821c method=com.android.dx.rop.cst.Constant.compareTo(Lcom/android/dx/rop/cst/Constant;)I @ 12
Event: 1.270 Thread 0x0000000017944000 Uncommon trap: reason=unloaded action=reinterpret pc=0x0000000002fefbc0 method=com.android.dx.ssa.LiteralOpUpgrader$1.visitNonMoveInsn(Lcom/android/dx/ssa/NormalSsaInsn;)V @ 72
Event: 1.270 Thread 0x0000000017944000 Uncommon trap: reason=unreached action=reinterpret pc=0x0000000002e7d3dc method=com.android.dx.ssa.SsaMethod.updateOneDefinition(Lcom/android/dx/ssa/SsaInsn;Lcom/android/dx/rop/code/RegisterSpec;)V @ 4
Event: 1.291 Thread 0x000000001790b000 Uncommon trap: reason=bimorphic action=maybe_recompile pc=0x0000000002fb73b8 method=com.android.dx.cf.code.BytecodeArray.parseInstruction(ILcom/android/dx/cf/code/BytecodeArray$Visitor;)I @ 2484
Event: 1.292 Thread 0x000000001790b000 Uncommon trap: reason=bimorphic action=maybe_recompile pc=0x0000000002fb73b8 method=com.android.dx.cf.code.BytecodeArray.parseInstruction(ILcom/android/dx/cf/code/BytecodeArray$Visitor;)I @ 2484
Event: 1.294 Thread 0x0000000017944000 Uncommon trap: reason=uninitialized action=reinterpret pc=0x0000000002fb7c60 method=com.android.dx.cf.code.BytecodeArray.parseInstruction(ILcom/android/dx/cf/code/BytecodeArray$Visitor;)I @ 1079

Internal exceptions (10 events):
Event: 0.481 Thread 0x000000000109d800 Exception <a 'java/security/PrivilegedActionException'> (0x00000000eaca2638) thrown at [D:\re\workspace\8-2-build-windows-amd64-cygwin\jdk8\2238\hotspot\src\share\vm\prims\jvm.cpp, line 1248]
Event: 0.484 Thread 0x000000000109d800 Exception <a 'java/security/PrivilegedActionException'> (0x00000000eacaf350) thrown at [D:\re\workspace\8-2-build-windows-amd64-cygwin\jdk8\2238\hotspot\src\share\vm\prims\jvm.cpp, line 1248]
Event: 0.485 Thread 0x000000000109d800 Exception <a 'java/security/PrivilegedActionException'> (0x00000000eacb5720) thrown at [D:\re\workspace\8-2-build-windows-amd64-cygwin\jdk8\2238\hotspot\src\share\vm\prims\jvm.cpp, line 1248]
Event: 0.485 Thread 0x000000000109d800 Exception <a 'java/security/PrivilegedActionException'> (0x00000000eacbd880) thrown at [D:\re\workspace\8-2-build-windows-amd64-cygwin\jdk8\2238\hotspot\src\share\vm\prims\jvm.cpp, line 1248]
Event: 0.490 Thread 0x000000000109d800 Exception <a 'java/security/PrivilegedActionException'> (0x00000000eacddfc0) thrown at [D:\re\workspace\8-2-build-windows-amd64-cygwin\jdk8\2238\hotspot\src\share\vm\prims\jvm.cpp, line 1248]
Event: 0.715 Thread 0x000000001790b000 Implicit null exception at 0x0000000002e1b541 to 0x0000000002e1d2ed
Event: 0.755 Thread 0x000000001793f800 Implicit null exception at 0x0000000002e13ea2 to 0x0000000002e13f92
Event: 0.758 Thread 0x0000000017944000 Exception <a 'java/security/PrivilegedActionException'> (0x00000000eb0f5120) thrown at [D:\re\workspace\8-2-build-windows-amd64-cygwin\jdk8\2238\hotspot\src\share\vm\prims\jvm.cpp, line 1248]
Event: 1.181 Thread 0x000000001793f800 Exception <a 'java/security/PrivilegedActionException'> (0x00000000eb4dc198) thrown at [D:\re\workspace\8-2-build-windows-amd64-cygwin\jdk8\2238\hotspot\src\share\vm\prims\jvm.cpp, line 1248]
Event: 1.270 Thread 0x0000000017944000 Exception <a 'java/security/PrivilegedActionException'> (0x00000000eab4e320) thrown at [D:\re\workspace\8-2-build-windows-amd64-cygwin\jdk8\2238\hotspot\src\share\vm\prims\jvm.cpp, line 1248]

Events (10 events):
Event: 1.279 loading class java/util/HashMap$ValueIterator done
Event: 1.291 Thread 0x000000001790b000 Uncommon trap: trap_request=0xffffffc6 fr.pc=0x0000000002fb73b8
Event: 1.291 Thread 0x000000001790b000 DEOPT PACKING pc=0x0000000002fb73b8 sp=0x000000001871e4a0
Event: 1.291 Thread 0x000000001790b000 DEOPT UNPACKING pc=0x0000000002b755af sp=0x000000001871e448 mode 2
Event: 1.292 Thread 0x000000001790b000 Uncommon trap: trap_request=0xffffffc6 fr.pc=0x0000000002fb73b8
Event: 1.292 Thread 0x000000001790b000 DEOPT PACKING pc=0x0000000002fb73b8 sp=0x000000001871e270
Event: 1.292 Thread 0x000000001790b000 DEOPT UNPACKING pc=0x0000000002b755af sp=0x000000001871e218 mode 2
Event: 1.294 Thread 0x0000000017944000 Uncommon trap: trap_request=0xffffffb5 fr.pc=0x0000000002fb7c60
Event: 1.294 Thread 0x0000000017944000 DEOPT PACKING pc=0x0000000002fb7c60 sp=0x000000001851ed20
Event: 1.294 Thread 0x0000000017944000 DEOPT UNPACKING pc=0x0000000002b755af sp=0x000000001851ecc0 mode 2


Dynamic libraries:
0x00007ff7e1730000 - 0x00007ff7e1764000 	C:\Program Files\Java\jdk1.8.0\bin\java.exe
0x00007ff99a0a0000 - 0x00007ff99a24d000 	C:\Windows\SYSTEM32\ntdll.dll
0x00007ff998140000 - 0x00007ff99827e000 	C:\Windows\system32\KERNEL32.DLL
0x00007ff997290000 - 0x00007ff9973a5000 	C:\Windows\system32\KERNELBASE.dll
0x00007ff9957e0000 - 0x00007ff99586e000 	C:\Windows\system32\apphelp.dll
0x00007ff97bea0000 - 0x00007ff97bef3000 	C:\Windows\AppPatch\AppPatch64\AcGenral.DLL
0x00007ff9979c0000 - 0x00007ff997a6a000 	C:\Windows\system32\msvcrt.dll
0x00007ff9976f0000 - 0x00007ff99771e000 	C:\Windows\system32\SspiCli.dll
0x00007ff9980e0000 - 0x00007ff998134000 	C:\Windows\system32\SHLWAPI.dll
0x00007ff998380000 - 0x00007ff9984f7000 	C:\Windows\system32\USER32.dll
0x00007ff997df0000 - 0x00007ff997f84000 	C:\Windows\system32\ole32.dll
0x00007ff998980000 - 0x00007ff999ea8000 	C:\Windows\system32\SHELL32.dll
0x00007ff996810000 - 0x00007ff996831000 	C:\Windows\SYSTEM32\USERENV.dll
0x00007ff999eb0000 - 0x00007ff999f5a000 	C:\Windows\system32\ADVAPI32.dll
0x00007ff98acd0000 - 0x00007ff98acee000 	C:\Windows\SYSTEM32\MPR.dll
0x00007ff999f60000 - 0x00007ff99a0a0000 	C:\Windows\system32\RPCRT4.dll
0x00007ff997d90000 - 0x00007ff997de9000 	C:\Windows\SYSTEM32\sechost.dll
0x00007ff997b70000 - 0x00007ff997d81000 	C:\Windows\SYSTEM32\combase.dll
0x00007ff997f90000 - 0x00007ff9980df000 	C:\Windows\system32\GDI32.dll
0x00007ff9971c0000 - 0x00007ff9971d5000 	C:\Windows\SYSTEM32\profapi.dll
0x00007ff995a70000 - 0x00007ff995b22000 	C:\Windows\SYSTEM32\SHCORE.dll
0x00007ff997a70000 - 0x00007ff997aa6000 	C:\Windows\system32\IMM32.DLL
0x00007ff997720000 - 0x00007ff997872000 	C:\Windows\system32\MSCTF.dll
0x00007ff994cb0000 - 0x00007ff994f2b000 	C:\Windows\WinSxS\amd64_microsoft.windows.common-controls_6595b64144ccf1df_6.0.9600.18006_none_623f33d3ecbe86e8\COMCTL32.dll
0x000000006f100000 - 0x000000006f1d2000 	C:\Program Files\Java\jdk1.8.0\jre\bin\msvcr100.dll
0x000000006e1d0000 - 0x000000006e9fa000 	C:\Program Files\Java\jdk1.8.0\jre\bin\server\jvm.dll
0x00007ff995de0000 - 0x00007ff995de9000 	C:\Windows\SYSTEM32\WSOCK32.dll
0x00007ff9924b0000 - 0x00007ff9924d2000 	C:\Windows\SYSTEM32\WINMM.dll
0x00007ff998370000 - 0x00007ff998377000 	C:\Windows\system32\PSAPI.DLL
0x00007ff9982f0000 - 0x00007ff99834a000 	C:\Windows\system32\WS2_32.dll
0x00007ff992480000 - 0x00007ff9924aa000 	C:\Windows\SYSTEM32\WINMMBASE.dll
0x00007ff9987b0000 - 0x00007ff9987b9000 	C:\Windows\system32\NSI.dll
0x00007ff9976a0000 - 0x00007ff9976ef000 	C:\Windows\SYSTEM32\cfgmgr32.dll
0x00007ff996010000 - 0x00007ff996038000 	C:\Windows\SYSTEM32\DEVOBJ.dll
0x00000000703a0000 - 0x00000000703af000 	C:\Program Files\Java\jdk1.8.0\jre\bin\verify.dll
0x0000000070370000 - 0x0000000070398000 	C:\Program Files\Java\jdk1.8.0\jre\bin\java.dll
0x0000000070350000 - 0x0000000070366000 	C:\Program Files\Java\jdk1.8.0\jre\bin\zip.dll

VM Arguments:
jvm_args: -Djava.awt.headless=true -Xmx1024M -Dfile.encoding=windows-1252 -Duser.country=US -Duser.language=en -Duser.variant 
java_command: com.android.dx.command.Main --dex --force-jumbo --num-threads=4 --multi-dex --output D:\Aswathy\AswathyApps\AswathyApps\HomePlus\app\build\intermediates\transforms\dex\debug\folders\1000\10\jackson-core-2.5.1_a51a1e6321f4889279cce988e5221cafe07ded00 C:\Users\JijoCJ\.gradle\caches\modules-2\files-2.1\com.fasterxml.jackson.core\jackson-core\2.5.1\e2a00ad1d7e540ec395e9296a34da484c8888d4d\jackson-core-2.5.1.jar
java_class_path (initial): D:\TOOLS\android-sdk\build-tools\24.0.1\lib\dx.jar
Launcher Type: SUN_STANDARD

Environment Variables:
PATH=C:\ProgramData\Oracle\Java\javapath;C:\Windows\System32;C:\Program Files\nodejs\;C:\ProgramData\Oracle\Java\javapath;C:\Windows\System32;C:\Program Files\nodejs\;C:\ProgramData\Oracle\Java\javapath;C:\Windows\System32;C:\Program Files\nodejs\;C:\Windows\System32;D:\TOOLS\android-sdk\tools;D:\TOOLS\android-sdk\platform-tools;C:\Users\sandeepandroid\AppData\Roaming\npm;C:\Program Files\TortoiseGit\bin;C:\Program Files (x86)\Skype\Phone\;D:\TOOLS\android-sdk\tools;D:\TOOLS\android-sdk\platform-tools;C:\Users\sandeepandroid\AppData\Roaming\npm;C:\Program Files\TortoiseGit\bin;C:\Program Files (x86)\Skype\Phone\;D:\TOOLS\android-sdk\tools;D:\TOOLS\android-sdk\platform-tools;C:\Users\sandeepandroid\AppData\Roaming\npm;C:\Program Files\TortoiseGit\bin;C:\Program Files (x86)\Skype\Phone\;C:\Program Files (x86)\Mozilla Firefox;C:\ProgramData\Oracle\Java\javapath;C:\Windows\System32;C:\Program Files\nodejs\;C:\ProgramData\Oracle\Java\javapath;C:\Windows\System32;C:\Program Files\nodejs\;C:\ProgramData\Oracle\Java\javapath;C:\Windows\System32;C:\Program Files\nodejs\;C:\Windows\System32;D:\TOOLS\android-sdk\tools;D:\TOOLS\android-sdk\platform-tools;C:\Users\sandeepandroid\AppData\Roaming\npm;C:\Program Files (x86)\Skype\Phone\;C:\Program Files\TortoiseGit\bin;D:\TOOLS\android-sdk\tools;D:\TOOLS\android-sdk\platform-tools;C:\Users\sandeepandroid\AppData\Roaming\npm;C:\Program Files (x86)\Skype\Phone\;C:\Program Files\TortoiseGit\bin;D:\TOOLS\android-sdk\tools;D:\TOOLS\android-sdk\platform-tools;C:\Users\sandeepandroid\AppData\Roaming\npm;C:\Program Files (x86)\Skype\Phone\;C:\Program Files\TortoiseGit\bin
USERNAME=JijoCJ
OS=Windows_NT
PROCESSOR_IDENTIFIER=Intel64 Family 6 Model 58 Stepping 9, GenuineIntel



---------------  S Y S T E M  ---------------

OS: Windows 8.1 , 64 bit Build 9600 

CPU:total 8 (4 cores per cpu, 2 threads per core) family 6 model 58 stepping 9, cmov, cx8, fxsr, mmx, sse, sse2, sse3, ssse3, sse4.1, sse4.2, popcnt, avx, aes, clmul, erms, ht, tsc, tscinvbit

Memory: 4k page, physical 8353172k(950752k free), swap 11498900k(5116k free)

vm_info: Java HotSpot(TM) 64-Bit Server VM (25.0-b70) for windows-amd64 JRE (1.8.0-b132), built on Mar  4 2014 03:46:18 by "java_re" with MS VC++ 10.0 (VS2010)

time: Wed Jan 11 15:36:46 2017
elapsed time: 1 seconds

