#
# There is insufficient memory for the Java Runtime Environment to continue.
# Native memory allocation (malloc) failed to allocate 713456 bytes for Chunk::new
# Possible reasons:
#   The system is out of physical RAM or swap space
#   In 32 bit mode, the process size limit was hit
# Possible solutions:
#   Reduce memory load on the system
#   Increase physical memory or swap space
#   Check if swap backing store is full
#   Use 64 bit Java on a 64 bit OS
#   Decrease Java heap size (-Xmx/-Xms)
#   Decrease number of Java threads
#   Decrease Java thread stack sizes (-Xss)
#   Set larger code cache with -XX:ReservedCodeCacheSize=
# This output file may be truncated or incomplete.
#
#  Out of Memory Error (allocation.cpp:388), pid=9732, tid=4860
#
# JRE version: Java(TM) SE Runtime Environment (8.0-b132) (build 1.8.0-b132)
# Java VM: Java HotSpot(TM) 64-Bit Server VM (25.0-b70 mixed mode windows-amd64 compressed oops)
# Failed to write core dump. Minidumps are not enabled by default on client versions of Windows
#

---------------  T H R E A D  ---------------

Current thread (0x0000000016eec800):  JavaThread "C2 CompilerThread2" daemon [_thread_in_native, id=4860, stack(0x00000000176c0000,0x00000000177c0000)]

Stack: [0x00000000176c0000,0x00000000177c0000]
Native frames: (J=compiled Java code, j=interpreted, Vv=VM code, C=native code)
V  [jvm.dll+0x308e0a]


Current CompileTask:
C2:   1099 1140       4       com.android.dx.ssa.SCCP::simulateStmt (481 bytes)


---------------  P R O C E S S  ---------------

Java Threads: ( => current thread )
  0x00000000172b8800 JavaThread "pool-2-thread-4" [_thread_in_Java, id=6240, stack(0x00000000186c0000,0x00000000187c0000)]
  0x000000001722e000 JavaThread "pool-2-thread-3" [_thread_blocked, id=4508, stack(0x00000000185c0000,0x00000000186c0000)]
  0x000000001722d000 JavaThread "pool-2-thread-2" [_thread_in_vm, id=8424, stack(0x00000000184c0000,0x00000000185c0000)]
  0x000000001722c800 JavaThread "pool-3-thread-1" [_thread_blocked, id=7916, stack(0x00000000183c0000,0x00000000184c0000)]
  0x0000000017195000 JavaThread "pool-2-thread-1" [_thread_blocked, id=8172, stack(0x00000000182c0000,0x00000000183c0000)]
  0x0000000016f57000 JavaThread "Service Thread" daemon [_thread_blocked, id=6356, stack(0x00000000178c0000,0x00000000179c0000)]
  0x0000000016ef2800 JavaThread "C1 CompilerThread3" daemon [_thread_in_native, id=1432, stack(0x00000000177c0000,0x00000000178c0000)]
=>0x0000000016eec800 JavaThread "C2 CompilerThread2" daemon [_thread_in_native, id=4860, stack(0x00000000176c0000,0x00000000177c0000)]
  0x0000000016ee9800 JavaThread "C2 CompilerThread1" daemon [_thread_in_native, id=7968, stack(0x00000000175c0000,0x00000000176c0000)]
  0x0000000016ee6800 JavaThread "C2 CompilerThread0" daemon [_thread_in_native, id=3696, stack(0x00000000174c0000,0x00000000175c0000)]
  0x0000000016ee5800 JavaThread "Attach Listener" daemon [_thread_blocked, id=9156, stack(0x00000000173c0000,0x00000000174c0000)]
  0x0000000016ee4800 JavaThread "Signal Dispatcher" daemon [_thread_blocked, id=6168, stack(0x00000000172c0000,0x00000000173c0000)]
  0x00000000023b2800 JavaThread "Finalizer" daemon [_thread_blocked, id=5480, stack(0x0000000016dc0000,0x0000000016ec0000)]
  0x00000000023af000 JavaThread "Reference Handler" daemon [_thread_blocked, id=3140, stack(0x0000000016cc0000,0x0000000016dc0000)]
  0x00000000020dd800 JavaThread "main" [_thread_blocked, id=5468, stack(0x00000000021c0000,0x00000000022c0000)]

Other Threads:
  0x0000000014ed9000 VMThread [stack: 0x0000000016bc0000,0x0000000016cc0000] [id=7824]
  0x0000000016f5c800 WatcherThread [stack: 0x00000000179c0000,0x0000000017ac0000] [id=2532]

VM state:not at safepoint (normal execution)

VM Mutex/Monitor currently owned by a thread: None

Heap:
 PSYoungGen      total 12800K, used 2357K [0x00000000eab00000, 0x00000000eb980000, 0x0000000100000000)
  eden space 10752K, 9% used [0x00000000eab00000,0x00000000eabfd770,0x00000000eb580000)
  from space 2048K, 65% used [0x00000000eb780000,0x00000000eb8d0000,0x00000000eb980000)
  to   space 2048K, 0% used [0x00000000eb580000,0x00000000eb580000,0x00000000eb780000)
 ParOldGen       total 129536K, used 3976K [0x00000000c0000000, 0x00000000c7e80000, 0x00000000eab00000)
  object space 129536K, 3% used [0x00000000c0000000,0x00000000c03e23f8,0x00000000c7e80000)
 Metaspace       used 5723K, capacity 6768K, committed 7040K, reserved 1056768K
  class space    used 589K, capacity 616K, committed 640K, reserved 1048576K

Card table byte_map: [0x0000000011780000,0x0000000011990000] byte_map_base: 0x0000000011180000

Marking Bits: (ParMarkBitMap*) 0x000000006e9813b0
 Begin Bits: [0x00000000122f0000, 0x00000000132f0000)
 End Bits:   [0x00000000132f0000, 0x00000000142f0000)

Polling page: 0x0000000002070000

CodeCache: size=245760Kb used=4460Kb max_used=4460Kb free=241299Kb
 bounds [0x00000000023c0000, 0x0000000002830000, 0x00000000113c0000]
 total_blobs=1444 nmethods=1181 adapters=177
 compilation: enabled

Compilation events (10 events):
Event: 1.034 Thread 0x0000000016ef2800 nmethod 1183 0x00000000027edcd0 code [0x00000000027ede20, 0x00000000027edf90]
Event: 1.034 Thread 0x0000000016ef2800 1184       3       com.android.dx.cf.direct.AttributeListParser::getEndOffset (9 bytes)
Event: 1.035 Thread 0x0000000016ef2800 nmethod 1184 0x00000000027fffd0 code [0x0000000002800140, 0x0000000002800368]
Event: 1.035 Thread 0x0000000016ef2800 1185       3       com.android.dx.cf.direct.AttributeListParser::getList (9 bytes)
Event: 1.035 Thread 0x0000000016ef2800 nmethod 1185 0x00000000027ffb50 code [0x00000000027ffcc0, 0x00000000027ffee8]
Event: 1.035 Thread 0x0000000016ef2800 1176       3       com.android.dx.cf.code.Simulator$SimVisitor::visitNoArgs (2136 bytes)
Event: 1.090 Thread 0x0000000016ee6800 nmethod 1178 0x000000000280cc90 code [0x000000000280ce20, 0x000000000280d618]
Event: 1.090 Thread 0x0000000016ee6800 1171       4       com.android.dx.ssa.SsaMethod$1::visitNonMoveInsn (26 bytes)
Event: 1.091 Thread 0x0000000016ee6800 nmethod 1171 0x0000000002809bd0 code [0x0000000002809d20, 0x0000000002809e18]
Event: 1.091 Thread 0x0000000016ee6800 1199   !   4       com.android.dx.cf.code.BytecodeArray::parseInstruction (2764 bytes)

GC Heap History (10 events):
Event: 0.552 GC heap before
{Heap before GC invocations=8 (full 0):
 PSYoungGen      total 3072K, used 2407K [0x00000000eab00000, 0x00000000eb100000, 0x0000000100000000)
  eden space 2048K, 100% used [0x00000000eab00000,0x00000000ead00000,0x00000000ead00000)
  from space 1024K, 35% used [0x00000000ead00000,0x00000000ead59c50,0x00000000eae00000)
  to   space 1024K, 0% used [0x00000000eb000000,0x00000000eb000000,0x00000000eb100000)
 ParOldGen       total 129536K, used 820K [0x00000000c0000000, 0x00000000c7e80000, 0x00000000eab00000)
  object space 129536K, 0% used [0x00000000c0000000,0x00000000c00cd380,0x00000000c7e80000)
 Metaspace       used 4059K, capacity 5296K, committed 5376K, reserved 1056768K
  class space    used 452K, capacity 488K, committed 512K, reserved 1048576K
Event: 0.553 GC heap after
Heap after GC invocations=8 (full 0):
 PSYoungGen      total 5120K, used 930K [0x00000000eab00000, 0x00000000eb100000, 0x0000000100000000)
  eden space 4096K, 0% used [0x00000000eab00000,0x00000000eab00000,0x00000000eaf00000)
  from space 1024K, 90% used [0x00000000eb000000,0x00000000eb0e8a70,0x00000000eb100000)
  to   space 1024K, 0% used [0x00000000eaf00000,0x00000000eaf00000,0x00000000eb000000)
 ParOldGen       total 129536K, used 956K [0x00000000c0000000, 0x00000000c7e80000, 0x00000000eab00000)
  object space 129536K, 0% used [0x00000000c0000000,0x00000000c00ef380,0x00000000c7e80000)
 Metaspace       used 4059K, capacity 5296K, committed 5376K, reserved 1056768K
  class space    used 452K, capacity 488K, committed 512K, reserved 1048576K
}
Event: 0.640 GC heap before
{Heap before GC invocations=9 (full 0):
 PSYoungGen      total 5120K, used 5026K [0x00000000eab00000, 0x00000000eb100000, 0x0000000100000000)
  eden space 4096K, 100% used [0x00000000eab00000,0x00000000eaf00000,0x00000000eaf00000)
  from space 1024K, 90% used [0x00000000eb000000,0x00000000eb0e8a70,0x00000000eb100000)
  to   space 1024K, 0% used [0x00000000eaf00000,0x00000000eaf00000,0x00000000eb000000)
 ParOldGen       total 129536K, used 956K [0x00000000c0000000, 0x00000000c7e80000, 0x00000000eab00000)
  object space 129536K, 0% used [0x00000000c0000000,0x00000000c00ef380,0x00000000c7e80000)
 Metaspace       used 5216K, capacity 6320K, committed 6528K, reserved 1056768K
  class space    used 576K, capacity 616K, committed 640K, reserved 1048576K
Event: 0.662 GC heap after
Heap after GC invocations=9 (full 0):
 PSYoungGen      total 5120K, used 999K [0x00000000eab00000, 0x00000000eb480000, 0x0000000100000000)
  eden space 4096K, 0% used [0x00000000eab00000,0x00000000eab00000,0x00000000eaf00000)
  from space 1024K, 97% used [0x00000000eaf00000,0x00000000eaff9c68,0x00000000eb000000)
  to   space 1536K, 0% used [0x00000000eb300000,0x00000000eb300000,0x00000000eb480000)
 ParOldGen       total 129536K, used 1633K [0x00000000c0000000, 0x00000000c7e80000, 0x00000000eab00000)
  object space 129536K, 1% used [0x00000000c0000000,0x00000000c01984c8,0x00000000c7e80000)
 Metaspace       used 5216K, capacity 6320K, committed 6528K, reserved 1056768K
  class space    used 576K, capacity 616K, committed 640K, reserved 1048576K
}
Event: 0.733 GC heap before
{Heap before GC invocations=10 (full 0):
 PSYoungGen      total 5120K, used 5095K [0x00000000eab00000, 0x00000000eb480000, 0x0000000100000000)
  eden space 4096K, 100% used [0x00000000eab00000,0x00000000eaf00000,0x00000000eaf00000)
  from space 1024K, 97% used [0x00000000eaf00000,0x00000000eaff9c68,0x00000000eb000000)
  to   space 1536K, 0% used [0x00000000eb300000,0x00000000eb300000,0x00000000eb480000)
 ParOldGen       total 129536K, used 1633K [0x00000000c0000000, 0x00000000c7e80000, 0x00000000eab00000)
  object space 129536K, 1% used [0x00000000c0000000,0x00000000c01984c8,0x00000000c7e80000)
 Metaspace       used 5471K, capacity 6576K, committed 6784K, reserved 1056768K
  class space    used 588K, capacity 616K, committed 640K, reserved 1048576K
Event: 0.736 GC heap after
Heap after GC invocations=10 (full 0):
 PSYoungGen      total 8192K, used 1440K [0x00000000eab00000, 0x00000000eb480000, 0x0000000100000000)
  eden space 6656K, 0% used [0x00000000eab00000,0x00000000eab00000,0x00000000eb180000)
  from space 1536K, 93% used [0x00000000eb300000,0x00000000eb468018,0x00000000eb480000)
  to   space 1536K, 0% used [0x00000000eb180000,0x00000000eb180000,0x00000000eb300000)
 ParOldGen       total 129536K, used 1916K [0x00000000c0000000, 0x00000000c7e80000, 0x00000000eab00000)
  object space 129536K, 1% used [0x00000000c0000000,0x00000000c01df080,0x00000000c7e80000)
 Metaspace       used 5471K, capacity 6576K, committed 6784K, reserved 1056768K
  class space    used 588K, capacity 616K, committed 640K, reserved 1048576K
}
Event: 0.926 GC heap before
{Heap before GC invocations=11 (full 0):
 PSYoungGen      total 8192K, used 8096K [0x00000000eab00000, 0x00000000eb480000, 0x0000000100000000)
  eden space 6656K, 100% used [0x00000000eab00000,0x00000000eb180000,0x00000000eb180000)
  from space 1536K, 93% used [0x00000000eb300000,0x00000000eb468018,0x00000000eb480000)
  to   space 1536K, 0% used [0x00000000eb180000,0x00000000eb180000,0x00000000eb300000)
 ParOldGen       total 129536K, used 1916K [0x00000000c0000000, 0x00000000c7e80000, 0x00000000eab00000)
  object space 129536K, 1% used [0x00000000c0000000,0x00000000c01df080,0x00000000c7e80000)
 Metaspace       used 5646K, capacity 6704K, committed 6784K, reserved 1056768K
  class space    used 589K, capacity 616K, committed 640K, reserved 1048576K
Event: 0.932 GC heap after
Heap after GC invocations=11 (full 0):
 PSYoungGen      total 8192K, used 1184K [0x00000000eab00000, 0x00000000eb980000, 0x0000000100000000)
  eden space 6656K, 0% used [0x00000000eab00000,0x00000000eab00000,0x00000000eb180000)
  from space 1536K, 77% used [0x00000000eb180000,0x00000000eb2a8000,0x00000000eb300000)
  to   space 2048K, 0% used [0x00000000eb780000,0x00000000eb780000,0x00000000eb980000)
 ParOldGen       total 129536K, used 2920K [0x00000000c0000000, 0x00000000c7e80000, 0x00000000eab00000)
  object space 129536K, 2% used [0x00000000c0000000,0x00000000c02da328,0x00000000c7e80000)
 Metaspace       used 5646K, capacity 6704K, committed 6784K, reserved 1056768K
  class space    used 589K, capacity 616K, committed 640K, reserved 1048576K
}
Event: 1.075 GC heap before
{Heap before GC invocations=12 (full 0):
 PSYoungGen      total 8192K, used 7840K [0x00000000eab00000, 0x00000000eb980000, 0x0000000100000000)
  eden space 6656K, 100% used [0x00000000eab00000,0x00000000eb180000,0x00000000eb180000)
  from space 1536K, 77% used [0x00000000eb180000,0x00000000eb2a8000,0x00000000eb300000)
  to   space 2048K, 0% used [0x00000000eb780000,0x00000000eb780000,0x00000000eb980000)
 ParOldGen       total 129536K, used 2920K [0x00000000c0000000, 0x00000000c7e80000, 0x00000000eab00000)
  object space 129536K, 2% used [0x00000000c0000000,0x00000000c02da328,0x00000000c7e80000)
 Metaspace       used 5711K, capacity 6768K, committed 7040K, reserved 1056768K
  class space    used 589K, capacity 616K, committed 640K, reserved 1048576K
Event: 1.089 GC heap after
Heap after GC invocations=12 (full 0):
 PSYoungGen      total 12800K, used 1344K [0x00000000eab00000, 0x00000000eb980000, 0x0000000100000000)
  eden space 10752K, 0% used [0x00000000eab00000,0x00000000eab00000,0x00000000eb580000)
  from space 2048K, 65% used [0x00000000eb780000,0x00000000eb8d0000,0x00000000eb980000)
  to   space 2048K, 0% used [0x00000000eb580000,0x00000000eb580000,0x00000000eb780000)
 ParOldGen       total 129536K, used 3976K [0x00000000c0000000, 0x00000000c7e80000, 0x00000000eab00000)
  object space 129536K, 3% used [0x00000000c0000000,0x00000000c03e23f8,0x00000000c7e80000)
 Metaspace       used 5711K, capacity 6768K, committed 7040K, reserved 1056768K
  class space    used 589K, capacity 616K, committed 640K, reserved 1048576K
}

Deoptimization events (2 events):
Event: 0.805 Thread 0x000000001722e000 Uncommon trap: reason=bimorphic action=maybe_recompile pc=0x00000000025ee79c method=java.util.HashMap.getNode(ILjava/lang/Object;)Ljava/util/HashMap$Node; @ 126
Event: 0.805 Thread 0x000000001722e000 Uncommon trap: reason=bimorphic action=maybe_recompile pc=0x00000000025ee79c method=java.util.HashMap.getNode(ILjava/lang/Object;)Ljava/util/HashMap$Node; @ 126

Internal exceptions (10 events):
Event: 0.678 Thread 0x00000000020dd800 Exception <a 'java/security/PrivilegedActionException'> (0x00000000eab82250) thrown at [D:\re\workspace\8-2-build-windows-amd64-cygwin\jdk8\2238\hotspot\src\share\vm\prims\jvm.cpp, line 1248]
Event: 0.680 Thread 0x000000001722d000 Exception <a 'java/security/PrivilegedActionException'> (0x00000000eabac700) thrown at [D:\re\workspace\8-2-build-windows-amd64-cygwin\jdk8\2238\hotspot\src\share\vm\prims\jvm.cpp, line 1248]
Event: 0.681 Thread 0x000000001722e000 Exception <a 'java/security/PrivilegedActionException'> (0x00000000eaba7d90) thrown at [D:\re\workspace\8-2-build-windows-amd64-cygwin\jdk8\2238\hotspot\src\share\vm\prims\jvm.cpp, line 1248]
Event: 0.683 Thread 0x00000000020dd800 Exception <a 'java/security/PrivilegedActionException'> (0x00000000eabc79f0) thrown at [D:\re\workspace\8-2-build-windows-amd64-cygwin\jdk8\2238\hotspot\src\share\vm\prims\jvm.cpp, line 1248]
Event: 0.683 Thread 0x00000000020dd800 Exception <a 'java/security/PrivilegedActionException'> (0x00000000eabcd548) thrown at [D:\re\workspace\8-2-build-windows-amd64-cygwin\jdk8\2238\hotspot\src\share\vm\prims\jvm.cpp, line 1248]
Event: 0.684 Thread 0x000000001722e000 Exception <a 'java/security/PrivilegedActionException'> (0x00000000eabdb720) thrown at [D:\re\workspace\8-2-build-windows-amd64-cygwin\jdk8\2238\hotspot\src\share\vm\prims\jvm.cpp, line 1248]
Event: 0.684 Thread 0x00000000020dd800 Exception <a 'java/security/PrivilegedActionException'> (0x00000000eabe1870) thrown at [D:\re\workspace\8-2-build-windows-amd64-cygwin\jdk8\2238\hotspot\src\share\vm\prims\jvm.cpp, line 1248]
Event: 0.688 Thread 0x000000001722e000 Exception <a 'java/security/PrivilegedActionException'> (0x00000000eac2da08) thrown at [D:\re\workspace\8-2-build-windows-amd64-cygwin\jdk8\2238\hotspot\src\share\vm\prims\jvm.cpp, line 1248]
Event: 0.726 Thread 0x0000000017195000 Exception <a 'java/security/PrivilegedActionException'> (0x00000000eae1fbd0) thrown at [D:\re\workspace\8-2-build-windows-amd64-cygwin\jdk8\2238\hotspot\src\share\vm\prims\jvm.cpp, line 1248]
Event: 0.759 Thread 0x00000000172b8800 Exception <a 'java/security/PrivilegedActionException'> (0x00000000eab95150) thrown at [D:\re\workspace\8-2-build-windows-amd64-cygwin\jdk8\2238\hotspot\src\share\vm\prims\jvm.cpp, line 1248]

Events (10 events):
Event: 0.805 Thread 0x000000001722e000 DEOPT UNPACKING pc=0x00000000024055af sp=0x00000000186be768 mode 2
Event: 0.805 Thread 0x000000001722e000 Uncommon trap: trap_request=0xffffffc6 fr.pc=0x00000000025ee79c
Event: 0.806 Thread 0x000000001722e000 DEOPT PACKING pc=0x00000000025ee79c sp=0x00000000186be830
Event: 0.806 Thread 0x000000001722e000 DEOPT UNPACKING pc=0x00000000024055af sp=0x00000000186be758 mode 2
Event: 0.813 loading class java/util/DualPivotQuicksort
Event: 0.813 loading class java/util/DualPivotQuicksort done
Event: 0.926 Executing VM operation: ParallelGCFailedAllocation
Event: 0.932 Executing VM operation: ParallelGCFailedAllocation done
Event: 1.036 Executing VM operation: ParallelGCFailedAllocation
Event: 1.089 Executing VM operation: ParallelGCFailedAllocation done


Dynamic libraries:
0x00007ff7e1730000 - 0x00007ff7e1764000 	C:\Program Files\Java\jdk1.8.0\bin\java.exe
0x00007ff99a0a0000 - 0x00007ff99a24d000 	C:\Windows\SYSTEM32\ntdll.dll
0x00007ff998140000 - 0x00007ff99827e000 	C:\Windows\system32\KERNEL32.DLL
0x00007ff997290000 - 0x00007ff9973a5000 	C:\Windows\system32\KERNELBASE.dll
0x00007ff9957e0000 - 0x00007ff99586e000 	C:\Windows\system32\apphelp.dll
0x00007ff97bea0000 - 0x00007ff97bef3000 	C:\Windows\AppPatch\AppPatch64\AcGenral.DLL
0x00007ff9979c0000 - 0x00007ff997a6a000 	C:\Windows\system32\msvcrt.dll
0x00007ff9976f0000 - 0x00007ff99771e000 	C:\Windows\system32\SspiCli.dll
0x00007ff9980e0000 - 0x00007ff998134000 	C:\Windows\system32\SHLWAPI.dll
0x00007ff998380000 - 0x00007ff9984f7000 	C:\Windows\system32\USER32.dll
0x00007ff997df0000 - 0x00007ff997f84000 	C:\Windows\system32\ole32.dll
0x00007ff998980000 - 0x00007ff999ea8000 	C:\Windows\system32\SHELL32.dll
0x00007ff996810000 - 0x00007ff996831000 	C:\Windows\SYSTEM32\USERENV.dll
0x00007ff999eb0000 - 0x00007ff999f5a000 	C:\Windows\system32\ADVAPI32.dll
0x00007ff98acd0000 - 0x00007ff98acee000 	C:\Windows\SYSTEM32\MPR.dll
0x00007ff999f60000 - 0x00007ff99a0a0000 	C:\Windows\system32\RPCRT4.dll
0x00007ff997d90000 - 0x00007ff997de9000 	C:\Windows\SYSTEM32\sechost.dll
0x00007ff997b70000 - 0x00007ff997d81000 	C:\Windows\SYSTEM32\combase.dll
0x00007ff997f90000 - 0x00007ff9980df000 	C:\Windows\system32\GDI32.dll
0x00007ff9971c0000 - 0x00007ff9971d5000 	C:\Windows\SYSTEM32\profapi.dll
0x00007ff995a70000 - 0x00007ff995b22000 	C:\Windows\SYSTEM32\SHCORE.dll
0x00007ff997a70000 - 0x00007ff997aa6000 	C:\Windows\system32\IMM32.DLL
0x00007ff997720000 - 0x00007ff997872000 	C:\Windows\system32\MSCTF.dll
0x00007ff994cb0000 - 0x00007ff994f2b000 	C:\Windows\WinSxS\amd64_microsoft.windows.common-controls_6595b64144ccf1df_6.0.9600.18006_none_623f33d3ecbe86e8\COMCTL32.dll
0x000000006f100000 - 0x000000006f1d2000 	C:\Program Files\Java\jdk1.8.0\jre\bin\msvcr100.dll
0x000000006e1d0000 - 0x000000006e9fa000 	C:\Program Files\Java\jdk1.8.0\jre\bin\server\jvm.dll
0x00007ff995de0000 - 0x00007ff995de9000 	C:\Windows\SYSTEM32\WSOCK32.dll
0x00007ff9924b0000 - 0x00007ff9924d2000 	C:\Windows\SYSTEM32\WINMM.dll
0x00007ff998370000 - 0x00007ff998377000 	C:\Windows\system32\PSAPI.DLL
0x00007ff9982f0000 - 0x00007ff99834a000 	C:\Windows\system32\WS2_32.dll
0x00007ff992480000 - 0x00007ff9924aa000 	C:\Windows\SYSTEM32\WINMMBASE.dll
0x00007ff9987b0000 - 0x00007ff9987b9000 	C:\Windows\system32\NSI.dll
0x00007ff9976a0000 - 0x00007ff9976ef000 	C:\Windows\SYSTEM32\cfgmgr32.dll
0x00007ff996010000 - 0x00007ff996038000 	C:\Windows\SYSTEM32\DEVOBJ.dll
0x00000000703a0000 - 0x00000000703af000 	C:\Program Files\Java\jdk1.8.0\jre\bin\verify.dll
0x0000000070370000 - 0x0000000070398000 	C:\Program Files\Java\jdk1.8.0\jre\bin\java.dll
0x0000000070350000 - 0x0000000070366000 	C:\Program Files\Java\jdk1.8.0\jre\bin\zip.dll
0x00007ff990610000 - 0x00007ff990799000 	C:\Windows\SYSTEM32\dbghelp.dll

VM Arguments:
jvm_args: -Djava.awt.headless=true -Xmx1024M -Dfile.encoding=windows-1252 -Duser.country=US -Duser.language=en -Duser.variant 
java_command: com.android.dx.command.Main --dex --force-jumbo --num-threads=4 --multi-dex --output D:\Aswathy\AswathyApps\AswathyApps\HomePlus\app\build\intermediates\transforms\dex\debug\folders\1000\10\com.google.android.gms-play-services-basement-10.0.1_07a9b27a1bc4278eb14df445093270759ea43c72 D:\Aswathy\AswathyApps\AswathyApps\HomePlus\app\build\intermediates\exploded-aar\com.google.android.gms\play-services-basement\10.0.1\jars\classes.jar
java_class_path (initial): D:\TOOLS\android-sdk\build-tools\24.0.1\lib\dx.jar
Launcher Type: SUN_STANDARD

Environment Variables:
PATH=C:\ProgramData\Oracle\Java\javapath;C:\Windows\System32;C:\Program Files\nodejs\;C:\ProgramData\Oracle\Java\javapath;C:\Windows\System32;C:\Program Files\nodejs\;C:\ProgramData\Oracle\Java\javapath;C:\Windows\System32;C:\Program Files\nodejs\;C:\Windows\System32;D:\TOOLS\android-sdk\tools;D:\TOOLS\android-sdk\platform-tools;C:\Users\sandeepandroid\AppData\Roaming\npm;C:\Program Files\TortoiseGit\bin;C:\Program Files (x86)\Skype\Phone\;D:\TOOLS\android-sdk\tools;D:\TOOLS\android-sdk\platform-tools;C:\Users\sandeepandroid\AppData\Roaming\npm;C:\Program Files\TortoiseGit\bin;C:\Program Files (x86)\Skype\Phone\;D:\TOOLS\android-sdk\tools;D:\TOOLS\android-sdk\platform-tools;C:\Users\sandeepandroid\AppData\Roaming\npm;C:\Program Files\TortoiseGit\bin;C:\Program Files (x86)\Skype\Phone\;C:\Program Files (x86)\Mozilla Firefox;C:\ProgramData\Oracle\Java\javapath;C:\Windows\System32;C:\Program Files\nodejs\;C:\ProgramData\Oracle\Java\javapath;C:\Windows\System32;C:\Program Files\nodejs\;C:\ProgramData\Oracle\Java\javapath;C:\Windows\System32;C:\Program Files\nodejs\;C:\Windows\System32;D:\TOOLS\android-sdk\tools;D:\TOOLS\android-sdk\platform-tools;C:\Users\sandeepandroid\AppData\Roaming\npm;C:\Program Files (x86)\Skype\Phone\;C:\Program Files\TortoiseGit\bin;D:\TOOLS\android-sdk\tools;D:\TOOLS\android-sdk\platform-tools;C:\Users\sandeepandroid\AppData\Roaming\npm;C:\Program Files (x86)\Skype\Phone\;C:\Program Files\TortoiseGit\bin;D:\TOOLS\android-sdk\tools;D:\TOOLS\android-sdk\platform-tools;C:\Users\sandeepandroid\AppData\Roaming\npm;C:\Program Files (x86)\Skype\Phone\;C:\Program Files\TortoiseGit\bin
USERNAME=JijoCJ
OS=Windows_NT
PROCESSOR_IDENTIFIER=Intel64 Family 6 Model 58 Stepping 9, GenuineIntel



---------------  S Y S T E M  ---------------

OS: Windows 8.1 , 64 bit Build 9600 

CPU:total 8 (4 cores per cpu, 2 threads per core) family 6 model 58 stepping 9, cmov, cx8, fxsr, mmx, sse, sse2, sse3, ssse3, sse4.1, sse4.2, popcnt, avx, aes, clmul, erms, ht, tsc, tscinvbit

Memory: 4k page, physical 8353172k(952284k free), swap 11498900k(2520k free)

vm_info: Java HotSpot(TM) 64-Bit Server VM (25.0-b70) for windows-amd64 JRE (1.8.0-b132), built on Mar  4 2014 03:46:18 by "java_re" with MS VC++ 10.0 (VS2010)

time: Wed Jan 11 15:36:48 2017
elapsed time: 1 seconds

