#
# There is insufficient memory for the Java Runtime Environment to continue.
# Native memory allocation (malloc) failed to allocate 131088 bytes for Chunk::new
# Possible reasons:
#   The system is out of physical RAM or swap space
#   In 32 bit mode, the process size limit was hit
# Possible solutions:
#   Reduce memory load on the system
#   Increase physical memory or swap space
#   Check if swap backing store is full
#   Use 64 bit Java on a 64 bit OS
#   Decrease Java heap size (-Xmx/-Xms)
#   Decrease number of Java threads
#   Decrease Java thread stack sizes (-Xss)
#   Set larger code cache with -XX:ReservedCodeCacheSize=
# This output file may be truncated or incomplete.
#
#  Out of Memory Error (allocation.cpp:388), pid=6028, tid=8772
#
# JRE version: Java(TM) SE Runtime Environment (8.0-b132) (build 1.8.0-b132)
# Java VM: Java HotSpot(TM) 64-Bit Server VM (25.0-b70 mixed mode windows-amd64 compressed oops)
# Failed to write core dump. Minidumps are not enabled by default on client versions of Windows
#

---------------  T H R E A D  ---------------

Current thread (0x0000000016a45000):  JavaThread "C2 CompilerThread2" daemon [_thread_in_native, id=8772, stack(0x0000000017210000,0x0000000017310000)]

Stack: [0x0000000017210000,0x0000000017310000]
Native frames: (J=compiled Java code, j=interpreted, Vv=VM code, C=native code)
V  [jvm.dll+0x308e0a]


Current CompileTask:
C2:   1269 1283       4       com.android.dx.ssa.SCCP::simulatePhi (169 bytes)


---------------  P R O C E S S  ---------------

Java Threads: ( => current thread )
  0x0000000017614800 JavaThread "pool-2-thread-4" [_thread_blocked, id=3304, stack(0x0000000018210000,0x0000000018310000)]
  0x0000000016d32800 JavaThread "pool-2-thread-3" [_thread_in_Java, id=4516, stack(0x0000000018110000,0x0000000018210000)]
  0x0000000016dec000 JavaThread "pool-2-thread-2" [_thread_blocked, id=10104, stack(0x0000000018010000,0x0000000018110000)]
  0x0000000016deb800 JavaThread "pool-3-thread-1" [_thread_blocked, id=6488, stack(0x0000000017f10000,0x0000000018010000)]
  0x0000000016d19800 JavaThread "pool-2-thread-1" [_thread_in_Java, id=10024, stack(0x0000000017e10000,0x0000000017f10000)]
  0x0000000016ab5800 JavaThread "Service Thread" daemon [_thread_blocked, id=3340, stack(0x0000000017410000,0x0000000017510000)]
  0x0000000016a46800 JavaThread "C1 CompilerThread3" daemon [_thread_in_vm, id=9788, stack(0x0000000017310000,0x0000000017410000)]
=>0x0000000016a45000 JavaThread "C2 CompilerThread2" daemon [_thread_in_native, id=8772, stack(0x0000000017210000,0x0000000017310000)]
  0x0000000016a39800 JavaThread "C2 CompilerThread1" daemon [_thread_in_native, id=9296, stack(0x0000000017110000,0x0000000017210000)]
  0x0000000016a36800 JavaThread "C2 CompilerThread0" daemon [_thread_in_native, id=8936, stack(0x0000000017010000,0x0000000017110000)]
  0x0000000016a35000 JavaThread "Attach Listener" daemon [_thread_blocked, id=7744, stack(0x0000000016f10000,0x0000000017010000)]
  0x0000000016a34800 JavaThread "Signal Dispatcher" daemon [_thread_blocked, id=10124, stack(0x0000000016e10000,0x0000000016f10000)]
  0x0000000001ef7800 JavaThread "Finalizer" daemon [_thread_blocked, id=9176, stack(0x0000000016910000,0x0000000016a10000)]
  0x0000000014a1c800 JavaThread "Reference Handler" daemon [_thread_blocked, id=5940, stack(0x0000000016810000,0x0000000016910000)]
  0x0000000001ccd800 JavaThread "main" [_thread_in_native_trans, id=2872, stack(0x0000000001d00000,0x0000000001e00000)]

Other Threads:
  0x0000000014a18800 VMThread [stack: 0x0000000016710000,0x0000000016810000] [id=6272]
  0x0000000016ad1800 WatcherThread [stack: 0x0000000017510000,0x0000000017610000] [id=8140]

VM state:not at safepoint (normal execution)

VM Mutex/Monitor currently owned by a thread: None

Heap:
 PSYoungGen      total 21504K, used 15888K [0x00000000eab00000, 0x00000000ec300000, 0x0000000100000000)
  eden space 18432K, 73% used [0x00000000eab00000,0x00000000eb8480e8,0x00000000ebd00000)
  from space 3072K, 74% used [0x00000000ec000000,0x00000000ec23c308,0x00000000ec300000)
  to   space 3072K, 0% used [0x00000000ebd00000,0x00000000ebd00000,0x00000000ec000000)
 ParOldGen       total 129536K, used 6154K [0x00000000c0000000, 0x00000000c7e80000, 0x00000000eab00000)
  object space 129536K, 4% used [0x00000000c0000000,0x00000000c0602ae0,0x00000000c7e80000)
 Metaspace       used 5801K, capacity 6832K, committed 7040K, reserved 1056768K
  class space    used 584K, capacity 616K, committed 640K, reserved 1048576K

Card table byte_map: [0x00000000112c0000,0x00000000114d0000] byte_map_base: 0x0000000010cc0000

Marking Bits: (ParMarkBitMap*) 0x000000006f6513b0
 Begin Bits: [0x0000000011e30000, 0x0000000012e30000)
 End Bits:   [0x0000000012e30000, 0x0000000013e30000)

Polling page: 0x0000000001c00000

CodeCache: size=245760Kb used=5116Kb max_used=5116Kb free=240643Kb
 bounds [0x0000000001f00000, 0x0000000002410000, 0x0000000010f00000]
 total_blobs=1625 nmethods=1362 adapters=177
 compilation: enabled

Compilation events (10 events):
Event: 1.265 Thread 0x0000000016a46800 nmethod 1375 0x00000000023fb550 code [0x00000000023fb6c0, 0x00000000023fb988]
Event: 1.265 Thread 0x0000000016a46800 1376       3       com.android.dx.rop.code.DexTranslationAdvice::hasConstantOperation (163 bytes)
Event: 1.265 Thread 0x0000000016a46800 nmethod 1376 0x00000000023fbad0 code [0x00000000023fbd20, 0x00000000023fd078]
Event: 1.265 Thread 0x0000000016a46800 1317       3       com.android.dx.cf.code.Simulator$SimVisitor::visitBranch (341 bytes)
Event: 1.266 Thread 0x0000000016a46800 nmethod 1317 0x00000000023fd590 code [0x00000000023fd820, 0x00000000023fe608]
Event: 1.266 Thread 0x0000000016a46800 1383       2       com.android.dx.util.LabeledList::<init> (57 bytes)
Event: 1.267 Thread 0x0000000016a46800 nmethod 1383 0x00000000023feed0 code [0x00000000023ff0a0, 0x00000000023ff618]
Event: 1.267 Thread 0x0000000016a46800 1382       2       java.util.HashMap$HashIterator::nextNode (100 bytes)
Event: 1.267 Thread 0x0000000016a46800 nmethod 1382 0x00000000023ffc50 code [0x00000000023ffde0, 0x0000000002400138]
Event: 1.267 Thread 0x0000000016a46800 1316       3       com.android.dx.cf.code.BasicBlocker::visitBranch (98 bytes)

GC Heap History (10 events):
Event: 0.485 GC heap before
{Heap before GC invocations=8 (full 0):
 PSYoungGen      total 5120K, used 5111K [0x00000000eab00000, 0x00000000eb600000, 0x0000000100000000)
  eden space 3584K, 100% used [0x00000000eab00000,0x00000000eae80000,0x00000000eae80000)
  from space 1536K, 99% used [0x00000000eae80000,0x00000000eaffdeb8,0x00000000eb000000)
  to   space 2048K, 0% used [0x00000000eb400000,0x00000000eb400000,0x00000000eb600000)
 ParOldGen       total 129536K, used 1100K [0x00000000c0000000, 0x00000000c7e80000, 0x00000000eab00000)
  object space 129536K, 0% used [0x00000000c0000000,0x00000000c01133b0,0x00000000c7e80000)
 Metaspace       used 5365K, capacity 6448K, committed 6528K, reserved 1056768K
  class space    used 581K, capacity 616K, committed 640K, reserved 1048576K
Event: 0.591 GC heap after
Heap after GC invocations=8 (full 0):
 PSYoungGen      total 9216K, used 1607K [0x00000000eab00000, 0x00000000eb600000, 0x0000000100000000)
  eden space 7168K, 0% used [0x00000000eab00000,0x00000000eab00000,0x00000000eb200000)
  from space 2048K, 78% used [0x00000000eb400000,0x00000000eb591c68,0x00000000eb600000)
  to   space 2048K, 0% used [0x00000000eb200000,0x00000000eb200000,0x00000000eb400000)
 ParOldGen       total 129536K, used 1282K [0x00000000c0000000, 0x00000000c7e80000, 0x00000000eab00000)
  object space 129536K, 0% used [0x00000000c0000000,0x00000000c01408d8,0x00000000c7e80000)
 Metaspace       used 5365K, capacity 6448K, committed 6528K, reserved 1056768K
  class space    used 581K, capacity 616K, committed 640K, reserved 1048576K
}
Event: 0.710 GC heap before
{Heap before GC invocations=9 (full 0):
 PSYoungGen      total 9216K, used 8775K [0x00000000eab00000, 0x00000000eb600000, 0x0000000100000000)
  eden space 7168K, 100% used [0x00000000eab00000,0x00000000eb200000,0x00000000eb200000)
  from space 2048K, 78% used [0x00000000eb400000,0x00000000eb591c68,0x00000000eb600000)
  to   space 2048K, 0% used [0x00000000eb200000,0x00000000eb200000,0x00000000eb400000)
 ParOldGen       total 129536K, used 1282K [0x00000000c0000000, 0x00000000c7e80000, 0x00000000eab00000)
  object space 129536K, 0% used [0x00000000c0000000,0x00000000c01408d8,0x00000000c7e80000)
 Metaspace       used 5533K, capacity 6640K, committed 6784K, reserved 1056768K
  class space    used 583K, capacity 616K, committed 640K, reserved 1048576K
Event: 0.724 GC heap after
Heap after GC invocations=9 (full 0):
 PSYoungGen      total 9216K, used 2016K [0x00000000eab00000, 0x00000000ebb80000, 0x0000000100000000)
  eden space 7168K, 0% used [0x00000000eab00000,0x00000000eab00000,0x00000000eb200000)
  from space 2048K, 98% used [0x00000000eb200000,0x00000000eb3f8018,0x00000000eb400000)
  to   space 2560K, 0% used [0x00000000eb900000,0x00000000eb900000,0x00000000ebb80000)
 ParOldGen       total 129536K, used 1727K [0x00000000c0000000, 0x00000000c7e80000, 0x00000000eab00000)
  object space 129536K, 1% used [0x00000000c0000000,0x00000000c01afe48,0x00000000c7e80000)
 Metaspace       used 5533K, capacity 6640K, committed 6784K, reserved 1056768K
  class space    used 583K, capacity 616K, committed 640K, reserved 1048576K
}
Event: 0.784 GC heap before
{Heap before GC invocations=10 (full 0):
 PSYoungGen      total 9216K, used 9184K [0x00000000eab00000, 0x00000000ebb80000, 0x0000000100000000)
  eden space 7168K, 100% used [0x00000000eab00000,0x00000000eb200000,0x00000000eb200000)
  from space 2048K, 98% used [0x00000000eb200000,0x00000000eb3f8018,0x00000000eb400000)
  to   space 2560K, 0% used [0x00000000eb900000,0x00000000eb900000,0x00000000ebb80000)
 ParOldGen       total 129536K, used 1727K [0x00000000c0000000, 0x00000000c7e80000, 0x00000000eab00000)
  object space 129536K, 1% used [0x00000000c0000000,0x00000000c01afe48,0x00000000c7e80000)
 Metaspace       used 5604K, capacity 6704K, committed 6784K, reserved 1056768K
  class space    used 583K, capacity 616K, committed 640K, reserved 1048576K
Event: 0.835 GC heap after
Heap after GC invocations=10 (full 0):
 PSYoungGen      total 13824K, used 2224K [0x00000000eab00000, 0x00000000ebc80000, 0x0000000100000000)
  eden space 11264K, 0% used [0x00000000eab00000,0x00000000eab00000,0x00000000eb600000)
  from space 2560K, 86% used [0x00000000eb900000,0x00000000ebb2c010,0x00000000ebb80000)
  to   space 3072K, 0% used [0x00000000eb600000,0x00000000eb600000,0x00000000eb900000)
 ParOldGen       total 129536K, used 2644K [0x00000000c0000000, 0x00000000c7e80000, 0x00000000eab00000)
  object space 129536K, 2% used [0x00000000c0000000,0x00000000c0295218,0x00000000c7e80000)
 Metaspace       used 5604K, capacity 6704K, committed 6784K, reserved 1056768K
  class space    used 583K, capacity 616K, committed 640K, reserved 1048576K
}
Event: 0.951 GC heap before
{Heap before GC invocations=11 (full 0):
 PSYoungGen      total 13824K, used 13488K [0x00000000eab00000, 0x00000000ebc80000, 0x0000000100000000)
  eden space 11264K, 100% used [0x00000000eab00000,0x00000000eb600000,0x00000000eb600000)
  from space 2560K, 86% used [0x00000000eb900000,0x00000000ebb2c010,0x00000000ebb80000)
  to   space 3072K, 0% used [0x00000000eb600000,0x00000000eb600000,0x00000000eb900000)
 ParOldGen       total 129536K, used 2644K [0x00000000c0000000, 0x00000000c7e80000, 0x00000000eab00000)
  object space 129536K, 2% used [0x00000000c0000000,0x00000000c0295218,0x00000000c7e80000)
 Metaspace       used 5691K, capacity 6768K, committed 7040K, reserved 1056768K
  class space    used 583K, capacity 616K, committed 640K, reserved 1048576K
Event: 1.026 GC heap after
Heap after GC invocations=11 (full 0):
 PSYoungGen      total 14336K, used 1760K [0x00000000eab00000, 0x00000000ec300000, 0x0000000100000000)
  eden space 11264K, 0% used [0x00000000eab00000,0x00000000eab00000,0x00000000eb600000)
  from space 3072K, 57% used [0x00000000eb600000,0x00000000eb7b8000,0x00000000eb900000)
  to   space 3072K, 0% used [0x00000000ec000000,0x00000000ec000000,0x00000000ec300000)
 ParOldGen       total 129536K, used 4594K [0x00000000c0000000, 0x00000000c7e80000, 0x00000000eab00000)
  object space 129536K, 3% used [0x00000000c0000000,0x00000000c047cad0,0x00000000c7e80000)
 Metaspace       used 5691K, capacity 6768K, committed 7040K, reserved 1056768K
  class space    used 583K, capacity 616K, committed 640K, reserved 1048576K
}
Event: 1.066 GC heap before
{Heap before GC invocations=12 (full 0):
 PSYoungGen      total 14336K, used 13024K [0x00000000eab00000, 0x00000000ec300000, 0x0000000100000000)
  eden space 11264K, 100% used [0x00000000eab00000,0x00000000eb600000,0x00000000eb600000)
  from space 3072K, 57% used [0x00000000eb600000,0x00000000eb7b8000,0x00000000eb900000)
  to   space 3072K, 0% used [0x00000000ec000000,0x00000000ec000000,0x00000000ec300000)
 ParOldGen       total 129536K, used 4594K [0x00000000c0000000, 0x00000000c7e80000, 0x00000000eab00000)
  object space 129536K, 3% used [0x00000000c0000000,0x00000000c047cad0,0x00000000c7e80000)
 Metaspace       used 5774K, capacity 6832K, committed 7040K, reserved 1056768K
  class space    used 584K, capacity 616K, committed 640K, reserved 1048576K
Event: 1.150 GC heap after
Heap after GC invocations=12 (full 0):
 PSYoungGen      total 21504K, used 2288K [0x00000000eab00000, 0x00000000ec300000, 0x0000000100000000)
  eden space 18432K, 0% used [0x00000000eab00000,0x00000000eab00000,0x00000000ebd00000)
  from space 3072K, 74% used [0x00000000ec000000,0x00000000ec23c308,0x00000000ec300000)
  to   space 3072K, 0% used [0x00000000ebd00000,0x00000000ebd00000,0x00000000ec000000)
 ParOldGen       total 129536K, used 6154K [0x00000000c0000000, 0x00000000c7e80000, 0x00000000eab00000)
  object space 129536K, 4% used [0x00000000c0000000,0x00000000c0602ae0,0x00000000c7e80000)
 Metaspace       used 5774K, capacity 6832K, committed 7040K, reserved 1056768K
  class space    used 584K, capacity 616K, committed 640K, reserved 1048576K
}

Deoptimization events (2 events):
Event: 1.051 Thread 0x0000000016d32800 Uncommon trap: reason=unreached action=reinterpret pc=0x00000000021b3f1c method=com.android.dx.ssa.SsaMethod.updateOneDefinition(Lcom/android/dx/ssa/SsaInsn;Lcom/android/dx/rop/code/RegisterSpec;)V @ 4
Event: 1.219 Thread 0x0000000016d32800 Uncommon trap: reason=unloaded action=reinterpret pc=0x00000000023856dc method=com.android.dx.ssa.LiteralOpUpgrader$1.visitNonMoveInsn(Lcom/android/dx/ssa/NormalSsaInsn;)V @ 72

Internal exceptions (10 events):
Event: 0.457 Thread 0x0000000016d32800 Exception <a 'java/security/PrivilegedActionException'> (0x00000000eabf93a0) thrown at [D:\re\workspace\8-2-build-windows-amd64-cygwin\jdk8\2238\hotspot\src\share\vm\prims\jvm.cpp, line 1248]
Event: 0.458 Thread 0x0000000016d32800 Exception <a 'java/security/PrivilegedActionException'> (0x00000000eabfd1d0) thrown at [D:\re\workspace\8-2-build-windows-amd64-cygwin\jdk8\2238\hotspot\src\share\vm\prims\jvm.cpp, line 1248]
Event: 0.460 Thread 0x0000000001ccd800 Exception <a 'java/security/PrivilegedActionException'> (0x00000000eabcfa28) thrown at [D:\re\workspace\8-2-build-windows-amd64-cygwin\jdk8\2238\hotspot\src\share\vm\prims\jvm.cpp, line 1248]
Event: 0.465 Thread 0x0000000016d32800 Exception <a 'java/security/PrivilegedActionException'> (0x00000000eac23fe8) thrown at [D:\re\workspace\8-2-build-windows-amd64-cygwin\jdk8\2238\hotspot\src\share\vm\prims\jvm.cpp, line 1248]
Event: 0.467 Thread 0x0000000016d32800 Exception <a 'java/security/PrivilegedActionException'> (0x00000000eac669f8) thrown at [D:\re\workspace\8-2-build-windows-amd64-cygwin\jdk8\2238\hotspot\src\share\vm\prims\jvm.cpp, line 1248]
Event: 0.612 Thread 0x0000000016d19800 Exception <a 'java/security/PrivilegedActionException'> (0x00000000eac3d4c8) thrown at [D:\re\workspace\8-2-build-windows-amd64-cygwin\jdk8\2238\hotspot\src\share\vm\prims\jvm.cpp, line 1248]
Event: 0.639 Thread 0x0000000001ccd800 Exception <a 'java/security/PrivilegedActionException'> (0x00000000eadcc4b0) thrown at [D:\re\workspace\8-2-build-windows-amd64-cygwin\jdk8\2238\hotspot\src\share\vm\prims\jvm.cpp, line 1248]
Event: 0.641 Thread 0x0000000017614800 Exception <a 'java/security/PrivilegedActionException'> (0x00000000eaced768) thrown at [D:\re\workspace\8-2-build-windows-amd64-cygwin\jdk8\2238\hotspot\src\share\vm\prims\jvm.cpp, line 1248]
Event: 1.043 Thread 0x0000000016d32800 Exception <a 'java/security/PrivilegedActionException'> (0x00000000eb0580b8) thrown at [D:\re\workspace\8-2-build-windows-amd64-cygwin\jdk8\2238\hotspot\src\share\vm\prims\jvm.cpp, line 1248]
Event: 1.051 Thread 0x0000000016d32800 Exception <a 'java/security/PrivilegedActionException'> (0x00000000eb2630b8) thrown at [D:\re\workspace\8-2-build-windows-amd64-cygwin\jdk8\2238\hotspot\src\share\vm\prims\jvm.cpp, line 1248]

Events (10 events):
Event: 1.051 Thread 0x0000000016d32800 Uncommon trap: trap_request=0xffffffad fr.pc=0x00000000021b3f1c
Event: 1.051 Thread 0x0000000016d32800 DEOPT PACKING pc=0x00000000021b3f1c sp=0x000000001820e8e0
Event: 1.051 Thread 0x0000000016d32800 DEOPT UNPACKING pc=0x0000000001f455af sp=0x000000001820e888 mode 2
Event: 1.066 Executing VM operation: ParallelGCFailedAllocation
Event: 1.150 Executing VM operation: ParallelGCFailedAllocation done
Event: 1.200 Thread 0x0000000016d32800 DEOPT PACKING pc=0x0000000002306bbc sp=0x000000001820e9f0
Event: 1.200 Thread 0x0000000016d32800 DEOPT UNPACKING pc=0x0000000001f47604 sp=0x000000001820e758 mode 0
Event: 1.219 Thread 0x0000000016d32800 Uncommon trap: trap_request=0x0000004e fr.pc=0x00000000023856dc
Event: 1.219 Thread 0x0000000016d32800 DEOPT PACKING pc=0x00000000023856dc sp=0x000000001820eb30
Event: 1.219 Thread 0x0000000016d32800 DEOPT UNPACKING pc=0x0000000001f455af sp=0x000000001820eae8 mode 2


Dynamic libraries:
0x00007ff6c3520000 - 0x00007ff6c3554000 	C:\Program Files\Java\jdk1.8.0\bin\java.exe
0x00007ff99a0a0000 - 0x00007ff99a24d000 	C:\Windows\SYSTEM32\ntdll.dll
0x00007ff998140000 - 0x00007ff99827e000 	C:\Windows\system32\KERNEL32.DLL
0x00007ff997290000 - 0x00007ff9973a5000 	C:\Windows\system32\KERNELBASE.dll
0x00007ff9957e0000 - 0x00007ff99586e000 	C:\Windows\system32\apphelp.dll
0x00007ff987010000 - 0x00007ff987063000 	C:\Windows\AppPatch\AppPatch64\AcGenral.DLL
0x00007ff9979c0000 - 0x00007ff997a6a000 	C:\Windows\system32\msvcrt.dll
0x00007ff9976f0000 - 0x00007ff99771e000 	C:\Windows\system32\SspiCli.dll
0x00007ff9980e0000 - 0x00007ff998134000 	C:\Windows\system32\SHLWAPI.dll
0x00007ff998380000 - 0x00007ff9984f7000 	C:\Windows\system32\USER32.dll
0x00007ff997df0000 - 0x00007ff997f84000 	C:\Windows\system32\ole32.dll
0x00007ff998980000 - 0x00007ff999ea8000 	C:\Windows\system32\SHELL32.dll
0x00007ff996810000 - 0x00007ff996831000 	C:\Windows\SYSTEM32\USERENV.dll
0x00007ff999eb0000 - 0x00007ff999f5a000 	C:\Windows\system32\ADVAPI32.dll
0x00007ff98acd0000 - 0x00007ff98acee000 	C:\Windows\SYSTEM32\MPR.dll
0x00007ff999f60000 - 0x00007ff99a0a0000 	C:\Windows\system32\RPCRT4.dll
0x00007ff997d90000 - 0x00007ff997de9000 	C:\Windows\SYSTEM32\sechost.dll
0x00007ff997b70000 - 0x00007ff997d81000 	C:\Windows\SYSTEM32\combase.dll
0x00007ff997f90000 - 0x00007ff9980df000 	C:\Windows\system32\GDI32.dll
0x00007ff9971c0000 - 0x00007ff9971d5000 	C:\Windows\SYSTEM32\profapi.dll
0x00007ff995a70000 - 0x00007ff995b22000 	C:\Windows\SYSTEM32\SHCORE.dll
0x00007ff997a70000 - 0x00007ff997aa6000 	C:\Windows\system32\IMM32.DLL
0x00007ff997720000 - 0x00007ff997872000 	C:\Windows\system32\MSCTF.dll
0x00007ff994cb0000 - 0x00007ff994f2b000 	C:\Windows\WinSxS\amd64_microsoft.windows.common-controls_6595b64144ccf1df_6.0.9600.18006_none_623f33d3ecbe86e8\COMCTL32.dll
0x000000006e940000 - 0x000000006ea12000 	C:\Program Files\Java\jdk1.8.0\jre\bin\msvcr100.dll
0x000000006eea0000 - 0x000000006f6ca000 	C:\Program Files\Java\jdk1.8.0\jre\bin\server\jvm.dll
0x00007ff995500000 - 0x00007ff995509000 	C:\Windows\SYSTEM32\WSOCK32.dll
0x00007ff993080000 - 0x00007ff9930a2000 	C:\Windows\SYSTEM32\WINMM.dll
0x00007ff998370000 - 0x00007ff998377000 	C:\Windows\system32\PSAPI.DLL
0x00007ff9982f0000 - 0x00007ff99834a000 	C:\Windows\system32\WS2_32.dll
0x00007ff992c50000 - 0x00007ff992c7a000 	C:\Windows\SYSTEM32\WINMMBASE.dll
0x00007ff9987b0000 - 0x00007ff9987b9000 	C:\Windows\system32\NSI.dll
0x00007ff9976a0000 - 0x00007ff9976ef000 	C:\Windows\SYSTEM32\cfgmgr32.dll
0x00007ff996010000 - 0x00007ff996038000 	C:\Windows\SYSTEM32\DEVOBJ.dll
0x000000006edb0000 - 0x000000006edbf000 	C:\Program Files\Java\jdk1.8.0\jre\bin\verify.dll
0x000000006ed80000 - 0x000000006eda8000 	C:\Program Files\Java\jdk1.8.0\jre\bin\java.dll
0x000000006ed60000 - 0x000000006ed76000 	C:\Program Files\Java\jdk1.8.0\jre\bin\zip.dll

VM Arguments:
jvm_args: -Djava.awt.headless=true -Xmx1024M -Dfile.encoding=windows-1252 -Duser.country=US -Duser.language=en -Duser.variant 
java_command: com.android.dx.command.Main --dex --force-jumbo --num-threads=4 --multi-dex --output D:\Aswathy\AswathyApps\AswathyApps\HomePlus\app\build\intermediates\transforms\dex\debug\folders\1000\10\com.google.android.gms-play-services-maps-10.0.1_05e93ec0a5cd1bc81303f0e8b107efb82c7811ea D:\Aswathy\AswathyApps\AswathyApps\HomePlus\app\build\intermediates\exploded-aar\com.google.android.gms\play-services-maps\10.0.1\jars\classes.jar
java_class_path (initial): D:\TOOLS\android-sdk\build-tools\24.0.1\lib\dx.jar
Launcher Type: SUN_STANDARD

Environment Variables:
PATH=C:\ProgramData\Oracle\Java\javapath;C:\Windows\System32;C:\Program Files\nodejs\;C:\ProgramData\Oracle\Java\javapath;C:\Windows\System32;C:\Program Files\nodejs\;C:\ProgramData\Oracle\Java\javapath;C:\Windows\System32;C:\Program Files\nodejs\;C:\Windows\System32;D:\TOOLS\android-sdk\tools;D:\TOOLS\android-sdk\platform-tools;C:\Users\sandeepandroid\AppData\Roaming\npm;C:\Program Files\TortoiseGit\bin;C:\Program Files (x86)\Skype\Phone\;D:\TOOLS\android-sdk\tools;D:\TOOLS\android-sdk\platform-tools;C:\Users\sandeepandroid\AppData\Roaming\npm;C:\Program Files\TortoiseGit\bin;C:\Program Files (x86)\Skype\Phone\;D:\TOOLS\android-sdk\tools;D:\TOOLS\android-sdk\platform-tools;C:\Users\sandeepandroid\AppData\Roaming\npm;C:\Program Files\TortoiseGit\bin;C:\Program Files (x86)\Skype\Phone\;C:\Program Files (x86)\Mozilla Firefox;C:\ProgramData\Oracle\Java\javapath;C:\Windows\System32;C:\Program Files\nodejs\;C:\ProgramData\Oracle\Java\javapath;C:\Windows\System32;C:\Program Files\nodejs\;C:\ProgramData\Oracle\Java\javapath;C:\Windows\System32;C:\Program Files\nodejs\;C:\Windows\System32;D:\TOOLS\android-sdk\tools;D:\TOOLS\android-sdk\platform-tools;C:\Users\sandeepandroid\AppData\Roaming\npm;C:\Program Files (x86)\Skype\Phone\;C:\Program Files\TortoiseGit\bin;D:\TOOLS\android-sdk\tools;D:\TOOLS\android-sdk\platform-tools;C:\Users\sandeepandroid\AppData\Roaming\npm;C:\Program Files (x86)\Skype\Phone\;C:\Program Files\TortoiseGit\bin;D:\TOOLS\android-sdk\tools;D:\TOOLS\android-sdk\platform-tools;C:\Users\sandeepandroid\AppData\Roaming\npm;C:\Program Files (x86)\Skype\Phone\;C:\Program Files\TortoiseGit\bin
USERNAME=JijoCJ
OS=Windows_NT
PROCESSOR_IDENTIFIER=Intel64 Family 6 Model 58 Stepping 9, GenuineIntel



---------------  S Y S T E M  ---------------

OS: Windows 8.1 , 64 bit Build 9600 

CPU:total 8 (4 cores per cpu, 2 threads per core) family 6 model 58 stepping 9, cmov, cx8, fxsr, mmx, sse, sse2, sse3, ssse3, sse4.1, sse4.2, popcnt, avx, aes, clmul, erms, ht, tsc, tscinvbit

Memory: 4k page, physical 8353172k(1122392k free), swap 11498900k(6824k free)

vm_info: Java HotSpot(TM) 64-Bit Server VM (25.0-b70) for windows-amd64 JRE (1.8.0-b132), built on Mar  4 2014 03:46:18 by "java_re" with MS VC++ 10.0 (VS2010)

time: Tue Jan 10 12:54:35 2017
elapsed time: 1 seconds

