#
# There is insufficient memory for the Java Runtime Environment to continue.
# Native memory allocation (malloc) failed to allocate 509696 bytes for Chunk::new
# Possible reasons:
#   The system is out of physical RAM or swap space
#   In 32 bit mode, the process size limit was hit
# Possible solutions:
#   Reduce memory load on the system
#   Increase physical memory or swap space
#   Check if swap backing store is full
#   Use 64 bit Java on a 64 bit OS
#   Decrease Java heap size (-Xmx/-Xms)
#   Decrease number of Java threads
#   Decrease Java thread stack sizes (-Xss)
#   Set larger code cache with -XX:ReservedCodeCacheSize=
# This output file may be truncated or incomplete.
#
#  Out of Memory Error (allocation.cpp:388), pid=6456, tid=8168
#
# JRE version: Java(TM) SE Runtime Environment (8.0-b132) (build 1.8.0-b132)
# Java VM: Java HotSpot(TM) 64-Bit Server VM (25.0-b70 mixed mode windows-amd64 compressed oops)
# Failed to write core dump. Minidumps are not enabled by default on client versions of Windows
#

---------------  T H R E A D  ---------------

Current thread (0x0000000016a16000):  JavaThread "C2 CompilerThread0" daemon [_thread_in_native, id=8168, stack(0x0000000016ff0000,0x00000000170f0000)]

Stack: [0x0000000016ff0000,0x00000000170f0000]
Native frames: (J=compiled Java code, j=interpreted, Vv=VM code, C=native code)
V  [jvm.dll+0x308e0a]
V  [jvm.dll+0x25df11]
V  [jvm.dll+0x25eb2f]
V  [jvm.dll+0x256505]
V  [jvm.dll+0xbcff5]
V  [jvm.dll+0xbd48c]
V  [jvm.dll+0x44d442]
V  [jvm.dll+0x48e15f]
V  [jvm.dll+0x44230b]
V  [jvm.dll+0x44368b]
V  [jvm.dll+0x427552]
V  [jvm.dll+0x96732]
V  [jvm.dll+0x96f23]
V  [jvm.dll+0x2232e4]
V  [jvm.dll+0x27baea]
C  [msvcr100.dll+0x21d9f]
C  [msvcr100.dll+0x21e3b]
C  [KERNEL32.DLL+0x13d2]
C  [ntdll.dll+0x154e4]


Current CompileTask:
C2:   1374  648       4       com.android.dx.ssa.SsaBasicBlock::forEachInsn (37 bytes)


---------------  P R O C E S S  ---------------

Java Threads: ( => current thread )
  0x0000000016d4f000 JavaThread "pool-2-thread-4" [_thread_blocked, id=8636, stack(0x00000000181f0000,0x00000000182f0000)]
  0x0000000016d36800 JavaThread "pool-2-thread-3" [_thread_blocked, id=5656, stack(0x00000000180f0000,0x00000000181f0000)]
  0x0000000016d34800 JavaThread "pool-2-thread-2" [_thread_in_vm, id=6224, stack(0x0000000017ff0000,0x00000000180f0000)]
  0x000000001762a800 JavaThread "pool-3-thread-1" [_thread_blocked, id=2244, stack(0x0000000017ef0000,0x0000000017ff0000)]
  0x0000000017652800 JavaThread "pool-2-thread-1" [_thread_in_Java, id=2832, stack(0x0000000017df0000,0x0000000017ef0000)]
  0x0000000016aa7000 JavaThread "Service Thread" daemon [_thread_blocked, id=3696, stack(0x00000000173f0000,0x00000000174f0000)]
  0x0000000016a26800 JavaThread "C1 CompilerThread3" daemon [_thread_blocked, id=6688, stack(0x00000000172f0000,0x00000000173f0000)]
  0x0000000016a1f800 JavaThread "C2 CompilerThread2" daemon [_thread_blocked, id=8360, stack(0x00000000171f0000,0x00000000172f0000)]
  0x0000000016a19800 JavaThread "C2 CompilerThread1" daemon [_thread_blocked, id=6392, stack(0x00000000170f0000,0x00000000171f0000)]
=>0x0000000016a16000 JavaThread "C2 CompilerThread0" daemon [_thread_in_native, id=8168, stack(0x0000000016ff0000,0x00000000170f0000)]
  0x0000000016a15000 JavaThread "Attach Listener" daemon [_thread_blocked, id=7728, stack(0x0000000016ef0000,0x0000000016ff0000)]
  0x0000000016a14800 JavaThread "Signal Dispatcher" daemon [_thread_blocked, id=5944, stack(0x0000000016df0000,0x0000000016ef0000)]
  0x0000000001ed7800 JavaThread "Finalizer" daemon [_thread_blocked, id=10016, stack(0x00000000168f0000,0x00000000169f0000)]
  0x00000000149fc800 JavaThread "Reference Handler" daemon [_thread_blocked, id=4620, stack(0x00000000167f0000,0x00000000168f0000)]
  0x000000000058d800 JavaThread "main" [_thread_blocked, id=4668, stack(0x0000000001ce0000,0x0000000001de0000)]

Other Threads:
  0x00000000149f8800 VMThread [stack: 0x00000000166f0000,0x00000000167f0000] [id=9800]
  0x0000000016ab1000 WatcherThread [stack: 0x00000000174f0000,0x00000000175f0000] [id=4496]

VM state:not at safepoint (normal execution)

VM Mutex/Monitor currently owned by a thread: None

Heap:
 PSYoungGen      total 7680K, used 5920K [0x00000000eab00000, 0x00000000eb400000, 0x0000000100000000)
  eden space 6144K, 71% used [0x00000000eab00000,0x00000000eaf48268,0x00000000eb100000)
  from space 1536K, 100% used [0x00000000eb100000,0x00000000eb280000,0x00000000eb280000)
  to   space 1536K, 0% used [0x00000000eb280000,0x00000000eb280000,0x00000000eb400000)
 ParOldGen       total 129536K, used 10695K [0x00000000c0000000, 0x00000000c7e80000, 0x00000000eab00000)
  object space 129536K, 8% used [0x00000000c0000000,0x00000000c0a71da8,0x00000000c7e80000)
 Metaspace       used 5845K, capacity 6872K, committed 7168K, reserved 1056768K
  class space    used 611K, capacity 656K, committed 768K, reserved 1048576K

Card table byte_map: [0x00000000112a0000,0x00000000114b0000] byte_map_base: 0x0000000010ca0000

Marking Bits: (ParMarkBitMap*) 0x000000006e9813b0
 Begin Bits: [0x0000000011e10000, 0x0000000012e10000)
 End Bits:   [0x0000000012e10000, 0x0000000013e10000)

Polling page: 0x0000000000410000

CodeCache: size=245760Kb used=2851Kb max_used=2862Kb free=242908Kb
 bounds [0x0000000001ee0000, 0x00000000021b0000, 0x0000000010ee0000]
 total_blobs=1048 nmethods=781 adapters=178
 compilation: disabled (not enough contiguous free space left)

Compilation events (10 events):
Event: 1.039 Thread 0x0000000016a26800 nmethod 739 0x000000000217d850 code [0x000000000217d9c0, 0x000000000217de08]
Event: 1.039 Thread 0x0000000016a26800  740       3       com.android.dx.rop.cst.CstMemberRef::compareTo0 (49 bytes)
Event: 1.040 Thread 0x0000000016a26800 nmethod 740 0x000000000217b990 code [0x000000000217bbe0, 0x000000000217cf38]
Event: 1.040 Thread 0x0000000016a26800  738       3       com.android.dx.rop.code.Insn::hashCode (5 bytes)
Event: 1.040 Thread 0x0000000016a26800 nmethod 738 0x000000000217b610 code [0x000000000217b780, 0x000000000217b908]
Event: 1.040 Thread 0x0000000016a26800  736       3       com.android.dx.rop.code.Insn::getLocalAssignment (48 bytes)
Event: 1.040 Thread 0x0000000016a26800 nmethod 736 0x0000000002184050 code [0x00000000021841e0, 0x00000000021847e8]
Event: 1.040 Thread 0x0000000016a26800  735   !   3       java.util.BitSet::clone (49 bytes)
Event: 1.041 Thread 0x0000000016a26800 nmethod 735 0x0000000002184950 code [0x0000000002184b40, 0x00000000021853f8]
Event: 1.041 Thread 0x0000000016a26800  746       3       com.android.dx.rop.code.ThrowingCstInsn::accept (8 bytes)

GC Heap History (10 events):
Event: 0.353 GC heap before
{Heap before GC invocations=5 (full 0):
 PSYoungGen      total 1536K, used 1520K [0x00000000eab00000, 0x00000000ead00000, 0x0000000100000000)
  eden space 1024K, 100% used [0x00000000eab00000,0x00000000eac00000,0x00000000eac00000)
  from space 512K, 96% used [0x00000000eac80000,0x00000000eacfc010,0x00000000ead00000)
  to   space 512K, 0% used [0x00000000eac00000,0x00000000eac00000,0x00000000eac80000)
 ParOldGen       total 129536K, used 428K [0x00000000c0000000, 0x00000000c7e80000, 0x00000000eab00000)
  object space 129536K, 0% used [0x00000000c0000000,0x00000000c006b090,0x00000000c7e80000)
 Metaspace       used 3417K, capacity 4720K, committed 4864K, reserved 1056768K
  class space    used 374K, capacity 424K, committed 512K, reserved 1048576K
Event: 0.355 GC heap after
Heap after GC invocations=5 (full 0):
 PSYoungGen      total 1536K, used 480K [0x00000000eab00000, 0x00000000eaf00000, 0x0000000100000000)
  eden space 1024K, 0% used [0x00000000eab00000,0x00000000eab00000,0x00000000eac00000)
  from space 512K, 93% used [0x00000000eac00000,0x00000000eac78000,0x00000000eac80000)
  to   space 1024K, 0% used [0x00000000eae00000,0x00000000eae00000,0x00000000eaf00000)
 ParOldGen       total 129536K, used 428K [0x00000000c0000000, 0x00000000c7e80000, 0x00000000eab00000)
  object space 129536K, 0% used [0x00000000c0000000,0x00000000c006b090,0x00000000c7e80000)
 Metaspace       used 3417K, capacity 4720K, committed 4864K, reserved 1056768K
  class space    used 374K, capacity 424K, committed 512K, reserved 1048576K
}
Event: 0.412 GC heap before
{Heap before GC invocations=6 (full 0):
 PSYoungGen      total 1536K, used 1504K [0x00000000eab00000, 0x00000000eaf00000, 0x0000000100000000)
  eden space 1024K, 100% used [0x00000000eab00000,0x00000000eac00000,0x00000000eac00000)
  from space 512K, 93% used [0x00000000eac00000,0x00000000eac78000,0x00000000eac80000)
  to   space 1024K, 0% used [0x00000000eae00000,0x00000000eae00000,0x00000000eaf00000)
 ParOldGen       total 129536K, used 428K [0x00000000c0000000, 0x00000000c7e80000, 0x00000000eab00000)
  object space 129536K, 0% used [0x00000000c0000000,0x00000000c006b090,0x00000000c7e80000)
 Metaspace       used 3525K, capacity 4880K, committed 5120K, reserved 1056768K
  class space    used 391K, capacity 456K, committed 512K, reserved 1048576K
Event: 0.421 GC heap after
Heap after GC invocations=6 (full 0):
 PSYoungGen      total 3072K, used 647K [0x00000000eab00000, 0x00000000eaf00000, 0x0000000100000000)
  eden space 2048K, 0% used [0x00000000eab00000,0x00000000eab00000,0x00000000ead00000)
  from space 1024K, 63% used [0x00000000eae00000,0x00000000eaea1c70,0x00000000eaf00000)
  to   space 1024K, 0% used [0x00000000ead00000,0x00000000ead00000,0x00000000eae00000)
 ParOldGen       total 129536K, used 436K [0x00000000c0000000, 0x00000000c7e80000, 0x00000000eab00000)
  object space 129536K, 0% used [0x00000000c0000000,0x00000000c006d090,0x00000000c7e80000)
 Metaspace       used 3525K, capacity 4880K, committed 5120K, reserved 1056768K
  class space    used 391K, capacity 456K, committed 512K, reserved 1048576K
}
Event: 0.553 GC heap before
{Heap before GC invocations=7 (full 0):
 PSYoungGen      total 3072K, used 2695K [0x00000000eab00000, 0x00000000eaf00000, 0x0000000100000000)
  eden space 2048K, 100% used [0x00000000eab00000,0x00000000ead00000,0x00000000ead00000)
  from space 1024K, 63% used [0x00000000eae00000,0x00000000eaea1c70,0x00000000eaf00000)
  to   space 1024K, 0% used [0x00000000ead00000,0x00000000ead00000,0x00000000eae00000)
 ParOldGen       total 129536K, used 436K [0x00000000c0000000, 0x00000000c7e80000, 0x00000000eab00000)
  object space 129536K, 0% used [0x00000000c0000000,0x00000000c006d090,0x00000000c7e80000)
 Metaspace       used 4107K, capacity 5328K, committed 5504K, reserved 1056768K
  class space    used 462K, capacity 520K, committed 640K, reserved 1048576K
Event: 0.810 GC heap after
Heap after GC invocations=7 (full 0):
 PSYoungGen      total 3072K, used 858K [0x00000000eab00000, 0x00000000eb100000, 0x0000000100000000)
  eden space 2048K, 0% used [0x00000000eab00000,0x00000000eab00000,0x00000000ead00000)
  from space 1024K, 83% used [0x00000000ead00000,0x00000000eadd6a80,0x00000000eae00000)
  to   space 1024K, 0% used [0x00000000eb000000,0x00000000eb000000,0x00000000eb100000)
 ParOldGen       total 129536K, used 780K [0x00000000c0000000, 0x00000000c7e80000, 0x00000000eab00000)
  object space 129536K, 0% used [0x00000000c0000000,0x00000000c00c30f0,0x00000000c7e80000)
 Metaspace       used 4107K, capacity 5328K, committed 5504K, reserved 1056768K
  class space    used 462K, capacity 520K, committed 640K, reserved 1048576K
}
Event: 0.889 GC heap before
{Heap before GC invocations=8 (full 0):
 PSYoungGen      total 3072K, used 2906K [0x00000000eab00000, 0x00000000eb100000, 0x0000000100000000)
  eden space 2048K, 100% used [0x00000000eab00000,0x00000000ead00000,0x00000000ead00000)
  from space 1024K, 83% used [0x00000000ead00000,0x00000000eadd6a80,0x00000000eae00000)
  to   space 1024K, 0% used [0x00000000eb000000,0x00000000eb000000,0x00000000eb100000)
 ParOldGen       total 129536K, used 780K [0x00000000c0000000, 0x00000000c7e80000, 0x00000000eab00000)
  object space 129536K, 0% used [0x00000000c0000000,0x00000000c00c30f0,0x00000000c7e80000)
 Metaspace       used 4650K, capacity 5808K, committed 6016K, reserved 1056768K
  class space    used 516K, capacity 552K, committed 640K, reserved 1048576K
Event: 0.892 GC heap after
Heap after GC invocations=8 (full 0):
 PSYoungGen      total 4608K, used 996K [0x00000000eab00000, 0x00000000eb200000, 0x0000000100000000)
  eden space 3584K, 0% used [0x00000000eab00000,0x00000000eab00000,0x00000000eae80000)
  from space 1024K, 97% used [0x00000000eb000000,0x00000000eb0f9288,0x00000000eb100000)
  to   space 1536K, 0% used [0x00000000eae80000,0x00000000eae80000,0x00000000eb000000)
 ParOldGen       total 129536K, used 938K [0x00000000c0000000, 0x00000000c7e80000, 0x00000000eab00000)
  object space 129536K, 0% used [0x00000000c0000000,0x00000000c00ea9d8,0x00000000c7e80000)
 Metaspace       used 4650K, capacity 5808K, committed 6016K, reserved 1056768K
  class space    used 516K, capacity 552K, committed 640K, reserved 1048576K
}
Event: 0.989 GC heap before
{Heap before GC invocations=9 (full 0):
 PSYoungGen      total 4608K, used 4580K [0x00000000eab00000, 0x00000000eb200000, 0x0000000100000000)
  eden space 3584K, 100% used [0x00000000eab00000,0x00000000eae80000,0x00000000eae80000)
  from space 1024K, 97% used [0x00000000eb000000,0x00000000eb0f9288,0x00000000eb100000)
  to   space 1536K, 0% used [0x00000000eae80000,0x00000000eae80000,0x00000000eb000000)
 ParOldGen       total 129536K, used 938K [0x00000000c0000000, 0x00000000c7e80000, 0x00000000eab00000)
  object space 129536K, 0% used [0x00000000c0000000,0x00000000c00ea9d8,0x00000000c7e80000)
 Metaspace       used 5340K, capacity 6448K, committed 6528K, reserved 1056768K
  class space    used 583K, capacity 616K, committed 640K, reserved 1048576K
Event: 0.993 GC heap after
Heap after GC invocations=9 (full 0):
 PSYoungGen      total 5120K, used 1504K [0x00000000eab00000, 0x00000000eb400000, 0x0000000100000000)
  eden space 3584K, 0% used [0x00000000eab00000,0x00000000eab00000,0x00000000eae80000)
  from space 1536K, 97% used [0x00000000eae80000,0x00000000eaff8018,0x00000000eb000000)
  to   space 1536K, 0% used [0x00000000eb280000,0x00000000eb280000,0x00000000eb400000)
 ParOldGen       total 129536K, used 1161K [0x00000000c0000000, 0x00000000c7e80000, 0x00000000eab00000)
  object space 129536K, 0% used [0x00000000c0000000,0x00000000c01226b8,0x00000000c7e80000)
 Metaspace       used 5340K, capacity 6448K, committed 6528K, reserved 1056768K
  class space    used 583K, capacity 616K, committed 640K, reserved 1048576K
}

Deoptimization events (0 events):
No events

Internal exceptions (10 events):
Event: 0.948 Thread 0x0000000016d4f000 Exception <a 'java/security/PrivilegedActionException'> (0x00000000ead1b368) thrown at [D:\re\workspace\8-2-build-windows-amd64-cygwin\jdk8\2238\hotspot\src\share\vm\prims\jvm.cpp, line 1248]
Event: 0.949 Thread 0x0000000016d34800 Exception <a 'java/security/PrivilegedActionException'> (0x00000000eabbdc70) thrown at [D:\re\workspace\8-2-build-windows-amd64-cygwin\jdk8\2238\hotspot\src\share\vm\prims\jvm.cpp, line 1248]
Event: 0.949 Thread 0x0000000016d34800 Exception <a 'java/security/PrivilegedActionException'> (0x00000000ead27470) thrown at [D:\re\workspace\8-2-build-windows-amd64-cygwin\jdk8\2238\hotspot\src\share\vm\prims\jvm.cpp, line 1248]
Event: 0.950 Thread 0x0000000016d34800 Exception <a 'java/security/PrivilegedActionException'> (0x00000000ead2abd0) thrown at [D:\re\workspace\8-2-build-windows-amd64-cygwin\jdk8\2238\hotspot\src\share\vm\prims\jvm.cpp, line 1248]
Event: 0.952 Thread 0x0000000016d36800 Exception <a 'java/security/PrivilegedActionException'> (0x00000000ead53258) thrown at [D:\re\workspace\8-2-build-windows-amd64-cygwin\jdk8\2238\hotspot\src\share\vm\prims\jvm.cpp, line 1248]
Event: 0.964 Thread 0x000000000058d800 Exception <a 'java/security/PrivilegedActionException'> (0x00000000ead5e698) thrown at [D:\re\workspace\8-2-build-windows-amd64-cygwin\jdk8\2238\hotspot\src\share\vm\prims\jvm.cpp, line 1248]
Event: 0.968 Thread 0x0000000016d34800 Exception <a 'java/security/PrivilegedActionException'> (0x00000000eae24a20) thrown at [D:\re\workspace\8-2-build-windows-amd64-cygwin\jdk8\2238\hotspot\src\share\vm\prims\jvm.cpp, line 1248]
Event: 0.971 Thread 0x0000000016d34800 Exception <a 'java/security/PrivilegedActionException'> (0x00000000eae49680) thrown at [D:\re\workspace\8-2-build-windows-amd64-cygwin\jdk8\2238\hotspot\src\share\vm\prims\jvm.cpp, line 1248]
Event: 1.025 Thread 0x0000000017652800 Exception <a 'java/security/PrivilegedActionException'> (0x00000000ead3b608) thrown at [D:\re\workspace\8-2-build-windows-amd64-cygwin\jdk8\2238\hotspot\src\share\vm\prims\jvm.cpp, line 1248]
Event: 1.040 Thread 0x000000000058d800 Exception <a 'java/security/PrivilegedActionException'> (0x00000000eae57e60) thrown at [D:\re\workspace\8-2-build-windows-amd64-cygwin\jdk8\2238\hotspot\src\share\vm\prims\jvm.cpp, line 1248]

Events (10 events):
Event: 1.013 loading class java/util/ArrayList$1
Event: 1.013 loading class java/util/ArrayList$1 done
Event: 1.023 loading class java/util/TreeMap$EntrySet
Event: 1.024 loading class java/util/TreeMap$EntrySet done
Event: 1.024 loading class java/util/TreeMap$EntryIterator
Event: 1.024 loading class java/util/TreeMap$EntryIterator done
Event: 1.025 loading class com/android/dx/cf/code/SwitchList
Event: 1.025 loading class com/android/dx/cf/code/SwitchList done
Event: 1.040 loading class com/android/dx/cf/attrib/AttExceptions
Event: 1.040 loading class com/android/dx/cf/attrib/AttExceptions done


Dynamic libraries:
0x00007ff7e1730000 - 0x00007ff7e1764000 	C:\Program Files\Java\jdk1.8.0\bin\java.exe
0x00007ff99a0a0000 - 0x00007ff99a24d000 	C:\Windows\SYSTEM32\ntdll.dll
0x00007ff998140000 - 0x00007ff99827e000 	C:\Windows\system32\KERNEL32.DLL
0x00007ff997290000 - 0x00007ff9973a5000 	C:\Windows\system32\KERNELBASE.dll
0x00007ff9957e0000 - 0x00007ff99586e000 	C:\Windows\system32\apphelp.dll
0x00007ff97bea0000 - 0x00007ff97bef3000 	C:\Windows\AppPatch\AppPatch64\AcGenral.DLL
0x00007ff9979c0000 - 0x00007ff997a6a000 	C:\Windows\system32\msvcrt.dll
0x00007ff9976f0000 - 0x00007ff99771e000 	C:\Windows\system32\SspiCli.dll
0x00007ff9980e0000 - 0x00007ff998134000 	C:\Windows\system32\SHLWAPI.dll
0x00007ff998380000 - 0x00007ff9984f7000 	C:\Windows\system32\USER32.dll
0x00007ff997df0000 - 0x00007ff997f84000 	C:\Windows\system32\ole32.dll
0x00007ff998980000 - 0x00007ff999ea8000 	C:\Windows\system32\SHELL32.dll
0x00007ff996810000 - 0x00007ff996831000 	C:\Windows\SYSTEM32\USERENV.dll
0x00007ff999eb0000 - 0x00007ff999f5a000 	C:\Windows\system32\ADVAPI32.dll
0x00007ff98acd0000 - 0x00007ff98acee000 	C:\Windows\SYSTEM32\MPR.dll
0x00007ff999f60000 - 0x00007ff99a0a0000 	C:\Windows\system32\RPCRT4.dll
0x00007ff997d90000 - 0x00007ff997de9000 	C:\Windows\SYSTEM32\sechost.dll
0x00007ff997b70000 - 0x00007ff997d81000 	C:\Windows\SYSTEM32\combase.dll
0x00007ff997f90000 - 0x00007ff9980df000 	C:\Windows\system32\GDI32.dll
0x00007ff9971c0000 - 0x00007ff9971d5000 	C:\Windows\SYSTEM32\profapi.dll
0x00007ff995a70000 - 0x00007ff995b22000 	C:\Windows\SYSTEM32\SHCORE.dll
0x00007ff997a70000 - 0x00007ff997aa6000 	C:\Windows\system32\IMM32.DLL
0x00007ff997720000 - 0x00007ff997872000 	C:\Windows\system32\MSCTF.dll
0x00007ff994cb0000 - 0x00007ff994f2b000 	C:\Windows\WinSxS\amd64_microsoft.windows.common-controls_6595b64144ccf1df_6.0.9600.18006_none_623f33d3ecbe86e8\COMCTL32.dll
0x000000006f100000 - 0x000000006f1d2000 	C:\Program Files\Java\jdk1.8.0\jre\bin\msvcr100.dll
0x000000006e1d0000 - 0x000000006e9fa000 	C:\Program Files\Java\jdk1.8.0\jre\bin\server\jvm.dll
0x00007ff995de0000 - 0x00007ff995de9000 	C:\Windows\SYSTEM32\WSOCK32.dll
0x00007ff9924b0000 - 0x00007ff9924d2000 	C:\Windows\SYSTEM32\WINMM.dll
0x00007ff998370000 - 0x00007ff998377000 	C:\Windows\system32\PSAPI.DLL
0x00007ff9982f0000 - 0x00007ff99834a000 	C:\Windows\system32\WS2_32.dll
0x00007ff992480000 - 0x00007ff9924aa000 	C:\Windows\SYSTEM32\WINMMBASE.dll
0x00007ff9987b0000 - 0x00007ff9987b9000 	C:\Windows\system32\NSI.dll
0x00007ff9976a0000 - 0x00007ff9976ef000 	C:\Windows\SYSTEM32\cfgmgr32.dll
0x00007ff996010000 - 0x00007ff996038000 	C:\Windows\SYSTEM32\DEVOBJ.dll
0x00000000703a0000 - 0x00000000703af000 	C:\Program Files\Java\jdk1.8.0\jre\bin\verify.dll
0x0000000070370000 - 0x0000000070398000 	C:\Program Files\Java\jdk1.8.0\jre\bin\java.dll
0x0000000070350000 - 0x0000000070366000 	C:\Program Files\Java\jdk1.8.0\jre\bin\zip.dll
0x00007ff990610000 - 0x00007ff990799000 	C:\Windows\SYSTEM32\dbghelp.dll

VM Arguments:
jvm_args: -Djava.awt.headless=true -Xmx1024M -Dfile.encoding=windows-1252 -Duser.country=US -Duser.language=en -Duser.variant 
java_command: com.android.dx.command.Main --dex --force-jumbo --num-threads=4 --multi-dex --output D:\Aswathy\AswathyApps\AswathyApps\HomePlus\app\build\intermediates\transforms\dex\debug\folders\1000\10\com.android.support-recyclerview-v7-23.1.0_eb909852dc2b475c46da7e91bc9fdcfd39707487 D:\Aswathy\AswathyApps\AswathyApps\HomePlus\app\build\intermediates\exploded-aar\com.android.support\recyclerview-v7\23.1.0\jars\classes.jar
java_class_path (initial): D:\TOOLS\android-sdk\build-tools\24.0.1\lib\dx.jar
Launcher Type: SUN_STANDARD

Environment Variables:
PATH=C:\ProgramData\Oracle\Java\javapath;C:\Windows\System32;C:\Program Files\nodejs\;C:\ProgramData\Oracle\Java\javapath;C:\Windows\System32;C:\Program Files\nodejs\;C:\ProgramData\Oracle\Java\javapath;C:\Windows\System32;C:\Program Files\nodejs\;C:\Windows\System32;D:\TOOLS\android-sdk\tools;D:\TOOLS\android-sdk\platform-tools;C:\Users\sandeepandroid\AppData\Roaming\npm;C:\Program Files\TortoiseGit\bin;C:\Program Files (x86)\Skype\Phone\;D:\TOOLS\android-sdk\tools;D:\TOOLS\android-sdk\platform-tools;C:\Users\sandeepandroid\AppData\Roaming\npm;C:\Program Files\TortoiseGit\bin;C:\Program Files (x86)\Skype\Phone\;D:\TOOLS\android-sdk\tools;D:\TOOLS\android-sdk\platform-tools;C:\Users\sandeepandroid\AppData\Roaming\npm;C:\Program Files\TortoiseGit\bin;C:\Program Files (x86)\Skype\Phone\;C:\Program Files (x86)\Mozilla Firefox;C:\ProgramData\Oracle\Java\javapath;C:\Windows\System32;C:\Program Files\nodejs\;C:\ProgramData\Oracle\Java\javapath;C:\Windows\System32;C:\Program Files\nodejs\;C:\ProgramData\Oracle\Java\javapath;C:\Windows\System32;C:\Program Files\nodejs\;C:\Windows\System32;D:\TOOLS\android-sdk\tools;D:\TOOLS\android-sdk\platform-tools;C:\Users\sandeepandroid\AppData\Roaming\npm;C:\Program Files (x86)\Skype\Phone\;C:\Program Files\TortoiseGit\bin;D:\TOOLS\android-sdk\tools;D:\TOOLS\android-sdk\platform-tools;C:\Users\sandeepandroid\AppData\Roaming\npm;C:\Program Files (x86)\Skype\Phone\;C:\Program Files\TortoiseGit\bin;D:\TOOLS\android-sdk\tools;D:\TOOLS\android-sdk\platform-tools;C:\Users\sandeepandroid\AppData\Roaming\npm;C:\Program Files (x86)\Skype\Phone\;C:\Program Files\TortoiseGit\bin
USERNAME=JijoCJ
OS=Windows_NT
PROCESSOR_IDENTIFIER=Intel64 Family 6 Model 58 Stepping 9, GenuineIntel



---------------  S Y S T E M  ---------------

OS: Windows 8.1 , 64 bit Build 9600 

CPU:total 8 (4 cores per cpu, 2 threads per core) family 6 model 58 stepping 9, cmov, cx8, fxsr, mmx, sse, sse2, sse3, ssse3, sse4.1, sse4.2, popcnt, avx, aes, clmul, erms, ht, tsc, tscinvbit

Memory: 4k page, physical 8353172k(957256k free), swap 11498900k(4332k free)

vm_info: Java HotSpot(TM) 64-Bit Server VM (25.0-b70) for windows-amd64 JRE (1.8.0-b132), built on Mar  4 2014 03:46:18 by "java_re" with MS VC++ 10.0 (VS2010)

time: Wed Jan 11 15:10:19 2017
elapsed time: 1 seconds

