#
# There is insufficient memory for the Java Runtime Environment to continue.
# Native memory allocation (malloc) failed to allocate 712576 bytes for Chunk::new
# Possible reasons:
#   The system is out of physical RAM or swap space
#   In 32 bit mode, the process size limit was hit
# Possible solutions:
#   Reduce memory load on the system
#   Increase physical memory or swap space
#   Check if swap backing store is full
#   Use 64 bit Java on a 64 bit OS
#   Decrease Java heap size (-Xmx/-Xms)
#   Decrease number of Java threads
#   Decrease Java thread stack sizes (-Xss)
#   Set larger code cache with -XX:ReservedCodeCacheSize=
# This output file may be truncated or incomplete.
#
#  Out of Memory Error (allocation.cpp:388), pid=6920, tid=3820
#
# JRE version: Java(TM) SE Runtime Environment (8.0-b132) (build 1.8.0-b132)
# Java VM: Java HotSpot(TM) 64-Bit Server VM (25.0-b70 mixed mode windows-amd64 compressed oops)
# Failed to write core dump. Minidumps are not enabled by default on client versions of Windows
#

---------------  T H R E A D  ---------------

Current thread (0x0000000016c7b800):  JavaThread "C2 CompilerThread2" daemon [_thread_in_native, id=3820, stack(0x0000000017440000,0x0000000017540000)]

Stack: [0x0000000017440000,0x0000000017540000]
Native frames: (J=compiled Java code, j=interpreted, Vv=VM code, C=native code)
V  [jvm.dll+0x308e0a]


Current CompileTask:
C2:   1652 1088       4       com.android.dx.dex.code.OutputFinisher::addConstants (68 bytes)


---------------  P R O C E S S  ---------------

Java Threads: ( => current thread )
  0x0000000016e39800 JavaThread "pool-1-thread-1" [_thread_in_vm, id=8740, stack(0x0000000017840000,0x0000000017940000)]
  0x0000000016cfc800 JavaThread "Service Thread" daemon [_thread_blocked, id=7192, stack(0x0000000017640000,0x0000000017740000)]
  0x0000000016c8d000 JavaThread "C1 CompilerThread3" daemon [_thread_blocked, id=8408, stack(0x0000000017540000,0x0000000017640000)]
=>0x0000000016c7b800 JavaThread "C2 CompilerThread2" daemon [_thread_in_native, id=3820, stack(0x0000000017440000,0x0000000017540000)]
  0x0000000016c69800 JavaThread "C2 CompilerThread1" daemon [_thread_in_native, id=7216, stack(0x0000000017340000,0x0000000017440000)]
  0x0000000016c66800 JavaThread "C2 CompilerThread0" daemon [_thread_in_native, id=3428, stack(0x0000000017240000,0x0000000017340000)]
  0x0000000016c65000 JavaThread "Attach Listener" daemon [_thread_blocked, id=8028, stack(0x0000000017140000,0x0000000017240000)]
  0x0000000016c64800 JavaThread "Signal Dispatcher" daemon [_thread_blocked, id=6892, stack(0x0000000017040000,0x0000000017140000)]
  0x0000000002121800 JavaThread "Finalizer" daemon [_thread_blocked, id=4968, stack(0x0000000016b40000,0x0000000016c40000)]
  0x0000000014c4c800 JavaThread "Reference Handler" daemon [_thread_blocked, id=2264, stack(0x0000000016a40000,0x0000000016b40000)]
  0x0000000001ead800 JavaThread "main" [_thread_blocked, id=4140, stack(0x0000000001f30000,0x0000000002030000)]

Other Threads:
  0x0000000014c48800 VMThread [stack: 0x0000000016940000,0x0000000016a40000] [id=9704]
  0x0000000016d06800 WatcherThread [stack: 0x0000000017740000,0x0000000017840000] [id=1112]

VM state:not at safepoint (normal execution)

VM Mutex/Monitor currently owned by a thread: None

Heap:
 PSYoungGen      total 10240K, used 8102K [0x00000000eab00000, 0x00000000ebe00000, 0x0000000100000000)
  eden space 7680K, 72% used [0x00000000eab00000,0x00000000eb071b78,0x00000000eb280000)
  from space 2560K, 98% used [0x00000000eb280000,0x00000000eb4f8028,0x00000000eb500000)
  to   space 3584K, 0% used [0x00000000eba80000,0x00000000eba80000,0x00000000ebe00000)
 ParOldGen       total 129536K, used 2863K [0x00000000c0000000, 0x00000000c7e80000, 0x00000000eab00000)
  object space 129536K, 2% used [0x00000000c0000000,0x00000000c02cbeb8,0x00000000c7e80000)
 Metaspace       used 5709K, capacity 6768K, committed 7040K, reserved 1056768K
  class space    used 597K, capacity 616K, committed 640K, reserved 1048576K

Card table byte_map: [0x00000000114f0000,0x0000000011700000] byte_map_base: 0x0000000010ef0000

Marking Bits: (ParMarkBitMap*) 0x000000006e8a13b0
 Begin Bits: [0x0000000012060000, 0x0000000013060000)
 End Bits:   [0x0000000013060000, 0x0000000014060000)

Polling page: 0x0000000001e10000

CodeCache: size=245760Kb used=4060Kb max_used=4060Kb free=241699Kb
 bounds [0x0000000002130000, 0x0000000002530000, 0x0000000011130000]
 total_blobs=1387 nmethods=1123 adapters=178
 compilation: enabled

Compilation events (10 events):
Event: 1.645 Thread 0x0000000016c8d000 1127       3       com.android.dx.rop.cst.CstFieldRef::getType (8 bytes)
Event: 1.645 Thread 0x0000000016c8d000 nmethod 1127 0x0000000002526150 code [0x00000000025262c0, 0x0000000002526648]
Event: 1.645 Thread 0x0000000016c8d000 1128       3       com.android.dx.rop.cst.CstNat::getFieldType (11 bytes)
Event: 1.645 Thread 0x0000000016c8d000 nmethod 1128 0x0000000002525d10 code [0x0000000002525e80, 0x00000000025260a8]
Event: 1.646 Thread 0x0000000016c8d000 1129       1       com.android.dx.dex.file.DexFile::getTypeLists (5 bytes)
Event: 1.646 Thread 0x0000000016c8d000 nmethod 1129 0x0000000002525a50 code [0x0000000002525ba0, 0x0000000002525cb0]
Event: 1.646 Thread 0x0000000016c8d000 1130  s    3       com.android.dx.dex.file.TypeIdsSection::intern (62 bytes)
Event: 1.647 Thread 0x0000000016c8d000 nmethod 1130 0x0000000002527e90 code [0x00000000025280a0, 0x0000000002528c48]
Event: 1.649 Thread 0x0000000016c8d000 1131       3       com.android.dx.dex.file.TypeListItem::hashCode (8 bytes)
Event: 1.649 Thread 0x0000000016c8d000 nmethod 1131 0x00000000025256d0 code [0x0000000002525840, 0x00000000025259c8]

GC Heap History (10 events):
Event: 0.424 GC heap before
{Heap before GC invocations=5 (full 0):
 PSYoungGen      total 2560K, used 2548K [0x00000000eab00000, 0x00000000eae00000, 0x0000000100000000)
  eden space 2048K, 99% used [0x00000000eab00000,0x00000000eacfe788,0x00000000ead00000)
  from space 512K, 98% used [0x00000000ead80000,0x00000000eadfea80,0x00000000eae00000)
  to   space 512K, 0% used [0x00000000ead00000,0x00000000ead00000,0x00000000ead80000)
 ParOldGen       total 129536K, used 693K [0x00000000c0000000, 0x00000000c7e80000, 0x00000000eab00000)
  object space 129536K, 0% used [0x00000000c0000000,0x00000000c00ad458,0x00000000c7e80000)
 Metaspace       used 4283K, capacity 5520K, committed 5760K, reserved 1056768K
  class space    used 486K, capacity 520K, committed 640K, reserved 1048576K
Event: 0.486 GC heap after
Heap after GC invocations=5 (full 0):
 PSYoungGen      total 2560K, used 509K [0x00000000eab00000, 0x00000000eb200000, 0x0000000100000000)
  eden space 2048K, 0% used [0x00000000eab00000,0x00000000eab00000,0x00000000ead00000)
  from space 512K, 99% used [0x00000000ead00000,0x00000000ead7f638,0x00000000ead80000)
  to   space 1536K, 0% used [0x00000000eb080000,0x00000000eb080000,0x00000000eb200000)
 ParOldGen       total 129536K, used 1454K [0x00000000c0000000, 0x00000000c7e80000, 0x00000000eab00000)
  object space 129536K, 1% used [0x00000000c0000000,0x00000000c016b8f8,0x00000000c7e80000)
 Metaspace       used 4283K, capacity 5520K, committed 5760K, reserved 1056768K
  class space    used 486K, capacity 520K, committed 640K, reserved 1048576K
}
Event: 0.543 GC heap before
{Heap before GC invocations=6 (full 0):
 PSYoungGen      total 2560K, used 2557K [0x00000000eab00000, 0x00000000eb200000, 0x0000000100000000)
  eden space 2048K, 100% used [0x00000000eab00000,0x00000000ead00000,0x00000000ead00000)
  from space 512K, 99% used [0x00000000ead00000,0x00000000ead7f638,0x00000000ead80000)
  to   space 1536K, 0% used [0x00000000eb080000,0x00000000eb080000,0x00000000eb200000)
 ParOldGen       total 129536K, used 1454K [0x00000000c0000000, 0x00000000c7e80000, 0x00000000eab00000)
  object space 129536K, 1% used [0x00000000c0000000,0x00000000c016b8f8,0x00000000c7e80000)
 Metaspace       used 4915K, capacity 6096K, committed 6272K, reserved 1056768K
  class space    used 552K, capacity 584K, committed 640K, reserved 1048576K
Event: 0.573 GC heap after
Heap after GC invocations=6 (full 0):
 PSYoungGen      total 5632K, used 1181K [0x00000000eab00000, 0x00000000eb200000, 0x0000000100000000)
  eden space 4096K, 0% used [0x00000000eab00000,0x00000000eab00000,0x00000000eaf00000)
  from space 1536K, 76% used [0x00000000eb080000,0x00000000eb1a7638,0x00000000eb200000)
  to   space 1536K, 0% used [0x00000000eaf00000,0x00000000eaf00000,0x00000000eb080000)
 ParOldGen       total 129536K, used 1454K [0x00000000c0000000, 0x00000000c7e80000, 0x00000000eab00000)
  object space 129536K, 1% used [0x00000000c0000000,0x00000000c016b8f8,0x00000000c7e80000)
 Metaspace       used 4915K, capacity 6096K, committed 6272K, reserved 1056768K
  class space    used 552K, capacity 584K, committed 640K, reserved 1048576K
}
Event: 0.758 GC heap before
{Heap before GC invocations=7 (full 0):
 PSYoungGen      total 5632K, used 5277K [0x00000000eab00000, 0x00000000eb200000, 0x0000000100000000)
  eden space 4096K, 100% used [0x00000000eab00000,0x00000000eaf00000,0x00000000eaf00000)
  from space 1536K, 76% used [0x00000000eb080000,0x00000000eb1a7638,0x00000000eb200000)
  to   space 1536K, 0% used [0x00000000eaf00000,0x00000000eaf00000,0x00000000eb080000)
 ParOldGen       total 129536K, used 1454K [0x00000000c0000000, 0x00000000c7e80000, 0x00000000eab00000)
  object space 129536K, 1% used [0x00000000c0000000,0x00000000c016b8f8,0x00000000c7e80000)
 Metaspace       used 5445K, capacity 6576K, committed 6784K, reserved 1056768K
  class space    used 586K, capacity 616K, committed 640K, reserved 1048576K
Event: 0.900 GC heap after
Heap after GC invocations=7 (full 0):
 PSYoungGen      total 5632K, used 1517K [0x00000000eab00000, 0x00000000eb700000, 0x0000000100000000)
  eden space 4096K, 0% used [0x00000000eab00000,0x00000000eab00000,0x00000000eaf00000)
  from space 1536K, 98% used [0x00000000eaf00000,0x00000000eb07b660,0x00000000eb080000)
  to   space 2048K, 0% used [0x00000000eb500000,0x00000000eb500000,0x00000000eb700000)
 ParOldGen       total 129536K, used 1864K [0x00000000c0000000, 0x00000000c7e80000, 0x00000000eab00000)
  object space 129536K, 1% used [0x00000000c0000000,0x00000000c01d2088,0x00000000c7e80000)
 Metaspace       used 5445K, capacity 6576K, committed 6784K, reserved 1056768K
  class space    used 586K, capacity 616K, committed 640K, reserved 1048576K
}
Event: 0.999 GC heap before
{Heap before GC invocations=8 (full 0):
 PSYoungGen      total 5632K, used 5613K [0x00000000eab00000, 0x00000000eb700000, 0x0000000100000000)
  eden space 4096K, 100% used [0x00000000eab00000,0x00000000eaf00000,0x00000000eaf00000)
  from space 1536K, 98% used [0x00000000eaf00000,0x00000000eb07b660,0x00000000eb080000)
  to   space 2048K, 0% used [0x00000000eb500000,0x00000000eb500000,0x00000000eb700000)
 ParOldGen       total 129536K, used 1864K [0x00000000c0000000, 0x00000000c7e80000, 0x00000000eab00000)
  object space 129536K, 1% used [0x00000000c0000000,0x00000000c01d2088,0x00000000c7e80000)
 Metaspace       used 5553K, capacity 6640K, committed 6784K, reserved 1056768K
  class space    used 588K, capacity 616K, committed 640K, reserved 1048576K
Event: 1.096 GC heap after
Heap after GC invocations=8 (full 0):
 PSYoungGen      total 9728K, used 2029K [0x00000000eab00000, 0x00000000eb800000, 0x0000000100000000)
  eden space 7680K, 0% used [0x00000000eab00000,0x00000000eab00000,0x00000000eb280000)
  from space 2048K, 99% used [0x00000000eb500000,0x00000000eb6fb660,0x00000000eb700000)
  to   space 2560K, 0% used [0x00000000eb280000,0x00000000eb280000,0x00000000eb500000)
 ParOldGen       total 129536K, used 2147K [0x00000000c0000000, 0x00000000c7e80000, 0x00000000eab00000)
  object space 129536K, 1% used [0x00000000c0000000,0x00000000c0218f60,0x00000000c7e80000)
 Metaspace       used 5553K, capacity 6640K, committed 6784K, reserved 1056768K
  class space    used 588K, capacity 616K, committed 640K, reserved 1048576K
}
Event: 1.225 GC heap before
{Heap before GC invocations=9 (full 0):
 PSYoungGen      total 9728K, used 9709K [0x00000000eab00000, 0x00000000eb800000, 0x0000000100000000)
  eden space 7680K, 100% used [0x00000000eab00000,0x00000000eb280000,0x00000000eb280000)
  from space 2048K, 99% used [0x00000000eb500000,0x00000000eb6fb660,0x00000000eb700000)
  to   space 2560K, 0% used [0x00000000eb280000,0x00000000eb280000,0x00000000eb500000)
 ParOldGen       total 129536K, used 2147K [0x00000000c0000000, 0x00000000c7e80000, 0x00000000eab00000)
  object space 129536K, 1% used [0x00000000c0000000,0x00000000c0218f60,0x00000000c7e80000)
 Metaspace       used 5600K, capacity 6704K, committed 6784K, reserved 1056768K
  class space    used 590K, capacity 616K, committed 640K, reserved 1048576K
Event: 1.306 GC heap after
Heap after GC invocations=9 (full 0):
 PSYoungGen      total 10240K, used 2528K [0x00000000eab00000, 0x00000000ebe00000, 0x0000000100000000)
  eden space 7680K, 0% used [0x00000000eab00000,0x00000000eab00000,0x00000000eb280000)
  from space 2560K, 98% used [0x00000000eb280000,0x00000000eb4f8028,0x00000000eb500000)
  to   space 3584K, 0% used [0x00000000eba80000,0x00000000eba80000,0x00000000ebe00000)
 ParOldGen       total 129536K, used 2863K [0x00000000c0000000, 0x00000000c7e80000, 0x00000000eab00000)
  object space 129536K, 2% used [0x00000000c0000000,0x00000000c02cbeb8,0x00000000c7e80000)
 Metaspace       used 5600K, capacity 6704K, committed 6784K, reserved 1056768K
  class space    used 590K, capacity 616K, committed 640K, reserved 1048576K
}

Deoptimization events (10 events):
Event: 1.601 Thread 0x0000000016e39800 Uncommon trap: reason=bimorphic action=maybe_recompile pc=0x0000000002345e4c method=java.util.HashMap.getNode(ILjava/lang/Object;)Ljava/util/HashMap$Node; @ 126
Event: 1.601 Thread 0x0000000016e39800 Uncommon trap: reason=bimorphic action=maybe_recompile pc=0x000000000232fa04 method=java.util.HashMap.getNode(ILjava/lang/Object;)Ljava/util/HashMap$Node; @ 126
Event: 1.608 Thread 0x0000000016e39800 Uncommon trap: reason=class_check action=maybe_recompile pc=0x00000000024e5c38 method=java.util.HashMap.putVal(ILjava/lang/Object;Ljava/lang/Object;ZZ)Ljava/lang/Object; @ 203
Event: 1.608 Thread 0x0000000016e39800 Uncommon trap: reason=class_check action=maybe_recompile pc=0x00000000024e5c38 method=java.util.HashMap.putVal(ILjava/lang/Object;Ljava/lang/Object;ZZ)Ljava/lang/Object; @ 203
Event: 1.609 Thread 0x0000000016e39800 Uncommon trap: reason=class_check action=maybe_recompile pc=0x00000000024e5c38 method=java.util.HashMap.putVal(ILjava/lang/Object;Ljava/lang/Object;ZZ)Ljava/lang/Object; @ 203
Event: 1.609 Thread 0x0000000016e39800 Uncommon trap: reason=class_check action=maybe_recompile pc=0x00000000024e5c38 method=java.util.HashMap.putVal(ILjava/lang/Object;Ljava/lang/Object;ZZ)Ljava/lang/Object; @ 203
Event: 1.627 Thread 0x0000000016e39800 Uncommon trap: reason=bimorphic action=maybe_recompile pc=0x000000000250f90c method=java.util.HashMap.putVal(ILjava/lang/Object;Ljava/lang/Object;ZZ)Ljava/lang/Object; @ 203
Event: 1.627 Thread 0x0000000016e39800 Uncommon trap: reason=bimorphic action=maybe_recompile pc=0x000000000250f90c method=java.util.HashMap.putVal(ILjava/lang/Object;Ljava/lang/Object;ZZ)Ljava/lang/Object; @ 203
Event: 1.627 Thread 0x0000000016e39800 Uncommon trap: reason=bimorphic action=maybe_recompile pc=0x000000000250f90c method=java.util.HashMap.putVal(ILjava/lang/Object;Ljava/lang/Object;ZZ)Ljava/lang/Object; @ 203
Event: 1.627 Thread 0x0000000016e39800 Uncommon trap: reason=bimorphic action=maybe_recompile pc=0x000000000250f90c method=java.util.HashMap.putVal(ILjava/lang/Object;Ljava/lang/Object;ZZ)Ljava/lang/Object; @ 203

Internal exceptions (10 events):
Event: 0.609 Thread 0x0000000001ead800 Exception <a 'java/security/PrivilegedActionException'> (0x00000000eac52c88) thrown at [D:\re\workspace\8-2-build-windows-amd64-cygwin\jdk8\2238\hotspot\src\share\vm\prims\jvm.cpp, line 1248]
Event: 0.625 Thread 0x0000000016e37800 Exception <a 'java/security/PrivilegedActionException'> (0x00000000eacd9920) thrown at [D:\re\workspace\8-2-build-windows-amd64-cygwin\jdk8\2238\hotspot\src\share\vm\prims\jvm.cpp, line 1248]
Event: 0.964 Thread 0x0000000016e37800 Exception <a 'java/security/PrivilegedActionException'> (0x00000000ead41538) thrown at [D:\re\workspace\8-2-build-windows-amd64-cygwin\jdk8\2238\hotspot\src\share\vm\prims\jvm.cpp, line 1248]
Event: 1.147 Thread 0x0000000016e52800 Implicit null exception at 0x00000000023c06d5 to 0x00000000023c261d
Event: 1.147 Thread 0x0000000016e52800 Implicit null exception at 0x00000000023c73e1 to 0x00000000023c9a15
Event: 1.382 Thread 0x0000000016e4f800 Exception <a 'java/security/PrivilegedActionException'> (0x00000000eae24f58) thrown at [D:\re\workspace\8-2-build-windows-amd64-cygwin\jdk8\2238\hotspot\src\share\vm\prims\jvm.cpp, line 1248]
Event: 1.409 Thread 0x0000000001ead800 Exception <a 'java/security/PrivilegedActionException'> (0x00000000eafe40d8) thrown at [D:\re\workspace\8-2-build-windows-amd64-cygwin\jdk8\2238\hotspot\src\share\vm\prims\jvm.cpp, line 1248]
Event: 1.596 Thread 0x0000000016e39800 Exception <a 'java/security/PrivilegedActionException'> (0x00000000eafef4d0) thrown at [D:\re\workspace\8-2-build-windows-amd64-cygwin\jdk8\2238\hotspot\src\share\vm\prims\jvm.cpp, line 1248]
Event: 1.616 Thread 0x0000000016e39800 Exception <a 'java/security/PrivilegedActionException'> (0x00000000eb009db8) thrown at [D:\re\workspace\8-2-build-windows-amd64-cygwin\jdk8\2238\hotspot\src\share\vm\prims\jvm.cpp, line 1248]
Event: 1.638 Thread 0x0000000016e39800 Exception <a 'java/security/PrivilegedActionException'> (0x00000000eb03ad28) thrown at [D:\re\workspace\8-2-build-windows-amd64-cygwin\jdk8\2238\hotspot\src\share\vm\prims\jvm.cpp, line 1248]

Events (10 events):
Event: 1.627 Thread 0x0000000016e39800 DEOPT PACKING pc=0x000000000250f90c sp=0x000000001793ef50
Event: 1.627 Thread 0x0000000016e39800 DEOPT UNPACKING pc=0x00000000021755af sp=0x000000001793eec8 mode 2
Event: 1.627 Thread 0x0000000016e39800 Uncommon trap: trap_request=0xffffffc6 fr.pc=0x000000000250f90c
Event: 1.627 Thread 0x0000000016e39800 DEOPT PACKING pc=0x000000000250f90c sp=0x000000001793ef50
Event: 1.627 Thread 0x0000000016e39800 DEOPT UNPACKING pc=0x00000000021755af sp=0x000000001793eec8 mode 2
Event: 1.627 Thread 0x0000000016e39800 Uncommon trap: trap_request=0xffffffc6 fr.pc=0x000000000250f90c
Event: 1.627 Thread 0x0000000016e39800 DEOPT PACKING pc=0x000000000250f90c sp=0x000000001793ef50
Event: 1.627 Thread 0x0000000016e39800 DEOPT UNPACKING pc=0x00000000021755af sp=0x000000001793eec8 mode 2
Event: 1.637 loading class com/android/dx/dex/file/ProtoIdItem
Event: 1.637 loading class com/android/dx/dex/file/ProtoIdItem done


Dynamic libraries:
0x00007ff7e1730000 - 0x00007ff7e1764000 	C:\Program Files\Java\jdk1.8.0\bin\java.exe
0x00007ff99a0a0000 - 0x00007ff99a24d000 	C:\Windows\SYSTEM32\ntdll.dll
0x00007ff998140000 - 0x00007ff99827e000 	C:\Windows\system32\KERNEL32.DLL
0x00007ff997290000 - 0x00007ff9973a5000 	C:\Windows\system32\KERNELBASE.dll
0x00007ff9957e0000 - 0x00007ff99586e000 	C:\Windows\system32\apphelp.dll
0x00007ff988cf0000 - 0x00007ff988d43000 	C:\Windows\AppPatch\AppPatch64\AcGenral.DLL
0x00007ff9979c0000 - 0x00007ff997a6a000 	C:\Windows\system32\msvcrt.dll
0x00007ff9976f0000 - 0x00007ff99771e000 	C:\Windows\system32\SspiCli.dll
0x00007ff9980e0000 - 0x00007ff998134000 	C:\Windows\system32\SHLWAPI.dll
0x00007ff998380000 - 0x00007ff9984f7000 	C:\Windows\system32\USER32.dll
0x00007ff997df0000 - 0x00007ff997f84000 	C:\Windows\system32\ole32.dll
0x00007ff998980000 - 0x00007ff999ea8000 	C:\Windows\system32\SHELL32.dll
0x00007ff996810000 - 0x00007ff996831000 	C:\Windows\SYSTEM32\USERENV.dll
0x00007ff999eb0000 - 0x00007ff999f5a000 	C:\Windows\system32\ADVAPI32.dll
0x00007ff98acd0000 - 0x00007ff98acee000 	C:\Windows\SYSTEM32\MPR.dll
0x00007ff999f60000 - 0x00007ff99a0a0000 	C:\Windows\system32\RPCRT4.dll
0x00007ff997d90000 - 0x00007ff997de9000 	C:\Windows\SYSTEM32\sechost.dll
0x00007ff997b70000 - 0x00007ff997d81000 	C:\Windows\SYSTEM32\combase.dll
0x00007ff997f90000 - 0x00007ff9980df000 	C:\Windows\system32\GDI32.dll
0x00007ff9971c0000 - 0x00007ff9971d5000 	C:\Windows\SYSTEM32\profapi.dll
0x00007ff995a70000 - 0x00007ff995b22000 	C:\Windows\SYSTEM32\SHCORE.dll
0x00007ff997a70000 - 0x00007ff997aa6000 	C:\Windows\system32\IMM32.DLL
0x00007ff997720000 - 0x00007ff997872000 	C:\Windows\system32\MSCTF.dll
0x00007ff994cb0000 - 0x00007ff994f2b000 	C:\Windows\WinSxS\amd64_microsoft.windows.common-controls_6595b64144ccf1df_6.0.9600.18006_none_623f33d3ecbe86e8\COMCTL32.dll
0x000000006f6e0000 - 0x000000006f7b2000 	C:\Program Files\Java\jdk1.8.0\jre\bin\msvcr100.dll
0x000000006e0f0000 - 0x000000006e91a000 	C:\Program Files\Java\jdk1.8.0\jre\bin\server\jvm.dll
0x00007ff995de0000 - 0x00007ff995de9000 	C:\Windows\SYSTEM32\WSOCK32.dll
0x00007ff9924b0000 - 0x00007ff9924d2000 	C:\Windows\SYSTEM32\WINMM.dll
0x00007ff998370000 - 0x00007ff998377000 	C:\Windows\system32\PSAPI.DLL
0x00007ff9982f0000 - 0x00007ff99834a000 	C:\Windows\system32\WS2_32.dll
0x00007ff992480000 - 0x00007ff9924aa000 	C:\Windows\SYSTEM32\WINMMBASE.dll
0x00007ff9987b0000 - 0x00007ff9987b9000 	C:\Windows\system32\NSI.dll
0x00007ff9976a0000 - 0x00007ff9976ef000 	C:\Windows\SYSTEM32\cfgmgr32.dll
0x00007ff996010000 - 0x00007ff996038000 	C:\Windows\SYSTEM32\DEVOBJ.dll
0x0000000070300000 - 0x000000007030f000 	C:\Program Files\Java\jdk1.8.0\jre\bin\verify.dll
0x000000006ecc0000 - 0x000000006ece8000 	C:\Program Files\Java\jdk1.8.0\jre\bin\java.dll
0x000000006ebb0000 - 0x000000006ebc6000 	C:\Program Files\Java\jdk1.8.0\jre\bin\zip.dll
0x00007ff990610000 - 0x00007ff990799000 	C:\Windows\SYSTEM32\dbghelp.dll

VM Arguments:
jvm_args: -Djava.awt.headless=true -Xmx1024M -Dfile.encoding=windows-1252 -Duser.country=US -Duser.language=en -Duser.variant 
java_command: com.android.dx.command.Main --dex --force-jumbo --num-threads=4 --multi-dex --output D:\Aswathy\AswathyApps\AswathyApps\HomePlus\app\build\intermediates\transforms\dex\debug\folders\1000\10\bolts-android-1.1.4_24f44663b7ac2e95e0e3063fcfa18605a41084fa C:\Users\JijoCJ\.gradle\caches\modules-2\files-2.1\com.parse.bolts\bolts-android\1.1.4\129874135e6081269ace2312092031558865de12\bolts-android-1.1.4.jar
java_class_path (initial): D:\TOOLS\android-sdk\build-tools\24.0.1\lib\dx.jar
Launcher Type: SUN_STANDARD

Environment Variables:
PATH=C:\ProgramData\Oracle\Java\javapath;C:\Windows\System32;C:\Program Files\nodejs\;C:\ProgramData\Oracle\Java\javapath;C:\Windows\System32;C:\Program Files\nodejs\;C:\ProgramData\Oracle\Java\javapath;C:\Windows\System32;C:\Program Files\nodejs\;C:\Windows\System32;D:\TOOLS\android-sdk\tools;D:\TOOLS\android-sdk\platform-tools;C:\Users\sandeepandroid\AppData\Roaming\npm;C:\Program Files\TortoiseGit\bin;C:\Program Files (x86)\Skype\Phone\;D:\TOOLS\android-sdk\tools;D:\TOOLS\android-sdk\platform-tools;C:\Users\sandeepandroid\AppData\Roaming\npm;C:\Program Files\TortoiseGit\bin;C:\Program Files (x86)\Skype\Phone\;D:\TOOLS\android-sdk\tools;D:\TOOLS\android-sdk\platform-tools;C:\Users\sandeepandroid\AppData\Roaming\npm;C:\Program Files\TortoiseGit\bin;C:\Program Files (x86)\Skype\Phone\;C:\Program Files (x86)\Mozilla Firefox;C:\ProgramData\Oracle\Java\javapath;C:\Windows\System32;C:\Program Files\nodejs\;C:\ProgramData\Oracle\Java\javapath;C:\Windows\System32;C:\Program Files\nodejs\;C:\ProgramData\Oracle\Java\javapath;C:\Windows\System32;C:\Program Files\nodejs\;C:\Windows\System32;D:\TOOLS\android-sdk\tools;D:\TOOLS\android-sdk\platform-tools;C:\Users\sandeepandroid\AppData\Roaming\npm;C:\Program Files (x86)\Skype\Phone\;C:\Program Files\TortoiseGit\bin;D:\TOOLS\android-sdk\tools;D:\TOOLS\android-sdk\platform-tools;C:\Users\sandeepandroid\AppData\Roaming\npm;C:\Program Files (x86)\Skype\Phone\;C:\Program Files\TortoiseGit\bin;D:\TOOLS\android-sdk\tools;D:\TOOLS\android-sdk\platform-tools;C:\Users\sandeepandroid\AppData\Roaming\npm;C:\Program Files (x86)\Skype\Phone\;C:\Program Files\TortoiseGit\bin
USERNAME=JijoCJ
OS=Windows_NT
PROCESSOR_IDENTIFIER=Intel64 Family 6 Model 58 Stepping 9, GenuineIntel



---------------  S Y S T E M  ---------------

OS: Windows 8.1 , 64 bit Build 9600 

CPU:total 8 (4 cores per cpu, 2 threads per core) family 6 model 58 stepping 9, cmov, cx8, fxsr, mmx, sse, sse2, sse3, ssse3, sse4.1, sse4.2, popcnt, avx, aes, clmul, erms, ht, tsc, tscinvbit

Memory: 4k page, physical 8353172k(1057960k free), swap 11498900k(5100k free)

vm_info: Java HotSpot(TM) 64-Bit Server VM (25.0-b70) for windows-amd64 JRE (1.8.0-b132), built on Mar  4 2014 03:46:18 by "java_re" with MS VC++ 10.0 (VS2010)

time: Wed Jan 11 12:58:51 2017
elapsed time: 1 seconds

