#
# There is insufficient memory for the Java Runtime Environment to continue.
# Native memory allocation (malloc) failed to allocate 1023536 bytes for Chunk::new
# Possible reasons:
#   The system is out of physical RAM or swap space
#   In 32 bit mode, the process size limit was hit
# Possible solutions:
#   Reduce memory load on the system
#   Increase physical memory or swap space
#   Check if swap backing store is full
#   Use 64 bit Java on a 64 bit OS
#   Decrease Java heap size (-Xmx/-Xms)
#   Decrease number of Java threads
#   Decrease Java thread stack sizes (-Xss)
#   Set larger code cache with -XX:ReservedCodeCacheSize=
# This output file may be truncated or incomplete.
#
#  Out of Memory Error (allocation.cpp:388), pid=6020, tid=3784
#
# JRE version: Java(TM) SE Runtime Environment (8.0-b132) (build 1.8.0-b132)
# Java VM: Java HotSpot(TM) 64-Bit Server VM (25.0-b70 mixed mode windows-amd64 compressed oops)
# Failed to write core dump. Minidumps are not enabled by default on client versions of Windows
#

---------------  T H R E A D  ---------------

Current thread (0x0000000016ec6000):  JavaThread "C2 CompilerThread0" daemon [_thread_in_native, id=3784, stack(0x00000000174a0000,0x00000000175a0000)]

Stack: [0x00000000174a0000,0x00000000175a0000]
Native frames: (J=compiled Java code, j=interpreted, Vv=VM code, C=native code)
V  [jvm.dll+0x308e0a]
V  [jvm.dll+0x25df11]
V  [jvm.dll+0x25eb2f]
V  [jvm.dll+0x256505]
V  [jvm.dll+0xbcff5]
V  [jvm.dll+0xbd48c]
V  [jvm.dll+0x44d442]
V  [jvm.dll+0x48e15f]
V  [jvm.dll+0x442095]
V  [jvm.dll+0x44368b]
V  [jvm.dll+0x427552]
V  [jvm.dll+0x96732]
V  [jvm.dll+0x96f23]
V  [jvm.dll+0x2232e4]
V  [jvm.dll+0x27baea]
C  [msvcr100.dll+0x21d9f]
C  [msvcr100.dll+0x21e3b]
C  [KERNEL32.DLL+0x13d2]
C  [ntdll.dll+0x154e4]


Current CompileTask:
C2:   1111 1034       4       com.android.dx.dex.code.OutputFinisher::addConstants (93 bytes)


---------------  P R O C E S S  ---------------

Java Threads: ( => current thread )
  0x000000001708a000 JavaThread "pool-1-thread-1" [_thread_blocked, id=948, stack(0x0000000017aa0000,0x0000000017ba0000)]
  0x0000000016f4c000 JavaThread "Service Thread" daemon [_thread_blocked, id=3516, stack(0x00000000178a0000,0x00000000179a0000)]
  0x0000000016f29800 JavaThread "C1 CompilerThread3" daemon [_thread_blocked, id=10136, stack(0x00000000177a0000,0x00000000178a0000)]
  0x0000000016f24800 JavaThread "C2 CompilerThread2" daemon [_thread_blocked, id=6056, stack(0x00000000176a0000,0x00000000177a0000)]
  0x0000000016f0e800 JavaThread "C2 CompilerThread1" daemon [_thread_blocked, id=10084, stack(0x00000000175a0000,0x00000000176a0000)]
=>0x0000000016ec6000 JavaThread "C2 CompilerThread0" daemon [_thread_in_native, id=3784, stack(0x00000000174a0000,0x00000000175a0000)]
  0x0000000016ec5000 JavaThread "Attach Listener" daemon [_thread_blocked, id=9808, stack(0x00000000173a0000,0x00000000174a0000)]
  0x0000000016ec4800 JavaThread "Signal Dispatcher" daemon [_thread_blocked, id=3500, stack(0x00000000172a0000,0x00000000173a0000)]
  0x00000000023b7800 JavaThread "Finalizer" daemon [_thread_blocked, id=92, stack(0x0000000016da0000,0x0000000016ea0000)]
  0x0000000014edc800 JavaThread "Reference Handler" daemon [_thread_blocked, id=10176, stack(0x0000000016ca0000,0x0000000016da0000)]
  0x00000000020fd800 JavaThread "main" [_thread_blocked, id=9620, stack(0x0000000002140000,0x0000000002240000)]

Other Threads:
  0x0000000014ed8800 VMThread [stack: 0x0000000016ba0000,0x0000000016ca0000] [id=9068]
  0x0000000016f4e000 WatcherThread [stack: 0x00000000179a0000,0x0000000017aa0000] [id=3788]

VM state:at safepoint (normal execution)

VM Mutex/Monitor currently owned by a thread:  ([mutex/lock_event])
[0x00000000020fcde0] Threads_lock - owner thread: 0x0000000014ed8800
[0x00000000020fc960] Heap_lock - owner thread: 0x000000001708a000
[0x00000000022c1cd0] MethodData_lock - owner thread: 0x000000001708a000

Heap:
 PSYoungGen      total 10240K, used 3925K [0x00000000eab00000, 0x00000000eb700000, 0x0000000100000000)
  eden space 8192K, 26% used [0x00000000eab00000,0x00000000ead254d0,0x00000000eb300000)
  from space 2048K, 84% used [0x00000000eb500000,0x00000000eb6b0018,0x00000000eb700000)
  to   space 2048K, 80% used [0x00000000eb300000,0x00000000eb49c028,0x00000000eb500000)
 ParOldGen       total 129536K, used 2279K [0x00000000c0000000, 0x00000000c7e80000, 0x00000000eab00000)
  object space 129536K, 1% used [0x00000000c0000000,0x00000000c0239d78,0x00000000c7e80000)
 Metaspace       used 5657K, capacity 6704K, committed 6784K, reserved 1060864K
  class space    used 596K, capacity 616K, committed 640K, reserved 1048576K

Card table byte_map: [0x0000000011780000,0x0000000011990000] byte_map_base: 0x0000000011180000

Marking Bits: (ParMarkBitMap*) 0x000000006f6513b0
 Begin Bits: [0x00000000122f0000, 0x00000000132f0000)
 End Bits:   [0x00000000132f0000, 0x00000000142f0000)

Polling page: 0x0000000000970000

CodeCache: size=245760Kb used=3976Kb max_used=3976Kb free=241783Kb
 bounds [0x00000000023c0000, 0x00000000027b0000, 0x00000000113c0000]
 total_blobs=1335 nmethods=1070 adapters=178
 compilation: enabled

Compilation events (10 events):
Event: 1.092 Thread 0x0000000016f29800 1055       3       com.android.dx.dex.file.StringIdItem::addContents (36 bytes)
Event: 1.093 Thread 0x0000000016f29800 nmethod 1055 0x000000000279e290 code [0x000000000279e460, 0x000000000279ed58]
Event: 1.093 Thread 0x0000000016f29800 1056       3       com.android.dx.dex.file.StringDataItem::<init> (15 bytes)
Event: 1.093 Thread 0x0000000016f29800 nmethod 1056 0x000000000279f2d0 code [0x000000000279f480, 0x000000000279fae8]
Event: 1.093 Thread 0x0000000016f29800 1057       3       com.android.dx.dex.file.StringDataItem::addContents (1 bytes)
Event: 1.093 Thread 0x0000000016f29800 nmethod 1057 0x000000000279fe50 code [0x000000000279ffa0, 0x00000000027a00f0]
Event: 1.093 Thread 0x0000000016f29800 1058       3       com.android.dx.dex.file.CodeItem::itemType (4 bytes)
Event: 1.093 Thread 0x0000000016f29800 nmethod 1058 0x00000000027a0190 code [0x00000000027a02e0, 0x00000000027a0430]
Event: 1.094 Thread 0x0000000016f0e800 1059       4       java.lang.String::<init> (62 bytes)
Event: 1.096 Thread 0x0000000016f0e800 nmethod 1059 0x00000000027a3350 code [0x00000000027a34a0, 0x00000000027a3718]

GC Heap History (10 events):
Event: 0.551 GC heap before
{Heap before GC invocations=4 (full 0):
 PSYoungGen      total 1536K, used 1511K [0x00000000eab00000, 0x00000000eae00000, 0x0000000100000000)
  eden space 1024K, 100% used [0x00000000eab00000,0x00000000eac00000,0x00000000eac00000)
  from space 512K, 95% used [0x00000000eac00000,0x00000000eac79c50,0x00000000eac80000)
  to   space 512K, 0% used [0x00000000ead80000,0x00000000ead80000,0x00000000eae00000)
 ParOldGen       total 129536K, used 461K [0x00000000c0000000, 0x00000000c7e80000, 0x00000000eab00000)
  object space 129536K, 0% used [0x00000000c0000000,0x00000000c0073470,0x00000000c7e80000)
 Metaspace       used 3772K, capacity 5104K, committed 5376K, reserved 1056768K
  class space    used 429K, capacity 488K, committed 512K, reserved 1048576K
Event: 0.571 GC heap after
Heap after GC invocations=4 (full 0):
 PSYoungGen      total 2560K, used 512K [0x00000000eab00000, 0x00000000eae00000, 0x0000000100000000)
  eden space 2048K, 0% used [0x00000000eab00000,0x00000000eab00000,0x00000000ead00000)
  from space 512K, 100% used [0x00000000ead80000,0x00000000eae00000,0x00000000eae00000)
  to   space 512K, 0% used [0x00000000ead00000,0x00000000ead00000,0x00000000ead80000)
 ParOldGen       total 129536K, used 808K [0x00000000c0000000, 0x00000000c7e80000, 0x00000000eab00000)
  object space 129536K, 0% used [0x00000000c0000000,0x00000000c00ca1d0,0x00000000c7e80000)
 Metaspace       used 3772K, capacity 5104K, committed 5376K, reserved 1056768K
  class space    used 429K, capacity 488K, committed 512K, reserved 1048576K
}
Event: 0.612 GC heap before
{Heap before GC invocations=5 (full 0):
 PSYoungGen      total 2560K, used 2560K [0x00000000eab00000, 0x00000000eae00000, 0x0000000100000000)
  eden space 2048K, 100% used [0x00000000eab00000,0x00000000ead00000,0x00000000ead00000)
  from space 512K, 100% used [0x00000000ead80000,0x00000000eae00000,0x00000000eae00000)
  to   space 512K, 0% used [0x00000000ead00000,0x00000000ead00000,0x00000000ead80000)
 ParOldGen       total 129536K, used 808K [0x00000000c0000000, 0x00000000c7e80000, 0x00000000eab00000)
  object space 129536K, 0% used [0x00000000c0000000,0x00000000c00ca1d0,0x00000000c7e80000)
 Metaspace       used 4292K, capacity 5520K, committed 5760K, reserved 1056768K
  class space    used 478K, capacity 520K, committed 640K, reserved 1048576K
Event: 0.617 GC heap after
Heap after GC invocations=5 (full 0):
 PSYoungGen      total 2560K, used 512K [0x00000000eab00000, 0x00000000eb200000, 0x0000000100000000)
  eden space 2048K, 0% used [0x00000000eab00000,0x00000000eab00000,0x00000000ead00000)
  from space 512K, 100% used [0x00000000ead00000,0x00000000ead80000,0x00000000ead80000)
  to   space 1536K, 0% used [0x00000000eb080000,0x00000000eb080000,0x00000000eb200000)
 ParOldGen       total 129536K, used 1505K [0x00000000c0000000, 0x00000000c7e80000, 0x00000000eab00000)
  object space 129536K, 1% used [0x00000000c0000000,0x00000000c0178718,0x00000000c7e80000)
 Metaspace       used 4292K, capacity 5520K, committed 5760K, reserved 1056768K
  class space    used 478K, capacity 520K, committed 640K, reserved 1048576K
}
Event: 0.678 GC heap before
{Heap before GC invocations=6 (full 0):
 PSYoungGen      total 2560K, used 2560K [0x00000000eab00000, 0x00000000eb200000, 0x0000000100000000)
  eden space 2048K, 100% used [0x00000000eab00000,0x00000000ead00000,0x00000000ead00000)
  from space 512K, 100% used [0x00000000ead00000,0x00000000ead80000,0x00000000ead80000)
  to   space 1536K, 0% used [0x00000000eb080000,0x00000000eb080000,0x00000000eb200000)
 ParOldGen       total 129536K, used 1505K [0x00000000c0000000, 0x00000000c7e80000, 0x00000000eab00000)
  object space 129536K, 1% used [0x00000000c0000000,0x00000000c0178718,0x00000000c7e80000)
 Metaspace       used 4931K, capacity 6096K, committed 6272K, reserved 1056768K
  class space    used 551K, capacity 584K, committed 640K, reserved 1048576K
Event: 0.686 GC heap after
Heap after GC invocations=6 (full 0):
 PSYoungGen      total 5632K, used 1136K [0x00000000eab00000, 0x00000000eb200000, 0x0000000100000000)
  eden space 4096K, 0% used [0x00000000eab00000,0x00000000eab00000,0x00000000eaf00000)
  from space 1536K, 74% used [0x00000000eb080000,0x00000000eb19c318,0x00000000eb200000)
  to   space 1536K, 0% used [0x00000000eaf00000,0x00000000eaf00000,0x00000000eb080000)
 ParOldGen       total 129536K, used 1513K [0x00000000c0000000, 0x00000000c7e80000, 0x00000000eab00000)
  object space 129536K, 1% used [0x00000000c0000000,0x00000000c017a718,0x00000000c7e80000)
 Metaspace       used 4931K, capacity 6096K, committed 6272K, reserved 1056768K
  class space    used 551K, capacity 584K, committed 640K, reserved 1048576K
}
Event: 0.791 GC heap before
{Heap before GC invocations=7 (full 0):
 PSYoungGen      total 5632K, used 5232K [0x00000000eab00000, 0x00000000eb200000, 0x0000000100000000)
  eden space 4096K, 100% used [0x00000000eab00000,0x00000000eaf00000,0x00000000eaf00000)
  from space 1536K, 74% used [0x00000000eb080000,0x00000000eb19c318,0x00000000eb200000)
  to   space 1536K, 0% used [0x00000000eaf00000,0x00000000eaf00000,0x00000000eb080000)
 ParOldGen       total 129536K, used 1513K [0x00000000c0000000, 0x00000000c7e80000, 0x00000000eab00000)
  object space 129536K, 1% used [0x00000000c0000000,0x00000000c017a718,0x00000000c7e80000)
 Metaspace       used 5386K, capacity 6512K, committed 6784K, reserved 1056768K
  class space    used 581K, capacity 616K, committed 640K, reserved 1048576K
Event: 0.793 GC heap after
Heap after GC invocations=7 (full 0):
 PSYoungGen      total 5632K, used 1504K [0x00000000eab00000, 0x00000000eb700000, 0x0000000100000000)
  eden space 4096K, 0% used [0x00000000eab00000,0x00000000eab00000,0x00000000eaf00000)
  from space 1536K, 97% used [0x00000000eaf00000,0x00000000eb078018,0x00000000eb080000)
  to   space 2048K, 0% used [0x00000000eb500000,0x00000000eb500000,0x00000000eb700000)
 ParOldGen       total 129536K, used 1609K [0x00000000c0000000, 0x00000000c7e80000, 0x00000000eab00000)
  object space 129536K, 1% used [0x00000000c0000000,0x00000000c0192718,0x00000000c7e80000)
 Metaspace       used 5386K, capacity 6512K, committed 6784K, reserved 1056768K
  class space    used 581K, capacity 616K, committed 640K, reserved 1048576K
}
Event: 0.941 GC heap before
{Heap before GC invocations=8 (full 0):
 PSYoungGen      total 5632K, used 5600K [0x00000000eab00000, 0x00000000eb700000, 0x0000000100000000)
  eden space 4096K, 100% used [0x00000000eab00000,0x00000000eaf00000,0x00000000eaf00000)
  from space 1536K, 97% used [0x00000000eaf00000,0x00000000eb078018,0x00000000eb080000)
  to   space 2048K, 0% used [0x00000000eb500000,0x00000000eb500000,0x00000000eb700000)
 ParOldGen       total 129536K, used 1609K [0x00000000c0000000, 0x00000000c7e80000, 0x00000000eab00000)
  object space 129536K, 1% used [0x00000000c0000000,0x00000000c0192718,0x00000000c7e80000)
 Metaspace       used 5507K, capacity 6640K, committed 6784K, reserved 1056768K
  class space    used 582K, capacity 616K, committed 640K, reserved 1048576K
Event: 0.955 GC heap after
Heap after GC invocations=8 (full 0):
 PSYoungGen      total 10240K, used 1728K [0x00000000eab00000, 0x00000000eb700000, 0x0000000100000000)
  eden space 8192K, 0% used [0x00000000eab00000,0x00000000eab00000,0x00000000eb300000)
  from space 2048K, 84% used [0x00000000eb500000,0x00000000eb6b0018,0x00000000eb700000)
  to   space 2048K, 0% used [0x00000000eb300000,0x00000000eb300000,0x00000000eb500000)
 ParOldGen       total 129536K, used 1785K [0x00000000c0000000, 0x00000000c7e80000, 0x00000000eab00000)
  object space 129536K, 1% used [0x00000000c0000000,0x00000000c01be718,0x00000000c7e80000)
 Metaspace       used 5507K, capacity 6640K, committed 6784K, reserved 1056768K
  class space    used 582K, capacity 616K, committed 640K, reserved 1048576K
}

Deoptimization events (5 events):
Event: 0.912 Thread 0x0000000017082800 Uncommon trap: reason=bimorphic action=maybe_recompile pc=0x000000000259fe64 method=java.util.HashMap.getNode(ILjava/lang/Object;)Ljava/util/HashMap$Node; @ 126
Event: 0.912 Thread 0x0000000017082800 Uncommon trap: reason=bimorphic action=maybe_recompile pc=0x000000000259fe64 method=java.util.HashMap.getNode(ILjava/lang/Object;)Ljava/util/HashMap$Node; @ 126
Event: 0.912 Thread 0x0000000017082800 Uncommon trap: reason=bimorphic action=maybe_recompile pc=0x000000000259fe64 method=java.util.HashMap.getNode(ILjava/lang/Object;)Ljava/util/HashMap$Node; @ 126
Event: 0.912 Thread 0x0000000017082800 Uncommon trap: reason=bimorphic action=maybe_recompile pc=0x000000000259fe64 method=java.util.HashMap.getNode(ILjava/lang/Object;)Ljava/util/HashMap$Node; @ 126
Event: 0.912 Thread 0x0000000017082800 Uncommon trap: reason=bimorphic action=maybe_recompile pc=0x000000000259de4c method=java.util.HashMap.getNode(ILjava/lang/Object;)Ljava/util/HashMap$Node; @ 126

Internal exceptions (10 events):
Event: 1.091 Thread 0x000000001708a000 Exception <a 'java/security/PrivilegedActionException'> (0x00000000eace9aa0) thrown at [D:\re\workspace\8-2-build-windows-amd64-cygwin\jdk8\2238\hotspot\src\share\vm\prims\jvm.cpp, line 1248]
Event: 1.092 Thread 0x000000001708a000 Exception <a 'java/security/PrivilegedActionException'> (0x00000000eaceff50) thrown at [D:\re\workspace\8-2-build-windows-amd64-cygwin\jdk8\2238\hotspot\src\share\vm\prims\jvm.cpp, line 1248]
Event: 1.093 Thread 0x000000001708a000 Exception <a 'java/security/PrivilegedActionException'> (0x00000000eacf25e0) thrown at [D:\re\workspace\8-2-build-windows-amd64-cygwin\jdk8\2238\hotspot\src\share\vm\prims\jvm.cpp, line 1248]
Event: 1.093 Thread 0x000000001708a000 Exception <a 'java/security/PrivilegedActionException'> (0x00000000eacf4f18) thrown at [D:\re\workspace\8-2-build-windows-amd64-cygwin\jdk8\2238\hotspot\src\share\vm\prims\jvm.cpp, line 1248]
Event: 1.094 Thread 0x000000001708a000 Exception <a 'java/security/PrivilegedActionException'> (0x00000000eacfa4c8) thrown at [D:\re\workspace\8-2-build-windows-amd64-cygwin\jdk8\2238\hotspot\src\share\vm\prims\jvm.cpp, line 1248]
Event: 1.095 Thread 0x000000001708a000 Exception <a 'java/security/PrivilegedActionException'> (0x00000000eacfd978) thrown at [D:\re\workspace\8-2-build-windows-amd64-cygwin\jdk8\2238\hotspot\src\share\vm\prims\jvm.cpp, line 1248]
Event: 1.095 Thread 0x000000001708a000 Exception <a 'java/security/PrivilegedActionException'> (0x00000000ead00268) thrown at [D:\re\workspace\8-2-build-windows-amd64-cygwin\jdk8\2238\hotspot\src\share\vm\prims\jvm.cpp, line 1248]
Event: 1.095 Thread 0x000000001708a000 Exception <a 'java/security/PrivilegedActionException'> (0x00000000ead05388) thrown at [D:\re\workspace\8-2-build-windows-amd64-cygwin\jdk8\2238\hotspot\src\share\vm\prims\jvm.cpp, line 1248]
Event: 1.096 Thread 0x000000001708a000 Exception <a 'java/security/PrivilegedActionException'> (0x00000000ead0b940) thrown at [D:\re\workspace\8-2-build-windows-amd64-cygwin\jdk8\2238\hotspot\src\share\vm\prims\jvm.cpp, line 1248]
Event: 1.096 Thread 0x000000001708a000 Exception <a 'java/security/PrivilegedActionException'> (0x00000000ead0e798) thrown at [D:\re\workspace\8-2-build-windows-amd64-cygwin\jdk8\2238\hotspot\src\share\vm\prims\jvm.cpp, line 1248]

Events (10 events):
Event: 1.094 loading class com/android/dx/dex/code/PositionList$Entry
Event: 1.094 loading class com/android/dx/dex/code/PositionList$Entry done
Event: 1.095 loading class com/android/dx/dex/code/LocalList
Event: 1.095 loading class com/android/dx/dex/code/LocalList done
Event: 1.095 loading class com/android/dx/dex/code/LocalList$MakeState
Event: 1.095 loading class com/android/dx/dex/code/LocalList$MakeState done
Event: 1.096 loading class com/android/dx/dex/code/LocalList$Disposition
Event: 1.096 loading class com/android/dx/dex/code/LocalList$Disposition done
Event: 1.096 loading class com/android/dx/dex/code/LocalList$Entry
Event: 1.096 loading class com/android/dx/dex/code/LocalList$Entry done


Dynamic libraries:
0x00007ff6c3520000 - 0x00007ff6c3554000 	C:\Program Files\Java\jdk1.8.0\bin\java.exe
0x00007ff99a0a0000 - 0x00007ff99a24d000 	C:\Windows\SYSTEM32\ntdll.dll
0x00007ff998140000 - 0x00007ff99827e000 	C:\Windows\system32\KERNEL32.DLL
0x00007ff997290000 - 0x00007ff9973a5000 	C:\Windows\system32\KERNELBASE.dll
0x00007ff9957e0000 - 0x00007ff99586e000 	C:\Windows\system32\apphelp.dll
0x00007ff987010000 - 0x00007ff987063000 	C:\Windows\AppPatch\AppPatch64\AcGenral.DLL
0x00007ff9979c0000 - 0x00007ff997a6a000 	C:\Windows\system32\msvcrt.dll
0x00007ff9976f0000 - 0x00007ff99771e000 	C:\Windows\system32\SspiCli.dll
0x00007ff9980e0000 - 0x00007ff998134000 	C:\Windows\system32\SHLWAPI.dll
0x00007ff998380000 - 0x00007ff9984f7000 	C:\Windows\system32\USER32.dll
0x00007ff997df0000 - 0x00007ff997f84000 	C:\Windows\system32\ole32.dll
0x00007ff998980000 - 0x00007ff999ea8000 	C:\Windows\system32\SHELL32.dll
0x00007ff996810000 - 0x00007ff996831000 	C:\Windows\SYSTEM32\USERENV.dll
0x00007ff999eb0000 - 0x00007ff999f5a000 	C:\Windows\system32\ADVAPI32.dll
0x00007ff98acd0000 - 0x00007ff98acee000 	C:\Windows\SYSTEM32\MPR.dll
0x00007ff999f60000 - 0x00007ff99a0a0000 	C:\Windows\system32\RPCRT4.dll
0x00007ff997d90000 - 0x00007ff997de9000 	C:\Windows\SYSTEM32\sechost.dll
0x00007ff997b70000 - 0x00007ff997d81000 	C:\Windows\SYSTEM32\combase.dll
0x00007ff997f90000 - 0x00007ff9980df000 	C:\Windows\system32\GDI32.dll
0x00007ff9971c0000 - 0x00007ff9971d5000 	C:\Windows\SYSTEM32\profapi.dll
0x00007ff995a70000 - 0x00007ff995b22000 	C:\Windows\SYSTEM32\SHCORE.dll
0x00007ff997a70000 - 0x00007ff997aa6000 	C:\Windows\system32\IMM32.DLL
0x00007ff997720000 - 0x00007ff997872000 	C:\Windows\system32\MSCTF.dll
0x00007ff994cb0000 - 0x00007ff994f2b000 	C:\Windows\WinSxS\amd64_microsoft.windows.common-controls_6595b64144ccf1df_6.0.9600.18006_none_623f33d3ecbe86e8\COMCTL32.dll
0x000000006e940000 - 0x000000006ea12000 	C:\Program Files\Java\jdk1.8.0\jre\bin\msvcr100.dll
0x000000006eea0000 - 0x000000006f6ca000 	C:\Program Files\Java\jdk1.8.0\jre\bin\server\jvm.dll
0x00007ff995500000 - 0x00007ff995509000 	C:\Windows\SYSTEM32\WSOCK32.dll
0x00007ff993080000 - 0x00007ff9930a2000 	C:\Windows\SYSTEM32\WINMM.dll
0x00007ff998370000 - 0x00007ff998377000 	C:\Windows\system32\PSAPI.DLL
0x00007ff9982f0000 - 0x00007ff99834a000 	C:\Windows\system32\WS2_32.dll
0x00007ff992c50000 - 0x00007ff992c7a000 	C:\Windows\SYSTEM32\WINMMBASE.dll
0x00007ff9987b0000 - 0x00007ff9987b9000 	C:\Windows\system32\NSI.dll
0x00007ff9976a0000 - 0x00007ff9976ef000 	C:\Windows\SYSTEM32\cfgmgr32.dll
0x00007ff996010000 - 0x00007ff996038000 	C:\Windows\SYSTEM32\DEVOBJ.dll
0x000000006edb0000 - 0x000000006edbf000 	C:\Program Files\Java\jdk1.8.0\jre\bin\verify.dll
0x000000006ed80000 - 0x000000006eda8000 	C:\Program Files\Java\jdk1.8.0\jre\bin\java.dll
0x000000006ed60000 - 0x000000006ed76000 	C:\Program Files\Java\jdk1.8.0\jre\bin\zip.dll
0x00007ff990610000 - 0x00007ff990799000 	C:\Windows\SYSTEM32\dbghelp.dll

VM Arguments:
jvm_args: -Djava.awt.headless=true -Xmx1024M -Dfile.encoding=windows-1252 -Duser.country=US -Duser.language=en -Duser.variant 
java_command: com.android.dx.command.Main --dex --force-jumbo --num-threads=4 --multi-dex --output D:\Aswathy\AswathyApps\AswathyApps\HomePlus\app\build\intermediates\transforms\dex\debug\folders\1000\10\com.android.support-cardview-v7-23.1.0_82fe5cc768627b583ea33ea355481b72a021d119 D:\Aswathy\AswathyApps\AswathyApps\HomePlus\app\build\intermediates\exploded-aar\com.android.support\cardview-v7\23.1.0\jars\classes.jar
java_class_path (initial): D:\TOOLS\android-sdk\build-tools\24.0.1\lib\dx.jar
Launcher Type: SUN_STANDARD

Environment Variables:
PATH=C:\ProgramData\Oracle\Java\javapath;C:\Windows\System32;C:\Program Files\nodejs\;C:\ProgramData\Oracle\Java\javapath;C:\Windows\System32;C:\Program Files\nodejs\;C:\ProgramData\Oracle\Java\javapath;C:\Windows\System32;C:\Program Files\nodejs\;C:\Windows\System32;D:\TOOLS\android-sdk\tools;D:\TOOLS\android-sdk\platform-tools;C:\Users\sandeepandroid\AppData\Roaming\npm;C:\Program Files\TortoiseGit\bin;C:\Program Files (x86)\Skype\Phone\;D:\TOOLS\android-sdk\tools;D:\TOOLS\android-sdk\platform-tools;C:\Users\sandeepandroid\AppData\Roaming\npm;C:\Program Files\TortoiseGit\bin;C:\Program Files (x86)\Skype\Phone\;D:\TOOLS\android-sdk\tools;D:\TOOLS\android-sdk\platform-tools;C:\Users\sandeepandroid\AppData\Roaming\npm;C:\Program Files\TortoiseGit\bin;C:\Program Files (x86)\Skype\Phone\;C:\Program Files (x86)\Mozilla Firefox;C:\ProgramData\Oracle\Java\javapath;C:\Windows\System32;C:\Program Files\nodejs\;C:\ProgramData\Oracle\Java\javapath;C:\Windows\System32;C:\Program Files\nodejs\;C:\ProgramData\Oracle\Java\javapath;C:\Windows\System32;C:\Program Files\nodejs\;C:\Windows\System32;D:\TOOLS\android-sdk\tools;D:\TOOLS\android-sdk\platform-tools;C:\Users\sandeepandroid\AppData\Roaming\npm;C:\Program Files (x86)\Skype\Phone\;C:\Program Files\TortoiseGit\bin;D:\TOOLS\android-sdk\tools;D:\TOOLS\android-sdk\platform-tools;C:\Users\sandeepandroid\AppData\Roaming\npm;C:\Program Files (x86)\Skype\Phone\;C:\Program Files\TortoiseGit\bin;D:\TOOLS\android-sdk\tools;D:\TOOLS\android-sdk\platform-tools;C:\Users\sandeepandroid\AppData\Roaming\npm;C:\Program Files (x86)\Skype\Phone\;C:\Program Files\TortoiseGit\bin
USERNAME=JijoCJ
OS=Windows_NT
PROCESSOR_IDENTIFIER=Intel64 Family 6 Model 58 Stepping 9, GenuineIntel



---------------  S Y S T E M  ---------------

OS: Windows 8.1 , 64 bit Build 9600 

CPU:total 8 (4 cores per cpu, 2 threads per core) family 6 model 58 stepping 9, cmov, cx8, fxsr, mmx, sse, sse2, sse3, ssse3, sse4.1, sse4.2, popcnt, avx, aes, clmul, erms, ht, tsc, tscinvbit

Memory: 4k page, physical 8353172k(1116812k free), swap 11498900k(5080k free)

vm_info: Java HotSpot(TM) 64-Bit Server VM (25.0-b70) for windows-amd64 JRE (1.8.0-b132), built on Mar  4 2014 03:46:18 by "java_re" with MS VC++ 10.0 (VS2010)

time: Tue Jan 10 12:54:37 2017
elapsed time: 1 seconds

