#
# There is insufficient memory for the Java Runtime Environment to continue.
# Native memory allocation (malloc) failed to allocate 411120 bytes for Chunk::new
# Possible reasons:
#   The system is out of physical RAM or swap space
#   In 32 bit mode, the process size limit was hit
# Possible solutions:
#   Reduce memory load on the system
#   Increase physical memory or swap space
#   Check if swap backing store is full
#   Use 64 bit Java on a 64 bit OS
#   Decrease Java heap size (-Xmx/-Xms)
#   Decrease number of Java threads
#   Decrease Java thread stack sizes (-Xss)
#   Set larger code cache with -XX:ReservedCodeCacheSize=
# This output file may be truncated or incomplete.
#
#  Out of Memory Error (allocation.cpp:388), pid=5180, tid=9468
#
# JRE version: Java(TM) SE Runtime Environment (8.0-b132) (build 1.8.0-b132)
# Java VM: Java HotSpot(TM) 64-Bit Server VM (25.0-b70 mixed mode windows-amd64 compressed oops)
# Failed to write core dump. Minidumps are not enabled by default on client versions of Windows
#

---------------  T H R E A D  ---------------

Current thread (0x000000001707d800):  JavaThread "C2 CompilerThread1" daemon [_thread_in_native, id=9468, stack(0x0000000017750000,0x0000000017850000)]

Stack: [0x0000000017750000,0x0000000017850000]
Native frames: (J=compiled Java code, j=interpreted, Vv=VM code, C=native code)
V  [jvm.dll+0x308e0a]


Current CompileTask:
C2:   1624 1356       4       com.android.dx.ssa.SCCP::simulateBranch (666 bytes)


---------------  P R O C E S S  ---------------

Java Threads: ( => current thread )
  0x0000000017cc4000 JavaThread "pool-2-thread-4" [_thread_blocked, id=10036, stack(0x0000000018850000,0x0000000018950000)]
  0x00000000173ee000 JavaThread "pool-2-thread-3" [_thread_blocked, id=3028, stack(0x0000000018750000,0x0000000018850000)]
  0x00000000173af000 JavaThread "pool-2-thread-2" [_thread_blocked, id=9100, stack(0x0000000018650000,0x0000000018750000)]
  0x00000000173bc000 JavaThread "pool-3-thread-1" [_thread_blocked, id=9276, stack(0x0000000018550000,0x0000000018650000)]
  0x0000000017368000 JavaThread "pool-2-thread-1" [_thread_blocked, id=10080, stack(0x0000000018450000,0x0000000018550000)]
  0x000000001710a800 JavaThread "Service Thread" daemon [_thread_blocked, id=8816, stack(0x0000000017a50000,0x0000000017b50000)]
  0x0000000017086800 JavaThread "C1 CompilerThread3" daemon [_thread_in_native, id=7580, stack(0x0000000017950000,0x0000000017a50000)]
  0x0000000017084800 JavaThread "C2 CompilerThread2" daemon [_thread_in_native, id=4004, stack(0x0000000017850000,0x0000000017950000)]
=>0x000000001707d800 JavaThread "C2 CompilerThread1" daemon [_thread_in_native, id=9468, stack(0x0000000017750000,0x0000000017850000)]
  0x0000000017076800 JavaThread "C2 CompilerThread0" daemon [_thread_in_native, id=5680, stack(0x0000000017650000,0x0000000017750000)]
  0x0000000017075800 JavaThread "Attach Listener" daemon [_thread_blocked, id=4012, stack(0x0000000017550000,0x0000000017650000)]
  0x0000000017074800 JavaThread "Signal Dispatcher" daemon [_thread_blocked, id=4868, stack(0x0000000017450000,0x0000000017550000)]
  0x0000000002548800 JavaThread "Finalizer" daemon [_thread_blocked, id=4924, stack(0x0000000016f50000,0x0000000017050000)]
  0x0000000002540000 JavaThread "Reference Handler" daemon [_thread_blocked, id=6100, stack(0x0000000016e50000,0x0000000016f50000)]
  0x0000000000b2d800 JavaThread "main" [_thread_in_Java, id=1868, stack(0x00000000022d0000,0x00000000023d0000)]

Other Threads:
  0x0000000015068800 VMThread [stack: 0x0000000016d50000,0x0000000016e50000] [id=3696]
  0x000000001710c000 WatcherThread [stack: 0x0000000017b50000,0x0000000017c50000] [id=3140]

VM state:not at safepoint (normal execution)

VM Mutex/Monitor currently owned by a thread: None

Heap:
 PSYoungGen      total 19456K, used 4463K [0x00000000eab00000, 0x00000000ec100000, 0x0000000100000000)
  eden space 16384K, 15% used [0x00000000eab00000,0x00000000ead73cb0,0x00000000ebb00000)
  from space 3072K, 63% used [0x00000000ebe00000,0x00000000ebfe8000,0x00000000ec100000)
  to   space 3072K, 0% used [0x00000000ebb00000,0x00000000ebb00000,0x00000000ebe00000)
 ParOldGen       total 129536K, used 6491K [0x00000000c0000000, 0x00000000c7e80000, 0x00000000eab00000)
  object space 129536K, 5% used [0x00000000c0000000,0x00000000c0656f40,0x00000000c7e80000)
 Metaspace       used 5819K, capacity 6896K, committed 7040K, reserved 1056768K
  class space    used 587K, capacity 616K, committed 640K, reserved 1048576K

Card table byte_map: [0x0000000011910000,0x0000000011b20000] byte_map_base: 0x0000000011310000

Marking Bits: (ParMarkBitMap*) 0x000000006e8a13b0
 Begin Bits: [0x0000000012480000, 0x0000000013480000)
 End Bits:   [0x0000000013480000, 0x0000000014480000)

Polling page: 0x0000000000920000

CodeCache: size=245760Kb used=5897Kb max_used=5897Kb free=239862Kb
 bounds [0x0000000002550000, 0x0000000002b20000, 0x0000000011550000]
 total_blobs=1732 nmethods=1468 adapters=178
 compilation: enabled

Compilation events (10 events):
Event: 1.607 Thread 0x0000000017086800 1503       3       com.android.dx.cf.direct.DirectClassFile::getAttributes (9 bytes)
Event: 1.607 Thread 0x0000000017086800 nmethod 1503 0x0000000002b14810 code [0x0000000002b14980, 0x0000000002b14bc8]
Event: 1.608 Thread 0x0000000017086800 1504       3       com.android.dx.cf.code.Simulator$SimVisitor::checkReturnType (64 bytes)
Event: 1.609 Thread 0x0000000017086800 nmethod 1504 0x0000000002b14c90 code [0x0000000002b14ec0, 0x0000000002b15b68]
Event: 1.609 Thread 0x0000000017086800 1505       3       java.util.TreeMap::rotateLeft (96 bytes)
Event: 1.609 Thread 0x0000000017086800 nmethod 1505 0x0000000002b16150 code [0x0000000002b162c0, 0x0000000002b16610]
Event: 1.613 Thread 0x0000000017086800 1506       3       java.util.Collections::sort (53 bytes)
Event: 1.614 Thread 0x0000000017086800 nmethod 1506 0x0000000002b16710 code [0x0000000002b168e0, 0x0000000002b17008]
Event: 1.615 Thread 0x0000000017086800 1508       3       java.util.TreeMap::rotateRight (96 bytes)
Event: 1.616 Thread 0x0000000017086800 nmethod 1508 0x0000000002b17310 code [0x0000000002b17480, 0x0000000002b177d0]

GC Heap History (10 events):
Event: 0.417 GC heap before
{Heap before GC invocations=8 (full 0):
 PSYoungGen      total 5120K, used 5105K [0x00000000eab00000, 0x00000000eb600000, 0x0000000100000000)
  eden space 3584K, 100% used [0x00000000eab00000,0x00000000eae80000,0x00000000eae80000)
  from space 1536K, 99% used [0x00000000eae80000,0x00000000eaffc480,0x00000000eb000000)
  to   space 2048K, 0% used [0x00000000eb400000,0x00000000eb400000,0x00000000eb600000)
 ParOldGen       total 129536K, used 1578K [0x00000000c0000000, 0x00000000c7e80000, 0x00000000eab00000)
  object space 129536K, 1% used [0x00000000c0000000,0x00000000c018aa60,0x00000000c7e80000)
 Metaspace       used 5529K, capacity 6640K, committed 6784K, reserved 1056768K
  class space    used 585K, capacity 616K, committed 640K, reserved 1048576K
Event: 0.491 GC heap after
Heap after GC invocations=8 (full 0):
 PSYoungGen      total 8704K, used 1728K [0x00000000eab00000, 0x00000000eb700000, 0x0000000100000000)
  eden space 6656K, 0% used [0x00000000eab00000,0x00000000eab00000,0x00000000eb180000)
  from space 2048K, 84% used [0x00000000eb400000,0x00000000eb5b0018,0x00000000eb600000)
  to   space 2560K, 0% used [0x00000000eb180000,0x00000000eb180000,0x00000000eb400000)
 ParOldGen       total 129536K, used 1634K [0x00000000c0000000, 0x00000000c7e80000, 0x00000000eab00000)
  object space 129536K, 1% used [0x00000000c0000000,0x00000000c0198a60,0x00000000c7e80000)
 Metaspace       used 5529K, capacity 6640K, committed 6784K, reserved 1056768K
  class space    used 585K, capacity 616K, committed 640K, reserved 1048576K
}
Event: 0.582 GC heap before
{Heap before GC invocations=9 (full 0):
 PSYoungGen      total 8704K, used 8384K [0x00000000eab00000, 0x00000000eb700000, 0x0000000100000000)
  eden space 6656K, 100% used [0x00000000eab00000,0x00000000eb180000,0x00000000eb180000)
  from space 2048K, 84% used [0x00000000eb400000,0x00000000eb5b0018,0x00000000eb600000)
  to   space 2560K, 0% used [0x00000000eb180000,0x00000000eb180000,0x00000000eb400000)
 ParOldGen       total 129536K, used 1634K [0x00000000c0000000, 0x00000000c7e80000, 0x00000000eab00000)
  object space 129536K, 1% used [0x00000000c0000000,0x00000000c0198a60,0x00000000c7e80000)
 Metaspace       used 5635K, capacity 6704K, committed 6784K, reserved 1056768K
  class space    used 587K, capacity 616K, committed 640K, reserved 1048576K
Event: 0.721 GC heap after
Heap after GC invocations=9 (full 0):
 PSYoungGen      total 9216K, used 2336K [0x00000000eab00000, 0x00000000eba80000, 0x0000000100000000)
  eden space 6656K, 0% used [0x00000000eab00000,0x00000000eab00000,0x00000000eb180000)
  from space 2560K, 91% used [0x00000000eb180000,0x00000000eb3c8018,0x00000000eb400000)
  to   space 2560K, 0% used [0x00000000eb800000,0x00000000eb800000,0x00000000eba80000)
 ParOldGen       total 129536K, used 1985K [0x00000000c0000000, 0x00000000c7e80000, 0x00000000eab00000)
  object space 129536K, 1% used [0x00000000c0000000,0x00000000c01f04d8,0x00000000c7e80000)
 Metaspace       used 5635K, capacity 6704K, committed 6784K, reserved 1056768K
  class space    used 587K, capacity 616K, committed 640K, reserved 1048576K
}
Event: 0.931 GC heap before
{Heap before GC invocations=10 (full 0):
 PSYoungGen      total 9216K, used 8992K [0x00000000eab00000, 0x00000000eba80000, 0x0000000100000000)
  eden space 6656K, 100% used [0x00000000eab00000,0x00000000eb180000,0x00000000eb180000)
  from space 2560K, 91% used [0x00000000eb180000,0x00000000eb3c8018,0x00000000eb400000)
  to   space 2560K, 0% used [0x00000000eb800000,0x00000000eb800000,0x00000000eba80000)
 ParOldGen       total 129536K, used 1985K [0x00000000c0000000, 0x00000000c7e80000, 0x00000000eab00000)
  object space 129536K, 1% used [0x00000000c0000000,0x00000000c01f04d8,0x00000000c7e80000)
 Metaspace       used 5674K, capacity 6768K, committed 7040K, reserved 1056768K
  class space    used 587K, capacity 616K, committed 640K, reserved 1048576K
Event: 0.955 GC heap after
Heap after GC invocations=10 (full 0):
 PSYoungGen      total 12800K, used 2560K [0x00000000eab00000, 0x00000000ebb80000, 0x0000000100000000)
  eden space 10240K, 0% used [0x00000000eab00000,0x00000000eab00000,0x00000000eb500000)
  from space 2560K, 100% used [0x00000000eb800000,0x00000000eba80000,0x00000000eba80000)
  to   space 3072K, 0% used [0x00000000eb500000,0x00000000eb500000,0x00000000eb800000)
 ParOldGen       total 129536K, used 2909K [0x00000000c0000000, 0x00000000c7e80000, 0x00000000eab00000)
  object space 129536K, 2% used [0x00000000c0000000,0x00000000c02d7500,0x00000000c7e80000)
 Metaspace       used 5674K, capacity 6768K, committed 7040K, reserved 1056768K
  class space    used 587K, capacity 616K, committed 640K, reserved 1048576K
}
Event: 1.105 GC heap before
{Heap before GC invocations=11 (full 0):
 PSYoungGen      total 12800K, used 12800K [0x00000000eab00000, 0x00000000ebb80000, 0x0000000100000000)
  eden space 10240K, 100% used [0x00000000eab00000,0x00000000eb500000,0x00000000eb500000)
  from space 2560K, 100% used [0x00000000eb800000,0x00000000eba80000,0x00000000eba80000)
  to   space 3072K, 0% used [0x00000000eb500000,0x00000000eb500000,0x00000000eb800000)
 ParOldGen       total 129536K, used 2909K [0x00000000c0000000, 0x00000000c7e80000, 0x00000000eab00000)
  object space 129536K, 2% used [0x00000000c0000000,0x00000000c02d7500,0x00000000c7e80000)
 Metaspace       used 5756K, capacity 6832K, committed 7040K, reserved 1056768K
  class space    used 587K, capacity 616K, committed 640K, reserved 1048576K
Event: 1.245 GC heap after
Heap after GC invocations=11 (full 0):
 PSYoungGen      total 13312K, used 1664K [0x00000000eab00000, 0x00000000ec100000, 0x0000000100000000)
  eden space 10240K, 0% used [0x00000000eab00000,0x00000000eab00000,0x00000000eb500000)
  from space 3072K, 54% used [0x00000000eb500000,0x00000000eb6a0010,0x00000000eb800000)
  to   space 3072K, 0% used [0x00000000ebe00000,0x00000000ebe00000,0x00000000ec100000)
 ParOldGen       total 129536K, used 5067K [0x00000000c0000000, 0x00000000c7e80000, 0x00000000eab00000)
  object space 129536K, 3% used [0x00000000c0000000,0x00000000c04f2f30,0x00000000c7e80000)
 Metaspace       used 5756K, capacity 6832K, committed 7040K, reserved 1056768K
  class space    used 587K, capacity 616K, committed 640K, reserved 1048576K
}
Event: 1.562 GC heap before
{Heap before GC invocations=12 (full 0):
 PSYoungGen      total 13312K, used 11904K [0x00000000eab00000, 0x00000000ec100000, 0x0000000100000000)
  eden space 10240K, 100% used [0x00000000eab00000,0x00000000eb500000,0x00000000eb500000)
  from space 3072K, 54% used [0x00000000eb500000,0x00000000eb6a0010,0x00000000eb800000)
  to   space 3072K, 0% used [0x00000000ebe00000,0x00000000ebe00000,0x00000000ec100000)
 ParOldGen       total 129536K, used 5067K [0x00000000c0000000, 0x00000000c7e80000, 0x00000000eab00000)
  object space 129536K, 3% used [0x00000000c0000000,0x00000000c04f2f30,0x00000000c7e80000)
 Metaspace       used 5814K, capacity 6832K, committed 7040K, reserved 1056768K
  class space    used 587K, capacity 616K, committed 640K, reserved 1048576K
Event: 1.588 GC heap after
Heap after GC invocations=12 (full 0):
 PSYoungGen      total 19456K, used 1952K [0x00000000eab00000, 0x00000000ec100000, 0x0000000100000000)
  eden space 16384K, 0% used [0x00000000eab00000,0x00000000eab00000,0x00000000ebb00000)
  from space 3072K, 63% used [0x00000000ebe00000,0x00000000ebfe8000,0x00000000ec100000)
  to   space 3072K, 0% used [0x00000000ebb00000,0x00000000ebb00000,0x00000000ebe00000)
 ParOldGen       total 129536K, used 6491K [0x00000000c0000000, 0x00000000c7e80000, 0x00000000eab00000)
  object space 129536K, 5% used [0x00000000c0000000,0x00000000c0656f40,0x00000000c7e80000)
 Metaspace       used 5814K, capacity 6832K, committed 7040K, reserved 1056768K
  class space    used 587K, capacity 616K, committed 640K, reserved 1048576K
}

Deoptimization events (10 events):
Event: 0.958 Thread 0x0000000017368000 Uncommon trap: reason=bimorphic action=maybe_recompile pc=0x000000000278dad4 method=java.util.HashMap.getNode(ILjava/lang/Object;)Ljava/util/HashMap$Node; @ 126
Event: 0.958 Thread 0x0000000017368000 Uncommon trap: reason=class_check action=maybe_recompile pc=0x00000000028fbe74 method=java.util.HashMap.putVal(ILjava/lang/Object;Ljava/lang/Object;ZZ)Ljava/lang/Object; @ 203
Event: 0.958 Thread 0x0000000017368000 Uncommon trap: reason=bimorphic action=maybe_recompile pc=0x00000000028fbeb4 method=java.util.HashMap.putVal(ILjava/lang/Object;Ljava/lang/Object;ZZ)Ljava/lang/Object; @ 91
Event: 0.962 Thread 0x0000000017368000 Uncommon trap: reason=bimorphic action=maybe_recompile pc=0x00000000028fbeb4 method=java.util.HashMap.putVal(ILjava/lang/Object;Ljava/lang/Object;ZZ)Ljava/lang/Object; @ 91
Event: 0.962 Thread 0x0000000017368000 Uncommon trap: reason=bimorphic action=maybe_recompile pc=0x000000000278dad4 method=java.util.HashMap.getNode(ILjava/lang/Object;)Ljava/util/HashMap$Node; @ 126
Event: 0.962 Thread 0x0000000017368000 Uncommon trap: reason=class_check action=maybe_recompile pc=0x00000000028fbe74 method=java.util.HashMap.putVal(ILjava/lang/Object;Ljava/lang/Object;ZZ)Ljava/lang/Object; @ 203
Event: 0.962 Thread 0x0000000017368000 Uncommon trap: reason=bimorphic action=maybe_recompile pc=0x000000000278dad4 method=java.util.HashMap.getNode(ILjava/lang/Object;)Ljava/util/HashMap$Node; @ 126
Event: 0.962 Thread 0x0000000017368000 Uncommon trap: reason=class_check action=maybe_recompile pc=0x00000000028fbe74 method=java.util.HashMap.putVal(ILjava/lang/Object;Ljava/lang/Object;ZZ)Ljava/lang/Object; @ 203
Event: 0.962 Thread 0x0000000017368000 Uncommon trap: reason=bimorphic action=maybe_recompile pc=0x000000000276e410 method=java.util.HashMap.getNode(ILjava/lang/Object;)Ljava/util/HashMap$Node; @ 126
Event: 1.039 Thread 0x0000000017368000 Uncommon trap: reason=uninitialized action=reinterpret pc=0x00000000029de930 method=com.android.dx.cf.code.BytecodeArray.parseInstruction(ILcom/android/dx/cf/code/BytecodeArray$Visitor;)I @ 1031

Internal exceptions (10 events):
Event: 0.298 Thread 0x00000000173af000 Exception <a 'java/security/PrivilegedActionException'> (0x00000000eacc17d8) thrown at [D:\re\workspace\8-2-build-windows-amd64-cygwin\jdk8\2238\hotspot\src\share\vm\prims\jvm.cpp, line 1248]
Event: 0.300 Thread 0x00000000173ee000 Exception <a 'java/security/PrivilegedActionException'> (0x00000000eae6b858) thrown at [D:\re\workspace\8-2-build-windows-amd64-cygwin\jdk8\2238\hotspot\src\share\vm\prims\jvm.cpp, line 1248]
Event: 0.301 Thread 0x0000000017368000 Exception <a 'java/security/PrivilegedActionException'> (0x00000000eae61d58) thrown at [D:\re\workspace\8-2-build-windows-amd64-cygwin\jdk8\2238\hotspot\src\share\vm\prims\jvm.cpp, line 1248]
Event: 0.315 Thread 0x0000000000b2d800 Exception <a 'java/security/PrivilegedActionException'> (0x00000000eab19138) thrown at [D:\re\workspace\8-2-build-windows-amd64-cygwin\jdk8\2238\hotspot\src\share\vm\prims\jvm.cpp, line 1248]
Event: 0.322 Thread 0x0000000000b2d800 Exception <a 'java/security/PrivilegedActionException'> (0x00000000eab97d70) thrown at [D:\re\workspace\8-2-build-windows-amd64-cygwin\jdk8\2238\hotspot\src\share\vm\prims\jvm.cpp, line 1248]
Event: 0.397 Thread 0x00000000173ee000 Exception <a 'java/security/PrivilegedActionException'> (0x00000000eade4278) thrown at [D:\re\workspace\8-2-build-windows-amd64-cygwin\jdk8\2238\hotspot\src\share\vm\prims\jvm.cpp, line 1248]
Event: 0.499 Thread 0x0000000000b2d800 Implicit null exception at 0x0000000002824d74 to 0x0000000002826d45
Event: 0.499 Thread 0x0000000000b2d800 Implicit null exception at 0x000000000280cf1e to 0x000000000280efbd
Event: 0.528 Thread 0x0000000000b2d800 Exception <a 'java/security/PrivilegedActionException'> (0x00000000eacc8dc8) thrown at [D:\re\workspace\8-2-build-windows-amd64-cygwin\jdk8\2238\hotspot\src\share\vm\prims\jvm.cpp, line 1248]
Event: 0.799 Thread 0x00000000173af000 Implicit null exception at 0x00000000028dca62 to 0x00000000028dcb52

Events (10 events):
Event: 0.962 Thread 0x0000000017368000 Uncommon trap: trap_request=0xffffffc6 fr.pc=0x000000000276e410
Event: 0.962 Thread 0x0000000017368000 DEOPT PACKING pc=0x000000000276e410 sp=0x000000001854e490
Event: 0.962 Thread 0x0000000017368000 DEOPT UNPACKING pc=0x00000000025955af sp=0x000000001854e418 mode 2
Event: 1.039 Thread 0x0000000017368000 Uncommon trap: trap_request=0xffffffb5 fr.pc=0x00000000029de930
Event: 1.039 Thread 0x0000000017368000 DEOPT PACKING pc=0x00000000029de930 sp=0x000000001854e870
Event: 1.039 Thread 0x0000000017368000 DEOPT UNPACKING pc=0x00000000025955af sp=0x000000001854e828 mode 2
Event: 1.102 Executing VM operation: ParallelGCFailedAllocation
Event: 1.245 Executing VM operation: ParallelGCFailedAllocation done
Event: 1.549 Executing VM operation: ParallelGCFailedAllocation
Event: 1.588 Executing VM operation: ParallelGCFailedAllocation done


Dynamic libraries:
0x00007ff7e1730000 - 0x00007ff7e1764000 	C:\Program Files\Java\jdk1.8.0\bin\java.exe
0x00007ff99a0a0000 - 0x00007ff99a24d000 	C:\Windows\SYSTEM32\ntdll.dll
0x00007ff998140000 - 0x00007ff99827e000 	C:\Windows\system32\KERNEL32.DLL
0x00007ff997290000 - 0x00007ff9973a5000 	C:\Windows\system32\KERNELBASE.dll
0x00007ff9957e0000 - 0x00007ff99586e000 	C:\Windows\system32\apphelp.dll
0x00007ff988cf0000 - 0x00007ff988d43000 	C:\Windows\AppPatch\AppPatch64\AcGenral.DLL
0x00007ff9979c0000 - 0x00007ff997a6a000 	C:\Windows\system32\msvcrt.dll
0x00007ff9976f0000 - 0x00007ff99771e000 	C:\Windows\system32\SspiCli.dll
0x00007ff9980e0000 - 0x00007ff998134000 	C:\Windows\system32\SHLWAPI.dll
0x00007ff998380000 - 0x00007ff9984f7000 	C:\Windows\system32\USER32.dll
0x00007ff997df0000 - 0x00007ff997f84000 	C:\Windows\system32\ole32.dll
0x00007ff998980000 - 0x00007ff999ea8000 	C:\Windows\system32\SHELL32.dll
0x00007ff996810000 - 0x00007ff996831000 	C:\Windows\SYSTEM32\USERENV.dll
0x00007ff999eb0000 - 0x00007ff999f5a000 	C:\Windows\system32\ADVAPI32.dll
0x00007ff98acd0000 - 0x00007ff98acee000 	C:\Windows\SYSTEM32\MPR.dll
0x00007ff999f60000 - 0x00007ff99a0a0000 	C:\Windows\system32\RPCRT4.dll
0x00007ff997d90000 - 0x00007ff997de9000 	C:\Windows\SYSTEM32\sechost.dll
0x00007ff997b70000 - 0x00007ff997d81000 	C:\Windows\SYSTEM32\combase.dll
0x00007ff997f90000 - 0x00007ff9980df000 	C:\Windows\system32\GDI32.dll
0x00007ff9971c0000 - 0x00007ff9971d5000 	C:\Windows\SYSTEM32\profapi.dll
0x00007ff995a70000 - 0x00007ff995b22000 	C:\Windows\SYSTEM32\SHCORE.dll
0x00007ff997a70000 - 0x00007ff997aa6000 	C:\Windows\system32\IMM32.DLL
0x00007ff997720000 - 0x00007ff997872000 	C:\Windows\system32\MSCTF.dll
0x00007ff994cb0000 - 0x00007ff994f2b000 	C:\Windows\WinSxS\amd64_microsoft.windows.common-controls_6595b64144ccf1df_6.0.9600.18006_none_623f33d3ecbe86e8\COMCTL32.dll
0x000000006f6e0000 - 0x000000006f7b2000 	C:\Program Files\Java\jdk1.8.0\jre\bin\msvcr100.dll
0x000000006e0f0000 - 0x000000006e91a000 	C:\Program Files\Java\jdk1.8.0\jre\bin\server\jvm.dll
0x00007ff995de0000 - 0x00007ff995de9000 	C:\Windows\SYSTEM32\WSOCK32.dll
0x00007ff9924b0000 - 0x00007ff9924d2000 	C:\Windows\SYSTEM32\WINMM.dll
0x00007ff998370000 - 0x00007ff998377000 	C:\Windows\system32\PSAPI.DLL
0x00007ff9982f0000 - 0x00007ff99834a000 	C:\Windows\system32\WS2_32.dll
0x00007ff992480000 - 0x00007ff9924aa000 	C:\Windows\SYSTEM32\WINMMBASE.dll
0x00007ff9987b0000 - 0x00007ff9987b9000 	C:\Windows\system32\NSI.dll
0x00007ff9976a0000 - 0x00007ff9976ef000 	C:\Windows\SYSTEM32\cfgmgr32.dll
0x00007ff996010000 - 0x00007ff996038000 	C:\Windows\SYSTEM32\DEVOBJ.dll
0x0000000070300000 - 0x000000007030f000 	C:\Program Files\Java\jdk1.8.0\jre\bin\verify.dll
0x000000006ecc0000 - 0x000000006ece8000 	C:\Program Files\Java\jdk1.8.0\jre\bin\java.dll
0x000000006ebb0000 - 0x000000006ebc6000 	C:\Program Files\Java\jdk1.8.0\jre\bin\zip.dll
0x00007ff990610000 - 0x00007ff990799000 	C:\Windows\SYSTEM32\dbghelp.dll

VM Arguments:
jvm_args: -Djava.awt.headless=true -Xmx1024M -Dfile.encoding=windows-1252 -Duser.country=US -Duser.language=en -Duser.variant 
java_command: com.android.dx.command.Main --dex --force-jumbo --num-threads=4 --multi-dex --output D:\Aswathy\AswathyApps\AswathyApps\HomePlus\app\build\intermediates\transforms\dex\debug\folders\1000\10\com.android.support-recyclerview-v7-23.1.0_eb909852dc2b475c46da7e91bc9fdcfd39707487 D:\Aswathy\AswathyApps\AswathyApps\HomePlus\app\build\intermediates\exploded-aar\com.android.support\recyclerview-v7\23.1.0\jars\classes.jar
java_class_path (initial): D:\TOOLS\android-sdk\build-tools\24.0.1\lib\dx.jar
Launcher Type: SUN_STANDARD

Environment Variables:
PATH=C:\ProgramData\Oracle\Java\javapath;C:\Windows\System32;C:\Program Files\nodejs\;C:\ProgramData\Oracle\Java\javapath;C:\Windows\System32;C:\Program Files\nodejs\;C:\ProgramData\Oracle\Java\javapath;C:\Windows\System32;C:\Program Files\nodejs\;C:\Windows\System32;D:\TOOLS\android-sdk\tools;D:\TOOLS\android-sdk\platform-tools;C:\Users\sandeepandroid\AppData\Roaming\npm;C:\Program Files\TortoiseGit\bin;C:\Program Files (x86)\Skype\Phone\;D:\TOOLS\android-sdk\tools;D:\TOOLS\android-sdk\platform-tools;C:\Users\sandeepandroid\AppData\Roaming\npm;C:\Program Files\TortoiseGit\bin;C:\Program Files (x86)\Skype\Phone\;D:\TOOLS\android-sdk\tools;D:\TOOLS\android-sdk\platform-tools;C:\Users\sandeepandroid\AppData\Roaming\npm;C:\Program Files\TortoiseGit\bin;C:\Program Files (x86)\Skype\Phone\;C:\Program Files (x86)\Mozilla Firefox;C:\ProgramData\Oracle\Java\javapath;C:\Windows\System32;C:\Program Files\nodejs\;C:\ProgramData\Oracle\Java\javapath;C:\Windows\System32;C:\Program Files\nodejs\;C:\ProgramData\Oracle\Java\javapath;C:\Windows\System32;C:\Program Files\nodejs\;C:\Windows\System32;D:\TOOLS\android-sdk\tools;D:\TOOLS\android-sdk\platform-tools;C:\Users\sandeepandroid\AppData\Roaming\npm;C:\Program Files (x86)\Skype\Phone\;C:\Program Files\TortoiseGit\bin;D:\TOOLS\android-sdk\tools;D:\TOOLS\android-sdk\platform-tools;C:\Users\sandeepandroid\AppData\Roaming\npm;C:\Program Files (x86)\Skype\Phone\;C:\Program Files\TortoiseGit\bin;D:\TOOLS\android-sdk\tools;D:\TOOLS\android-sdk\platform-tools;C:\Users\sandeepandroid\AppData\Roaming\npm;C:\Program Files (x86)\Skype\Phone\;C:\Program Files\TortoiseGit\bin
USERNAME=JijoCJ
OS=Windows_NT
PROCESSOR_IDENTIFIER=Intel64 Family 6 Model 58 Stepping 9, GenuineIntel



---------------  S Y S T E M  ---------------

OS: Windows 8.1 , 64 bit Build 9600 

CPU:total 8 (4 cores per cpu, 2 threads per core) family 6 model 58 stepping 9, cmov, cx8, fxsr, mmx, sse, sse2, sse3, ssse3, sse4.1, sse4.2, popcnt, avx, aes, clmul, erms, ht, tsc, tscinvbit

Memory: 4k page, physical 8353172k(1055216k free), swap 11498900k(5288k free)

vm_info: Java HotSpot(TM) 64-Bit Server VM (25.0-b70) for windows-amd64 JRE (1.8.0-b132), built on Mar  4 2014 03:46:18 by "java_re" with MS VC++ 10.0 (VS2010)

time: Wed Jan 11 12:58:54 2017
elapsed time: 1 seconds

