#
# There is insufficient memory for the Java Runtime Environment to continue.
# Native memory allocation (malloc) failed to allocate 288656 bytes for Chunk::new
# Possible reasons:
#   The system is out of physical RAM or swap space
#   In 32 bit mode, the process size limit was hit
# Possible solutions:
#   Reduce memory load on the system
#   Increase physical memory or swap space
#   Check if swap backing store is full
#   Use 64 bit Java on a 64 bit OS
#   Decrease Java heap size (-Xmx/-Xms)
#   Decrease number of Java threads
#   Decrease Java thread stack sizes (-Xss)
#   Set larger code cache with -XX:ReservedCodeCacheSize=
# This output file may be truncated or incomplete.
#
#  Out of Memory Error (allocation.cpp:388), pid=5236, tid=8748
#
# JRE version: Java(TM) SE Runtime Environment (8.0-b132) (build 1.8.0-b132)
# Java VM: Java HotSpot(TM) 64-Bit Server VM (25.0-b70 mixed mode windows-amd64 compressed oops)
# Failed to write core dump. Minidumps are not enabled by default on client versions of Windows
#

---------------  T H R E A D  ---------------

Current thread (0x00000000170ca000):  JavaThread "C2 CompilerThread1" daemon [_thread_in_native, id=8748, stack(0x00000000177a0000,0x00000000178a0000)]

Stack: [0x00000000177a0000,0x00000000178a0000]
Native frames: (J=compiled Java code, j=interpreted, Vv=VM code, C=native code)
V  [jvm.dll+0x308e0a]
V  [jvm.dll+0x25df11]
V  [jvm.dll+0x25eb2f]
V  [jvm.dll+0x256505]
V  [jvm.dll+0xbcff5]
V  [jvm.dll+0xbd48c]
V  [jvm.dll+0x43ade2]
V  [jvm.dll+0x4ac070]
V  [jvm.dll+0x4b0120]
V  [jvm.dll+0x440f51]
V  [jvm.dll+0x4436c9]
V  [jvm.dll+0x427552]
V  [jvm.dll+0x96732]
V  [jvm.dll+0x96f23]
V  [jvm.dll+0x2232e4]
V  [jvm.dll+0x27baea]
C  [msvcr100.dll+0x21d9f]
C  [msvcr100.dll+0x21e3b]
C  [KERNEL32.DLL+0x13d2]
C  [ntdll.dll+0x154e4]


Current CompileTask:
C2:   7466 1539       4       com.android.dx.ssa.LocalVariableExtractor::processBlock (383 bytes)


---------------  P R O C E S S  ---------------

Java Threads: ( => current thread )
  0x000000000247d800 JavaThread "DestroyJavaVM" [_thread_blocked, id=8524, stack(0x00000000022d0000,0x00000000023d0000)]
  0x0000000017159800 JavaThread "Service Thread" daemon [_thread_blocked, id=3216, stack(0x0000000017aa0000,0x0000000017ba0000)]
  0x00000000170d9000 JavaThread "C1 CompilerThread3" daemon [_thread_blocked, id=2408, stack(0x00000000179a0000,0x0000000017aa0000)]
  0x00000000170d5800 JavaThread "C2 CompilerThread2" daemon [_thread_in_native, id=8256, stack(0x00000000178a0000,0x00000000179a0000)]
=>0x00000000170ca000 JavaThread "C2 CompilerThread1" daemon [_thread_in_native, id=8748, stack(0x00000000177a0000,0x00000000178a0000)]
  0x00000000170c7000 JavaThread "C2 CompilerThread0" daemon [_thread_in_native, id=5108, stack(0x00000000176a0000,0x00000000177a0000)]
  0x00000000170c5800 JavaThread "Attach Listener" daemon [_thread_blocked, id=8372, stack(0x00000000175a0000,0x00000000176a0000)]
  0x00000000170c4800 JavaThread "Signal Dispatcher" daemon [_thread_blocked, id=9632, stack(0x00000000174a0000,0x00000000175a0000)]
  0x0000000002578800 JavaThread "Finalizer" daemon [_thread_blocked, id=2744, stack(0x0000000016fa0000,0x00000000170a0000)]
  0x000000001509c800 JavaThread "Reference Handler" daemon [_thread_blocked, id=8228, stack(0x0000000016ea0000,0x0000000016fa0000)]

Other Threads:
  0x0000000015098800 VMThread [stack: 0x0000000016da0000,0x0000000016ea0000] [id=6060]
  0x000000001715b800 WatcherThread [stack: 0x0000000017ba0000,0x0000000017ca0000] [id=3828]

VM state:not at safepoint (normal execution)

VM Mutex/Monitor currently owned by a thread: None

Heap:
 PSYoungGen      total 19968K, used 7717K [0x00000000eab00000, 0x00000000ec100000, 0x0000000100000000)
  eden space 17408K, 44% used [0x00000000eab00000,0x00000000eb289530,0x00000000ebc00000)
  from space 2560K, 0% used [0x00000000ebc00000,0x00000000ebc00000,0x00000000ebe80000)
  to   space 2560K, 0% used [0x00000000ebe80000,0x00000000ebe80000,0x00000000ec100000)
 ParOldGen       total 23040K, used 17823K [0x00000000c0000000, 0x00000000c1680000, 0x00000000eab00000)
  object space 23040K, 77% used [0x00000000c0000000,0x00000000c1167cb0,0x00000000c1680000)
 Metaspace       used 6556K, capacity 7352K, committed 7680K, reserved 1058816K
  class space    used 646K, capacity 688K, committed 768K, reserved 1048576K

Card table byte_map: [0x0000000011940000,0x0000000011b50000] byte_map_base: 0x0000000011340000

Marking Bits: (ParMarkBitMap*) 0x000000006f6513b0
 Begin Bits: [0x00000000124b0000, 0x00000000134b0000)
 End Bits:   [0x00000000134b0000, 0x00000000144b0000)

Polling page: 0x0000000000a00000

CodeCache: size=245760Kb used=7445Kb max_used=7445Kb free=238314Kb
 bounds [0x0000000002580000, 0x0000000002cd0000, 0x0000000011580000]
 total_blobs=2309 nmethods=2034 adapters=186
 compilation: enabled

Compilation events (10 events):
Event: 3.219 Thread 0x00000000170d9000 1769       1       com.android.dx.dex.file.UniformListItem::itemType (5 bytes)
Event: 3.219 Thread 0x00000000170d9000 nmethod 1769 0x0000000002be8d90 code [0x0000000002be8ee0, 0x0000000002be8ff0]
Event: 3.219 Thread 0x00000000170d9000 1770       2       com.android.dx.dex.file.OffsettedItem::writeSize (22 bytes)
Event: 3.219 Thread 0x00000000170d9000 nmethod 1770 0x0000000002be9050 code [0x0000000002be91c0, 0x0000000002be93c8]
Event: 3.219 Thread 0x00000000170d9000 1772       2       java.util.Arrays::sort (34 bytes)
Event: 3.219 Thread 0x00000000170d9000 nmethod 1772 0x0000000002be9490 code [0x0000000002be9600, 0x0000000002be9828]
Event: 3.219 Thread 0x00000000170d9000 1771       2       com.android.dx.dex.file.OffsettedItem::place (78 bytes)
Event: 3.219 Thread 0x00000000170d9000 nmethod 1771 0x0000000002be9950 code [0x0000000002be9ae0, 0x0000000002be9e38]
Event: 3.219 Thread 0x00000000170d9000 1773       1       com.android.dx.dex.file.AnnotationItem::access$100 (5 bytes)
Event: 3.219 Thread 0x00000000170d9000 nmethod 1773 0x0000000002be9f90 code [0x0000000002bea0e0, 0x0000000002bea1d0]

GC Heap History (10 events):
Event: 2.991 GC heap after
Heap after GC invocations=15 (full 0):
 PSYoungGen      total 19968K, used 2560K [0x00000000eab00000, 0x00000000ec100000, 0x0000000100000000)
  eden space 17408K, 0% used [0x00000000eab00000,0x00000000eab00000,0x00000000ebc00000)
  from space 2560K, 100% used [0x00000000ebc00000,0x00000000ebe80000,0x00000000ebe80000)
  to   space 2560K, 0% used [0x00000000ebe80000,0x00000000ebe80000,0x00000000ec100000)
 ParOldGen       total 129536K, used 8274K [0x00000000c0000000, 0x00000000c7e80000, 0x00000000eab00000)
  object space 129536K, 6% used [0x00000000c0000000,0x00000000c0814810,0x00000000c7e80000)
 Metaspace       used 5890K, capacity 6896K, committed 7040K, reserved 1056768K
  class space    used 590K, capacity 616K, committed 640K, reserved 1048576K
}
Event: 3.032 GC heap before
{Heap before GC invocations=16 (full 0):
 PSYoungGen      total 19968K, used 19968K [0x00000000eab00000, 0x00000000ec100000, 0x0000000100000000)
  eden space 17408K, 100% used [0x00000000eab00000,0x00000000ebc00000,0x00000000ebc00000)
  from space 2560K, 100% used [0x00000000ebc00000,0x00000000ebe80000,0x00000000ebe80000)
  to   space 2560K, 0% used [0x00000000ebe80000,0x00000000ebe80000,0x00000000ec100000)
 ParOldGen       total 129536K, used 8274K [0x00000000c0000000, 0x00000000c7e80000, 0x00000000eab00000)
  object space 129536K, 6% used [0x00000000c0000000,0x00000000c0814810,0x00000000c7e80000)
 Metaspace       used 5904K, capacity 6896K, committed 7040K, reserved 1056768K
  class space    used 591K, capacity 616K, committed 640K, reserved 1048576K
Event: 3.068 GC heap after
Heap after GC invocations=16 (full 0):
 PSYoungGen      total 19968K, used 2544K [0x00000000eab00000, 0x00000000ec100000, 0x0000000100000000)
  eden space 17408K, 0% used [0x00000000eab00000,0x00000000eab00000,0x00000000ebc00000)
  from space 2560K, 99% used [0x00000000ebe80000,0x00000000ec0fc010,0x00000000ec100000)
  to   space 2560K, 0% used [0x00000000ebc00000,0x00000000ebc00000,0x00000000ebe80000)
 ParOldGen       total 129536K, used 11351K [0x00000000c0000000, 0x00000000c7e80000, 0x00000000eab00000)
  object space 129536K, 8% used [0x00000000c0000000,0x00000000c0b15d78,0x00000000c7e80000)
 Metaspace       used 5904K, capacity 6896K, committed 7040K, reserved 1056768K
  class space    used 591K, capacity 616K, committed 640K, reserved 1048576K
}
Event: 3.098 GC heap before
{Heap before GC invocations=17 (full 0):
 PSYoungGen      total 19968K, used 19952K [0x00000000eab00000, 0x00000000ec100000, 0x0000000100000000)
  eden space 17408K, 100% used [0x00000000eab00000,0x00000000ebc00000,0x00000000ebc00000)
  from space 2560K, 99% used [0x00000000ebe80000,0x00000000ec0fc010,0x00000000ec100000)
  to   space 2560K, 0% used [0x00000000ebc00000,0x00000000ebc00000,0x00000000ebe80000)
 ParOldGen       total 129536K, used 11351K [0x00000000c0000000, 0x00000000c7e80000, 0x00000000eab00000)
  object space 129536K, 8% used [0x00000000c0000000,0x00000000c0b15d78,0x00000000c7e80000)
 Metaspace       used 5920K, capacity 6960K, committed 7040K, reserved 1056768K
  class space    used 591K, capacity 616K, committed 640K, reserved 1048576K
Event: 3.102 GC heap after
Heap after GC invocations=17 (full 0):
 PSYoungGen      total 19968K, used 2528K [0x00000000eab00000, 0x00000000ec100000, 0x0000000100000000)
  eden space 17408K, 0% used [0x00000000eab00000,0x00000000eab00000,0x00000000ebc00000)
  from space 2560K, 98% used [0x00000000ebc00000,0x00000000ebe78010,0x00000000ebe80000)
  to   space 2560K, 0% used [0x00000000ebe80000,0x00000000ebe80000,0x00000000ec100000)
 ParOldGen       total 129536K, used 13948K [0x00000000c0000000, 0x00000000c7e80000, 0x00000000eab00000)
  object space 129536K, 10% used [0x00000000c0000000,0x00000000c0d9f0d0,0x00000000c7e80000)
 Metaspace       used 5920K, capacity 6960K, committed 7040K, reserved 1056768K
  class space    used 591K, capacity 616K, committed 640K, reserved 1048576K
}
Event: 3.138 GC heap before
{Heap before GC invocations=18 (full 0):
 PSYoungGen      total 19968K, used 19936K [0x00000000eab00000, 0x00000000ec100000, 0x0000000100000000)
  eden space 17408K, 100% used [0x00000000eab00000,0x00000000ebc00000,0x00000000ebc00000)
  from space 2560K, 98% used [0x00000000ebc00000,0x00000000ebe78010,0x00000000ebe80000)
  to   space 2560K, 0% used [0x00000000ebe80000,0x00000000ebe80000,0x00000000ec100000)
 ParOldGen       total 129536K, used 13964K [0x00000000c0000000, 0x00000000c7e80000, 0x00000000eab00000)
  object space 129536K, 10% used [0x00000000c0000000,0x00000000c0da31e8,0x00000000c7e80000)
 Metaspace       used 5922K, capacity 6960K, committed 7040K, reserved 1056768K
  class space    used 591K, capacity 616K, committed 640K, reserved 1048576K
Event: 3.142 GC heap after
Heap after GC invocations=18 (full 0):
 PSYoungGen      total 19968K, used 2560K [0x00000000eab00000, 0x00000000ec100000, 0x0000000100000000)
  eden space 17408K, 0% used [0x00000000eab00000,0x00000000eab00000,0x00000000ebc00000)
  from space 2560K, 100% used [0x00000000ebe80000,0x00000000ec100000,0x00000000ec100000)
  to   space 2560K, 0% used [0x00000000ebc00000,0x00000000ebc00000,0x00000000ebe80000)
 ParOldGen       total 129536K, used 16614K [0x00000000c0000000, 0x00000000c7e80000, 0x00000000eab00000)
  object space 129536K, 12% used [0x00000000c0000000,0x00000000c10398c0,0x00000000c7e80000)
 Metaspace       used 5922K, capacity 6960K, committed 7040K, reserved 1056768K
  class space    used 591K, capacity 616K, committed 640K, reserved 1048576K
}
Event: 3.220 GC heap before
{Heap before GC invocations=19 (full 0):
 PSYoungGen      total 19968K, used 8663K [0x00000000eab00000, 0x00000000ec100000, 0x0000000100000000)
  eden space 17408K, 35% used [0x00000000eab00000,0x00000000eb0f5c00,0x00000000ebc00000)
  from space 2560K, 100% used [0x00000000ebe80000,0x00000000ec100000,0x00000000ec100000)
  to   space 2560K, 0% used [0x00000000ebc00000,0x00000000ebc00000,0x00000000ebe80000)
 ParOldGen       total 129536K, used 16614K [0x00000000c0000000, 0x00000000c7e80000, 0x00000000eab00000)
  object space 129536K, 12% used [0x00000000c0000000,0x00000000c10398c0,0x00000000c7e80000)
 Metaspace       used 6020K, capacity 6960K, committed 7040K, reserved 1060864K
  class space    used 599K, capacity 616K, committed 640K, reserved 1048576K
Event: 3.223 GC heap after
Heap after GC invocations=19 (full 0):
 PSYoungGen      total 19968K, used 1440K [0x00000000eab00000, 0x00000000ec100000, 0x0000000100000000)
  eden space 17408K, 0% used [0x00000000eab00000,0x00000000eab00000,0x00000000ebc00000)
  from space 2560K, 56% used [0x00000000ebc00000,0x00000000ebd68000,0x00000000ebe80000)
  to   space 2560K, 0% used [0x00000000ebe80000,0x00000000ebe80000,0x00000000ec100000)
 ParOldGen       total 129536K, used 19104K [0x00000000c0000000, 0x00000000c7e80000, 0x00000000eab00000)
  object space 129536K, 14% used [0x00000000c0000000,0x00000000c12a8348,0x00000000c7e80000)
 Metaspace       used 6020K, capacity 6960K, committed 7040K, reserved 1060864K
  class space    used 599K, capacity 616K, committed 640K, reserved 1048576K
}
Event: 3.223 GC heap before
{Heap before GC invocations=20 (full 1):
 PSYoungGen      total 19968K, used 1440K [0x00000000eab00000, 0x00000000ec100000, 0x0000000100000000)
  eden space 17408K, 0% used [0x00000000eab00000,0x00000000eab00000,0x00000000ebc00000)
  from space 2560K, 56% used [0x00000000ebc00000,0x00000000ebd68000,0x00000000ebe80000)
  to   space 2560K, 0% used [0x00000000ebe80000,0x00000000ebe80000,0x00000000ec100000)
 ParOldGen       total 129536K, used 19104K [0x00000000c0000000, 0x00000000c7e80000, 0x00000000eab00000)
  object space 129536K, 14% used [0x00000000c0000000,0x00000000c12a8348,0x00000000c7e80000)
 Metaspace       used 6020K, capacity 6960K, committed 7040K, reserved 1060864K
  class space    used 599K, capacity 616K, committed 640K, reserved 1048576K

Deoptimization events (10 events):
Event: 3.159 Thread 0x000000001739f000 Uncommon trap: reason=class_check action=maybe_recompile pc=0x0000000002a83780 method=java.util.Arrays.hashCode([Ljava/lang/Object;)I @ 43
Event: 3.159 Thread 0x000000001739f000 Uncommon trap: reason=bimorphic action=maybe_recompile pc=0x000000000293cee4 method=java.util.HashMap.getNode(ILjava/lang/Object;)Ljava/util/HashMap$Node; @ 126
Event: 3.161 Thread 0x000000001739f000 Uncommon trap: reason=bimorphic action=maybe_recompile pc=0x000000000293cee4 method=java.util.HashMap.getNode(ILjava/lang/Object;)Ljava/util/HashMap$Node; @ 126
Event: 3.161 Thread 0x000000001739f000 Uncommon trap: reason=bimorphic action=maybe_recompile pc=0x000000000293cee4 method=java.util.HashMap.getNode(ILjava/lang/Object;)Ljava/util/HashMap$Node; @ 126
Event: 3.161 Thread 0x000000001739f000 Uncommon trap: reason=bimorphic action=maybe_recompile pc=0x000000000293cee4 method=java.util.HashMap.getNode(ILjava/lang/Object;)Ljava/util/HashMap$Node; @ 126
Event: 3.161 Thread 0x000000001739f000 Uncommon trap: reason=bimorphic action=maybe_recompile pc=0x00000000027c3d10 method=java.util.HashMap.getNode(ILjava/lang/Object;)Ljava/util/HashMap$Node; @ 126
Event: 3.171 Thread 0x000000001739f000 Uncommon trap: reason=class_check action=maybe_recompile pc=0x0000000002a22bf8 method=java.util.HashMap.putVal(ILjava/lang/Object;Ljava/lang/Object;ZZ)Ljava/lang/Object; @ 203
Event: 3.171 Thread 0x000000001739f000 Uncommon trap: reason=class_check action=maybe_recompile pc=0x0000000002a22bf8 method=java.util.HashMap.putVal(ILjava/lang/Object;Ljava/lang/Object;ZZ)Ljava/lang/Object; @ 203
Event: 3.171 Thread 0x000000001739f000 Uncommon trap: reason=class_check action=maybe_recompile pc=0x0000000002a22bf8 method=java.util.HashMap.putVal(ILjava/lang/Object;Ljava/lang/Object;ZZ)Ljava/lang/Object; @ 203
Event: 3.172 Thread 0x000000001739f000 Uncommon trap: reason=class_check action=maybe_recompile pc=0x0000000002a22bf8 method=java.util.HashMap.putVal(ILjava/lang/Object;Ljava/lang/Object;ZZ)Ljava/lang/Object; @ 203

Internal exceptions (10 events):
Event: 2.913 Thread 0x000000000247d800 Exception <a 'java/security/PrivilegedActionException'> (0x00000000eaca92c8) thrown at [D:\re\workspace\8-2-build-windows-amd64-cygwin\jdk8\2238\hotspot\src\share\vm\prims\jvm.cpp, line 1248]
Event: 3.004 Thread 0x0000000017498000 Exception <a 'java/security/PrivilegedActionException'> (0x00000000eaeb1ed8) thrown at [D:\re\workspace\8-2-build-windows-amd64-cygwin\jdk8\2238\hotspot\src\share\vm\prims\jvm.cpp, line 1248]
Event: 3.080 Thread 0x0000000017d3a800 Exception <a 'java/security/PrivilegedActionException'> (0x00000000eb15d178) thrown at [D:\re\workspace\8-2-build-windows-amd64-cygwin\jdk8\2238\hotspot\src\share\vm\prims\jvm.cpp, line 1248]
Event: 3.155 Thread 0x000000000247d800 Exception <a 'java/security/PrivilegedActionException'> (0x00000000eae54c30) thrown at [D:\re\workspace\8-2-build-windows-amd64-cygwin\jdk8\2238\hotspot\src\share\vm\prims\jvm.cpp, line 1248]
Event: 3.176 Thread 0x000000001739f000 Exception <a 'java/security/PrivilegedActionException'> (0x00000000eaea7b40) thrown at [D:\re\workspace\8-2-build-windows-amd64-cygwin\jdk8\2238\hotspot\src\share\vm\prims\jvm.cpp, line 1248]
Event: 3.199 Thread 0x000000001739f000 Exception <a 'java/security/PrivilegedActionException'> (0x00000000eaff3ca8) thrown at [D:\re\workspace\8-2-build-windows-amd64-cygwin\jdk8\2238\hotspot\src\share\vm\prims\jvm.cpp, line 1248]
Event: 3.215 Thread 0x000000001739f000 Exception <a 'java/security/PrivilegedActionException'> (0x00000000eb0b2670) thrown at [D:\re\workspace\8-2-build-windows-amd64-cygwin\jdk8\2238\hotspot\src\share\vm\prims\jvm.cpp, line 1248]
Event: 3.218 Thread 0x000000001739f000 Exception <a 'java/security/PrivilegedActionException'> (0x00000000eb0ddd78) thrown at [D:\re\workspace\8-2-build-windows-amd64-cygwin\jdk8\2238\hotspot\src\share\vm\prims\jvm.cpp, line 1248]
Event: 3.219 Thread 0x000000001739f000 Exception <a 'java/security/PrivilegedActionException'> (0x00000000eb0e3690) thrown at [D:\re\workspace\8-2-build-windows-amd64-cygwin\jdk8\2238\hotspot\src\share\vm\prims\jvm.cpp, line 1248]
Event: 3.220 Thread 0x000000001739f000 Exception <a 'java/security/PrivilegedActionException'> (0x00000000eb0e5fc8) thrown at [D:\re\workspace\8-2-build-windows-amd64-cygwin\jdk8\2238\hotspot\src\share\vm\prims\jvm.cpp, line 1248]

Events (10 events):
Event: 3.215 loading class com/android/dex/Leb128 done
Event: 3.217 loading class java/util/Collections$1
Event: 3.217 loading class java/util/Collections$1 done
Event: 3.217 loading class com/android/dx/dex/file/MixedItemSection$2
Event: 3.217 loading class com/android/dx/dex/file/MixedItemSection$2 done
Event: 3.219 loading class com/android/dx/dex/file/CodeItem$1
Event: 3.219 loading class com/android/dx/dex/file/CodeItem$1 done
Event: 3.220 loading class com/android/dx/dex/code/DalvInsnList
Event: 3.220 loading class com/android/dx/dex/code/DalvInsnList done
Event: 3.220 Executing VM operation: CollectForMetadataAllocation


Dynamic libraries:
0x00007ff6c3520000 - 0x00007ff6c3554000 	C:\Program Files\Java\jdk1.8.0\bin\java.exe
0x00007ff99a0a0000 - 0x00007ff99a24d000 	C:\Windows\SYSTEM32\ntdll.dll
0x00007ff998140000 - 0x00007ff99827e000 	C:\Windows\system32\KERNEL32.DLL
0x00007ff997290000 - 0x00007ff9973a5000 	C:\Windows\system32\KERNELBASE.dll
0x00007ff9957e0000 - 0x00007ff99586e000 	C:\Windows\system32\apphelp.dll
0x00007ff986df0000 - 0x00007ff986e43000 	C:\Windows\AppPatch\AppPatch64\AcGenral.DLL
0x00007ff9979c0000 - 0x00007ff997a6a000 	C:\Windows\system32\msvcrt.dll
0x00007ff9976f0000 - 0x00007ff99771e000 	C:\Windows\system32\SspiCli.dll
0x00007ff9980e0000 - 0x00007ff998134000 	C:\Windows\system32\SHLWAPI.dll
0x00007ff998380000 - 0x00007ff9984f7000 	C:\Windows\system32\USER32.dll
0x00007ff997df0000 - 0x00007ff997f84000 	C:\Windows\system32\ole32.dll
0x00007ff998980000 - 0x00007ff999ea8000 	C:\Windows\system32\SHELL32.dll
0x00007ff996810000 - 0x00007ff996831000 	C:\Windows\SYSTEM32\USERENV.dll
0x00007ff999eb0000 - 0x00007ff999f5a000 	C:\Windows\system32\ADVAPI32.dll
0x00007ff98acd0000 - 0x00007ff98acee000 	C:\Windows\SYSTEM32\MPR.dll
0x00007ff999f60000 - 0x00007ff99a0a0000 	C:\Windows\system32\RPCRT4.dll
0x00007ff997d90000 - 0x00007ff997de9000 	C:\Windows\SYSTEM32\sechost.dll
0x00007ff997b70000 - 0x00007ff997d81000 	C:\Windows\SYSTEM32\combase.dll
0x00007ff997f90000 - 0x00007ff9980df000 	C:\Windows\system32\GDI32.dll
0x00007ff9971c0000 - 0x00007ff9971d5000 	C:\Windows\SYSTEM32\profapi.dll
0x00007ff995a70000 - 0x00007ff995b22000 	C:\Windows\SYSTEM32\SHCORE.dll
0x00007ff997a70000 - 0x00007ff997aa6000 	C:\Windows\system32\IMM32.DLL
0x00007ff997720000 - 0x00007ff997872000 	C:\Windows\system32\MSCTF.dll
0x00007ff994cb0000 - 0x00007ff994f2b000 	C:\Windows\WinSxS\amd64_microsoft.windows.common-controls_6595b64144ccf1df_6.0.9600.18006_none_623f33d3ecbe86e8\COMCTL32.dll
0x000000006e940000 - 0x000000006ea12000 	C:\Program Files\Java\jdk1.8.0\jre\bin\msvcr100.dll
0x000000006eea0000 - 0x000000006f6ca000 	C:\Program Files\Java\jdk1.8.0\jre\bin\server\jvm.dll
0x00007ff995500000 - 0x00007ff995509000 	C:\Windows\SYSTEM32\WSOCK32.dll
0x00007ff993080000 - 0x00007ff9930a2000 	C:\Windows\SYSTEM32\WINMM.dll
0x00007ff998370000 - 0x00007ff998377000 	C:\Windows\system32\PSAPI.DLL
0x00007ff9982f0000 - 0x00007ff99834a000 	C:\Windows\system32\WS2_32.dll
0x00007ff992c50000 - 0x00007ff992c7a000 	C:\Windows\SYSTEM32\WINMMBASE.dll
0x00007ff9987b0000 - 0x00007ff9987b9000 	C:\Windows\system32\NSI.dll
0x00007ff9976a0000 - 0x00007ff9976ef000 	C:\Windows\SYSTEM32\cfgmgr32.dll
0x00007ff996010000 - 0x00007ff996038000 	C:\Windows\SYSTEM32\DEVOBJ.dll
0x000000006edb0000 - 0x000000006edbf000 	C:\Program Files\Java\jdk1.8.0\jre\bin\verify.dll
0x000000006ed80000 - 0x000000006eda8000 	C:\Program Files\Java\jdk1.8.0\jre\bin\java.dll
0x000000006ed60000 - 0x000000006ed76000 	C:\Program Files\Java\jdk1.8.0\jre\bin\zip.dll
0x00007ff990610000 - 0x00007ff990799000 	C:\Windows\SYSTEM32\dbghelp.dll

VM Arguments:
jvm_args: -Djava.awt.headless=true -Xmx1024M -Dfile.encoding=windows-1252 -Duser.country=US -Duser.language=en -Duser.variant 
java_command: com.android.dx.command.Main --dex --force-jumbo --num-threads=4 --multi-dex --output D:\Aswathy\AswathyApps\AswathyApps\HomePlus\app\build\intermediates\transforms\dex\debug\folders\1000\10\internal_impl-24.0.0_681424e7fb06de73d5194c251a2946c4746cad6e D:\Aswathy\AswathyApps\AswathyApps\HomePlus\app\build\intermediates\exploded-aar\com.android.support\support-v4\24.0.0\jars\libs\internal_impl-24.0.0.jar
java_class_path (initial): D:\TOOLS\android-sdk\build-tools\24.0.1\lib\dx.jar
Launcher Type: SUN_STANDARD

Environment Variables:
PATH=C:\ProgramData\Oracle\Java\javapath;C:\Windows\System32;C:\Program Files\nodejs\;C:\ProgramData\Oracle\Java\javapath;C:\Windows\System32;C:\Program Files\nodejs\;C:\ProgramData\Oracle\Java\javapath;C:\Windows\System32;C:\Program Files\nodejs\;C:\Windows\System32;D:\TOOLS\android-sdk\tools;D:\TOOLS\android-sdk\platform-tools;C:\Users\sandeepandroid\AppData\Roaming\npm;C:\Program Files\TortoiseGit\bin;C:\Program Files (x86)\Skype\Phone\;D:\TOOLS\android-sdk\tools;D:\TOOLS\android-sdk\platform-tools;C:\Users\sandeepandroid\AppData\Roaming\npm;C:\Program Files\TortoiseGit\bin;C:\Program Files (x86)\Skype\Phone\;D:\TOOLS\android-sdk\tools;D:\TOOLS\android-sdk\platform-tools;C:\Users\sandeepandroid\AppData\Roaming\npm;C:\Program Files\TortoiseGit\bin;C:\Program Files (x86)\Skype\Phone\;C:\Program Files (x86)\Mozilla Firefox;C:\ProgramData\Oracle\Java\javapath;C:\Windows\System32;C:\Program Files\nodejs\;C:\ProgramData\Oracle\Java\javapath;C:\Windows\System32;C:\Program Files\nodejs\;C:\ProgramData\Oracle\Java\javapath;C:\Windows\System32;C:\Program Files\nodejs\;C:\Windows\System32;D:\TOOLS\android-sdk\tools;D:\TOOLS\android-sdk\platform-tools;C:\Users\sandeepandroid\AppData\Roaming\npm;C:\Program Files (x86)\Skype\Phone\;C:\Program Files\TortoiseGit\bin;D:\TOOLS\android-sdk\tools;D:\TOOLS\android-sdk\platform-tools;C:\Users\sandeepandroid\AppData\Roaming\npm;C:\Program Files (x86)\Skype\Phone\;C:\Program Files\TortoiseGit\bin;D:\TOOLS\android-sdk\tools;D:\TOOLS\android-sdk\platform-tools;C:\Users\sandeepandroid\AppData\Roaming\npm;C:\Program Files (x86)\Skype\Phone\;C:\Program Files\TortoiseGit\bin
USERNAME=JijoCJ
OS=Windows_NT
PROCESSOR_IDENTIFIER=Intel64 Family 6 Model 58 Stepping 9, GenuineIntel



---------------  S Y S T E M  ---------------

OS: Windows 8.1 , 64 bit Build 9600 

CPU:total 8 (4 cores per cpu, 2 threads per core) family 6 model 58 stepping 9, cmov, cx8, fxsr, mmx, sse, sse2, sse3, ssse3, sse4.1, sse4.2, popcnt, avx, aes, clmul, erms, ht, tsc, tscinvbit

Memory: 4k page, physical 8353172k(869292k free), swap 11498900k(8912k free)

vm_info: Java HotSpot(TM) 64-Bit Server VM (25.0-b70) for windows-amd64 JRE (1.8.0-b132), built on Mar  4 2014 03:46:18 by "java_re" with MS VC++ 10.0 (VS2010)

time: Tue Jan 10 16:53:46 2017
elapsed time: 8 seconds

