JvmtiExport can_access_local_variables 0
JvmtiExport can_hotswap_or_post_breakpoint 0
JvmtiExport can_post_on_exceptions 0
# 521 ciObject found
ciMethod java/lang/Object <init> ()V 4097 1 1248820 0 0
ciMethod java/lang/Object hashCode ()I 3073 1 384 0 -1
ciMethod java/lang/Object equals (Ljava/lang/Object;)Z 4097 1 5635 0 -1
ciMethod java/lang/String length ()I 3073 1 18835 0 -1
ciMethod java/lang/String charAt (I)C 4097 1 49899 0 128
ciMethod java/lang/String getChars (II[CI)V 2625 1 5516 0 -1
ciMethod java/lang/String equals (Ljava/lang/Object;)Z 2241 11577 1840 0 -1
ciMethod java/lang/String hashCode ()I 2793 32769 1430 0 320
ciMethod java/lang/String substring (I)Ljava/lang/String; 2049 1 9883 0 -1
ciMethod java/lang/System arraycopy (Ljava/lang/Object;ILjava/lang/Object;II)V 5121 1 640 0 -1
ciMethod java/lang/RuntimeException <init> (Ljava/lang/String;)V 0 0 1 0 -1
ciMethod java/util/Map get (Ljava/lang/Object;)Ljava/lang/Object; 0 0 1 0 -1
ciMethod java/util/Map put (Ljava/lang/Object;Ljava/lang/Object;)Ljava/lang/Object; 0 0 1 0 -1
ciMethod java/lang/AbstractStringBuilder ensureCapacityInternal (I)V 2361 1 13835 0 -1
ciMethod java/lang/AbstractStringBuilder expandCapacity (I)V 657 1 5236 0 -1
ciMethod java/lang/AbstractStringBuilder append (Ljava/lang/String;)Ljava/lang/AbstractStringBuilder; 2193 1 7468 0 -1
ciMethod java/lang/AbstractStringBuilder appendNull ()Ljava/lang/AbstractStringBuilder; 0 0 1 0 -1
ciMethod java/lang/StringBuilder <init> ()V 849 1 13674 0 -1
ciMethod java/lang/StringBuilder append (Ljava/lang/String;)Ljava/lang/StringBuilder; 1905 1 35487 0 -1
ciMethod java/lang/StringBuilder append (C)Ljava/lang/StringBuilder; 2577 1 5382 0 -1
ciMethod java/lang/StringBuilder toString ()Ljava/lang/String; 937 1 13682 0 -1
ciMethod java/lang/NullPointerException <init> (Ljava/lang/String;)V 0 0 1 0 -1
ciMethod java/util/Iterator hasNext ()Z 0 0 1 0 -1
ciMethod java/util/Iterator next ()Ljava/lang/Object; 0 0 1 0 -1
ciMethod java/util/ArrayList ensureCapacityInternal (I)V 641 1 404964 0 -1
ciMethod java/util/ArrayList size ()I 1097 1 137 0 0
ciMethod java/util/ArrayList elementData (I)Ljava/lang/Object; 2185 1 1144461 0 0
ciMethod java/util/ArrayList get (I)Ljava/lang/Object; 2185 1 1036386 0 128
ciMethod java/util/ArrayList set (ILjava/lang/Object;)Ljava/lang/Object; 21233 1 626 0 0
ciMethod java/util/ArrayList add (Ljava/lang/Object;)Z 641 1 339416 0 736
ciMethod java/util/ArrayList remove (I)Ljava/lang/Object; 4105 1 5847 0 -1
ciMethod java/util/ArrayList clear ()V 3593 8193 17994 0 0
ciMethod java/util/ArrayList rangeCheck (I)V 2185 1 1137650 0 64
ciMethod java/util/ArrayList iterator ()Ljava/util/Iterator; 2217 1 216006 0 -1
ciMethod java/util/HashMap hash (Ljava/lang/Object;)I 2137 1 128452 0 0
ciMethod java/util/HashMap <init> ()V 137 1 96371 0 -1
ciMethod java/util/HashMap get (Ljava/lang/Object;)Ljava/lang/Object; 2049 1 74674 0 544
ciMethod java/util/HashMap getNode (ILjava/lang/Object;)Ljava/util/HashMap$Node; 2097 9 23225 0 512
ciMethod java/util/HashMap put (Ljava/lang/Object;Ljava/lang/Object;)Ljava/lang/Object; 2113 1 37678 0 2048
ciMethod java/util/HashMap putVal (ILjava/lang/Object;Ljava/lang/Object;ZZ)Ljava/lang/Object; 2761 257 6721 0 -1
ciMethodData java/lang/Object <init> ()V 2 1248883 orig 144 104 11 105 110 0 0 0 0 136 4 67 20 0 0 0 0 168 0 0 0 0 0 0 0 0 0 0 0 0 0 0 0 0 0 0 0 0 0 0 0 0 0 0 0 0 0 0 0 0 0 0 0 0 0 0 0 0 0 0 0 0 0 0 0 1 0 0 0 0 0 0 0 1 0 0 0 0 0 0 0 1 0 0 0 0 0 0 0 0 0 0 0 0 0 0 0 0 2 0 0 145 99 152 0 1 0 0 0 0 0 0 0 0 0 0 0 0 0 3 0 3 0 0 0 0 0 0 0 255 255 255 255 0 0 0 0 0 0 0 0 0 0 0 0 data 0 oops 0
ciMethod java/lang/IllegalArgumentException <init> (Ljava/lang/String;)V 0 0 1 0 -1
ciMethodData java/lang/String charAt (I)C 2 49899 orig 144 104 11 105 110 0 0 0 0 56 61 67 20 0 0 0 0 0 1 0 0 32 0 0 0 0 0 0 0 0 0 0 0 0 0 0 0 0 0 0 0 0 0 0 0 0 0 0 0 0 0 0 0 0 0 0 0 0 0 0 0 0 0 0 0 0 0 0 0 0 0 0 0 0 0 0 0 0 0 0 0 0 0 0 0 0 0 0 0 0 0 0 0 0 0 0 0 0 2 0 0 89 7 6 0 1 0 0 0 0 0 0 0 0 0 0 0 0 0 8 0 4 0 1 0 80 0 0 0 255 255 255 255 0 0 0 0 7 0 1 0 0 0 0 0 data 10 0x10007 0x0 0x40 0xc0ea 0xa0007 0xc0eb 0x30 0x0 0x120002 0x0 oops 0
ciMethod java/util/HashMap$TreeNode getTreeNode (ILjava/lang/Object;)Ljava/util/HashMap$TreeNode; 0 0 1 0 -1
ciMethodData java/lang/String hashCode ()I 2 19945 orig 144 104 11 105 110 0 0 0 0 128 79 67 20 0 0 0 0 32 1 0 0 32 0 0 0 0 0 0 0 0 0 0 0 0 0 0 0 0 0 0 0 0 0 0 0 0 0 0 0 0 0 0 0 0 0 0 0 0 0 0 0 0 0 0 0 0 0 0 0 0 0 0 0 0 0 0 0 0 0 0 0 0 0 0 0 0 0 0 0 0 0 0 0 0 0 0 0 0 16 0 0 201 33 0 0 73 239 1 0 0 0 0 0 0 0 0 0 1 0 11 0 4 0 1 0 120 0 0 0 255 255 255 255 0 0 0 0 7 0 6 0 0 0 0 0 data 15 0x60007 0x179 0x78 0x2c0 0xe0007 0x1 0x58 0x2bf 0x1e0007 0x2bf 0x38 0x3dcb 0x2d0003 0x3dcb 0xffffffffffffffe0 oops 0
ciMethodData java/lang/String length ()I 2 18835 orig 144 104 11 105 110 0 0 0 0 232 59 67 20 0 0 0 0 168 0 0 0 0 0 0 0 0 0 0 0 0 0 0 0 0 0 0 0 0 0 0 0 0 0 0 0 0 0 0 0 0 0 0 0 0 0 0 0 0 0 0 0 0 0 0 0 1 0 0 0 0 0 0 0 0 0 0 0 0 0 0 0 1 0 0 0 0 0 0 0 0 0 0 0 0 0 0 0 128 1 0 0 153 64 2 0 1 0 0 0 0 0 0 0 0 0 0 0 0 0 3 0 3 0 0 0 0 0 0 0 255 255 255 255 0 0 0 0 0 0 0 0 0 0 0 0 data 0 oops 0
ciMethodData java/lang/AbstractStringBuilder ensureCapacityInternal (I)V 2 13835 orig 144 104 11 105 110 0 0 0 0 104 6 74 20 0 0 0 0 0 1 0 0 0 0 0 0 0 0 0 0 0 0 0 0 0 0 0 0 0 0 0 0 0 0 0 0 0 0 0 0 0 0 0 0 0 0 0 0 0 0 0 0 0 0 0 0 0 0 0 0 0 0 0 0 0 0 0 0 0 0 0 0 0 0 0 0 0 0 0 0 0 0 0 0 0 0 0 0 39 1 0 0 33 167 1 0 1 0 0 0 0 0 0 0 0 0 0 0 0 0 6 0 3 0 1 0 80 0 0 0 255 255 255 255 0 0 0 0 7 0 7 0 0 0 0 0 data 10 0x70007 0x20c2 0x50 0x1422 0xc0005 0x0 0x14e23460 0x1422 0x0 0x0 oops 1